# JRE version: OpenJDK Runtime Environment (8.0_432-b05) (build 1.8.0_432-b05)
# Java VM: OpenJDK 64-Bit Server VM (25.432-b05 mixed mode linux-amd64 compressed oops)
Heap:
 PSYoungGen      total 918528K, used 11130K [0x000000076ce00000, 0x00000007aef80000, 0x00000007c0000000)
  eden space 768000K, 1% used [0x000000076ce00000,0x000000076d8deaf8,0x000000079bc00000)
  from space 150528K, 0% used [0x00000007a5380000,0x00000007a5380000,0x00000007ae680000)
  to   space 155136K, 0% used [0x000000079bc00000,0x000000079bc00000,0x00000007a5380000)
 ParOldGen       total 473600K, used 376923K [0x00000006c6a00000, 0x00000006e3880000, 0x000000076ce00000)
  object space 473600K, 79% used [0x00000006c6a00000,0x00000006dda16cb8,0x00000006e3880000)
 Metaspace       used 59860K, capacity 60787K, committed 61184K, reserved 1103872K
  class space    used 7082K, capacity 7302K, committed 7424K, reserved 1048576K
GC Heap History (10 events):
Event: 378.045 GC heap before
{Heap before GC invocations=35 (full 6):
 PSYoungGen      total 972800K, used 956963K [0x000000076ce00000, 0x00000007b3600000, 0x00000007c0000000)
  eden space 876544K, 100% used [0x000000076ce00000,0x00000007a2600000,0x00000007a2600000)
  from space 96256K, 83% used [0x00000007ad800000,0x00000007b2688fc8,0x00000007b3600000)
  to   space 139264K, 0% used [0x00000007a2600000,0x00000007a2600000,0x00000007aae00000)
 ParOldGen       total 473600K, used 311584K [0x00000006c6a00000, 0x00000006e3880000, 0x000000076ce00000)
  object space 473600K, 65% used [0x00000006c6a00000,0x00000006d9a480d8,0x00000006e3880000)
 Metaspace       used 59766K, capacity 60659K, committed 61184K, reserved 1103872K
  class space    used 7072K, capacity 7302K, committed 7424K, reserved 1048576K
Event: 378.059 GC heap after
Heap after GC invocations=35 (full 6):
 PSYoungGen      total 932864K, used 92537K [0x000000076ce00000, 0x00000007b1380000, 0x00000007c0000000)
  eden space 840192K, 0% used [0x000000076ce00000,0x000000076ce00000,0x00000007a0280000)
  from space 92672K, 99% used [0x00000007a2600000,0x00000007a805e5e0,0x00000007a8080000)
  to   space 139776K, 0% used [0x00000007a8b00000,0x00000007a8b00000,0x00000007b1380000)
 ParOldGen       total 473600K, used 311592K [0x00000006c6a00000, 0x00000006e3880000, 0x000000076ce00000)
  object space 473600K, 65% used [0x00000006c6a00000,0x00000006d9a4a0d8,0x00000006e3880000)
 Metaspace       used 59766K, capacity 60659K, committed 61184K, reserved 1103872K
  class space    used 7072K, capacity 7302K, committed 7424K, reserved 1048576K
}
Event: 380.324 GC heap before
{Heap before GC invocations=36 (full 6):
 PSYoungGen      total 932864K, used 932729K [0x000000076ce00000, 0x00000007b1380000, 0x00000007c0000000)
  eden space 840192K, 100% used [0x000000076ce00000,0x00000007a0280000,0x00000007a0280000)
  from space 92672K, 99% used [0x00000007a2600000,0x00000007a805e5e0,0x00000007a8080000)
  to   space 139776K, 0% used [0x00000007a8b00000,0x00000007a8b00000,0x00000007b1380000)
 ParOldGen       total 473600K, used 311592K [0x00000006c6a00000, 0x00000006e3880000, 0x000000076ce00000)
  object space 473600K, 65% used [0x00000006c6a00000,0x00000006d9a4a0d8,0x00000006e3880000)
 Metaspace       used 59768K, capacity 60659K, committed 61184K, reserved 1103872K
  class space    used 7072K, capacity 7302K, committed 7424K, reserved 1048576K
Event: 380.339 GC heap after
Heap after GC invocations=36 (full 6):
 PSYoungGen      total 915456K, used 101400K [0x000000076ce00000, 0x00000007af680000, 0x00000007c0000000)
  eden space 805376K, 0% used [0x000000076ce00000,0x000000076ce00000,0x000000079e080000)
  from space 110080K, 92% used [0x00000007a8b00000,0x00000007aee062e0,0x00000007af680000)
  to   space 142336K, 0% used [0x000000079e080000,0x000000079e080000,0x00000007a6b80000)
 ParOldGen       total 473600K, used 311592K [0x00000006c6a00000, 0x00000006e3880000, 0x000000076ce00000)
  object space 473600K, 65% used [0x00000006c6a00000,0x00000006d9a4a0d8,0x00000006e3880000)
 Metaspace       used 59768K, capacity 60659K, committed 61184K, reserved 1103872K
  class space    used 7072K, capacity 7302K, committed 7424K, reserved 1048576K
}
Event: 382.766 GC heap before
{Heap before GC invocations=37 (full 6):
 PSYoungGen      total 915456K, used 906776K [0x000000076ce00000, 0x00000007af680000, 0x00000007c0000000)
  eden space 805376K, 100% used [0x000000076ce00000,0x000000079e080000,0x000000079e080000)
  from space 110080K, 92% used [0x00000007a8b00000,0x00000007aee062e0,0x00000007af680000)
  to   space 142336K, 0% used [0x000000079e080000,0x000000079e080000,0x00000007a6b80000)
 ParOldGen       total 473600K, used 311592K [0x00000006c6a00000, 0x00000006e3880000, 0x000000076ce00000)
  object space 473600K, 65% used [0x00000006c6a00000,0x00000006d9a4a118,0x00000006e3880000)
 Metaspace       used 59780K, capacity 60659K, committed 61184K, reserved 1103872K
  class space    used 7073K, capacity 7302K, committed 7424K, reserved 1048576K
Event: 382.781 GC heap after
Heap after GC invocations=37 (full 6):
 PSYoungGen      total 889856K, used 117145K [0x000000076ce00000, 0x00000007ae680000, 0x00000007c0000000)
  eden space 772608K, 0% used [0x000000076ce00000,0x000000076ce00000,0x000000079c080000)
  from space 117248K, 99% used [0x000000079e080000,0x00000007a52e6420,0x00000007a5300000)
  to   space 150528K, 0% used [0x00000007a5380000,0x00000007a5380000,0x00000007ae680000)
 ParOldGen       total 473600K, used 311592K [0x00000006c6a00000, 0x00000006e3880000, 0x000000076ce00000)
  object space 473600K, 65% used [0x00000006c6a00000,0x00000006d9a4a118,0x00000006e3880000)
 Metaspace       used 59780K, capacity 60659K, committed 61184K, reserved 1103872K
  class space    used 7073K, capacity 7302K, committed 7424K, reserved 1048576K
}
Event: 383.857 GC heap before
{Heap before GC invocations=38 (full 6):
 PSYoungGen      total 889856K, used 204593K [0x000000076ce00000, 0x00000007ae680000, 0x00000007c0000000)
  eden space 772608K, 11% used [0x000000076ce00000,0x0000000772366030,0x000000079c080000)
  from space 117248K, 99% used [0x000000079e080000,0x00000007a52e6420,0x00000007a5300000)
  to   space 150528K, 0% used [0x00000007a5380000,0x00000007a5380000,0x00000007ae680000)
 ParOldGen       total 473600K, used 311592K [0x00000006c6a00000, 0x00000006e3880000, 0x000000076ce00000)
  object space 473600K, 65% used [0x00000006c6a00000,0x00000006d9a4a118,0x00000006e3880000)
 Metaspace       used 59841K, capacity 60723K, committed 61184K, reserved 1103872K
  class space    used 7081K, capacity 7302K, committed 7424K, reserved 1048576K
Event: 383.873 GC heap after
Heap after GC invocations=38 (full 6):
 PSYoungGen      total 918528K, used 113349K [0x000000076ce00000, 0x00000007aef80000, 0x00000007c0000000)
  eden space 768000K, 0% used [0x000000076ce00000,0x000000076ce00000,0x000000079bc00000)
  from space 150528K, 75% used [0x00000007a5380000,0x00000007ac2315e0,0x00000007ae680000)
  to   space 155136K, 0% used [0x000000079bc00000,0x000000079bc00000,0x00000007a5380000)
 ParOldGen       total 473600K, used 311592K [0x00000006c6a00000, 0x00000006e3880000, 0x000000076ce00000)
  object space 473600K, 65% used [0x00000006c6a00000,0x00000006d9a4a118,0x00000006e3880000)
 Metaspace       used 59841K, capacity 60723K, committed 61184K, reserved 1103872K
  class space    used 7081K, capacity 7302K, committed 7424K, reserved 1048576K
}
Event: 383.873 GC heap before
{Heap before GC invocations=39 (full 7):
 PSYoungGen      total 918528K, used 113349K [0x000000076ce00000, 0x00000007aef80000, 0x00000007c0000000)
  eden space 768000K, 0% used [0x000000076ce00000,0x000000076ce00000,0x000000079bc00000)
  from space 150528K, 75% used [0x00000007a5380000,0x00000007ac2315e0,0x00000007ae680000)
  to   space 155136K, 0% used [0x000000079bc00000,0x000000079bc00000,0x00000007a5380000)
 ParOldGen       total 473600K, used 311592K [0x00000006c6a00000, 0x00000006e3880000, 0x000000076ce00000)
  object space 473600K, 65% used [0x00000006c6a00000,0x00000006d9a4a118,0x00000006e3880000)
 Metaspace       used 59841K, capacity 60723K, committed 61184K, reserved 1103872K
  class space    used 7081K, capacity 7302K, committed 7424K, reserved 1048576K
Event: 384.306 GC heap after
Heap after GC invocations=39 (full 7):
 PSYoungGen      total 918528K, used 0K [0x000000076ce00000, 0x00000007aef80000, 0x00000007c0000000)
  eden space 768000K, 0% used [0x000000076ce00000,0x000000076ce00000,0x000000079bc00000)
  from space 150528K, 0% used [0x00000007a5380000,0x00000007a5380000,0x00000007ae680000)
  to   space 155136K, 0% used [0x000000079bc00000,0x000000079bc00000,0x00000007a5380000)
 ParOldGen       total 473600K, used 376923K [0x00000006c6a00000, 0x00000006e3880000, 0x000000076ce00000)
  object space 473600K, 79% used [0x00000006c6a00000,0x00000006dda16cb8,0x00000006e3880000)
 Metaspace       used 59841K, capacity 60723K, committed 61184K, reserved 1103872K
  class space    used 7081K, capacity 7302K, committed 7424K, reserved 1048576K
}

