# JRE version: OpenJDK Runtime Environment (8.0_432-b05) (build 1.8.0_432-b05)
# Java VM: OpenJDK 64-Bit Server VM (25.432-b05 mixed mode linux-amd64 compressed oops)
Heap:
 PSYoungGen      total 1227776K, used 24641K [0x000000076ce00000, 0x00000007c0000000, 0x00000007c0000000)
  eden space 1092608K, 2% used [0x000000076ce00000,0x000000076e6105a0,0x00000007af900000)
  from space 135168K, 0% used [0x00000007b7c00000,0x00000007b7c00000,0x00000007c0000000)
  to   space 134144K, 0% used [0x00000007af900000,0x00000007af900000,0x00000007b7c00000)
 ParOldGen       total 471552K, used 340199K [0x00000006c6a00000, 0x00000006e3680000, 0x000000076ce00000)
  object space 471552K, 72% used [0x00000006c6a00000,0x00000006db639c68,0x00000006e3680000)
 Metaspace       used 59854K, capacity 60945K, committed 61184K, reserved 1103872K
  class space    used 7108K, capacity 7363K, committed 7424K, reserved 1048576K
GC Heap History (10 events):
Event: 29.127 GC heap before
{Heap before GC invocations=23 (full 5):
 PSYoungGen      total 1210368K, used 166719K [0x000000076ce00000, 0x00000007c0000000, 0x00000007c0000000)
  eden space 1130496K, 7% used [0x000000076ce00000,0x00000007722f3ed0,0x00000007b1e00000)
  from space 79872K, 99% used [0x00000007b1e00000,0x00000007b6bdbf60,0x00000007b6c00000)
  to   space 122368K, 0% used [0x00000007b8880000,0x00000007b8880000,0x00000007c0000000)
 ParOldGen       total 471552K, used 206930K [0x00000006c6a00000, 0x00000006e3680000, 0x000000076ce00000)
  object space 471552K, 43% used [0x00000006c6a00000,0x00000006d3414878,0x00000006e3680000)
 Metaspace       used 55586K, capacity 56377K, committed 56704K, reserved 1099776K
  class space    used 6863K, capacity 7021K, committed 7040K, reserved 1048576K
Event: 29.162 GC heap after
Heap after GC invocations=23 (full 5):
 PSYoungGen      total 1220096K, used 92082K [0x000000076ce00000, 0x00000007c0000000, 0x00000007c0000000)
  eden space 1097728K, 0% used [0x000000076ce00000,0x000000076ce00000,0x00000007afe00000)
  from space 122368K, 75% used [0x00000007b8880000,0x00000007be26c8e0,0x00000007c0000000)
  to   space 132096K, 0% used [0x00000007afe00000,0x00000007afe00000,0x00000007b7f00000)
 ParOldGen       total 471552K, used 206938K [0x00000006c6a00000, 0x00000006e3680000, 0x000000076ce00000)
  object space 471552K, 43% used [0x00000006c6a00000,0x00000006d3416878,0x00000006e3680000)
 Metaspace       used 55586K, capacity 56377K, committed 56704K, reserved 1099776K
  class space    used 6863K, capacity 7021K, committed 7040K, reserved 1048576K
}
Event: 29.162 GC heap before
{Heap before GC invocations=24 (full 6):
 PSYoungGen      total 1220096K, used 92082K [0x000000076ce00000, 0x00000007c0000000, 0x00000007c0000000)
  eden space 1097728K, 0% used [0x000000076ce00000,0x000000076ce00000,0x00000007afe00000)
  from space 122368K, 75% used [0x00000007b8880000,0x00000007be26c8e0,0x00000007c0000000)
  to   space 132096K, 0% used [0x00000007afe00000,0x00000007afe00000,0x00000007b7f00000)
 ParOldGen       total 471552K, used 206938K [0x00000006c6a00000, 0x00000006e3680000, 0x000000076ce00000)
  object space 471552K, 43% used [0x00000006c6a00000,0x00000006d3416878,0x00000006e3680000)
 Metaspace       used 55586K, capacity 56377K, committed 56704K, reserved 1099776K
  class space    used 6863K, capacity 7021K, committed 7040K, reserved 1048576K
Event: 29.579 GC heap after
Heap after GC invocations=24 (full 6):
 PSYoungGen      total 1220096K, used 0K [0x000000076ce00000, 0x00000007c0000000, 0x00000007c0000000)
  eden space 1097728K, 0% used [0x000000076ce00000,0x000000076ce00000,0x00000007afe00000)
  from space 122368K, 0% used [0x00000007b8880000,0x00000007b8880000,0x00000007c0000000)
  to   space 132096K, 0% used [0x00000007afe00000,0x00000007afe00000,0x00000007b7f00000)
 ParOldGen       total 471552K, used 286649K [0x00000006c6a00000, 0x00000006e3680000, 0x000000076ce00000)
  object space 471552K, 60% used [0x00000006c6a00000,0x00000006d81ee498,0x00000006e3680000)
 Metaspace       used 55586K, capacity 56377K, committed 56704K, reserved 1099776K
  class space    used 6863K, capacity 7021K, committed 7040K, reserved 1048576K
}
Event: 34.341 GC heap before
{Heap before GC invocations=25 (full 6):
 PSYoungGen      total 1220096K, used 1097728K [0x000000076ce00000, 0x00000007c0000000, 0x00000007c0000000)
  eden space 1097728K, 100% used [0x000000076ce00000,0x00000007afe00000,0x00000007afe00000)
  from space 122368K, 0% used [0x00000007b8880000,0x00000007b8880000,0x00000007c0000000)
  to   space 132096K, 0% used [0x00000007afe00000,0x00000007afe00000,0x00000007b7f00000)
 ParOldGen       total 471552K, used 286649K [0x00000006c6a00000, 0x00000006e3680000, 0x000000076ce00000)
  object space 471552K, 60% used [0x00000006c6a00000,0x00000006d81ee498,0x00000006e3680000)
 Metaspace       used 58427K, capacity 59355K, committed 59648K, reserved 1101824K
  class space    used 7048K, capacity 7300K, committed 7424K, reserved 1048576K
Event: 34.358 GC heap after
Heap after GC invocations=25 (full 6):
 PSYoungGen      total 1178624K, used 80457K [0x000000076ce00000, 0x00000007c0000000, 0x00000007c0000000)
  eden space 1097728K, 0% used [0x000000076ce00000,0x000000076ce00000,0x00000007afe00000)
  from space 80896K, 99% used [0x00000007afe00000,0x00000007b4c92688,0x00000007b4d00000)
  to   space 135168K, 0% used [0x00000007b7c00000,0x00000007b7c00000,0x00000007c0000000)
 ParOldGen       total 471552K, used 286657K [0x00000006c6a00000, 0x00000006e3680000, 0x000000076ce00000)
  object space 471552K, 60% used [0x00000006c6a00000,0x00000006d81f0498,0x00000006e3680000)
 Metaspace       used 58427K, capacity 59355K, committed 59648K, reserved 1101824K
  class space    used 7048K, capacity 7300K, committed 7424K, reserved 1048576K
}
Event: 51.217 GC heap before
{Heap before GC invocations=26 (full 6):
 PSYoungGen      total 1178624K, used 1059368K [0x000000076ce00000, 0x00000007c0000000, 0x00000007c0000000)
  eden space 1097728K, 89% used [0x000000076ce00000,0x00000007a89f7cb0,0x00000007afe00000)
  from space 80896K, 99% used [0x00000007afe00000,0x00000007b4c92688,0x00000007b4d00000)
  to   space 135168K, 0% used [0x00000007b7c00000,0x00000007b7c00000,0x00000007c0000000)
 ParOldGen       total 471552K, used 286657K [0x00000006c6a00000, 0x00000006e3680000, 0x000000076ce00000)
  object space 471552K, 60% used [0x00000006c6a00000,0x00000006d81f0498,0x00000006e3680000)
 Metaspace       used 59850K, capacity 60951K, committed 61184K, reserved 1103872K
  class space    used 7107K, capacity 7364K, committed 7424K, reserved 1048576K
Event: 51.232 GC heap after
Heap after GC invocations=26 (full 6):
 PSYoungGen      total 1227776K, used 72182K [0x000000076ce00000, 0x00000007c0000000, 0x00000007c0000000)
  eden space 1092608K, 0% used [0x000000076ce00000,0x000000076ce00000,0x00000007af900000)
  from space 135168K, 53% used [0x00000007b7c00000,0x00000007bc27d968,0x00000007c0000000)
  to   space 134144K, 0% used [0x00000007af900000,0x00000007af900000,0x00000007b7c00000)
 ParOldGen       total 471552K, used 286665K [0x00000006c6a00000, 0x00000006e3680000, 0x000000076ce00000)
  object space 471552K, 60% used [0x00000006c6a00000,0x00000006d81f2498,0x00000006e3680000)
 Metaspace       used 59850K, capacity 60951K, committed 61184K, reserved 1103872K
  class space    used 7107K, capacity 7364K, committed 7424K, reserved 1048576K
}
Event: 51.232 GC heap before
{Heap before GC invocations=27 (full 7):
 PSYoungGen      total 1227776K, used 72182K [0x000000076ce00000, 0x00000007c0000000, 0x00000007c0000000)
  eden space 1092608K, 0% used [0x000000076ce00000,0x000000076ce00000,0x00000007af900000)
  from space 135168K, 53% used [0x00000007b7c00000,0x00000007bc27d968,0x00000007c0000000)
  to   space 134144K, 0% used [0x00000007af900000,0x00000007af900000,0x00000007b7c00000)
 ParOldGen       total 471552K, used 286665K [0x00000006c6a00000, 0x00000006e3680000, 0x000000076ce00000)
  object space 471552K, 60% used [0x00000006c6a00000,0x00000006d81f2498,0x00000006e3680000)
 Metaspace       used 59850K, capacity 60951K, committed 61184K, reserved 1103872K
  class space    used 7107K, capacity 7364K, committed 7424K, reserved 1048576K
Event: 51.648 GC heap after
Heap after GC invocations=27 (full 7):
 PSYoungGen      total 1227776K, used 0K [0x000000076ce00000, 0x00000007c0000000, 0x00000007c0000000)
  eden space 1092608K, 0% used [0x000000076ce00000,0x000000076ce00000,0x00000007af900000)
  from space 135168K, 0% used [0x00000007b7c00000,0x00000007b7c00000,0x00000007c0000000)
  to   space 134144K, 0% used [0x00000007af900000,0x00000007af900000,0x00000007b7c00000)
 ParOldGen       total 471552K, used 340199K [0x00000006c6a00000, 0x00000006e3680000, 0x000000076ce00000)
  object space 471552K, 72% used [0x00000006c6a00000,0x00000006db639c68,0x00000006e3680000)
 Metaspace       used 59848K, capacity 60945K, committed 61184K, reserved 1103872K
  class space    used 7107K, capacity 7363K, committed 7424K, reserved 1048576K
}

