# JRE version: OpenJDK Runtime Environment (8.0_432-b05) (build 1.8.0_432-b05)
# Java VM: OpenJDK 64-Bit Server VM (25.432-b05 mixed mode linux-amd64 compressed oops)
Heap:
 PSYoungGen      total 1067520K, used 22033K [0x000000076ce00000, 0x00000007b7200000, 0x00000007c0000000)
  eden space 924672K, 2% used [0x000000076ce00000,0x000000076e384438,0x00000007a5500000)
  from space 142848K, 0% used [0x00000007ae680000,0x00000007ae680000,0x00000007b7200000)
  to   space 145920K, 0% used [0x00000007a5500000,0x00000007a5500000,0x00000007ae380000)
 ParOldGen       total 463360K, used 355548K [0x00000006c6a00000, 0x00000006e2e80000, 0x000000076ce00000)
  object space 463360K, 76% used [0x00000006c6a00000,0x00000006dc5373d0,0x00000006e2e80000)
 Metaspace       used 60791K, capacity 61771K, committed 62208K, reserved 1103872K
  class space    used 7175K, capacity 7408K, committed 7424K, reserved 1048576K
GC Heap History (10 events):
Event: 148.505 GC heap before
{Heap before GC invocations=35 (full 6):
 PSYoungGen      total 1208832K, used 1144299K [0x000000076ce00000, 0x00000007c0000000, 0x00000007c0000000)
  eden space 1055232K, 100% used [0x000000076ce00000,0x00000007ad480000,0x00000007ad480000)
  from space 153600K, 57% used [0x00000007b6a00000,0x00000007bc0faca0,0x00000007c0000000)
  to   space 153088K, 0% used [0x00000007ad480000,0x00000007ad480000,0x00000007b6a00000)
 ParOldGen       total 463360K, used 296604K [0x00000006c6a00000, 0x00000006e2e80000, 0x000000076ce00000)
  object space 463360K, 64% used [0x00000006c6a00000,0x00000006d8ba71a0,0x00000006e2e80000)
 Metaspace       used 60662K, capacity 61643K, committed 61952K, reserved 1103872K
  class space    used 7165K, capacity 7408K, committed 7424K, reserved 1048576K
Event: 148.518 GC heap after
Heap after GC invocations=35 (full 6):
 PSYoungGen      total 1095680K, used 85891K [0x000000076ce00000, 0x00000007bcf00000, 0x00000007c0000000)
  eden space 1009664K, 0% used [0x000000076ce00000,0x000000076ce00000,0x00000007aa800000)
  from space 86016K, 99% used [0x00000007ad480000,0x00000007b2860c58,0x00000007b2880000)
  to   space 151040K, 0% used [0x00000007b3b80000,0x00000007b3b80000,0x00000007bcf00000)
 ParOldGen       total 463360K, used 296612K [0x00000006c6a00000, 0x00000006e2e80000, 0x000000076ce00000)
  object space 463360K, 64% used [0x00000006c6a00000,0x00000006d8ba91a0,0x00000006e2e80000)
 Metaspace       used 60662K, capacity 61643K, committed 61952K, reserved 1103872K
  class space    used 7165K, capacity 7408K, committed 7424K, reserved 1048576K
}
Event: 161.866 GC heap before
{Heap before GC invocations=36 (full 6):
 PSYoungGen      total 1095680K, used 1095555K [0x000000076ce00000, 0x00000007bcf00000, 0x00000007c0000000)
  eden space 1009664K, 100% used [0x000000076ce00000,0x00000007aa800000,0x00000007aa800000)
  from space 86016K, 99% used [0x00000007ad480000,0x00000007b2860c58,0x00000007b2880000)
  to   space 151040K, 0% used [0x00000007b3b80000,0x00000007b3b80000,0x00000007bcf00000)
 ParOldGen       total 463360K, used 296612K [0x00000006c6a00000, 0x00000006e2e80000, 0x000000076ce00000)
  object space 463360K, 64% used [0x00000006c6a00000,0x00000006d8ba91a0,0x00000006e2e80000)
 Metaspace       used 60689K, capacity 61643K, committed 61952K, reserved 1103872K
  class space    used 7165K, capacity 7408K, committed 7424K, reserved 1048576K
Event: 161.882 GC heap after
Heap after GC invocations=36 (full 6):
 PSYoungGen      total 1073664K, used 93475K [0x000000076ce00000, 0x00000007ba480000, 0x00000007c0000000)
  eden space 966144K, 0% used [0x000000076ce00000,0x000000076ce00000,0x00000007a7d80000)
  from space 107520K, 86% used [0x00000007b3b80000,0x00000007b96c8f28,0x00000007ba480000)
  to   space 151040K, 0% used [0x00000007a7d80000,0x00000007a7d80000,0x00000007b1100000)
 ParOldGen       total 463360K, used 296612K [0x00000006c6a00000, 0x00000006e2e80000, 0x000000076ce00000)
  object space 463360K, 64% used [0x00000006c6a00000,0x00000006d8ba91a0,0x00000006e2e80000)
 Metaspace       used 60689K, capacity 61643K, committed 61952K, reserved 1103872K
  class space    used 7165K, capacity 7408K, committed 7424K, reserved 1048576K
}
Event: 176.307 GC heap before
{Heap before GC invocations=37 (full 6):
 PSYoungGen      total 1073664K, used 1059619K [0x000000076ce00000, 0x00000007ba480000, 0x00000007c0000000)
  eden space 966144K, 100% used [0x000000076ce00000,0x00000007a7d80000,0x00000007a7d80000)
  from space 107520K, 86% used [0x00000007b3b80000,0x00000007b96c8f28,0x00000007ba480000)
  to   space 151040K, 0% used [0x00000007a7d80000,0x00000007a7d80000,0x00000007b1100000)
 ParOldGen       total 463360K, used 296612K [0x00000006c6a00000, 0x00000006e2e80000, 0x000000076ce00000)
  object space 463360K, 64% used [0x00000006c6a00000,0x00000006d8ba91a0,0x00000006e2e80000)
 Metaspace       used 60711K, capacity 61707K, committed 61952K, reserved 1103872K
  class space    used 7165K, capacity 7408K, committed 7424K, reserved 1048576K
Event: 176.328 GC heap after
Heap after GC invocations=37 (full 6):
 PSYoungGen      total 1012736K, used 87552K [0x000000076ce00000, 0x00000007b7800000, 0x00000007c0000000)
  eden space 924672K, 0% used [0x000000076ce00000,0x000000076ce00000,0x00000007a5500000)
  from space 88064K, 99% used [0x00000007a7d80000,0x00000007ad300368,0x00000007ad380000)
  to   space 148992K, 0% used [0x00000007ae680000,0x00000007ae680000,0x00000007b7800000)
 ParOldGen       total 463360K, used 296612K [0x00000006c6a00000, 0x00000006e2e80000, 0x000000076ce00000)
  object space 463360K, 64% used [0x00000006c6a00000,0x00000006d8ba91a0,0x00000006e2e80000)
 Metaspace       used 60711K, capacity 61707K, committed 61952K, reserved 1103872K
  class space    used 7165K, capacity 7408K, committed 7424K, reserved 1048576K
}
Event: 178.538 GC heap before
{Heap before GC invocations=38 (full 6):
 PSYoungGen      total 1012736K, used 230780K [0x000000076ce00000, 0x00000007b7800000, 0x00000007c0000000)
  eden space 924672K, 15% used [0x000000076ce00000,0x00000007759def98,0x00000007a5500000)
  from space 88064K, 99% used [0x00000007a7d80000,0x00000007ad300368,0x00000007ad380000)
  to   space 148992K, 0% used [0x00000007ae680000,0x00000007ae680000,0x00000007b7800000)
 ParOldGen       total 463360K, used 296612K [0x00000006c6a00000, 0x00000006e2e80000, 0x000000076ce00000)
  object space 463360K, 64% used [0x00000006c6a00000,0x00000006d8ba91a0,0x00000006e2e80000)
 Metaspace       used 60778K, capacity 61771K, committed 62208K, reserved 1103872K
  class space    used 7174K, capacity 7408K, committed 7424K, reserved 1048576K
Event: 178.551 GC heap after
Heap after GC invocations=38 (full 6):
 PSYoungGen      total 1067520K, used 87266K [0x000000076ce00000, 0x00000007b7200000, 0x00000007c0000000)
  eden space 924672K, 0% used [0x000000076ce00000,0x000000076ce00000,0x00000007a5500000)
  from space 142848K, 61% used [0x00000007ae680000,0x00000007b3bb8ae8,0x00000007b7200000)
  to   space 145920K, 0% used [0x00000007a5500000,0x00000007a5500000,0x00000007ae380000)
 ParOldGen       total 463360K, used 296620K [0x00000006c6a00000, 0x00000006e2e80000, 0x000000076ce00000)
  object space 463360K, 64% used [0x00000006c6a00000,0x00000006d8bab1a0,0x00000006e2e80000)
 Metaspace       used 60778K, capacity 61771K, committed 62208K, reserved 1103872K
  class space    used 7174K, capacity 7408K, committed 7424K, reserved 1048576K
}
Event: 178.551 GC heap before
{Heap before GC invocations=39 (full 7):
 PSYoungGen      total 1067520K, used 87266K [0x000000076ce00000, 0x00000007b7200000, 0x00000007c0000000)
  eden space 924672K, 0% used [0x000000076ce00000,0x000000076ce00000,0x00000007a5500000)
  from space 142848K, 61% used [0x00000007ae680000,0x00000007b3bb8ae8,0x00000007b7200000)
  to   space 145920K, 0% used [0x00000007a5500000,0x00000007a5500000,0x00000007ae380000)
 ParOldGen       total 463360K, used 296620K [0x00000006c6a00000, 0x00000006e2e80000, 0x000000076ce00000)
  object space 463360K, 64% used [0x00000006c6a00000,0x00000006d8bab1a0,0x00000006e2e80000)
 Metaspace       used 60778K, capacity 61771K, committed 62208K, reserved 1103872K
  class space    used 7174K, capacity 7408K, committed 7424K, reserved 1048576K
Event: 178.975 GC heap after
Heap after GC invocations=39 (full 7):
 PSYoungGen      total 1067520K, used 0K [0x000000076ce00000, 0x00000007b7200000, 0x00000007c0000000)
  eden space 924672K, 0% used [0x000000076ce00000,0x000000076ce00000,0x00000007a5500000)
  from space 142848K, 0% used [0x00000007ae680000,0x00000007ae680000,0x00000007b7200000)
  to   space 145920K, 0% used [0x00000007a5500000,0x00000007a5500000,0x00000007ae380000)
 ParOldGen       total 463360K, used 355548K [0x00000006c6a00000, 0x00000006e2e80000, 0x000000076ce00000)
  object space 463360K, 76% used [0x00000006c6a00000,0x00000006dc5373d0,0x00000006e2e80000)
 Metaspace       used 60778K, capacity 61771K, committed 62208K, reserved 1103872K
  class space    used 7174K, capacity 7408K, committed 7424K, reserved 1048576K
}

