# JRE version: OpenJDK Runtime Environment (8.0_412-b08) (build 1.8.0_412-b08)
# Java VM: OpenJDK 64-Bit Server VM (25.412-b08 mixed mode linux-amd64 compressed oops)
Heap:
 PSYoungGen      total 1177600K, used 18320K [0x000000076ce00000, 0x00000007c0000000, 0x00000007c0000000)
  eden space 1004544K, 1% used [0x000000076ce00000,0x000000076dfe40c8,0x00000007aa300000)
  from space 173056K, 0% used [0x00000007b5700000,0x00000007b5700000,0x00000007c0000000)
  to   space 178688K, 0% used [0x00000007aa300000,0x00000007aa300000,0x00000007b5180000)
 ParOldGen       total 463360K, used 396396K [0x00000006c6a00000, 0x00000006e2e80000, 0x000000076ce00000)
  object space 463360K, 85% used [0x00000006c6a00000,0x00000006ded1b298,0x00000006e2e80000)
 Metaspace       used 60071K, capacity 61043K, committed 61480K, reserved 1103872K
  class space    used 7113K, capacity 7343K, committed 7464K, reserved 1048576K
GC Heap History (10 events):
Event: 61.849 GC heap before
{Heap before GC invocations=31 (full 6):
 PSYoungGen      total 1220096K, used 1171724K [0x000000076ce00000, 0x00000007c0000000, 0x00000007c0000000)
  eden space 1086464K, 100% used [0x000000076ce00000,0x00000007af300000,0x00000007af300000)
  from space 133632K, 63% used [0x00000007b7d80000,0x00000007bd0c3330,0x00000007c0000000)
  to   space 137728K, 0% used [0x00000007af300000,0x00000007af300000,0x00000007b7980000)
 ParOldGen       total 463360K, used 308912K [0x00000006c6a00000, 0x00000006e2e80000, 0x000000076ce00000)
  object space 463360K, 66% used [0x00000006c6a00000,0x00000006d97ac260,0x00000006e2e80000)
 Metaspace       used 59708K, capacity 60675K, committed 60840K, reserved 1103872K
  class space    used 7095K, capacity 7309K, committed 7336K, reserved 1048576K
Event: 61.865 GC heap after
Heap after GC invocations=31 (full 6):
 PSYoungGen      total 1197568K, used 110808K [0x000000076ce00000, 0x00000007c0000000, 0x00000007c0000000)
  eden space 1086464K, 0% used [0x000000076ce00000,0x000000076ce00000,0x00000007af300000)
  from space 111104K, 99% used [0x00000007af300000,0x00000007b5f363b0,0x00000007b5f80000)
  to   space 150016K, 0% used [0x00000007b6d80000,0x00000007b6d80000,0x00000007c0000000)
 ParOldGen       total 463360K, used 308920K [0x00000006c6a00000, 0x00000006e2e80000, 0x000000076ce00000)
  object space 463360K, 66% used [0x00000006c6a00000,0x00000006d97ae260,0x00000006e2e80000)
 Metaspace       used 59708K, capacity 60675K, committed 60840K, reserved 1103872K
  class space    used 7095K, capacity 7309K, committed 7336K, reserved 1048576K
}
Event: 70.343 GC heap before
{Heap before GC invocations=32 (full 6):
 PSYoungGen      total 1197568K, used 1197272K [0x000000076ce00000, 0x00000007c0000000, 0x00000007c0000000)
  eden space 1086464K, 100% used [0x000000076ce00000,0x00000007af300000,0x00000007af300000)
  from space 111104K, 99% used [0x00000007af300000,0x00000007b5f363b0,0x00000007b5f80000)
  to   space 150016K, 0% used [0x00000007b6d80000,0x00000007b6d80000,0x00000007c0000000)
 ParOldGen       total 463360K, used 308920K [0x00000006c6a00000, 0x00000006e2e80000, 0x000000076ce00000)
  object space 463360K, 66% used [0x00000006c6a00000,0x00000006d97ae260,0x00000006e2e80000)
 Metaspace       used 59878K, capacity 60873K, committed 61096K, reserved 1103872K
  class space    used 7101K, capacity 7310K, committed 7336K, reserved 1048576K
Event: 70.364 GC heap after
Heap after GC invocations=32 (full 6):
 PSYoungGen      total 1187328K, used 118300K [0x000000076ce00000, 0x00000007c0000000, 0x00000007c0000000)
  eden space 1037312K, 0% used [0x000000076ce00000,0x000000076ce00000,0x00000007ac300000)
  from space 150016K, 78% used [0x00000007b6d80000,0x00000007be1072b8,0x00000007c0000000)
  to   space 162304K, 0% used [0x00000007ac300000,0x00000007ac300000,0x00000007b6180000)
 ParOldGen       total 463360K, used 308928K [0x00000006c6a00000, 0x00000006e2e80000, 0x000000076ce00000)
  object space 463360K, 66% used [0x00000006c6a00000,0x00000006d97b0260,0x00000006e2e80000)
 Metaspace       used 59878K, capacity 60873K, committed 61096K, reserved 1103872K
  class space    used 7101K, capacity 7310K, committed 7336K, reserved 1048576K
}
Event: 80.793 GC heap before
{Heap before GC invocations=33 (full 6):
 PSYoungGen      total 1187328K, used 1155612K [0x000000076ce00000, 0x00000007c0000000, 0x00000007c0000000)
  eden space 1037312K, 100% used [0x000000076ce00000,0x00000007ac300000,0x00000007ac300000)
  from space 150016K, 78% used [0x00000007b6d80000,0x00000007be1072b8,0x00000007c0000000)
  to   space 162304K, 0% used [0x00000007ac300000,0x00000007ac300000,0x00000007b6180000)
 ParOldGen       total 463360K, used 308928K [0x00000006c6a00000, 0x00000006e2e80000, 0x000000076ce00000)
  object space 463360K, 66% used [0x00000006c6a00000,0x00000006d97b0260,0x00000006e2e80000)
 Metaspace       used 59952K, capacity 60941K, committed 61096K, reserved 1103872K
  class space    used 7102K, capacity 7310K, committed 7336K, reserved 1048576K
Event: 80.809 GC heap after
Heap after GC invocations=33 (full 6):
 PSYoungGen      total 1158144K, used 120621K [0x000000076ce00000, 0x00000007c0000000, 0x00000007c0000000)
  eden space 1037312K, 0% used [0x000000076ce00000,0x000000076ce00000,0x00000007ac300000)
  from space 120832K, 99% used [0x00000007ac300000,0x00000007b38cb718,0x00000007b3900000)
  to   space 173056K, 0% used [0x00000007b5700000,0x00000007b5700000,0x00000007c0000000)
 ParOldGen       total 463360K, used 308936K [0x00000006c6a00000, 0x00000006e2e80000, 0x000000076ce00000)
  object space 463360K, 66% used [0x00000006c6a00000,0x00000006d97b2260,0x00000006e2e80000)
 Metaspace       used 59952K, capacity 60941K, committed 61096K, reserved 1103872K
  class space    used 7102K, capacity 7310K, committed 7336K, reserved 1048576K
}
Event: 84.880 GC heap before
{Heap before GC invocations=34 (full 6):
 PSYoungGen      total 1158144K, used 537941K [0x000000076ce00000, 0x00000007c0000000, 0x00000007c0000000)
  eden space 1037312K, 40% used [0x000000076ce00000,0x000000078658a030,0x00000007ac300000)
  from space 120832K, 99% used [0x00000007ac300000,0x00000007b38cb718,0x00000007b3900000)
  to   space 173056K, 0% used [0x00000007b5700000,0x00000007b5700000,0x00000007c0000000)
 ParOldGen       total 463360K, used 308936K [0x00000006c6a00000, 0x00000006e2e80000, 0x000000076ce00000)
  object space 463360K, 66% used [0x00000006c6a00000,0x00000006d97b2260,0x00000006e2e80000)
 Metaspace       used 60048K, capacity 61043K, committed 61480K, reserved 1103872K
  class space    used 7112K, capacity 7343K, committed 7464K, reserved 1048576K
Event: 84.917 GC heap after
Heap after GC invocations=34 (full 6):
 PSYoungGen      total 1177600K, used 114324K [0x000000076ce00000, 0x00000007c0000000, 0x00000007c0000000)
  eden space 1004544K, 0% used [0x000000076ce00000,0x000000076ce00000,0x00000007aa300000)
  from space 173056K, 66% used [0x00000007b5700000,0x00000007bc6a51c8,0x00000007c0000000)
  to   space 178688K, 0% used [0x00000007aa300000,0x00000007aa300000,0x00000007b5180000)
 ParOldGen       total 463360K, used 308944K [0x00000006c6a00000, 0x00000006e2e80000, 0x000000076ce00000)
  object space 463360K, 66% used [0x00000006c6a00000,0x00000006d97b4260,0x00000006e2e80000)
 Metaspace       used 60048K, capacity 61043K, committed 61480K, reserved 1103872K
  class space    used 7112K, capacity 7343K, committed 7464K, reserved 1048576K
}
Event: 84.917 GC heap before
{Heap before GC invocations=35 (full 7):
 PSYoungGen      total 1177600K, used 114324K [0x000000076ce00000, 0x00000007c0000000, 0x00000007c0000000)
  eden space 1004544K, 0% used [0x000000076ce00000,0x000000076ce00000,0x00000007aa300000)
  from space 173056K, 66% used [0x00000007b5700000,0x00000007bc6a51c8,0x00000007c0000000)
  to   space 178688K, 0% used [0x00000007aa300000,0x00000007aa300000,0x00000007b5180000)
 ParOldGen       total 463360K, used 308944K [0x00000006c6a00000, 0x00000006e2e80000, 0x000000076ce00000)
  object space 463360K, 66% used [0x00000006c6a00000,0x00000006d97b4260,0x00000006e2e80000)
 Metaspace       used 60048K, capacity 61043K, committed 61480K, reserved 1103872K
  class space    used 7112K, capacity 7343K, committed 7464K, reserved 1048576K
Event: 85.366 GC heap after
Heap after GC invocations=35 (full 7):
 PSYoungGen      total 1177600K, used 0K [0x000000076ce00000, 0x00000007c0000000, 0x00000007c0000000)
  eden space 1004544K, 0% used [0x000000076ce00000,0x000000076ce00000,0x00000007aa300000)
  from space 173056K, 0% used [0x00000007b5700000,0x00000007b5700000,0x00000007c0000000)
  to   space 178688K, 0% used [0x00000007aa300000,0x00000007aa300000,0x00000007b5180000)
 ParOldGen       total 463360K, used 396396K [0x00000006c6a00000, 0x00000006e2e80000, 0x000000076ce00000)
  object space 463360K, 85% used [0x00000006c6a00000,0x00000006ded1b298,0x00000006e2e80000)
 Metaspace       used 60048K, capacity 61043K, committed 61480K, reserved 1103872K
  class space    used 7112K, capacity 7343K, committed 7464K, reserved 1048576K
}

