# JRE version: OpenJDK Runtime Environment (8.0_412-b08) (build 1.8.0_412-b08)
# Java VM: OpenJDK 64-Bit Server VM (25.412-b08 mixed mode linux-amd64 compressed oops)
Heap:
 PSYoungGen      total 1207296K, used 22544K [0x000000076ce00000, 0x00000007c0000000, 0x00000007c0000000)
  eden space 1051648K, 2% used [0x000000076ce00000,0x000000076e404058,0x00000007ad100000)
  from space 155648K, 0% used [0x00000007b6800000,0x00000007b6800000,0x00000007c0000000)
  to   space 154624K, 0% used [0x00000007ad100000,0x00000007ad100000,0x00000007b6800000)
 ParOldGen       total 548864K, used 374129K [0x00000006c6a00000, 0x00000006e8200000, 0x000000076ce00000)
  object space 548864K, 68% used [0x00000006c6a00000,0x00000006dd75c4e0,0x00000006e8200000)
 Metaspace       used 59767K, capacity 60789K, committed 61224K, reserved 1103872K
  class space    used 7098K, capacity 7344K, committed 7464K, reserved 1048576K
GC Heap History (10 events):
Event: 57.127 GC heap before
{Heap before GC invocations=27 (full 6):
 PSYoungGen      total 1207808K, used 1175942K [0x000000076ce00000, 0x00000007c0000000, 0x00000007c0000000)
  eden space 1075200K, 100% used [0x000000076ce00000,0x00000007ae800000,0x00000007ae800000)
  from space 132608K, 75% used [0x00000007b7e80000,0x00000007be0e1940,0x00000007c0000000)
  to   space 143360K, 0% used [0x00000007ae800000,0x00000007ae800000,0x00000007b7400000)
 ParOldGen       total 548864K, used 309781K [0x00000006c6a00000, 0x00000006e8200000, 0x000000076ce00000)
  object space 548864K, 56% used [0x00000006c6a00000,0x00000006d9885538,0x00000006e8200000)
 Metaspace       used 58839K, capacity 59791K, committed 60328K, reserved 1101824K
  class space    used 7008K, capacity 7217K, committed 7336K, reserved 1048576K
Event: 57.139 GC heap after
Heap after GC invocations=27 (full 6):
 PSYoungGen      total 1218560K, used 79638K [0x000000076ce00000, 0x00000007c0000000, 0x00000007c0000000)
  eden space 1075200K, 0% used [0x000000076ce00000,0x000000076ce00000,0x00000007ae800000)
  from space 143360K, 55% used [0x00000007ae800000,0x00000007b35c5a98,0x00000007b7400000)
  to   space 143360K, 0% used [0x00000007b7400000,0x00000007b7400000,0x00000007c0000000)
 ParOldGen       total 548864K, used 309789K [0x00000006c6a00000, 0x00000006e8200000, 0x000000076ce00000)
  object space 548864K, 56% used [0x00000006c6a00000,0x00000006d9887538,0x00000006e8200000)
 Metaspace       used 58839K, capacity 59791K, committed 60328K, reserved 1101824K
  class space    used 7008K, capacity 7217K, committed 7336K, reserved 1048576K
}
Event: 70.287 GC heap before
{Heap before GC invocations=28 (full 6):
 PSYoungGen      total 1218560K, used 1154838K [0x000000076ce00000, 0x00000007c0000000, 0x00000007c0000000)
  eden space 1075200K, 100% used [0x000000076ce00000,0x00000007ae800000,0x00000007ae800000)
  from space 143360K, 55% used [0x00000007ae800000,0x00000007b35c5a98,0x00000007b7400000)
  to   space 143360K, 0% used [0x00000007b7400000,0x00000007b7400000,0x00000007c0000000)
 ParOldGen       total 548864K, used 309789K [0x00000006c6a00000, 0x00000006e8200000, 0x000000076ce00000)
  object space 548864K, 56% used [0x00000006c6a00000,0x00000006d9887538,0x00000006e8200000)
 Metaspace       used 59469K, capacity 60417K, committed 60584K, reserved 1101824K
  class space    used 7080K, capacity 7306K, committed 7336K, reserved 1048576K
Event: 70.302 GC heap after
Heap after GC invocations=28 (full 6):
 PSYoungGen      total 1203200K, used 100943K [0x000000076ce00000, 0x00000007c0000000, 0x00000007c0000000)
  eden space 1059840K, 0% used [0x000000076ce00000,0x000000076ce00000,0x00000007ad900000)
  from space 143360K, 70% used [0x00000007b7400000,0x00000007bd693c78,0x00000007c0000000)
  to   space 151040K, 0% used [0x00000007ad900000,0x00000007ad900000,0x00000007b6c80000)
 ParOldGen       total 548864K, used 309797K [0x00000006c6a00000, 0x00000006e8200000, 0x000000076ce00000)
  object space 548864K, 56% used [0x00000006c6a00000,0x00000006d9889538,0x00000006e8200000)
 Metaspace       used 59469K, capacity 60417K, committed 60584K, reserved 1101824K
  class space    used 7080K, capacity 7306K, committed 7336K, reserved 1048576K
}
Event: 75.874 GC heap before
{Heap before GC invocations=29 (full 6):
 PSYoungGen      total 1203200K, used 1160783K [0x000000076ce00000, 0x00000007c0000000, 0x00000007c0000000)
  eden space 1059840K, 100% used [0x000000076ce00000,0x00000007ad900000,0x00000007ad900000)
  from space 143360K, 70% used [0x00000007b7400000,0x00000007bd693c78,0x00000007c0000000)
  to   space 151040K, 0% used [0x00000007ad900000,0x00000007ad900000,0x00000007b6c80000)
 ParOldGen       total 548864K, used 309797K [0x00000006c6a00000, 0x00000006e8200000, 0x000000076ce00000)
  object space 548864K, 56% used [0x00000006c6a00000,0x00000006d9889538,0x00000006e8200000)
 Metaspace       used 59545K, capacity 60559K, committed 60840K, reserved 1103872K
  class space    used 7085K, capacity 7311K, committed 7336K, reserved 1048576K
Event: 75.891 GC heap after
Heap after GC invocations=29 (full 6):
 PSYoungGen      total 1158144K, used 98091K [0x000000076ce00000, 0x00000007c0000000, 0x00000007c0000000)
  eden space 1059840K, 0% used [0x000000076ce00000,0x000000076ce00000,0x00000007ad900000)
  from space 98304K, 99% used [0x00000007ad900000,0x00000007b38cac60,0x00000007b3900000)
  to   space 155648K, 0% used [0x00000007b6800000,0x00000007b6800000,0x00000007c0000000)
 ParOldGen       total 548864K, used 309805K [0x00000006c6a00000, 0x00000006e8200000, 0x000000076ce00000)
  object space 548864K, 56% used [0x00000006c6a00000,0x00000006d988b538,0x00000006e8200000)
 Metaspace       used 59545K, capacity 60559K, committed 60840K, reserved 1103872K
  class space    used 7085K, capacity 7311K, committed 7336K, reserved 1048576K
}
Event: 81.447 GC heap before
{Heap before GC invocations=30 (full 6):
 PSYoungGen      total 1158144K, used 584392K [0x000000076ce00000, 0x00000007c0000000, 0x00000007c0000000)
  eden space 1059840K, 45% used [0x000000076ce00000,0x000000078a8e74b0,0x00000007ad900000)
  from space 98304K, 99% used [0x00000007ad900000,0x00000007b38cac60,0x00000007b3900000)
  to   space 155648K, 0% used [0x00000007b6800000,0x00000007b6800000,0x00000007c0000000)
 ParOldGen       total 548864K, used 309805K [0x00000006c6a00000, 0x00000006e8200000, 0x000000076ce00000)
  object space 548864K, 56% used [0x00000006c6a00000,0x00000006d988b538,0x00000006e8200000)
 Metaspace       used 59748K, capacity 60789K, committed 61224K, reserved 1103872K
  class space    used 7097K, capacity 7344K, committed 7464K, reserved 1048576K
Event: 81.461 GC heap after
Heap after GC invocations=30 (full 6):
 PSYoungGen      total 1207296K, used 87316K [0x000000076ce00000, 0x00000007c0000000, 0x00000007c0000000)
  eden space 1051648K, 0% used [0x000000076ce00000,0x000000076ce00000,0x00000007ad100000)
  from space 155648K, 56% used [0x00000007b6800000,0x00000007bbd45020,0x00000007c0000000)
  to   space 154624K, 0% used [0x00000007ad100000,0x00000007ad100000,0x00000007b6800000)
 ParOldGen       total 548864K, used 309813K [0x00000006c6a00000, 0x00000006e8200000, 0x000000076ce00000)
  object space 548864K, 56% used [0x00000006c6a00000,0x00000006d988d538,0x00000006e8200000)
 Metaspace       used 59748K, capacity 60789K, committed 61224K, reserved 1103872K
  class space    used 7097K, capacity 7344K, committed 7464K, reserved 1048576K
}
Event: 81.461 GC heap before
{Heap before GC invocations=31 (full 7):
 PSYoungGen      total 1207296K, used 87316K [0x000000076ce00000, 0x00000007c0000000, 0x00000007c0000000)
  eden space 1051648K, 0% used [0x000000076ce00000,0x000000076ce00000,0x00000007ad100000)
  from space 155648K, 56% used [0x00000007b6800000,0x00000007bbd45020,0x00000007c0000000)
  to   space 154624K, 0% used [0x00000007ad100000,0x00000007ad100000,0x00000007b6800000)
 ParOldGen       total 548864K, used 309813K [0x00000006c6a00000, 0x00000006e8200000, 0x000000076ce00000)
  object space 548864K, 56% used [0x00000006c6a00000,0x00000006d988d538,0x00000006e8200000)
 Metaspace       used 59748K, capacity 60789K, committed 61224K, reserved 1103872K
  class space    used 7097K, capacity 7344K, committed 7464K, reserved 1048576K
Event: 81.851 GC heap after
Heap after GC invocations=31 (full 7):
 PSYoungGen      total 1207296K, used 0K [0x000000076ce00000, 0x00000007c0000000, 0x00000007c0000000)
  eden space 1051648K, 0% used [0x000000076ce00000,0x000000076ce00000,0x00000007ad100000)
  from space 155648K, 0% used [0x00000007b6800000,0x00000007b6800000,0x00000007c0000000)
  to   space 154624K, 0% used [0x00000007ad100000,0x00000007ad100000,0x00000007b6800000)
 ParOldGen       total 548864K, used 374129K [0x00000006c6a00000, 0x00000006e8200000, 0x000000076ce00000)
  object space 548864K, 68% used [0x00000006c6a00000,0x00000006dd75c4e0,0x00000006e8200000)
 Metaspace       used 59748K, capacity 60789K, committed 61224K, reserved 1103872K
  class space    used 7097K, capacity 7344K, committed 7464K, reserved 1048576K
}

