# JRE version: OpenJDK Runtime Environment (8.0_422-b05) (build 1.8.0_422-b05)
# Java VM: OpenJDK 64-Bit Server VM (25.422-b05 mixed mode linux-amd64 compressed oops)
Heap:
 PSYoungGen      total 1189376K, used 24713K [0x000000076ce00000, 0x00000007c0000000, 0x00000007c0000000)
  eden space 1037312K, 2% used [0x000000076ce00000,0x000000076e6227f0,0x00000007ac300000)
  from space 152064K, 0% used [0x00000007b6b80000,0x00000007b6b80000,0x00000007c0000000)
  to   space 162304K, 0% used [0x00000007ac300000,0x00000007ac300000,0x00000007b6180000)
 ParOldGen       total 480256K, used 377547K [0x00000006c6a00000, 0x00000006e3f00000, 0x000000076ce00000)
  object space 480256K, 78% used [0x00000006c6a00000,0x00000006ddab2eb0,0x00000006e3f00000)
 Metaspace       used 61373K, capacity 62415K, committed 62592K, reserved 1103872K
  class space    used 7182K, capacity 7432K, committed 7552K, reserved 1048576K
GC Heap History (10 events):
Event: 142.182 GC heap before
{Heap before GC invocations=27 (full 6):
 PSYoungGen      total 1217536K, used 1182613K [0x000000076ce00000, 0x00000007c0000000, 0x00000007c0000000)
  eden space 1103872K, 100% used [0x000000076ce00000,0x00000007b0400000,0x00000007b0400000)
  from space 113664K, 69% used [0x00000007b9100000,0x00000007bdde5758,0x00000007c0000000)
  to   space 129024K, 0% used [0x00000007b0400000,0x00000007b0400000,0x00000007b8200000)
 ParOldGen       total 480256K, used 300149K [0x00000006c6a00000, 0x00000006e3f00000, 0x000000076ce00000)
  object space 480256K, 62% used [0x00000006c6a00000,0x00000006d8f1d430,0x00000006e3f00000)
 Metaspace       used 60036K, capacity 61115K, committed 61440K, reserved 1103872K
  class space    used 7146K, capacity 7394K, committed 7424K, reserved 1048576K
Event: 142.197 GC heap after
Heap after GC invocations=27 (full 6):
 PSYoungGen      total 1205760K, used 101834K [0x000000076ce00000, 0x00000007c0000000, 0x00000007c0000000)
  eden space 1103872K, 0% used [0x000000076ce00000,0x000000076ce00000,0x00000007b0400000)
  from space 101888K, 99% used [0x00000007b0400000,0x00000007b6772ab8,0x00000007b6780000)
  to   space 140288K, 0% used [0x00000007b7700000,0x00000007b7700000,0x00000007c0000000)
 ParOldGen       total 480256K, used 300157K [0x00000006c6a00000, 0x00000006e3f00000, 0x000000076ce00000)
  object space 480256K, 62% used [0x00000006c6a00000,0x00000006d8f1f430,0x00000006e3f00000)
 Metaspace       used 60036K, capacity 61115K, committed 61440K, reserved 1103872K
  class space    used 7146K, capacity 7394K, committed 7424K, reserved 1048576K
}
Event: 155.221 GC heap before
{Heap before GC invocations=28 (full 6):
 PSYoungGen      total 1205760K, used 1205706K [0x000000076ce00000, 0x00000007c0000000, 0x00000007c0000000)
  eden space 1103872K, 100% used [0x000000076ce00000,0x00000007b0400000,0x00000007b0400000)
  from space 101888K, 99% used [0x00000007b0400000,0x00000007b6772ab8,0x00000007b6780000)
  to   space 140288K, 0% used [0x00000007b7700000,0x00000007b7700000,0x00000007c0000000)
 ParOldGen       total 480256K, used 300157K [0x00000006c6a00000, 0x00000006e3f00000, 0x000000076ce00000)
  object space 480256K, 62% used [0x00000006c6a00000,0x00000006d8f1f430,0x00000006e3f00000)
 Metaspace       used 61118K, capacity 62159K, committed 62336K, reserved 1103872K
  class space    used 7169K, capacity 7432K, committed 7552K, reserved 1048576K
Event: 155.239 GC heap after
Heap after GC invocations=28 (full 6):
 PSYoungGen      total 1216512K, used 84936K [0x000000076ce00000, 0x00000007c0000000, 0x00000007c0000000)
  eden space 1076224K, 0% used [0x000000076ce00000,0x000000076ce00000,0x00000007ae900000)
  from space 140288K, 60% used [0x00000007b7700000,0x00000007bc9f20d8,0x00000007c0000000)
  to   space 142848K, 0% used [0x00000007ae900000,0x00000007ae900000,0x00000007b7480000)
 ParOldGen       total 480256K, used 300165K [0x00000006c6a00000, 0x00000006e3f00000, 0x000000076ce00000)
  object space 480256K, 62% used [0x00000006c6a00000,0x00000006d8f21430,0x00000006e3f00000)
 Metaspace       used 61118K, capacity 62159K, committed 62336K, reserved 1103872K
  class space    used 7169K, capacity 7432K, committed 7552K, reserved 1048576K
}
Event: 168.155 GC heap before
{Heap before GC invocations=29 (full 6):
 PSYoungGen      total 1216512K, used 1161160K [0x000000076ce00000, 0x00000007c0000000, 0x00000007c0000000)
  eden space 1076224K, 100% used [0x000000076ce00000,0x00000007ae900000,0x00000007ae900000)
  from space 140288K, 60% used [0x00000007b7700000,0x00000007bc9f20d8,0x00000007c0000000)
  to   space 142848K, 0% used [0x00000007ae900000,0x00000007ae900000,0x00000007b7480000)
 ParOldGen       total 480256K, used 300165K [0x00000006c6a00000, 0x00000006e3f00000, 0x000000076ce00000)
  object space 480256K, 62% used [0x00000006c6a00000,0x00000006d8f21430,0x00000006e3f00000)
 Metaspace       used 61295K, capacity 62357K, committed 62592K, reserved 1103872K
  class space    used 7174K, capacity 7433K, committed 7552K, reserved 1048576K
Event: 168.171 GC heap after
Heap after GC invocations=29 (full 6):
 PSYoungGen      total 1182208K, used 105762K [0x000000076ce00000, 0x00000007c0000000, 0x00000007c0000000)
  eden space 1076224K, 0% used [0x000000076ce00000,0x000000076ce00000,0x00000007ae900000)
  from space 105984K, 99% used [0x00000007ae900000,0x00000007b5048a90,0x00000007b5080000)
  to   space 152064K, 0% used [0x00000007b6b80000,0x00000007b6b80000,0x00000007c0000000)
 ParOldGen       total 480256K, used 300173K [0x00000006c6a00000, 0x00000006e3f00000, 0x000000076ce00000)
  object space 480256K, 62% used [0x00000006c6a00000,0x00000006d8f23430,0x00000006e3f00000)
 Metaspace       used 61295K, capacity 62357K, committed 62592K, reserved 1103872K
  class space    used 7174K, capacity 7433K, committed 7552K, reserved 1048576K
}
Event: 175.669 GC heap before
{Heap before GC invocations=30 (full 6):
 PSYoungGen      total 1182208K, used 562707K [0x000000076ce00000, 0x00000007c0000000, 0x00000007c0000000)
  eden space 1076224K, 42% used [0x000000076ce00000,0x0000000788c3c368,0x00000007ae900000)
  from space 105984K, 99% used [0x00000007ae900000,0x00000007b5048a90,0x00000007b5080000)
  to   space 152064K, 0% used [0x00000007b6b80000,0x00000007b6b80000,0x00000007c0000000)
 ParOldGen       total 480256K, used 300173K [0x00000006c6a00000, 0x00000006e3f00000, 0x000000076ce00000)
  object space 480256K, 62% used [0x00000006c6a00000,0x00000006d8f23430,0x00000006e3f00000)
 Metaspace       used 61364K, capacity 62357K, committed 62592K, reserved 1103872K
  class space    used 7181K, capacity 7433K, committed 7552K, reserved 1048576K
Event: 175.687 GC heap after
Heap after GC invocations=30 (full 6):
 PSYoungGen      total 1189376K, used 114036K [0x000000076ce00000, 0x00000007c0000000, 0x00000007c0000000)
  eden space 1037312K, 0% used [0x000000076ce00000,0x000000076ce00000,0x00000007ac300000)
  from space 152064K, 74% used [0x00000007b6b80000,0x00000007bdadd2e0,0x00000007c0000000)
  to   space 162304K, 0% used [0x00000007ac300000,0x00000007ac300000,0x00000007b6180000)
 ParOldGen       total 480256K, used 300181K [0x00000006c6a00000, 0x00000006e3f00000, 0x000000076ce00000)
  object space 480256K, 62% used [0x00000006c6a00000,0x00000006d8f25430,0x00000006e3f00000)
 Metaspace       used 61364K, capacity 62357K, committed 62592K, reserved 1103872K
  class space    used 7181K, capacity 7433K, committed 7552K, reserved 1048576K
}
Event: 175.687 GC heap before
{Heap before GC invocations=31 (full 7):
 PSYoungGen      total 1189376K, used 114036K [0x000000076ce00000, 0x00000007c0000000, 0x00000007c0000000)
  eden space 1037312K, 0% used [0x000000076ce00000,0x000000076ce00000,0x00000007ac300000)
  from space 152064K, 74% used [0x00000007b6b80000,0x00000007bdadd2e0,0x00000007c0000000)
  to   space 162304K, 0% used [0x00000007ac300000,0x00000007ac300000,0x00000007b6180000)
 ParOldGen       total 480256K, used 300181K [0x00000006c6a00000, 0x00000006e3f00000, 0x000000076ce00000)
  object space 480256K, 62% used [0x00000006c6a00000,0x00000006d8f25430,0x00000006e3f00000)
 Metaspace       used 61364K, capacity 62357K, committed 62592K, reserved 1103872K
  class space    used 7181K, capacity 7433K, committed 7552K, reserved 1048576K
Event: 176.201 GC heap after
Heap after GC invocations=31 (full 7):
 PSYoungGen      total 1189376K, used 0K [0x000000076ce00000, 0x00000007c0000000, 0x00000007c0000000)
  eden space 1037312K, 0% used [0x000000076ce00000,0x000000076ce00000,0x00000007ac300000)
  from space 152064K, 0% used [0x00000007b6b80000,0x00000007b6b80000,0x00000007c0000000)
  to   space 162304K, 0% used [0x00000007ac300000,0x00000007ac300000,0x00000007b6180000)
 ParOldGen       total 480256K, used 377547K [0x00000006c6a00000, 0x00000006e3f00000, 0x000000076ce00000)
  object space 480256K, 78% used [0x00000006c6a00000,0x00000006ddab2eb0,0x00000006e3f00000)
 Metaspace       used 61362K, capacity 62351K, committed 62592K, reserved 1103872K
  class space    used 7181K, capacity 7432K, committed 7552K, reserved 1048576K
}

