# JRE version: OpenJDK Runtime Environment (8.0_432-b05) (build 1.8.0_432-b05)
# Java VM: OpenJDK 64-Bit Server VM (25.432-b05 mixed mode linux-amd64 compressed oops)
Heap:
 PSYoungGen      total 1155584K, used 25681K [0x000000076ce00000, 0x00000007bf080000, 0x00000007c0000000)
  eden space 1089024K, 2% used [0x000000076ce00000,0x000000076e7146b0,0x00000007af580000)
  from space 66560K, 0% used [0x00000007af580000,0x00000007af580000,0x00000007b3680000)
  to   space 128512K, 0% used [0x00000007b7300000,0x00000007b7300000,0x00000007bf080000)
 ParOldGen       total 483840K, used 360080K [0x00000006c6a00000, 0x00000006e4280000, 0x000000076ce00000)
  object space 483840K, 74% used [0x00000006c6a00000,0x00000006dc9a4200,0x00000006e4280000)
 Metaspace       used 60225K, capacity 61257K, committed 61696K, reserved 1103872K
  class space    used 7083K, capacity 7295K, committed 7424K, reserved 1048576K
GC Heap History (10 events):
Event: 29.968 GC heap before
{Heap before GC invocations=24 (full 6):
 PSYoungGen      total 1201664K, used 116193K [0x000000076ce00000, 0x00000007c0000000, 0x00000007c0000000)
  eden space 1085440K, 0% used [0x000000076ce00000,0x000000076ce00000,0x00000007af200000)
  from space 116224K, 99% used [0x00000007b8e80000,0x00000007bfff87a0,0x00000007c0000000)
  to   space 138240K, 0% used [0x00000007af200000,0x00000007af200000,0x00000007b7900000)
 ParOldGen       total 483840K, used 212378K [0x00000006c6a00000, 0x00000006e4280000, 0x000000076ce00000)
  object space 483840K, 43% used [0x00000006c6a00000,0x00000006d3966af8,0x00000006e4280000)
 Metaspace       used 55366K, capacity 56121K, committed 56448K, reserved 1099776K
  class space    used 6845K, capacity 7021K, committed 7040K, reserved 1048576K
Event: 30.350 GC heap after
Heap after GC invocations=24 (full 6):
 PSYoungGen      total 1201664K, used 0K [0x000000076ce00000, 0x00000007c0000000, 0x00000007c0000000)
  eden space 1085440K, 0% used [0x000000076ce00000,0x000000076ce00000,0x00000007af200000)
  from space 116224K, 0% used [0x00000007b8e80000,0x00000007b8e80000,0x00000007c0000000)
  to   space 138240K, 0% used [0x00000007af200000,0x00000007af200000,0x00000007b7900000)
 ParOldGen       total 483840K, used 312998K [0x00000006c6a00000, 0x00000006e4280000, 0x000000076ce00000)
  object space 483840K, 64% used [0x00000006c6a00000,0x00000006d9ba9890,0x00000006e4280000)
 Metaspace       used 55366K, capacity 56121K, committed 56448K, reserved 1099776K
  class space    used 6845K, capacity 7021K, committed 7040K, reserved 1048576K
}
Event: 39.340 GC heap before
{Heap before GC invocations=25 (full 6):
 PSYoungGen      total 1201664K, used 1085440K [0x000000076ce00000, 0x00000007c0000000, 0x00000007c0000000)
  eden space 1085440K, 100% used [0x000000076ce00000,0x00000007af200000,0x00000007af200000)
  from space 116224K, 0% used [0x00000007b8e80000,0x00000007b8e80000,0x00000007c0000000)
  to   space 138240K, 0% used [0x00000007af200000,0x00000007af200000,0x00000007b7900000)
 ParOldGen       total 483840K, used 312998K [0x00000006c6a00000, 0x00000006e4280000, 0x000000076ce00000)
  object space 483840K, 64% used [0x00000006c6a00000,0x00000006d9ba9890,0x00000006e4280000)
 Metaspace       used 58622K, capacity 59541K, committed 59776K, reserved 1101824K
  class space    used 7047K, capacity 7249K, committed 7296K, reserved 1048576K
Event: 39.355 GC heap after
Heap after GC invocations=25 (full 6):
 PSYoungGen      total 1223680K, used 64188K [0x000000076ce00000, 0x00000007c0000000, 0x00000007c0000000)
  eden space 1085440K, 0% used [0x000000076ce00000,0x000000076ce00000,0x00000007af200000)
  from space 138240K, 46% used [0x00000007af200000,0x00000007b30af280,0x00000007b7900000)
  to   space 134656K, 0% used [0x00000007b7c80000,0x00000007b7c80000,0x00000007c0000000)
 ParOldGen       total 483840K, used 313006K [0x00000006c6a00000, 0x00000006e4280000, 0x000000076ce00000)
  object space 483840K, 64% used [0x00000006c6a00000,0x00000006d9bab890,0x00000006e4280000)
 Metaspace       used 58622K, capacity 59541K, committed 59776K, reserved 1101824K
  class space    used 7047K, capacity 7249K, committed 7296K, reserved 1048576K
}
Event: 52.436 GC heap before
{Heap before GC invocations=26 (full 6):
 PSYoungGen      total 1223680K, used 1149628K [0x000000076ce00000, 0x00000007c0000000, 0x00000007c0000000)
  eden space 1085440K, 100% used [0x000000076ce00000,0x00000007af200000,0x00000007af200000)
  from space 138240K, 46% used [0x00000007af200000,0x00000007b30af280,0x00000007b7900000)
  to   space 134656K, 0% used [0x00000007b7c80000,0x00000007b7c80000,0x00000007c0000000)
 ParOldGen       total 483840K, used 313006K [0x00000006c6a00000, 0x00000006e4280000, 0x000000076ce00000)
  object space 483840K, 64% used [0x00000006c6a00000,0x00000006d9bab890,0x00000006e4280000)
 Metaspace       used 60013K, capacity 61007K, committed 61312K, reserved 1103872K
  class space    used 7068K, capacity 7296K, committed 7296K, reserved 1048576K
Event: 52.448 GC heap after
Heap after GC invocations=26 (full 6):
 PSYoungGen      total 1212928K, used 65447K [0x000000076ce00000, 0x00000007bf580000, 0x00000007c0000000)
  eden space 1089024K, 0% used [0x000000076ce00000,0x000000076ce00000,0x00000007af580000)
  from space 123904K, 52% used [0x00000007b7c80000,0x00000007bbc69fb0,0x00000007bf580000)
  to   space 131072K, 0% used [0x00000007af580000,0x00000007af580000,0x00000007b7580000)
 ParOldGen       total 483840K, used 313014K [0x00000006c6a00000, 0x00000006e4280000, 0x000000076ce00000)
  object space 483840K, 64% used [0x00000006c6a00000,0x00000006d9bad890,0x00000006e4280000)
 Metaspace       used 60013K, capacity 61007K, committed 61312K, reserved 1103872K
  class space    used 7068K, capacity 7296K, committed 7296K, reserved 1048576K
}
Event: 60.225 GC heap before
{Heap before GC invocations=27 (full 6):
 PSYoungGen      total 1212928K, used 588659K [0x000000076ce00000, 0x00000007bf580000, 0x00000007c0000000)
  eden space 1089024K, 48% used [0x000000076ce00000,0x000000078ccf2ff8,0x00000007af580000)
  from space 123904K, 52% used [0x00000007b7c80000,0x00000007bbc69fb0,0x00000007bf580000)
  to   space 131072K, 0% used [0x00000007af580000,0x00000007af580000,0x00000007b7580000)
 ParOldGen       total 483840K, used 313014K [0x00000006c6a00000, 0x00000006e4280000, 0x000000076ce00000)
  object space 483840K, 64% used [0x00000006c6a00000,0x00000006d9bad890,0x00000006e4280000)
 Metaspace       used 60222K, capacity 61269K, committed 61696K, reserved 1103872K
  class space    used 7083K, capacity 7297K, committed 7424K, reserved 1048576K
Event: 60.236 GC heap after
Heap after GC invocations=27 (full 6):
 PSYoungGen      total 1155584K, used 66471K [0x000000076ce00000, 0x00000007bf080000, 0x00000007c0000000)
  eden space 1089024K, 0% used [0x000000076ce00000,0x000000076ce00000,0x00000007af580000)
  from space 66560K, 99% used [0x00000007af580000,0x00000007b3669c30,0x00000007b3680000)
  to   space 128512K, 0% used [0x00000007b7300000,0x00000007b7300000,0x00000007bf080000)
 ParOldGen       total 483840K, used 313022K [0x00000006c6a00000, 0x00000006e4280000, 0x000000076ce00000)
  object space 483840K, 64% used [0x00000006c6a00000,0x00000006d9baf890,0x00000006e4280000)
 Metaspace       used 60222K, capacity 61269K, committed 61696K, reserved 1103872K
  class space    used 7083K, capacity 7297K, committed 7424K, reserved 1048576K
}
Event: 60.236 GC heap before
{Heap before GC invocations=28 (full 7):
 PSYoungGen      total 1155584K, used 66471K [0x000000076ce00000, 0x00000007bf080000, 0x00000007c0000000)
  eden space 1089024K, 0% used [0x000000076ce00000,0x000000076ce00000,0x00000007af580000)
  from space 66560K, 99% used [0x00000007af580000,0x00000007b3669c30,0x00000007b3680000)
  to   space 128512K, 0% used [0x00000007b7300000,0x00000007b7300000,0x00000007bf080000)
 ParOldGen       total 483840K, used 313022K [0x00000006c6a00000, 0x00000006e4280000, 0x000000076ce00000)
  object space 483840K, 64% used [0x00000006c6a00000,0x00000006d9baf890,0x00000006e4280000)
 Metaspace       used 60222K, capacity 61269K, committed 61696K, reserved 1103872K
  class space    used 7083K, capacity 7297K, committed 7424K, reserved 1048576K
Event: 60.665 GC heap after
Heap after GC invocations=28 (full 7):
 PSYoungGen      total 1155584K, used 0K [0x000000076ce00000, 0x00000007bf080000, 0x00000007c0000000)
  eden space 1089024K, 0% used [0x000000076ce00000,0x000000076ce00000,0x00000007af580000)
  from space 66560K, 0% used [0x00000007af580000,0x00000007af580000,0x00000007b3680000)
  to   space 128512K, 0% used [0x00000007b7300000,0x00000007b7300000,0x00000007bf080000)
 ParOldGen       total 483840K, used 360080K [0x00000006c6a00000, 0x00000006e4280000, 0x000000076ce00000)
  object space 483840K, 74% used [0x00000006c6a00000,0x00000006dc9a4200,0x00000006e4280000)
 Metaspace       used 60218K, capacity 61257K, committed 61696K, reserved 1103872K
  class space    used 7082K, capacity 7295K, committed 7424K, reserved 1048576K
}

