# JRE version: OpenJDK Runtime Environment (8.0_422-b05) (build 1.8.0_422-b05)
# Java VM: OpenJDK 64-Bit Server VM (25.422-b05 mixed mode linux-amd64 compressed oops)
Heap:
 PSYoungGen      total 1172992K, used 27422K [0x000000076ce00000, 0x00000007c0000000, 0x00000007c0000000)
  eden space 1087488K, 2% used [0x000000076ce00000,0x000000076e8c7938,0x00000007af400000)
  from space 85504K, 0% used [0x00000007af400000,0x00000007af400000,0x00000007b4780000)
  to   space 141312K, 0% used [0x00000007b7600000,0x00000007b7600000,0x00000007c0000000)
 ParOldGen       total 466944K, used 352225K [0x00000006c6a00000, 0x00000006e3200000, 0x000000076ce00000)
  object space 466944K, 75% used [0x00000006c6a00000,0x00000006dc1f84c0,0x00000006e3200000)
 Metaspace       used 59777K, capacity 60709K, committed 61056K, reserved 1103872K
  class space    used 7081K, capacity 7287K, committed 7296K, reserved 1048576K
GC Heap History (10 events):
Event: 34.958 GC heap before
{Heap before GC invocations=24 (full 6):
 PSYoungGen      total 1224192K, used 101192K [0x000000076ce00000, 0x00000007c0000000, 0x00000007c0000000)
  eden space 1121280K, 0% used [0x000000076ce00000,0x000000076ce00000,0x00000007b1500000)
  from space 102912K, 98% used [0x00000007b9b80000,0x00000007bfe520f8,0x00000007c0000000)
  to   space 120320K, 0% used [0x00000007b1500000,0x00000007b1500000,0x00000007b8a80000)
 ParOldGen       total 466944K, used 210088K [0x00000006c6a00000, 0x00000006e3200000, 0x000000076ce00000)
  object space 466944K, 44% used [0x00000006c6a00000,0x00000006d372a0b8,0x00000006e3200000)
 Metaspace       used 55334K, capacity 56113K, committed 56448K, reserved 1099776K
  class space    used 6828K, capacity 7019K, committed 7040K, reserved 1048576K
Event: 35.443 GC heap after
Heap after GC invocations=24 (full 6):
 PSYoungGen      total 1224192K, used 0K [0x000000076ce00000, 0x00000007c0000000, 0x00000007c0000000)
  eden space 1121280K, 0% used [0x000000076ce00000,0x000000076ce00000,0x00000007b1500000)
  from space 102912K, 0% used [0x00000007b9b80000,0x00000007b9b80000,0x00000007c0000000)
  to   space 120320K, 0% used [0x00000007b1500000,0x00000007b1500000,0x00000007b8a80000)
 ParOldGen       total 466944K, used 293877K [0x00000006c6a00000, 0x00000006e3200000, 0x000000076ce00000)
  object space 466944K, 62% used [0x00000006c6a00000,0x00000006d88fd790,0x00000006e3200000)
 Metaspace       used 55334K, capacity 56113K, committed 56448K, reserved 1099776K
  class space    used 6828K, capacity 7019K, committed 7040K, reserved 1048576K
}
Event: 40.107 GC heap before
{Heap before GC invocations=25 (full 6):
 PSYoungGen      total 1224192K, used 1121280K [0x000000076ce00000, 0x00000007c0000000, 0x00000007c0000000)
  eden space 1121280K, 100% used [0x000000076ce00000,0x00000007b1500000,0x00000007b1500000)
  from space 102912K, 0% used [0x00000007b9b80000,0x00000007b9b80000,0x00000007c0000000)
  to   space 120320K, 0% used [0x00000007b1500000,0x00000007b1500000,0x00000007b8a80000)
 ParOldGen       total 466944K, used 293877K [0x00000006c6a00000, 0x00000006e3200000, 0x000000076ce00000)
  object space 466944K, 62% used [0x00000006c6a00000,0x00000006d88fd790,0x00000006e3200000)
 Metaspace       used 58154K, capacity 59107K, committed 59520K, reserved 1101824K
  class space    used 7011K, capacity 7224K, committed 7296K, reserved 1048576K
Event: 40.124 GC heap after
Heap after GC invocations=25 (full 6):
 PSYoungGen      total 1200128K, used 78744K [0x000000076ce00000, 0x00000007c0000000, 0x00000007c0000000)
  eden space 1121280K, 0% used [0x000000076ce00000,0x000000076ce00000,0x00000007b1500000)
  from space 78848K, 99% used [0x00000007b1500000,0x00000007b61e6210,0x00000007b6200000)
  to   space 125952K, 0% used [0x00000007b8500000,0x00000007b8500000,0x00000007c0000000)
 ParOldGen       total 466944K, used 293885K [0x00000006c6a00000, 0x00000006e3200000, 0x000000076ce00000)
  object space 466944K, 62% used [0x00000006c6a00000,0x00000006d88ff790,0x00000006e3200000)
 Metaspace       used 58154K, capacity 59107K, committed 59520K, reserved 1101824K
  class space    used 7011K, capacity 7224K, committed 7296K, reserved 1048576K
}
Event: 48.022 GC heap before
{Heap before GC invocations=26 (full 6):
 PSYoungGen      total 1200128K, used 1200024K [0x000000076ce00000, 0x00000007c0000000, 0x00000007c0000000)
  eden space 1121280K, 100% used [0x000000076ce00000,0x00000007b1500000,0x00000007b1500000)
  from space 78848K, 99% used [0x00000007b1500000,0x00000007b61e6210,0x00000007b6200000)
  to   space 125952K, 0% used [0x00000007b8500000,0x00000007b8500000,0x00000007c0000000)
 ParOldGen       total 466944K, used 293885K [0x00000006c6a00000, 0x00000006e3200000, 0x000000076ce00000)
  object space 466944K, 62% used [0x00000006c6a00000,0x00000006d88ff790,0x00000006e3200000)
 Metaspace       used 59119K, capacity 59995K, committed 60288K, reserved 1101824K
  class space    used 7048K, capacity 7276K, committed 7296K, reserved 1048576K
Event: 48.040 GC heap after
Heap after GC invocations=26 (full 6):
 PSYoungGen      total 1213440K, used 99427K [0x000000076ce00000, 0x00000007c0000000, 0x00000007c0000000)
  eden space 1087488K, 0% used [0x000000076ce00000,0x000000076ce00000,0x00000007af400000)
  from space 125952K, 78% used [0x00000007b8500000,0x00000007be618c10,0x00000007c0000000)
  to   space 137216K, 0% used [0x00000007af400000,0x00000007af400000,0x00000007b7a00000)
 ParOldGen       total 466944K, used 293893K [0x00000006c6a00000, 0x00000006e3200000, 0x000000076ce00000)
  object space 466944K, 62% used [0x00000006c6a00000,0x00000006d8901790,0x00000006e3200000)
 Metaspace       used 59119K, capacity 59995K, committed 60288K, reserved 1101824K
  class space    used 7048K, capacity 7276K, committed 7296K, reserved 1048576K
}
Event: 74.738 GC heap before
{Heap before GC invocations=27 (full 6):
 PSYoungGen      total 1213440K, used 1133959K [0x000000076ce00000, 0x00000007c0000000, 0x00000007c0000000)
  eden space 1087488K, 95% used [0x000000076ce00000,0x00000007ac0492a8,0x00000007af400000)
  from space 125952K, 78% used [0x00000007b8500000,0x00000007be618c10,0x00000007c0000000)
  to   space 137216K, 0% used [0x00000007af400000,0x00000007af400000,0x00000007b7a00000)
 ParOldGen       total 466944K, used 293893K [0x00000006c6a00000, 0x00000006e3200000, 0x000000076ce00000)
  object space 466944K, 62% used [0x00000006c6a00000,0x00000006d8901790,0x00000006e3200000)
 Metaspace       used 59764K, capacity 60715K, committed 61056K, reserved 1103872K
  class space    used 7080K, capacity 7288K, committed 7296K, reserved 1048576K
Event: 74.751 GC heap after
Heap after GC invocations=27 (full 6):
 PSYoungGen      total 1172992K, used 85488K [0x000000076ce00000, 0x00000007c0000000, 0x00000007c0000000)
  eden space 1087488K, 0% used [0x000000076ce00000,0x000000076ce00000,0x00000007af400000)
  from space 85504K, 99% used [0x00000007af400000,0x00000007b477c1f8,0x00000007b4780000)
  to   space 141312K, 0% used [0x00000007b7600000,0x00000007b7600000,0x00000007c0000000)
 ParOldGen       total 466944K, used 293901K [0x00000006c6a00000, 0x00000006e3200000, 0x000000076ce00000)
  object space 466944K, 62% used [0x00000006c6a00000,0x00000006d8903790,0x00000006e3200000)
 Metaspace       used 59764K, capacity 60715K, committed 61056K, reserved 1103872K
  class space    used 7080K, capacity 7288K, committed 7296K, reserved 1048576K
}
Event: 74.751 GC heap before
{Heap before GC invocations=28 (full 7):
 PSYoungGen      total 1172992K, used 85488K [0x000000076ce00000, 0x00000007c0000000, 0x00000007c0000000)
  eden space 1087488K, 0% used [0x000000076ce00000,0x000000076ce00000,0x00000007af400000)
  from space 85504K, 99% used [0x00000007af400000,0x00000007b477c1f8,0x00000007b4780000)
  to   space 141312K, 0% used [0x00000007b7600000,0x00000007b7600000,0x00000007c0000000)
 ParOldGen       total 466944K, used 293901K [0x00000006c6a00000, 0x00000006e3200000, 0x000000076ce00000)
  object space 466944K, 62% used [0x00000006c6a00000,0x00000006d8903790,0x00000006e3200000)
 Metaspace       used 59764K, capacity 60715K, committed 61056K, reserved 1103872K
  class space    used 7080K, capacity 7288K, committed 7296K, reserved 1048576K
Event: 75.232 GC heap after
Heap after GC invocations=28 (full 7):
 PSYoungGen      total 1172992K, used 0K [0x000000076ce00000, 0x00000007c0000000, 0x00000007c0000000)
  eden space 1087488K, 0% used [0x000000076ce00000,0x000000076ce00000,0x00000007af400000)
  from space 85504K, 0% used [0x00000007af400000,0x00000007af400000,0x00000007b4780000)
  to   space 141312K, 0% used [0x00000007b7600000,0x00000007b7600000,0x00000007c0000000)
 ParOldGen       total 466944K, used 352225K [0x00000006c6a00000, 0x00000006e3200000, 0x000000076ce00000)
  object space 466944K, 75% used [0x00000006c6a00000,0x00000006dc1f84c0,0x00000006e3200000)
 Metaspace       used 59763K, capacity 60709K, committed 61056K, reserved 1103872K
  class space    used 7080K, capacity 7287K, committed 7296K, reserved 1048576K
}

