# JRE version: OpenJDK Runtime Environment (8.0_422-b05) (build 1.8.0_422-b05)
# Java VM: OpenJDK 64-Bit Server VM (25.422-b05 mixed mode linux-amd64 compressed oops)
Heap:
 PSYoungGen      total 1211392K, used 24071K [0x000000076ce00000, 0x00000007bf680000, 0x00000007c0000000)
  eden space 1074688K, 2% used [0x000000076ce00000,0x000000076e581ca8,0x00000007ae780000)
  from space 136704K, 0% used [0x00000007b7100000,0x00000007b7100000,0x00000007bf680000)
  to   space 138752K, 0% used [0x00000007ae780000,0x00000007ae780000,0x00000007b6f00000)
 ParOldGen       total 468480K, used 352659K [0x00000006c6a00000, 0x00000006e3380000, 0x000000076ce00000)
  object space 468480K, 75% used [0x00000006c6a00000,0x00000006dc264d70,0x00000006e3380000)
 Metaspace       used 58943K, capacity 59855K, committed 60032K, reserved 1101824K
  class space    used 7016K, capacity 7258K, committed 7296K, reserved 1048576K
GC Heap History (10 events):
Event: 37.519 GC heap before
{Heap before GC invocations=25 (full 6):
 PSYoungGen      total 1198592K, used 101678K [0x000000076ce00000, 0x00000007c0000000, 0x00000007c0000000)
  eden space 1096704K, 0% used [0x000000076ce00000,0x000000076ce00000,0x00000007afd00000)
  from space 101888K, 99% used [0x00000007afd00000,0x00000007b604bbb8,0x00000007b6080000)
  to   space 144384K, 0% used [0x00000007b7300000,0x00000007b7300000,0x00000007c0000000)
 ParOldGen       total 468480K, used 205852K [0x00000006c6a00000, 0x00000006e3380000, 0x000000076ce00000)
  object space 468480K, 43% used [0x00000006c6a00000,0x00000006d3307258,0x00000006e3380000)
 Metaspace       used 55111K, capacity 55869K, committed 56192K, reserved 1097728K
  class space    used 6804K, capacity 6983K, committed 7040K, reserved 1048576K
Event: 38.072 GC heap after
Heap after GC invocations=25 (full 6):
 PSYoungGen      total 1198592K, used 0K [0x000000076ce00000, 0x00000007c0000000, 0x00000007c0000000)
  eden space 1096704K, 0% used [0x000000076ce00000,0x000000076ce00000,0x00000007afd00000)
  from space 101888K, 0% used [0x00000007afd00000,0x00000007afd00000,0x00000007b6080000)
  to   space 144384K, 0% used [0x00000007b7300000,0x00000007b7300000,0x00000007c0000000)
 ParOldGen       total 468480K, used 293654K [0x00000006c6a00000, 0x00000006e3380000, 0x000000076ce00000)
  object space 468480K, 62% used [0x00000006c6a00000,0x00000006d88c5810,0x00000006e3380000)
 Metaspace       used 55111K, capacity 55869K, committed 56192K, reserved 1097728K
  class space    used 6804K, capacity 6983K, committed 7040K, reserved 1048576K
}
Event: 43.814 GC heap before
{Heap before GC invocations=26 (full 6):
 PSYoungGen      total 1198592K, used 1096704K [0x000000076ce00000, 0x00000007c0000000, 0x00000007c0000000)
  eden space 1096704K, 100% used [0x000000076ce00000,0x00000007afd00000,0x00000007afd00000)
  from space 101888K, 0% used [0x00000007afd00000,0x00000007afd00000,0x00000007b6080000)
  to   space 144384K, 0% used [0x00000007b7300000,0x00000007b7300000,0x00000007c0000000)
 ParOldGen       total 468480K, used 293654K [0x00000006c6a00000, 0x00000006e3380000, 0x000000076ce00000)
  object space 468480K, 62% used [0x00000006c6a00000,0x00000006d88c5810,0x00000006e3380000)
 Metaspace       used 57830K, capacity 58785K, committed 59008K, reserved 1101824K
  class space    used 6978K, capacity 7185K, committed 7296K, reserved 1048576K
Event: 43.838 GC heap after
Heap after GC invocations=26 (full 6):
 PSYoungGen      total 1219072K, used 74572K [0x000000076ce00000, 0x00000007c0000000, 0x00000007c0000000)
  eden space 1074688K, 0% used [0x000000076ce00000,0x000000076ce00000,0x00000007ae780000)
  from space 144384K, 51% used [0x00000007b7300000,0x00000007bbbd31c8,0x00000007c0000000)
  to   space 142848K, 0% used [0x00000007ae780000,0x00000007ae780000,0x00000007b7300000)
 ParOldGen       total 468480K, used 293662K [0x00000006c6a00000, 0x00000006e3380000, 0x000000076ce00000)
  object space 468480K, 62% used [0x00000006c6a00000,0x00000006d88c7810,0x00000006e3380000)
 Metaspace       used 57830K, capacity 58785K, committed 59008K, reserved 1101824K
  class space    used 6978K, capacity 7185K, committed 7296K, reserved 1048576K
}
Event: 67.853 GC heap before
{Heap before GC invocations=27 (full 6):
 PSYoungGen      total 1219072K, used 1149260K [0x000000076ce00000, 0x00000007c0000000, 0x00000007c0000000)
  eden space 1074688K, 100% used [0x000000076ce00000,0x00000007ae780000,0x00000007ae780000)
  from space 144384K, 51% used [0x00000007b7300000,0x00000007bbbd31c8,0x00000007c0000000)
  to   space 142848K, 0% used [0x00000007ae780000,0x00000007ae780000,0x00000007b7300000)
 ParOldGen       total 468480K, used 293662K [0x00000006c6a00000, 0x00000006e3380000, 0x000000076ce00000)
  object space 468480K, 62% used [0x00000006c6a00000,0x00000006d88c7810,0x00000006e3380000)
 Metaspace       used 58745K, capacity 59663K, committed 59776K, reserved 1101824K
  class space    used 7002K, capacity 7258K, committed 7296K, reserved 1048576K
Event: 67.868 GC heap after
Heap after GC invocations=27 (full 6):
 PSYoungGen      total 1148928K, used 73743K [0x000000076ce00000, 0x00000007bfa80000, 0x00000007c0000000)
  eden space 1074688K, 0% used [0x000000076ce00000,0x000000076ce00000,0x00000007ae780000)
  from space 74240K, 99% used [0x00000007ae780000,0x00000007b2f83df8,0x00000007b3000000)
  to   space 140800K, 0% used [0x00000007b7100000,0x00000007b7100000,0x00000007bfa80000)
 ParOldGen       total 468480K, used 293670K [0x00000006c6a00000, 0x00000006e3380000, 0x000000076ce00000)
  object space 468480K, 62% used [0x00000006c6a00000,0x00000006d88c9810,0x00000006e3380000)
 Metaspace       used 58745K, capacity 59663K, committed 59776K, reserved 1101824K
  class space    used 7002K, capacity 7258K, committed 7296K, reserved 1048576K
}
Event: 70.482 GC heap before
{Heap before GC invocations=28 (full 6):
 PSYoungGen      total 1148928K, used 175761K [0x000000076ce00000, 0x00000007bfa80000, 0x00000007c0000000)
  eden space 1074688K, 9% used [0x000000076ce00000,0x00000007731a07f8,0x00000007ae780000)
  from space 74240K, 99% used [0x00000007ae780000,0x00000007b2f83df8,0x00000007b3000000)
  to   space 140800K, 0% used [0x00000007b7100000,0x00000007b7100000,0x00000007bfa80000)
 ParOldGen       total 468480K, used 293670K [0x00000006c6a00000, 0x00000006e3380000, 0x000000076ce00000)
  object space 468480K, 62% used [0x00000006c6a00000,0x00000006d88c9810,0x00000006e3380000)
 Metaspace       used 58936K, capacity 59855K, committed 60032K, reserved 1101824K
  class space    used 7015K, capacity 7258K, committed 7296K, reserved 1048576K
Event: 70.498 GC heap after
Heap after GC invocations=28 (full 6):
 PSYoungGen      total 1211392K, used 74191K [0x000000076ce00000, 0x00000007bf680000, 0x00000007c0000000)
  eden space 1074688K, 0% used [0x000000076ce00000,0x000000076ce00000,0x00000007ae780000)
  from space 136704K, 54% used [0x00000007b7100000,0x00000007bb973ec8,0x00000007bf680000)
  to   space 138752K, 0% used [0x00000007ae780000,0x00000007ae780000,0x00000007b6f00000)
 ParOldGen       total 468480K, used 293678K [0x00000006c6a00000, 0x00000006e3380000, 0x000000076ce00000)
  object space 468480K, 62% used [0x00000006c6a00000,0x00000006d88cb810,0x00000006e3380000)
 Metaspace       used 58936K, capacity 59855K, committed 60032K, reserved 1101824K
  class space    used 7015K, capacity 7258K, committed 7296K, reserved 1048576K
}
Event: 70.498 GC heap before
{Heap before GC invocations=29 (full 7):
 PSYoungGen      total 1211392K, used 74191K [0x000000076ce00000, 0x00000007bf680000, 0x00000007c0000000)
  eden space 1074688K, 0% used [0x000000076ce00000,0x000000076ce00000,0x00000007ae780000)
  from space 136704K, 54% used [0x00000007b7100000,0x00000007bb973ec8,0x00000007bf680000)
  to   space 138752K, 0% used [0x00000007ae780000,0x00000007ae780000,0x00000007b6f00000)
 ParOldGen       total 468480K, used 293678K [0x00000006c6a00000, 0x00000006e3380000, 0x000000076ce00000)
  object space 468480K, 62% used [0x00000006c6a00000,0x00000006d88cb810,0x00000006e3380000)
 Metaspace       used 58936K, capacity 59855K, committed 60032K, reserved 1101824K
  class space    used 7015K, capacity 7258K, committed 7296K, reserved 1048576K
Event: 71.038 GC heap after
Heap after GC invocations=29 (full 7):
 PSYoungGen      total 1211392K, used 0K [0x000000076ce00000, 0x00000007bf680000, 0x00000007c0000000)
  eden space 1074688K, 0% used [0x000000076ce00000,0x000000076ce00000,0x00000007ae780000)
  from space 136704K, 0% used [0x00000007b7100000,0x00000007b7100000,0x00000007bf680000)
  to   space 138752K, 0% used [0x00000007ae780000,0x00000007ae780000,0x00000007b6f00000)
 ParOldGen       total 468480K, used 352659K [0x00000006c6a00000, 0x00000006e3380000, 0x000000076ce00000)
  object space 468480K, 75% used [0x00000006c6a00000,0x00000006dc264d70,0x00000006e3380000)
 Metaspace       used 58936K, capacity 59855K, committed 60032K, reserved 1101824K
  class space    used 7015K, capacity 7258K, committed 7296K, reserved 1048576K
}

