# JRE version: OpenJDK Runtime Environment (8.0_432-b05) (build 1.8.0_432-b05)
# Java VM: OpenJDK 64-Bit Server VM (25.432-b05 mixed mode linux-amd64 compressed oops)
Heap:
 PSYoungGen      total 1193472K, used 24508K [0x000000076ce00000, 0x00000007bf000000, 0x00000007c0000000)
  eden space 1052672K, 2% used [0x000000076ce00000,0x000000076e5ef188,0x00000007ad200000)
  from space 140800K, 0% used [0x00000007b6680000,0x00000007b6680000,0x00000007bf000000)
  to   space 146432K, 0% used [0x00000007ad200000,0x00000007ad200000,0x00000007b6100000)
 ParOldGen       total 416256K, used 349147K [0x00000006c6a00000, 0x00000006e0080000, 0x000000076ce00000)
  object space 416256K, 83% used [0x00000006c6a00000,0x00000006dbef6d28,0x00000006e0080000)
 Metaspace       used 60600K, capacity 61591K, committed 61952K, reserved 1103872K
  class space    used 7127K, capacity 7362K, committed 7424K, reserved 1048576K
GC Heap History (10 events):
Event: 66.939 GC heap before
{Heap before GC invocations=29 (full 6):
 PSYoungGen      total 1218048K, used 1143496K [0x000000076ce00000, 0x00000007c0000000, 0x00000007c0000000)
  eden space 1070592K, 100% used [0x000000076ce00000,0x00000007ae380000,0x00000007ae380000)
  from space 147456K, 49% used [0x00000007b7000000,0x00000007bb732198,0x00000007c0000000)
  to   space 143872K, 0% used [0x00000007ae380000,0x00000007ae380000,0x00000007b7000000)
 ParOldGen       total 416256K, used 300242K [0x00000006c6a00000, 0x00000006e0080000, 0x000000076ce00000)
  object space 416256K, 72% used [0x00000006c6a00000,0x00000006d8f349a8,0x00000006e0080000)
 Metaspace       used 60161K, capacity 61139K, committed 61440K, reserved 1103872K
  class space    used 7109K, capacity 7362K, committed 7424K, reserved 1048576K
Event: 66.954 GC heap after
Heap after GC invocations=29 (full 6):
 PSYoungGen      total 1174016K, used 103359K [0x000000076ce00000, 0x00000007c0000000, 0x00000007c0000000)
  eden space 1070592K, 0% used [0x000000076ce00000,0x000000076ce00000,0x00000007ae380000)
  from space 103424K, 99% used [0x00000007ae380000,0x00000007b486fca8,0x00000007b4880000)
  to   space 151552K, 0% used [0x00000007b6c00000,0x00000007b6c00000,0x00000007c0000000)
 ParOldGen       total 416256K, used 300250K [0x00000006c6a00000, 0x00000006e0080000, 0x000000076ce00000)
  object space 416256K, 72% used [0x00000006c6a00000,0x00000006d8f369a8,0x00000006e0080000)
 Metaspace       used 60161K, capacity 61139K, committed 61440K, reserved 1103872K
  class space    used 7109K, capacity 7362K, committed 7424K, reserved 1048576K
}
Event: 79.315 GC heap before
{Heap before GC invocations=30 (full 6):
 PSYoungGen      total 1174016K, used 1173951K [0x000000076ce00000, 0x00000007c0000000, 0x00000007c0000000)
  eden space 1070592K, 100% used [0x000000076ce00000,0x00000007ae380000,0x00000007ae380000)
  from space 103424K, 99% used [0x00000007ae380000,0x00000007b486fca8,0x00000007b4880000)
  to   space 151552K, 0% used [0x00000007b6c00000,0x00000007b6c00000,0x00000007c0000000)
 ParOldGen       total 416256K, used 300250K [0x00000006c6a00000, 0x00000006e0080000, 0x000000076ce00000)
  object space 416256K, 72% used [0x00000006c6a00000,0x00000006d8f369a8,0x00000006e0080000)
 Metaspace       used 60414K, capacity 61401K, committed 61696K, reserved 1103872K
  class space    used 7117K, capacity 7363K, committed 7424K, reserved 1048576K
Event: 79.329 GC heap after
Heap after GC invocations=30 (full 6):
 PSYoungGen      total 1198080K, used 104441K [0x000000076ce00000, 0x00000007c0000000, 0x00000007c0000000)
  eden space 1046528K, 0% used [0x000000076ce00000,0x000000076ce00000,0x00000007acc00000)
  from space 151552K, 68% used [0x00000007b6c00000,0x00000007bd1fe5b0,0x00000007c0000000)
  to   space 157696K, 0% used [0x00000007acc00000,0x00000007acc00000,0x00000007b6600000)
 ParOldGen       total 416256K, used 300258K [0x00000006c6a00000, 0x00000006e0080000, 0x000000076ce00000)
  object space 416256K, 72% used [0x00000006c6a00000,0x00000006d8f389a8,0x00000006e0080000)
 Metaspace       used 60414K, capacity 61401K, committed 61696K, reserved 1103872K
  class space    used 7117K, capacity 7363K, committed 7424K, reserved 1048576K
}
Event: 95.531 GC heap before
{Heap before GC invocations=31 (full 6):
 PSYoungGen      total 1198080K, used 1150969K [0x000000076ce00000, 0x00000007c0000000, 0x00000007c0000000)
  eden space 1046528K, 100% used [0x000000076ce00000,0x00000007acc00000,0x00000007acc00000)
  from space 151552K, 68% used [0x00000007b6c00000,0x00000007bd1fe5b0,0x00000007c0000000)
  to   space 157696K, 0% used [0x00000007acc00000,0x00000007acc00000,0x00000007b6600000)
 ParOldGen       total 416256K, used 300258K [0x00000006c6a00000, 0x00000006e0080000, 0x000000076ce00000)
  object space 416256K, 72% used [0x00000006c6a00000,0x00000006d8f389a8,0x00000006e0080000)
 Metaspace       used 60525K, capacity 61545K, committed 61952K, reserved 1103872K
  class space    used 7118K, capacity 7365K, committed 7424K, reserved 1048576K
Event: 95.554 GC heap after
Heap after GC invocations=31 (full 6):
 PSYoungGen      total 1204224K, used 76515K [0x000000076ce00000, 0x00000007bfb00000, 0x00000007c0000000)
  eden space 1046528K, 0% used [0x000000076ce00000,0x000000076ce00000,0x00000007acc00000)
  from space 157696K, 48% used [0x00000007acc00000,0x00000007b16b8d60,0x00000007b6600000)
  to   space 152064K, 0% used [0x00000007b6680000,0x00000007b6680000,0x00000007bfb00000)
 ParOldGen       total 416256K, used 300266K [0x00000006c6a00000, 0x00000006e0080000, 0x000000076ce00000)
  object space 416256K, 72% used [0x00000006c6a00000,0x00000006d8f3a9a8,0x00000006e0080000)
 Metaspace       used 60525K, capacity 61545K, committed 61952K, reserved 1103872K
  class space    used 7118K, capacity 7365K, committed 7424K, reserved 1048576K
}
Event: 99.894 GC heap before
{Heap before GC invocations=32 (full 6):
 PSYoungGen      total 1204224K, used 310118K [0x000000076ce00000, 0x00000007bfb00000, 0x00000007c0000000)
  eden space 1046528K, 22% used [0x000000076ce00000,0x000000077b220d68,0x00000007acc00000)
  from space 157696K, 48% used [0x00000007acc00000,0x00000007b16b8d60,0x00000007b6600000)
  to   space 152064K, 0% used [0x00000007b6680000,0x00000007b6680000,0x00000007bfb00000)
 ParOldGen       total 416256K, used 300266K [0x00000006c6a00000, 0x00000006e0080000, 0x000000076ce00000)
  object space 416256K, 72% used [0x00000006c6a00000,0x00000006d8f3a9a8,0x00000006e0080000)
 Metaspace       used 60586K, capacity 61609K, committed 61952K, reserved 1103872K
  class space    used 7128K, capacity 7365K, committed 7424K, reserved 1048576K
Event: 99.905 GC heap after
Heap after GC invocations=32 (full 6):
 PSYoungGen      total 1193472K, used 76175K [0x000000076ce00000, 0x00000007bf000000, 0x00000007c0000000)
  eden space 1052672K, 0% used [0x000000076ce00000,0x000000076ce00000,0x00000007ad200000)
  from space 140800K, 54% used [0x00000007b6680000,0x00000007bb0e3c40,0x00000007bf000000)
  to   space 146432K, 0% used [0x00000007ad200000,0x00000007ad200000,0x00000007b6100000)
 ParOldGen       total 416256K, used 300274K [0x00000006c6a00000, 0x00000006e0080000, 0x000000076ce00000)
  object space 416256K, 72% used [0x00000006c6a00000,0x00000006d8f3c9a8,0x00000006e0080000)
 Metaspace       used 60586K, capacity 61609K, committed 61952K, reserved 1103872K
  class space    used 7128K, capacity 7365K, committed 7424K, reserved 1048576K
}
Event: 99.905 GC heap before
{Heap before GC invocations=33 (full 7):
 PSYoungGen      total 1193472K, used 76175K [0x000000076ce00000, 0x00000007bf000000, 0x00000007c0000000)
  eden space 1052672K, 0% used [0x000000076ce00000,0x000000076ce00000,0x00000007ad200000)
  from space 140800K, 54% used [0x00000007b6680000,0x00000007bb0e3c40,0x00000007bf000000)
  to   space 146432K, 0% used [0x00000007ad200000,0x00000007ad200000,0x00000007b6100000)
 ParOldGen       total 416256K, used 300274K [0x00000006c6a00000, 0x00000006e0080000, 0x000000076ce00000)
  object space 416256K, 72% used [0x00000006c6a00000,0x00000006d8f3c9a8,0x00000006e0080000)
 Metaspace       used 60586K, capacity 61609K, committed 61952K, reserved 1103872K
  class space    used 7128K, capacity 7365K, committed 7424K, reserved 1048576K
Event: 100.322 GC heap after
Heap after GC invocations=33 (full 7):
 PSYoungGen      total 1193472K, used 0K [0x000000076ce00000, 0x00000007bf000000, 0x00000007c0000000)
  eden space 1052672K, 0% used [0x000000076ce00000,0x000000076ce00000,0x00000007ad200000)
  from space 140800K, 0% used [0x00000007b6680000,0x00000007b6680000,0x00000007bf000000)
  to   space 146432K, 0% used [0x00000007ad200000,0x00000007ad200000,0x00000007b6100000)
 ParOldGen       total 416256K, used 349147K [0x00000006c6a00000, 0x00000006e0080000, 0x000000076ce00000)
  object space 416256K, 83% used [0x00000006c6a00000,0x00000006dbef6d28,0x00000006e0080000)
 Metaspace       used 60580K, capacity 61591K, committed 61952K, reserved 1103872K
  class space    used 7126K, capacity 7362K, committed 7424K, reserved 1048576K
}

