# JRE version: OpenJDK Runtime Environment (8.0_432-b05) (build 1.8.0_432-b05)
# Java VM: OpenJDK 64-Bit Server VM (25.432-b05 mixed mode linux-amd64 compressed oops)
Heap:
 PSYoungGen      total 1236992K, used 24371K [0x000000076ce00000, 0x00000007c0000000, 0x00000007c0000000)
  eden space 1110528K, 2% used [0x000000076ce00000,0x000000076e5ccd78,0x00000007b0a80000)
  from space 126464K, 0% used [0x00000007b8480000,0x00000007b8480000,0x00000007c0000000)
  to   space 124928K, 0% used [0x00000007b0a80000,0x00000007b0a80000,0x00000007b8480000)
 ParOldGen       total 464384K, used 357018K [0x00000006c6a00000, 0x00000006e2f80000, 0x000000076ce00000)
  object space 464384K, 76% used [0x00000006c6a00000,0x00000006dc6a69c8,0x00000006e2f80000)
 Metaspace       used 59012K, capacity 59957K, committed 60288K, reserved 1101824K
  class space    used 7043K, capacity 7237K, committed 7296K, reserved 1048576K
GC Heap History (10 events):
Event: 38.290 GC heap before
{Heap before GC invocations=25 (full 5):
 PSYoungGen      total 1249792K, used 214086K [0x000000076ce00000, 0x00000007c0000000, 0x00000007c0000000)
  eden space 1167360K, 11% used [0x000000076ce00000,0x0000000774f08848,0x00000007b4200000)
  from space 82432K, 99% used [0x00000007b4200000,0x00000007b92091e0,0x00000007b9280000)
  to   space 103936K, 0% used [0x00000007b9a80000,0x00000007b9a80000,0x00000007c0000000)
 ParOldGen       total 464384K, used 209642K [0x00000006c6a00000, 0x00000006e2f80000, 0x000000076ce00000)
  object space 464384K, 45% used [0x00000006c6a00000,0x00000006d36ba9e0,0x00000006e2f80000)
 Metaspace       used 55496K, capacity 56313K, committed 56704K, reserved 1099776K
  class space    used 6841K, capacity 7021K, committed 7040K, reserved 1048576K
Event: 38.320 GC heap after
Heap after GC invocations=25 (full 5):
 PSYoungGen      total 1208832K, used 103920K [0x000000076ce00000, 0x00000007c0000000, 0x00000007c0000000)
  eden space 1104896K, 0% used [0x000000076ce00000,0x000000076ce00000,0x00000007b0500000)
  from space 103936K, 99% used [0x00000007b9a80000,0x00000007bfffc040,0x00000007c0000000)
  to   space 128512K, 0% used [0x00000007b0500000,0x00000007b0500000,0x00000007b8280000)
 ParOldGen       total 464384K, used 226413K [0x00000006c6a00000, 0x00000006e2f80000, 0x000000076ce00000)
  object space 464384K, 48% used [0x00000006c6a00000,0x00000006d471b700,0x00000006e2f80000)
 Metaspace       used 55496K, capacity 56313K, committed 56704K, reserved 1099776K
  class space    used 6841K, capacity 7021K, committed 7040K, reserved 1048576K
}
Event: 38.320 GC heap before
{Heap before GC invocations=26 (full 6):
 PSYoungGen      total 1208832K, used 103920K [0x000000076ce00000, 0x00000007c0000000, 0x00000007c0000000)
  eden space 1104896K, 0% used [0x000000076ce00000,0x000000076ce00000,0x00000007b0500000)
  from space 103936K, 99% used [0x00000007b9a80000,0x00000007bfffc040,0x00000007c0000000)
  to   space 128512K, 0% used [0x00000007b0500000,0x00000007b0500000,0x00000007b8280000)
 ParOldGen       total 464384K, used 226413K [0x00000006c6a00000, 0x00000006e2f80000, 0x000000076ce00000)
  object space 464384K, 48% used [0x00000006c6a00000,0x00000006d471b700,0x00000006e2f80000)
 Metaspace       used 55496K, capacity 56313K, committed 56704K, reserved 1099776K
  class space    used 6841K, capacity 7021K, committed 7040K, reserved 1048576K
Event: 38.832 GC heap after
Heap after GC invocations=26 (full 6):
 PSYoungGen      total 1208832K, used 0K [0x000000076ce00000, 0x00000007c0000000, 0x00000007c0000000)
  eden space 1104896K, 0% used [0x000000076ce00000,0x000000076ce00000,0x00000007b0500000)
  from space 103936K, 0% used [0x00000007b9a80000,0x00000007b9a80000,0x00000007c0000000)
  to   space 128512K, 0% used [0x00000007b0500000,0x00000007b0500000,0x00000007b8280000)
 ParOldGen       total 464384K, used 312061K [0x00000006c6a00000, 0x00000006e2f80000, 0x000000076ce00000)
  object space 464384K, 67% used [0x00000006c6a00000,0x00000006d9abf6d0,0x00000006e2f80000)
 Metaspace       used 55496K, capacity 56313K, committed 56704K, reserved 1099776K
  class space    used 6841K, capacity 7021K, committed 7040K, reserved 1048576K
}
Event: 46.432 GC heap before
{Heap before GC invocations=27 (full 6):
 PSYoungGen      total 1208832K, used 1104896K [0x000000076ce00000, 0x00000007c0000000, 0x00000007c0000000)
  eden space 1104896K, 100% used [0x000000076ce00000,0x00000007b0500000,0x00000007b0500000)
  from space 103936K, 0% used [0x00000007b9a80000,0x00000007b9a80000,0x00000007c0000000)
  to   space 128512K, 0% used [0x00000007b0500000,0x00000007b0500000,0x00000007b8280000)
 ParOldGen       total 464384K, used 312061K [0x00000006c6a00000, 0x00000006e2f80000, 0x000000076ce00000)
  object space 464384K, 67% used [0x00000006c6a00000,0x00000006d9abf6d0,0x00000006e2f80000)
 Metaspace       used 58522K, capacity 59439K, committed 59776K, reserved 1101824K
  class space    used 7026K, capacity 7236K, committed 7296K, reserved 1048576K
Event: 46.453 GC heap after
Heap after GC invocations=27 (full 6):
 PSYoungGen      total 1233408K, used 62699K [0x000000076ce00000, 0x00000007c0000000, 0x00000007c0000000)
  eden space 1104896K, 0% used [0x000000076ce00000,0x000000076ce00000,0x00000007b0500000)
  from space 128512K, 48% used [0x00000007b0500000,0x00000007b423ad30,0x00000007b8280000)
  to   space 126464K, 0% used [0x00000007b8480000,0x00000007b8480000,0x00000007c0000000)
 ParOldGen       total 464384K, used 312069K [0x00000006c6a00000, 0x00000006e2f80000, 0x000000076ce00000)
  object space 464384K, 67% used [0x00000006c6a00000,0x00000006d9ac16d0,0x00000006e2f80000)
 Metaspace       used 58522K, capacity 59439K, committed 59776K, reserved 1101824K
  class space    used 7026K, capacity 7236K, committed 7296K, reserved 1048576K
}
Event: 54.665 GC heap before
{Heap before GC invocations=28 (full 6):
 PSYoungGen      total 1233408K, used 628694K [0x000000076ce00000, 0x00000007c0000000, 0x00000007c0000000)
  eden space 1104896K, 51% used [0x000000076ce00000,0x000000078f6bad90,0x00000007b0500000)
  from space 128512K, 48% used [0x00000007b0500000,0x00000007b423ad30,0x00000007b8280000)
  to   space 126464K, 0% used [0x00000007b8480000,0x00000007b8480000,0x00000007c0000000)
 ParOldGen       total 464384K, used 312069K [0x00000006c6a00000, 0x00000006e2f80000, 0x000000076ce00000)
  object space 464384K, 67% used [0x00000006c6a00000,0x00000006d9ac16d0,0x00000006e2f80000)
 Metaspace       used 59004K, capacity 59957K, committed 60288K, reserved 1101824K
  class space    used 7042K, capacity 7237K, committed 7296K, reserved 1048576K
Event: 54.678 GC heap after
Heap after GC invocations=28 (full 6):
 PSYoungGen      total 1236992K, used 62978K [0x000000076ce00000, 0x00000007c0000000, 0x00000007c0000000)
  eden space 1110528K, 0% used [0x000000076ce00000,0x000000076ce00000,0x00000007b0a80000)
  from space 126464K, 49% used [0x00000007b8480000,0x00000007bc200850,0x00000007c0000000)
  to   space 124928K, 0% used [0x00000007b0a80000,0x00000007b0a80000,0x00000007b8480000)
 ParOldGen       total 464384K, used 312077K [0x00000006c6a00000, 0x00000006e2f80000, 0x000000076ce00000)
  object space 464384K, 67% used [0x00000006c6a00000,0x00000006d9ac36d0,0x00000006e2f80000)
 Metaspace       used 59004K, capacity 59957K, committed 60288K, reserved 1101824K
  class space    used 7042K, capacity 7237K, committed 7296K, reserved 1048576K
}
Event: 54.678 GC heap before
{Heap before GC invocations=29 (full 7):
 PSYoungGen      total 1236992K, used 62978K [0x000000076ce00000, 0x00000007c0000000, 0x00000007c0000000)
  eden space 1110528K, 0% used [0x000000076ce00000,0x000000076ce00000,0x00000007b0a80000)
  from space 126464K, 49% used [0x00000007b8480000,0x00000007bc200850,0x00000007c0000000)
  to   space 124928K, 0% used [0x00000007b0a80000,0x00000007b0a80000,0x00000007b8480000)
 ParOldGen       total 464384K, used 312077K [0x00000006c6a00000, 0x00000006e2f80000, 0x000000076ce00000)
  object space 464384K, 67% used [0x00000006c6a00000,0x00000006d9ac36d0,0x00000006e2f80000)
 Metaspace       used 59004K, capacity 59957K, committed 60288K, reserved 1101824K
  class space    used 7042K, capacity 7237K, committed 7296K, reserved 1048576K
Event: 55.299 GC heap after
Heap after GC invocations=29 (full 7):
 PSYoungGen      total 1236992K, used 0K [0x000000076ce00000, 0x00000007c0000000, 0x00000007c0000000)
  eden space 1110528K, 0% used [0x000000076ce00000,0x000000076ce00000,0x00000007b0a80000)
  from space 126464K, 0% used [0x00000007b8480000,0x00000007b8480000,0x00000007c0000000)
  to   space 124928K, 0% used [0x00000007b0a80000,0x00000007b0a80000,0x00000007b8480000)
 ParOldGen       total 464384K, used 357018K [0x00000006c6a00000, 0x00000006e2f80000, 0x000000076ce00000)
  object space 464384K, 76% used [0x00000006c6a00000,0x00000006dc6a69c8,0x00000006e2f80000)
 Metaspace       used 59004K, capacity 59957K, committed 60288K, reserved 1101824K
  class space    used 7042K, capacity 7237K, committed 7296K, reserved 1048576K
}

