# JRE version: OpenJDK Runtime Environment (8.0_432-b05) (build 1.8.0_432-b05)
# Java VM: OpenJDK 64-Bit Server VM (25.432-b05 mixed mode linux-amd64 compressed oops)
Heap:
 PSYoungGen      total 1219072K, used 29780K [0x000000076ce00000, 0x00000007c0000000, 0x00000007c0000000)
  eden space 1108992K, 2% used [0x000000076ce00000,0x000000076eb150f0,0x00000007b0900000)
  from space 110080K, 0% used [0x00000007b9480000,0x00000007b9480000,0x00000007c0000000)
  to   space 126464K, 0% used [0x00000007b0900000,0x00000007b0900000,0x00000007b8480000)
 ParOldGen       total 457216K, used 373902K [0x00000006c6a00000, 0x00000006e2880000, 0x000000076ce00000)
  object space 457216K, 81% used [0x00000006c6a00000,0x00000006dd723890,0x00000006e2880000)
 Metaspace       used 59134K, capacity 60091K, committed 60416K, reserved 1101824K
  class space    used 7071K, capacity 7304K, committed 7424K, reserved 1048576K
GC Heap History (10 events):
Event: 26.131 GC heap before
{Heap before GC invocations=25 (full 5):
 PSYoungGen      total 1262080K, used 155516K [0x000000076ce00000, 0x00000007c0000000, 0x00000007c0000000)
  eden space 1176064K, 5% used [0x000000076ce00000,0x00000007711e6dd8,0x00000007b4a80000)
  from space 86016K, 99% used [0x00000007b4a80000,0x00000007b9e78260,0x00000007b9e80000)
  to   space 99840K, 0% used [0x00000007b9e80000,0x00000007b9e80000,0x00000007c0000000)
 ParOldGen       total 457216K, used 208609K [0x00000006c6a00000, 0x00000006e2880000, 0x000000076ce00000)
  object space 457216K, 45% used [0x00000006c6a00000,0x00000006d35b8480,0x00000006e2880000)
 Metaspace       used 55571K, capacity 56333K, committed 56704K, reserved 1099776K
  class space    used 6865K, capacity 7025K, committed 7040K, reserved 1048576K
Event: 26.155 GC heap after
Heap after GC invocations=25 (full 5):
 PSYoungGen      total 1262592K, used 11950K [0x000000076ce00000, 0x00000007c0000000, 0x00000007c0000000)
  eden space 1162752K, 0% used [0x000000076ce00000,0x000000076ce00000,0x00000007b3d80000)
  from space 99840K, 11% used [0x00000007b9e80000,0x00000007baa2ba90,0x00000007c0000000)
  to   space 99328K, 0% used [0x00000007b3d80000,0x00000007b3d80000,0x00000007b9e80000)
 ParOldGen       total 457216K, used 286373K [0x00000006c6a00000, 0x00000006e2880000, 0x000000076ce00000)
  object space 457216K, 62% used [0x00000006c6a00000,0x00000006d81a9630,0x00000006e2880000)
 Metaspace       used 55571K, capacity 56333K, committed 56704K, reserved 1099776K
  class space    used 6865K, capacity 7025K, committed 7040K, reserved 1048576K
}
Event: 26.155 GC heap before
{Heap before GC invocations=26 (full 6):
 PSYoungGen      total 1262592K, used 11950K [0x000000076ce00000, 0x00000007c0000000, 0x00000007c0000000)
  eden space 1162752K, 0% used [0x000000076ce00000,0x000000076ce00000,0x00000007b3d80000)
  from space 99840K, 11% used [0x00000007b9e80000,0x00000007baa2ba90,0x00000007c0000000)
  to   space 99328K, 0% used [0x00000007b3d80000,0x00000007b3d80000,0x00000007b9e80000)
 ParOldGen       total 457216K, used 286373K [0x00000006c6a00000, 0x00000006e2880000, 0x000000076ce00000)
  object space 457216K, 62% used [0x00000006c6a00000,0x00000006d81a9630,0x00000006e2880000)
 Metaspace       used 55571K, capacity 56333K, committed 56704K, reserved 1099776K
  class space    used 6865K, capacity 7025K, committed 7040K, reserved 1048576K
Event: 26.767 GC heap after
Heap after GC invocations=26 (full 6):
 PSYoungGen      total 1262592K, used 0K [0x000000076ce00000, 0x00000007c0000000, 0x00000007c0000000)
  eden space 1162752K, 0% used [0x000000076ce00000,0x000000076ce00000,0x00000007b3d80000)
  from space 99840K, 0% used [0x00000007b9e80000,0x00000007b9e80000,0x00000007c0000000)
  to   space 99328K, 0% used [0x00000007b3d80000,0x00000007b3d80000,0x00000007b9e80000)
 ParOldGen       total 457216K, used 286962K [0x00000006c6a00000, 0x00000006e2880000, 0x000000076ce00000)
  object space 457216K, 62% used [0x00000006c6a00000,0x00000006d823cb20,0x00000006e2880000)
 Metaspace       used 55571K, capacity 56333K, committed 56704K, reserved 1099776K
  class space    used 6865K, capacity 7025K, committed 7040K, reserved 1048576K
}
Event: 33.948 GC heap before
{Heap before GC invocations=27 (full 6):
 PSYoungGen      total 1262592K, used 1162752K [0x000000076ce00000, 0x00000007c0000000, 0x00000007c0000000)
  eden space 1162752K, 100% used [0x000000076ce00000,0x00000007b3d80000,0x00000007b3d80000)
  from space 99840K, 0% used [0x00000007b9e80000,0x00000007b9e80000,0x00000007c0000000)
  to   space 99328K, 0% used [0x00000007b3d80000,0x00000007b3d80000,0x00000007b9e80000)
 ParOldGen       total 457216K, used 286964K [0x00000006c6a00000, 0x00000006e2880000, 0x000000076ce00000)
  object space 457216K, 62% used [0x00000006c6a00000,0x00000006d823d3a8,0x00000006e2880000)
 Metaspace       used 58549K, capacity 59509K, committed 59904K, reserved 1101824K
  class space    used 7049K, capacity 7303K, committed 7424K, reserved 1048576K
Event: 33.960 GC heap after
Heap after GC invocations=27 (full 6):
 PSYoungGen      total 1243648K, used 80437K [0x000000076ce00000, 0x00000007c0000000, 0x00000007c0000000)
  eden space 1162752K, 0% used [0x000000076ce00000,0x000000076ce00000,0x00000007b3d80000)
  from space 80896K, 99% used [0x00000007b3d80000,0x00000007b8c0d5b8,0x00000007b8c80000)
  to   space 110080K, 0% used [0x00000007b9480000,0x00000007b9480000,0x00000007c0000000)
 ParOldGen       total 457216K, used 286972K [0x00000006c6a00000, 0x00000006e2880000, 0x000000076ce00000)
  object space 457216K, 62% used [0x00000006c6a00000,0x00000006d823f3a8,0x00000006e2880000)
 Metaspace       used 58549K, capacity 59509K, committed 59904K, reserved 1101824K
  class space    used 7049K, capacity 7303K, committed 7424K, reserved 1048576K
}
Event: 37.700 GC heap before
{Heap before GC invocations=28 (full 6):
 PSYoungGen      total 1243648K, used 539859K [0x000000076ce00000, 0x00000007c0000000, 0x00000007c0000000)
  eden space 1162752K, 39% used [0x000000076ce00000,0x0000000788ea77d8,0x00000007b3d80000)
  from space 80896K, 99% used [0x00000007b3d80000,0x00000007b8c0d5b8,0x00000007b8c80000)
  to   space 110080K, 0% used [0x00000007b9480000,0x00000007b9480000,0x00000007c0000000)
 ParOldGen       total 457216K, used 286972K [0x00000006c6a00000, 0x00000006e2880000, 0x000000076ce00000)
  object space 457216K, 62% used [0x00000006c6a00000,0x00000006d823f3a8,0x00000006e2880000)
 Metaspace       used 59117K, capacity 60091K, committed 60416K, reserved 1101824K
  class space    used 7070K, capacity 7304K, committed 7424K, reserved 1048576K
Event: 37.731 GC heap after
Heap after GC invocations=28 (full 6):
 PSYoungGen      total 1219072K, used 101012K [0x000000076ce00000, 0x00000007c0000000, 0x00000007c0000000)
  eden space 1108992K, 0% used [0x000000076ce00000,0x000000076ce00000,0x00000007b0900000)
  from space 110080K, 91% used [0x00000007b9480000,0x00000007bf725000,0x00000007c0000000)
  to   space 126464K, 0% used [0x00000007b0900000,0x00000007b0900000,0x00000007b8480000)
 ParOldGen       total 457216K, used 286980K [0x00000006c6a00000, 0x00000006e2880000, 0x000000076ce00000)
  object space 457216K, 62% used [0x00000006c6a00000,0x00000006d82413a8,0x00000006e2880000)
 Metaspace       used 59117K, capacity 60091K, committed 60416K, reserved 1101824K
  class space    used 7070K, capacity 7304K, committed 7424K, reserved 1048576K
}
Event: 37.731 GC heap before
{Heap before GC invocations=29 (full 7):
 PSYoungGen      total 1219072K, used 101012K [0x000000076ce00000, 0x00000007c0000000, 0x00000007c0000000)
  eden space 1108992K, 0% used [0x000000076ce00000,0x000000076ce00000,0x00000007b0900000)
  from space 110080K, 91% used [0x00000007b9480000,0x00000007bf725000,0x00000007c0000000)
  to   space 126464K, 0% used [0x00000007b0900000,0x00000007b0900000,0x00000007b8480000)
 ParOldGen       total 457216K, used 286980K [0x00000006c6a00000, 0x00000006e2880000, 0x000000076ce00000)
  object space 457216K, 62% used [0x00000006c6a00000,0x00000006d82413a8,0x00000006e2880000)
 Metaspace       used 59117K, capacity 60091K, committed 60416K, reserved 1101824K
  class space    used 7070K, capacity 7304K, committed 7424K, reserved 1048576K
Event: 38.167 GC heap after
Heap after GC invocations=29 (full 7):
 PSYoungGen      total 1219072K, used 0K [0x000000076ce00000, 0x00000007c0000000, 0x00000007c0000000)
  eden space 1108992K, 0% used [0x000000076ce00000,0x000000076ce00000,0x00000007b0900000)
  from space 110080K, 0% used [0x00000007b9480000,0x00000007b9480000,0x00000007c0000000)
  to   space 126464K, 0% used [0x00000007b0900000,0x00000007b0900000,0x00000007b8480000)
 ParOldGen       total 457216K, used 373902K [0x00000006c6a00000, 0x00000006e2880000, 0x000000076ce00000)
  object space 457216K, 81% used [0x00000006c6a00000,0x00000006dd723890,0x00000006e2880000)
 Metaspace       used 59117K, capacity 60091K, committed 60416K, reserved 1101824K
  class space    used 7070K, capacity 7304K, committed 7424K, reserved 1048576K
}

