# JRE version: OpenJDK Runtime Environment (8.0_422-b05) (build 1.8.0_422-b05)
# Java VM: OpenJDK 64-Bit Server VM (25.422-b05 mixed mode linux-amd64 compressed oops)
Heap:
 PSYoungGen      total 1051136K, used 487193K [0x000000076ce00000, 0x00000007b5180000, 0x00000007c0000000)
  eden space 1010688K, 48% used [0x000000076ce00000,0x000000078a9c6780,0x00000007aa900000)
  from space 40448K, 0% used [0x00000007af580000,0x00000007af580000,0x00000007b1d00000)
  to   space 53760K, 0% used [0x00000007b1d00000,0x00000007b1d00000,0x00000007b5180000)
 ParOldGen       total 474624K, used 252014K [0x00000006c6a00000, 0x00000006e3980000, 0x000000076ce00000)
  object space 474624K, 53% used [0x00000006c6a00000,0x00000006d601b9e0,0x00000006e3980000)
 Metaspace       used 57939K, capacity 58937K, committed 59136K, reserved 1101824K
  class space    used 6902K, capacity 7127K, committed 7168K, reserved 1048576K
GC Heap History (10 events):
Event: 232.840 GC heap before
{Heap before GC invocations=31 (full 5):
 PSYoungGen      total 1190400K, used 1190384K [0x000000076ce00000, 0x00000007bbf80000, 0x00000007c0000000)
  eden space 1151488K, 100% used [0x000000076ce00000,0x00000007b3280000,0x00000007b3280000)
  from space 38912K, 99% used [0x00000007b6500000,0x00000007b8afc120,0x00000007b8b00000)
  to   space 53760K, 0% used [0x00000007b8b00000,0x00000007b8b00000,0x00000007bbf80000)
 ParOldGen       total 474624K, used 220089K [0x00000006c6a00000, 0x00000006e3980000, 0x000000076ce00000)
  object space 474624K, 46% used [0x00000006c6a00000,0x00000006d40ee778,0x00000006e3980000)
 Metaspace       used 57409K, capacity 58439K, committed 58880K, reserved 1101824K
  class space    used 6867K, capacity 7090K, committed 7168K, reserved 1048576K
Event: 232.860 GC heap after
Heap after GC invocations=31 (full 5):
 PSYoungGen      total 1146368K, used 44028K [0x000000076ce00000, 0x00000007bb600000, 0x00000007c0000000)
  eden space 1102336K, 0% used [0x000000076ce00000,0x000000076ce00000,0x00000007b0280000)
  from space 44032K, 99% used [0x00000007b8b00000,0x00000007bb5ff150,0x00000007bb600000)
  to   space 71680K, 0% used [0x00000007b2a00000,0x00000007b2a00000,0x00000007b7000000)
 ParOldGen       total 474624K, used 220097K [0x00000006c6a00000, 0x00000006e3980000, 0x000000076ce00000)
  object space 474624K, 46% used [0x00000006c6a00000,0x00000006d40f0778,0x00000006e3980000)
 Metaspace       used 57409K, capacity 58439K, committed 58880K, reserved 1101824K
  class space    used 6867K, capacity 7090K, committed 7168K, reserved 1048576K
}
Event: 259.588 GC heap before
{Heap before GC invocations=32 (full 5):
 PSYoungGen      total 1146368K, used 1146364K [0x000000076ce00000, 0x00000007bb600000, 0x00000007c0000000)
  eden space 1102336K, 100% used [0x000000076ce00000,0x00000007b0280000,0x00000007b0280000)
  from space 44032K, 99% used [0x00000007b8b00000,0x00000007bb5ff150,0x00000007bb600000)
  to   space 71680K, 0% used [0x00000007b2a00000,0x00000007b2a00000,0x00000007b7000000)
 ParOldGen       total 474624K, used 220097K [0x00000006c6a00000, 0x00000006e3980000, 0x000000076ce00000)
  object space 474624K, 46% used [0x00000006c6a00000,0x00000006d40f0778,0x00000006e3980000)
 Metaspace       used 57539K, capacity 58521K, committed 58880K, reserved 1101824K
  class space    used 6879K, capacity 7095K, committed 7168K, reserved 1048576K
Event: 259.602 GC heap after
Heap after GC invocations=32 (full 5):
 PSYoungGen      total 1095168K, used 39661K [0x000000076ce00000, 0x00000007b8b80000, 0x00000007c0000000)
  eden space 1055232K, 0% used [0x000000076ce00000,0x000000076ce00000,0x00000007ad480000)
  from space 39936K, 99% used [0x00000007b2a00000,0x00000007b50bb738,0x00000007b5100000)
  to   space 59904K, 0% used [0x00000007b5100000,0x00000007b5100000,0x00000007b8b80000)
 ParOldGen       total 474624K, used 220105K [0x00000006c6a00000, 0x00000006e3980000, 0x000000076ce00000)
  object space 474624K, 46% used [0x00000006c6a00000,0x00000006d40f2778,0x00000006e3980000)
 Metaspace       used 57539K, capacity 58521K, committed 58880K, reserved 1101824K
  class space    used 6879K, capacity 7095K, committed 7168K, reserved 1048576K
}
Event: 295.675 GC heap before
{Heap before GC invocations=33 (full 5):
 PSYoungGen      total 1095168K, used 1094893K [0x000000076ce00000, 0x00000007b8b80000, 0x00000007c0000000)
  eden space 1055232K, 100% used [0x000000076ce00000,0x00000007ad480000,0x00000007ad480000)
  from space 39936K, 99% used [0x00000007b2a00000,0x00000007b50bb738,0x00000007b5100000)
  to   space 59904K, 0% used [0x00000007b5100000,0x00000007b5100000,0x00000007b8b80000)
 ParOldGen       total 474624K, used 220105K [0x00000006c6a00000, 0x00000006e3980000, 0x000000076ce00000)
  object space 474624K, 46% used [0x00000006c6a00000,0x00000006d40f2778,0x00000006e3980000)
 Metaspace       used 57558K, capacity 58521K, committed 58880K, reserved 1101824K
  class space    used 6880K, capacity 7095K, committed 7168K, reserved 1048576K
Event: 295.699 GC heap after
Heap after GC invocations=33 (full 5):
 PSYoungGen      total 1051136K, used 40008K [0x000000076ce00000, 0x00000007b7880000, 0x00000007c0000000)
  eden space 1010688K, 0% used [0x000000076ce00000,0x000000076ce00000,0x00000007aa900000)
  from space 40448K, 98% used [0x00000007b5100000,0x00000007b7812120,0x00000007b7880000)
  to   space 67072K, 0% used [0x00000007af580000,0x00000007af580000,0x00000007b3700000)
 ParOldGen       total 474624K, used 220105K [0x00000006c6a00000, 0x00000006e3980000, 0x000000076ce00000)
  object space 474624K, 46% used [0x00000006c6a00000,0x00000006d40f2778,0x00000006e3980000)
 Metaspace       used 57558K, capacity 58521K, committed 58880K, reserved 1101824K
  class space    used 6880K, capacity 7095K, committed 7168K, reserved 1048576K
}
Event: 474.586 GC heap before
{Heap before GC invocations=34 (full 5):
 PSYoungGen      total 1051136K, used 967645K [0x000000076ce00000, 0x00000007b7880000, 0x00000007c0000000)
  eden space 1010688K, 91% used [0x000000076ce00000,0x00000007a57e5378,0x00000007aa900000)
  from space 40448K, 98% used [0x00000007b5100000,0x00000007b7812120,0x00000007b7880000)
  to   space 67072K, 0% used [0x00000007af580000,0x00000007af580000,0x00000007b3700000)
 ParOldGen       total 474624K, used 220105K [0x00000006c6a00000, 0x00000006e3980000, 0x000000076ce00000)
  object space 474624K, 46% used [0x00000006c6a00000,0x00000006d40f2778,0x00000006e3980000)
 Metaspace       used 57585K, capacity 58585K, committed 58880K, reserved 1101824K
  class space    used 6880K, capacity 7095K, committed 7168K, reserved 1048576K
Event: 474.596 GC heap after
Heap after GC invocations=34 (full 5):
 PSYoungGen      total 1051136K, used 40420K [0x000000076ce00000, 0x00000007b5180000, 0x00000007c0000000)
  eden space 1010688K, 0% used [0x000000076ce00000,0x000000076ce00000,0x00000007aa900000)
  from space 40448K, 99% used [0x00000007af580000,0x00000007b1cf9358,0x00000007b1d00000)
  to   space 53760K, 0% used [0x00000007b1d00000,0x00000007b1d00000,0x00000007b5180000)
 ParOldGen       total 474624K, used 220113K [0x00000006c6a00000, 0x00000006e3980000, 0x000000076ce00000)
  object space 474624K, 46% used [0x00000006c6a00000,0x00000006d40f4778,0x00000006e3980000)
 Metaspace       used 57585K, capacity 58585K, committed 58880K, reserved 1101824K
  class space    used 6880K, capacity 7095K, committed 7168K, reserved 1048576K
}
Event: 474.596 GC heap before
{Heap before GC invocations=35 (full 6):
 PSYoungGen      total 1051136K, used 40420K [0x000000076ce00000, 0x00000007b5180000, 0x00000007c0000000)
  eden space 1010688K, 0% used [0x000000076ce00000,0x000000076ce00000,0x00000007aa900000)
  from space 40448K, 99% used [0x00000007af580000,0x00000007b1cf9358,0x00000007b1d00000)
  to   space 53760K, 0% used [0x00000007b1d00000,0x00000007b1d00000,0x00000007b5180000)
 ParOldGen       total 474624K, used 220113K [0x00000006c6a00000, 0x00000006e3980000, 0x000000076ce00000)
  object space 474624K, 46% used [0x00000006c6a00000,0x00000006d40f4778,0x00000006e3980000)
 Metaspace       used 57585K, capacity 58585K, committed 58880K, reserved 1101824K
  class space    used 6880K, capacity 7095K, committed 7168K, reserved 1048576K
Event: 475.021 GC heap after
Heap after GC invocations=35 (full 6):
 PSYoungGen      total 1051136K, used 0K [0x000000076ce00000, 0x00000007b5180000, 0x00000007c0000000)
  eden space 1010688K, 0% used [0x000000076ce00000,0x000000076ce00000,0x00000007aa900000)
  from space 40448K, 0% used [0x00000007af580000,0x00000007af580000,0x00000007b1d00000)
  to   space 53760K, 0% used [0x00000007b1d00000,0x00000007b1d00000,0x00000007b5180000)
 ParOldGen       total 474624K, used 252014K [0x00000006c6a00000, 0x00000006e3980000, 0x000000076ce00000)
  object space 474624K, 53% used [0x00000006c6a00000,0x00000006d601b9e0,0x00000006e3980000)
 Metaspace       used 57585K, capacity 58585K, committed 58880K, reserved 1101824K
  class space    used 6880K, capacity 7095K, committed 7168K, reserved 1048576K
}

