# JRE version: OpenJDK Runtime Environment (8.0_422-b05) (build 1.8.0_422-b05)
# Java VM: OpenJDK 64-Bit Server VM (25.422-b05 mixed mode linux-amd64 compressed oops)
Heap:
 PSYoungGen      total 1210880K, used 24661K [0x000000076ce00000, 0x00000007c0000000, 0x00000007c0000000)
  eden space 1060864K, 2% used [0x000000076ce00000,0x000000076e615608,0x00000007ada00000)
  from space 150016K, 0% used [0x00000007b6d80000,0x00000007b6d80000,0x00000007c0000000)
  to   space 150528K, 0% used [0x00000007ada00000,0x00000007ada00000,0x00000007b6d00000)
 ParOldGen       total 477184K, used 352520K [0x00000006c6a00000, 0x00000006e3c00000, 0x000000076ce00000)
  object space 477184K, 73% used [0x00000006c6a00000,0x00000006dc242260,0x00000006e3c00000)
 Metaspace       used 60499K, capacity 61549K, committed 61952K, reserved 1103872K
  class space    used 7093K, capacity 7335K, committed 7424K, reserved 1048576K
GC Heap History (10 events):
Event: 99.994 GC heap before
{Heap before GC invocations=27 (full 6):
 PSYoungGen      total 1225216K, used 1130496K [0x000000076ce00000, 0x00000007c0000000, 0x00000007c0000000)
  eden space 1130496K, 100% used [0x000000076ce00000,0x00000007b1e00000,0x00000007b1e00000)
  from space 94720K, 0% used [0x00000007ba380000,0x00000007ba380000,0x00000007c0000000)
  to   space 115712K, 0% used [0x00000007b1e00000,0x00000007b1e00000,0x00000007b8f00000)
 ParOldGen       total 477184K, used 301017K [0x00000006c6a00000, 0x00000006e3c00000, 0x000000076ce00000)
  object space 477184K, 63% used [0x00000006c6a00000,0x00000006d8ff67e0,0x00000006e3c00000)
 Metaspace       used 58069K, capacity 58991K, committed 59264K, reserved 1101824K
  class space    used 7004K, capacity 7254K, committed 7296K, reserved 1048576K
Event: 100.010 GC heap after
Heap after GC invocations=27 (full 6):
 PSYoungGen      total 1232896K, used 102340K [0x000000076ce00000, 0x00000007c0000000, 0x00000007c0000000)
  eden space 1130496K, 0% used [0x000000076ce00000,0x000000076ce00000,0x00000007b1e00000)
  from space 102400K, 99% used [0x00000007b1e00000,0x00000007b81f1278,0x00000007b8200000)
  to   space 129024K, 0% used [0x00000007b8200000,0x00000007b8200000,0x00000007c0000000)
 ParOldGen       total 477184K, used 301025K [0x00000006c6a00000, 0x00000006e3c00000, 0x000000076ce00000)
  object space 477184K, 63% used [0x00000006c6a00000,0x00000006d8ff87e0,0x00000006e3c00000)
 Metaspace       used 58069K, capacity 58991K, committed 59264K, reserved 1101824K
  class space    used 7004K, capacity 7254K, committed 7296K, reserved 1048576K
}
Event: 118.874 GC heap before
{Heap before GC invocations=28 (full 6):
 PSYoungGen      total 1232896K, used 1232836K [0x000000076ce00000, 0x00000007c0000000, 0x00000007c0000000)
  eden space 1130496K, 100% used [0x000000076ce00000,0x00000007b1e00000,0x00000007b1e00000)
  from space 102400K, 99% used [0x00000007b1e00000,0x00000007b81f1278,0x00000007b8200000)
  to   space 129024K, 0% used [0x00000007b8200000,0x00000007b8200000,0x00000007c0000000)
 ParOldGen       total 477184K, used 301025K [0x00000006c6a00000, 0x00000006e3c00000, 0x000000076ce00000)
  object space 477184K, 63% used [0x00000006c6a00000,0x00000006d8ff87e0,0x00000006e3c00000)
 Metaspace       used 59352K, capacity 60375K, committed 60672K, reserved 1101824K
  class space    used 7065K, capacity 7322K, committed 7424K, reserved 1048576K
Event: 118.886 GC heap after
Heap after GC invocations=28 (full 6):
 PSYoungGen      total 1221632K, used 81990K [0x000000076ce00000, 0x00000007c0000000, 0x00000007c0000000)
  eden space 1092608K, 0% used [0x000000076ce00000,0x000000076ce00000,0x00000007af900000)
  from space 129024K, 63% used [0x00000007b8200000,0x00000007bd211bf8,0x00000007c0000000)
  to   space 134656K, 0% used [0x00000007af900000,0x00000007af900000,0x00000007b7c80000)
 ParOldGen       total 477184K, used 301033K [0x00000006c6a00000, 0x00000006e3c00000, 0x000000076ce00000)
  object space 477184K, 63% used [0x00000006c6a00000,0x00000006d8ffa7e0,0x00000006e3c00000)
 Metaspace       used 59352K, capacity 60375K, committed 60672K, reserved 1101824K
  class space    used 7065K, capacity 7322K, committed 7424K, reserved 1048576K
}
Event: 130.428 GC heap before
{Heap before GC invocations=29 (full 6):
 PSYoungGen      total 1221632K, used 1174598K [0x000000076ce00000, 0x00000007c0000000, 0x00000007c0000000)
  eden space 1092608K, 100% used [0x000000076ce00000,0x00000007af900000,0x00000007af900000)
  from space 129024K, 63% used [0x00000007b8200000,0x00000007bd211bf8,0x00000007c0000000)
  to   space 134656K, 0% used [0x00000007af900000,0x00000007af900000,0x00000007b7c80000)
 ParOldGen       total 477184K, used 301033K [0x00000006c6a00000, 0x00000006e3c00000, 0x000000076ce00000)
  object space 477184K, 63% used [0x00000006c6a00000,0x00000006d8ffa7e0,0x00000006e3c00000)
 Metaspace       used 60363K, capacity 61415K, committed 61696K, reserved 1103872K
  class space    used 7083K, capacity 7334K, committed 7424K, reserved 1048576K
Event: 130.450 GC heap after
Heap after GC invocations=29 (full 6):
 PSYoungGen      total 1208832K, used 115875K [0x000000076ce00000, 0x00000007c0000000, 0x00000007c0000000)
  eden space 1092608K, 0% used [0x000000076ce00000,0x000000076ce00000,0x00000007af900000)
  from space 116224K, 99% used [0x00000007af900000,0x00000007b6a28e18,0x00000007b6a80000)
  to   space 150016K, 0% used [0x00000007b6d80000,0x00000007b6d80000,0x00000007c0000000)
 ParOldGen       total 477184K, used 301041K [0x00000006c6a00000, 0x00000006e3c00000, 0x000000076ce00000)
  object space 477184K, 63% used [0x00000006c6a00000,0x00000006d8ffc7e0,0x00000006e3c00000)
 Metaspace       used 60363K, capacity 61415K, committed 61696K, reserved 1103872K
  class space    used 7083K, capacity 7334K, committed 7424K, reserved 1048576K
}
Event: 141.608 GC heap before
{Heap before GC invocations=30 (full 6):
 PSYoungGen      total 1208832K, used 867777K [0x000000076ce00000, 0x00000007c0000000, 0x00000007c0000000)
  eden space 1092608K, 68% used [0x000000076ce00000,0x000000079ac47940,0x00000007af900000)
  from space 116224K, 99% used [0x00000007af900000,0x00000007b6a28e18,0x00000007b6a80000)
  to   space 150016K, 0% used [0x00000007b6d80000,0x00000007b6d80000,0x00000007c0000000)
 ParOldGen       total 477184K, used 301041K [0x00000006c6a00000, 0x00000006e3c00000, 0x000000076ce00000)
  object space 477184K, 63% used [0x00000006c6a00000,0x00000006d8ffc7e0,0x00000006e3c00000)
 Metaspace       used 60490K, capacity 61555K, committed 61952K, reserved 1103872K
  class space    used 7093K, capacity 7336K, committed 7424K, reserved 1048576K
Event: 141.622 GC heap after
Heap after GC invocations=30 (full 6):
 PSYoungGen      total 1210880K, used 84711K [0x000000076ce00000, 0x00000007c0000000, 0x00000007c0000000)
  eden space 1060864K, 0% used [0x000000076ce00000,0x000000076ce00000,0x00000007ada00000)
  from space 150016K, 56% used [0x00000007b6d80000,0x00000007bc039f48,0x00000007c0000000)
  to   space 150528K, 0% used [0x00000007ada00000,0x00000007ada00000,0x00000007b6d00000)
 ParOldGen       total 477184K, used 301049K [0x00000006c6a00000, 0x00000006e3c00000, 0x000000076ce00000)
  object space 477184K, 63% used [0x00000006c6a00000,0x00000006d8ffe7e0,0x00000006e3c00000)
 Metaspace       used 60490K, capacity 61555K, committed 61952K, reserved 1103872K
  class space    used 7093K, capacity 7336K, committed 7424K, reserved 1048576K
}
Event: 141.622 GC heap before
{Heap before GC invocations=31 (full 7):
 PSYoungGen      total 1210880K, used 84711K [0x000000076ce00000, 0x00000007c0000000, 0x00000007c0000000)
  eden space 1060864K, 0% used [0x000000076ce00000,0x000000076ce00000,0x00000007ada00000)
  from space 150016K, 56% used [0x00000007b6d80000,0x00000007bc039f48,0x00000007c0000000)
  to   space 150528K, 0% used [0x00000007ada00000,0x00000007ada00000,0x00000007b6d00000)
 ParOldGen       total 477184K, used 301049K [0x00000006c6a00000, 0x00000006e3c00000, 0x000000076ce00000)
  object space 477184K, 63% used [0x00000006c6a00000,0x00000006d8ffe7e0,0x00000006e3c00000)
 Metaspace       used 60490K, capacity 61555K, committed 61952K, reserved 1103872K
  class space    used 7093K, capacity 7336K, committed 7424K, reserved 1048576K
Event: 142.053 GC heap after
Heap after GC invocations=31 (full 7):
 PSYoungGen      total 1210880K, used 0K [0x000000076ce00000, 0x00000007c0000000, 0x00000007c0000000)
  eden space 1060864K, 0% used [0x000000076ce00000,0x000000076ce00000,0x00000007ada00000)
  from space 150016K, 0% used [0x00000007b6d80000,0x00000007b6d80000,0x00000007c0000000)
  to   space 150528K, 0% used [0x00000007ada00000,0x00000007ada00000,0x00000007b6d00000)
 ParOldGen       total 477184K, used 352520K [0x00000006c6a00000, 0x00000006e3c00000, 0x000000076ce00000)
  object space 477184K, 73% used [0x00000006c6a00000,0x00000006dc242260,0x00000006e3c00000)
 Metaspace       used 60488K, capacity 61549K, committed 61952K, reserved 1103872K
  class space    used 7092K, capacity 7335K, committed 7424K, reserved 1048576K
}

