# JRE version: OpenJDK Runtime Environment (8.0_412-b08) (build 1.8.0_412-b08)
# Java VM: OpenJDK 64-Bit Server VM (25.412-b08 mixed mode linux-amd64 compressed oops)
Heap:
 PSYoungGen      total 1155584K, used 27287K [0x000000076ce00000, 0x00000007c0000000, 0x00000007c0000000)
  eden space 1058816K, 2% used [0x000000076ce00000,0x000000076e8a5e98,0x00000007ad800000)
  from space 96768K, 0% used [0x00000007ad800000,0x00000007ad800000,0x00000007b3680000)
  to   space 156160K, 0% used [0x00000007b6780000,0x00000007b6780000,0x00000007c0000000)
 ParOldGen       total 506368K, used 379954K [0x00000006c6a00000, 0x00000006e5880000, 0x000000076ce00000)
  object space 506368K, 75% used [0x00000006c6a00000,0x00000006ddd0cbb8,0x00000006e5880000)
 Metaspace       used 60396K, capacity 61429K, committed 61864K, reserved 1103872K
  class space    used 7074K, capacity 7304K, committed 7336K, reserved 1048576K
GC Heap History (10 events):
Event: 67.419 GC heap before
{Heap before GC invocations=30 (full 6):
 PSYoungGen      total 1159680K, used 1159334K [0x000000076ce00000, 0x00000007c0000000, 0x00000007c0000000)
  eden space 1084416K, 100% used [0x000000076ce00000,0x00000007af100000,0x00000007af100000)
  from space 75264K, 99% used [0x00000007af100000,0x00000007b3a298f8,0x00000007b3a80000)
  to   space 140288K, 0% used [0x00000007b7700000,0x00000007b7700000,0x00000007c0000000)
 ParOldGen       total 506368K, used 317044K [0x00000006c6a00000, 0x00000006e5880000, 0x000000076ce00000)
  object space 506368K, 62% used [0x00000006c6a00000,0x00000006d9f9d1d8,0x00000006e5880000)
 Metaspace       used 59213K, capacity 60193K, committed 60584K, reserved 1101824K
  class space    used 7036K, capacity 7262K, committed 7336K, reserved 1048576K
Event: 67.434 GC heap after
Heap after GC invocations=30 (full 6):
 PSYoungGen      total 1218560K, used 78540K [0x000000076ce00000, 0x00000007c0000000, 0x00000007c0000000)
  eden space 1078272K, 0% used [0x000000076ce00000,0x000000076ce00000,0x00000007aeb00000)
  from space 140288K, 55% used [0x00000007b7700000,0x00000007bc3b3380,0x00000007c0000000)
  to   space 141824K, 0% used [0x00000007aeb00000,0x00000007aeb00000,0x00000007b7580000)
 ParOldGen       total 506368K, used 317052K [0x00000006c6a00000, 0x00000006e5880000, 0x000000076ce00000)
  object space 506368K, 62% used [0x00000006c6a00000,0x00000006d9f9f1d8,0x00000006e5880000)
 Metaspace       used 59213K, capacity 60193K, committed 60584K, reserved 1101824K
  class space    used 7036K, capacity 7262K, committed 7336K, reserved 1048576K
}
Event: 88.524 GC heap before
{Heap before GC invocations=31 (full 6):
 PSYoungGen      total 1218560K, used 1156812K [0x000000076ce00000, 0x00000007c0000000, 0x00000007c0000000)
  eden space 1078272K, 100% used [0x000000076ce00000,0x00000007aeb00000,0x00000007aeb00000)
  from space 140288K, 55% used [0x00000007b7700000,0x00000007bc3b3380,0x00000007c0000000)
  to   space 141824K, 0% used [0x00000007aeb00000,0x00000007aeb00000,0x00000007b7580000)
 ParOldGen       total 506368K, used 317052K [0x00000006c6a00000, 0x00000006e5880000, 0x000000076ce00000)
  object space 506368K, 62% used [0x00000006c6a00000,0x00000006d9f9f1d8,0x00000006e5880000)
 Metaspace       used 60175K, capacity 61117K, committed 61608K, reserved 1103872K
  class space    used 7058K, capacity 7268K, committed 7336K, reserved 1048576K
Event: 88.537 GC heap after
Heap after GC invocations=31 (full 6):
 PSYoungGen      total 1161728K, used 83187K [0x000000076ce00000, 0x00000007c0000000, 0x00000007c0000000)
  eden space 1078272K, 0% used [0x000000076ce00000,0x000000076ce00000,0x00000007aeb00000)
  from space 83456K, 99% used [0x00000007aeb00000,0x00000007b3c3ce90,0x00000007b3c80000)
  to   space 144384K, 0% used [0x00000007b7300000,0x00000007b7300000,0x00000007c0000000)
 ParOldGen       total 506368K, used 317060K [0x00000006c6a00000, 0x00000006e5880000, 0x000000076ce00000)
  object space 506368K, 62% used [0x00000006c6a00000,0x00000006d9fa11d8,0x00000006e5880000)
 Metaspace       used 60175K, capacity 61117K, committed 61608K, reserved 1103872K
  class space    used 7058K, capacity 7268K, committed 7336K, reserved 1048576K
}
Event: 103.467 GC heap before
{Heap before GC invocations=32 (full 6):
 PSYoungGen      total 1161728K, used 1161459K [0x000000076ce00000, 0x00000007c0000000, 0x00000007c0000000)
  eden space 1078272K, 100% used [0x000000076ce00000,0x00000007aeb00000,0x00000007aeb00000)
  from space 83456K, 99% used [0x00000007aeb00000,0x00000007b3c3ce90,0x00000007b3c80000)
  to   space 144384K, 0% used [0x00000007b7300000,0x00000007b7300000,0x00000007c0000000)
 ParOldGen       total 506368K, used 317060K [0x00000006c6a00000, 0x00000006e5880000, 0x000000076ce00000)
  object space 506368K, 62% used [0x00000006c6a00000,0x00000006d9fa11d8,0x00000006e5880000)
 Metaspace       used 60292K, capacity 61321K, committed 61608K, reserved 1103872K
  class space    used 7061K, capacity 7270K, committed 7336K, reserved 1048576K
Event: 103.482 GC heap after
Heap after GC invocations=32 (full 6):
 PSYoungGen      total 1203200K, used 99761K [0x000000076ce00000, 0x00000007c0000000, 0x00000007c0000000)
  eden space 1058816K, 0% used [0x000000076ce00000,0x000000076ce00000,0x00000007ad800000)
  from space 144384K, 69% used [0x00000007b7300000,0x00000007bd46c4f0,0x00000007c0000000)
  to   space 151552K, 0% used [0x00000007ad800000,0x00000007ad800000,0x00000007b6c00000)
 ParOldGen       total 506368K, used 317068K [0x00000006c6a00000, 0x00000006e5880000, 0x000000076ce00000)
  object space 506368K, 62% used [0x00000006c6a00000,0x00000006d9fa31d8,0x00000006e5880000)
 Metaspace       used 60292K, capacity 61321K, committed 61608K, reserved 1103872K
  class space    used 7061K, capacity 7270K, committed 7336K, reserved 1048576K
}
Event: 112.834 GC heap before
{Heap before GC invocations=33 (full 6):
 PSYoungGen      total 1203200K, used 494393K [0x000000076ce00000, 0x00000007c0000000, 0x00000007c0000000)
  eden space 1058816K, 37% used [0x000000076ce00000,0x0000000784f61f88,0x00000007ad800000)
  from space 144384K, 69% used [0x00000007b7300000,0x00000007bd46c4f0,0x00000007c0000000)
  to   space 151552K, 0% used [0x00000007ad800000,0x00000007ad800000,0x00000007b6c00000)
 ParOldGen       total 506368K, used 317068K [0x00000006c6a00000, 0x00000006e5880000, 0x000000076ce00000)
  object space 506368K, 62% used [0x00000006c6a00000,0x00000006d9fa31d8,0x00000006e5880000)
 Metaspace       used 60389K, capacity 61429K, committed 61864K, reserved 1103872K
  class space    used 7073K, capacity 7304K, committed 7336K, reserved 1048576K
Event: 112.848 GC heap after
Heap after GC invocations=33 (full 6):
 PSYoungGen      total 1155584K, used 96258K [0x000000076ce00000, 0x00000007c0000000, 0x00000007c0000000)
  eden space 1058816K, 0% used [0x000000076ce00000,0x000000076ce00000,0x00000007ad800000)
  from space 96768K, 99% used [0x00000007ad800000,0x00000007b3600970,0x00000007b3680000)
  to   space 156160K, 0% used [0x00000007b6780000,0x00000007b6780000,0x00000007c0000000)
 ParOldGen       total 506368K, used 317076K [0x00000006c6a00000, 0x00000006e5880000, 0x000000076ce00000)
  object space 506368K, 62% used [0x00000006c6a00000,0x00000006d9fa51d8,0x00000006e5880000)
 Metaspace       used 60389K, capacity 61429K, committed 61864K, reserved 1103872K
  class space    used 7073K, capacity 7304K, committed 7336K, reserved 1048576K
}
Event: 112.848 GC heap before
{Heap before GC invocations=34 (full 7):
 PSYoungGen      total 1155584K, used 96258K [0x000000076ce00000, 0x00000007c0000000, 0x00000007c0000000)
  eden space 1058816K, 0% used [0x000000076ce00000,0x000000076ce00000,0x00000007ad800000)
  from space 96768K, 99% used [0x00000007ad800000,0x00000007b3600970,0x00000007b3680000)
  to   space 156160K, 0% used [0x00000007b6780000,0x00000007b6780000,0x00000007c0000000)
 ParOldGen       total 506368K, used 317076K [0x00000006c6a00000, 0x00000006e5880000, 0x000000076ce00000)
  object space 506368K, 62% used [0x00000006c6a00000,0x00000006d9fa51d8,0x00000006e5880000)
 Metaspace       used 60389K, capacity 61429K, committed 61864K, reserved 1103872K
  class space    used 7073K, capacity 7304K, committed 7336K, reserved 1048576K
Event: 113.265 GC heap after
Heap after GC invocations=34 (full 7):
 PSYoungGen      total 1155584K, used 0K [0x000000076ce00000, 0x00000007c0000000, 0x00000007c0000000)
  eden space 1058816K, 0% used [0x000000076ce00000,0x000000076ce00000,0x00000007ad800000)
  from space 96768K, 0% used [0x00000007ad800000,0x00000007ad800000,0x00000007b3680000)
  to   space 156160K, 0% used [0x00000007b6780000,0x00000007b6780000,0x00000007c0000000)
 ParOldGen       total 506368K, used 379954K [0x00000006c6a00000, 0x00000006e5880000, 0x000000076ce00000)
  object space 506368K, 75% used [0x00000006c6a00000,0x00000006ddd0cbb8,0x00000006e5880000)
 Metaspace       used 60389K, capacity 61429K, committed 61864K, reserved 1103872K
  class space    used 7073K, capacity 7304K, committed 7336K, reserved 1048576K
}

