# JRE version: OpenJDK Runtime Environment (8.0_422-b05) (build 1.8.0_422-b05)
# Java VM: OpenJDK 64-Bit Server VM (25.422-b05 mixed mode linux-amd64 compressed oops)
Heap:
 PSYoungGen      total 1225216K, used 121742K [0x000000076ce00000, 0x00000007bff80000, 0x00000007c0000000)
  eden space 1089024K, 11% used [0x000000076ce00000,0x00000007744e3ab8,0x00000007af580000)
  from space 136192K, 0% used [0x00000007b7a80000,0x00000007b7a80000,0x00000007bff80000)
  to   space 136192K, 0% used [0x00000007af580000,0x00000007af580000,0x00000007b7a80000)
 ParOldGen       total 478720K, used 354173K [0x00000006c6a00000, 0x00000006e3d80000, 0x000000076ce00000)
  object space 478720K, 73% used [0x00000006c6a00000,0x00000006dc3df688,0x00000006e3d80000)
 Metaspace       used 59120K, capacity 60021K, committed 60288K, reserved 1101824K
  class space    used 7037K, capacity 7271K, committed 7296K, reserved 1048576K
GC Heap History (10 events):
Event: 35.567 GC heap before
{Heap before GC invocations=25 (full 6):
 PSYoungGen      total 1216000K, used 100642K [0x000000076ce00000, 0x00000007c0000000, 0x00000007c0000000)
  eden space 1115136K, 0% used [0x000000076ce00000,0x000000076ce00000,0x00000007b0f00000)
  from space 100864K, 99% used [0x00000007b0f00000,0x00000007b7148910,0x00000007b7180000)
  to   space 136192K, 0% used [0x00000007b7b00000,0x00000007b7b00000,0x00000007c0000000)
 ParOldGen       total 478720K, used 209252K [0x00000006c6a00000, 0x00000006e3d80000, 0x000000076ce00000)
  object space 478720K, 43% used [0x00000006c6a00000,0x00000006d3659118,0x00000006e3d80000)
 Metaspace       used 55051K, capacity 55805K, committed 56192K, reserved 1097728K
  class space    used 6805K, capacity 6983K, committed 7040K, reserved 1048576K
Event: 36.324 GC heap after
Heap after GC invocations=25 (full 6):
 PSYoungGen      total 1216000K, used 0K [0x000000076ce00000, 0x00000007c0000000, 0x00000007c0000000)
  eden space 1115136K, 0% used [0x000000076ce00000,0x000000076ce00000,0x00000007b0f00000)
  from space 100864K, 0% used [0x00000007b0f00000,0x00000007b0f00000,0x00000007b7180000)
  to   space 136192K, 0% used [0x00000007b7b00000,0x00000007b7b00000,0x00000007c0000000)
 ParOldGen       total 478720K, used 293004K [0x00000006c6a00000, 0x00000006e3d80000, 0x000000076ce00000)
  object space 478720K, 61% used [0x00000006c6a00000,0x00000006d8823188,0x00000006e3d80000)
 Metaspace       used 55051K, capacity 55805K, committed 56192K, reserved 1097728K
  class space    used 6805K, capacity 6983K, committed 7040K, reserved 1048576K
}
Event: 42.994 GC heap before
{Heap before GC invocations=26 (full 6):
 PSYoungGen      total 1216000K, used 1115136K [0x000000076ce00000, 0x00000007c0000000, 0x00000007c0000000)
  eden space 1115136K, 100% used [0x000000076ce00000,0x00000007b0f00000,0x00000007b0f00000)
  from space 100864K, 0% used [0x00000007b0f00000,0x00000007b0f00000,0x00000007b7180000)
  to   space 136192K, 0% used [0x00000007b7b00000,0x00000007b7b00000,0x00000007c0000000)
 ParOldGen       total 478720K, used 293004K [0x00000006c6a00000, 0x00000006e3d80000, 0x000000076ce00000)
  object space 478720K, 61% used [0x00000006c6a00000,0x00000006d8823188,0x00000006e3d80000)
 Metaspace       used 57799K, capacity 58727K, committed 59008K, reserved 1101824K
  class space    used 6975K, capacity 7186K, committed 7296K, reserved 1048576K
Event: 43.016 GC heap after
Heap after GC invocations=26 (full 6):
 PSYoungGen      total 1224704K, used 74794K [0x000000076ce00000, 0x00000007c0000000, 0x00000007c0000000)
  eden space 1088512K, 0% used [0x000000076ce00000,0x000000076ce00000,0x00000007af500000)
  from space 136192K, 54% used [0x00000007b7b00000,0x00000007bc40ab30,0x00000007c0000000)
  to   space 136704K, 0% used [0x00000007af500000,0x00000007af500000,0x00000007b7a80000)
 ParOldGen       total 478720K, used 293012K [0x00000006c6a00000, 0x00000006e3d80000, 0x000000076ce00000)
  object space 478720K, 61% used [0x00000006c6a00000,0x00000006d8825188,0x00000006e3d80000)
 Metaspace       used 57799K, capacity 58727K, committed 59008K, reserved 1101824K
  class space    used 6975K, capacity 7186K, committed 7296K, reserved 1048576K
}
Event: 63.816 GC heap before
{Heap before GC invocations=27 (full 6):
 PSYoungGen      total 1224704K, used 1163306K [0x000000076ce00000, 0x00000007c0000000, 0x00000007c0000000)
  eden space 1088512K, 100% used [0x000000076ce00000,0x00000007af500000,0x00000007af500000)
  from space 136192K, 54% used [0x00000007b7b00000,0x00000007bc40ab30,0x00000007c0000000)
  to   space 136704K, 0% used [0x00000007af500000,0x00000007af500000,0x00000007b7a80000)
 ParOldGen       total 478720K, used 293012K [0x00000006c6a00000, 0x00000006e3d80000, 0x000000076ce00000)
  object space 478720K, 61% used [0x00000006c6a00000,0x00000006d8825188,0x00000006e3d80000)
 Metaspace       used 58720K, capacity 59653K, committed 60032K, reserved 1101824K
  class space    used 7010K, capacity 7235K, committed 7296K, reserved 1048576K
Event: 63.845 GC heap after
Heap after GC invocations=27 (full 6):
 PSYoungGen      total 1225216K, used 74858K [0x000000076ce00000, 0x00000007bff80000, 0x00000007c0000000)
  eden space 1088512K, 0% used [0x000000076ce00000,0x000000076ce00000,0x00000007af500000)
  from space 136704K, 54% used [0x00000007af500000,0x00000007b3e1ab20,0x00000007b7a80000)
  to   space 136192K, 0% used [0x00000007b7a80000,0x00000007b7a80000,0x00000007bff80000)
 ParOldGen       total 478720K, used 293020K [0x00000006c6a00000, 0x00000006e3d80000, 0x000000076ce00000)
  object space 478720K, 61% used [0x00000006c6a00000,0x00000006d8827188,0x00000006e3d80000)
 Metaspace       used 58720K, capacity 59653K, committed 60032K, reserved 1101824K
  class space    used 7010K, capacity 7235K, committed 7296K, reserved 1048576K
}
Event: 76.866 GC heap before
{Heap before GC invocations=28 (full 6):
 PSYoungGen      total 1225216K, used 655196K [0x000000076ce00000, 0x00000007bff80000, 0x00000007c0000000)
  eden space 1088512K, 53% used [0x000000076ce00000,0x00000007904bc7b8,0x00000007af500000)
  from space 136704K, 54% used [0x00000007af500000,0x00000007b3e1ab20,0x00000007b7a80000)
  to   space 136192K, 0% used [0x00000007b7a80000,0x00000007b7a80000,0x00000007bff80000)
 ParOldGen       total 478720K, used 293020K [0x00000006c6a00000, 0x00000006e3d80000, 0x000000076ce00000)
  object space 478720K, 61% used [0x00000006c6a00000,0x00000006d8827188,0x00000006e3d80000)
 Metaspace       used 59080K, capacity 60021K, committed 60288K, reserved 1101824K
  class space    used 7035K, capacity 7271K, committed 7296K, reserved 1048576K
Event: 76.883 GC heap after
Heap after GC invocations=28 (full 6):
 PSYoungGen      total 1225216K, used 75987K [0x000000076ce00000, 0x00000007bff80000, 0x00000007c0000000)
  eden space 1089024K, 0% used [0x000000076ce00000,0x000000076ce00000,0x00000007af580000)
  from space 136192K, 55% used [0x00000007b7a80000,0x00000007bc4b4fc8,0x00000007bff80000)
  to   space 136192K, 0% used [0x00000007af580000,0x00000007af580000,0x00000007b7a80000)
 ParOldGen       total 478720K, used 293028K [0x00000006c6a00000, 0x00000006e3d80000, 0x000000076ce00000)
  object space 478720K, 61% used [0x00000006c6a00000,0x00000006d8829188,0x00000006e3d80000)
 Metaspace       used 59080K, capacity 60021K, committed 60288K, reserved 1101824K
  class space    used 7035K, capacity 7271K, committed 7296K, reserved 1048576K
}
Event: 76.883 GC heap before
{Heap before GC invocations=29 (full 7):
 PSYoungGen      total 1225216K, used 75987K [0x000000076ce00000, 0x00000007bff80000, 0x00000007c0000000)
  eden space 1089024K, 0% used [0x000000076ce00000,0x000000076ce00000,0x00000007af580000)
  from space 136192K, 55% used [0x00000007b7a80000,0x00000007bc4b4fc8,0x00000007bff80000)
  to   space 136192K, 0% used [0x00000007af580000,0x00000007af580000,0x00000007b7a80000)
 ParOldGen       total 478720K, used 293028K [0x00000006c6a00000, 0x00000006e3d80000, 0x000000076ce00000)
  object space 478720K, 61% used [0x00000006c6a00000,0x00000006d8829188,0x00000006e3d80000)
 Metaspace       used 59080K, capacity 60021K, committed 60288K, reserved 1101824K
  class space    used 7035K, capacity 7271K, committed 7296K, reserved 1048576K
Event: 77.402 GC heap after
Heap after GC invocations=29 (full 7):
 PSYoungGen      total 1225216K, used 0K [0x000000076ce00000, 0x00000007bff80000, 0x00000007c0000000)
  eden space 1089024K, 0% used [0x000000076ce00000,0x000000076ce00000,0x00000007af580000)
  from space 136192K, 0% used [0x00000007b7a80000,0x00000007b7a80000,0x00000007bff80000)
  to   space 136192K, 0% used [0x00000007af580000,0x00000007af580000,0x00000007b7a80000)
 ParOldGen       total 478720K, used 354173K [0x00000006c6a00000, 0x00000006e3d80000, 0x000000076ce00000)
  object space 478720K, 73% used [0x00000006c6a00000,0x00000006dc3df688,0x00000006e3d80000)
 Metaspace       used 59080K, capacity 60021K, committed 60288K, reserved 1101824K
  class space    used 7035K, capacity 7271K, committed 7296K, reserved 1048576K
}

