# JRE version: OpenJDK Runtime Environment (8.0_432-b05) (build 1.8.0_432-b05)
# Java VM: OpenJDK 64-Bit Server VM (25.432-b05 mixed mode linux-amd64 compressed oops)
Heap:
 PSYoungGen      total 1187840K, used 30389K [0x000000076ce00000, 0x00000007c0000000, 0x00000007c0000000)
  eden space 1095680K, 2% used [0x000000076ce00000,0x000000076ebad5c8,0x00000007afc00000)
  from space 92160K, 0% used [0x00000007afc00000,0x00000007afc00000,0x00000007b5600000)
  to   space 140288K, 0% used [0x00000007b7700000,0x00000007b7700000,0x00000007c0000000)
 ParOldGen       total 468992K, used 374048K [0x00000006c6a00000, 0x00000006e3400000, 0x000000076ce00000)
  object space 468992K, 79% used [0x00000006c6a00000,0x00000006dd7481c8,0x00000006e3400000)
 Metaspace       used 59395K, capacity 60277K, committed 60544K, reserved 1101824K
  class space    used 7065K, capacity 7265K, committed 7296K, reserved 1048576K
GC Heap History (10 events):
Event: 21.615 GC heap before
{Heap before GC invocations=26 (full 6):
 PSYoungGen      total 1216512K, used 99311K [0x000000076ce00000, 0x00000007c0000000, 0x00000007c0000000)
  eden space 1117184K, 0% used [0x000000076ce00000,0x000000076ce00000,0x00000007b1100000)
  from space 99328K, 99% used [0x00000007b9f00000,0x00000007bfffbda8,0x00000007c0000000)
  to   space 122368K, 0% used [0x00000007b1100000,0x00000007b1100000,0x00000007b8880000)
 ParOldGen       total 468992K, used 209930K [0x00000006c6a00000, 0x00000006e3400000, 0x000000076ce00000)
  object space 468992K, 44% used [0x00000006c6a00000,0x00000006d3702af0,0x00000006e3400000)
 Metaspace       used 55486K, capacity 56239K, committed 56448K, reserved 1099776K
  class space    used 6862K, capacity 7020K, committed 7040K, reserved 1048576K
Event: 22.045 GC heap after
Heap after GC invocations=26 (full 6):
 PSYoungGen      total 1216512K, used 0K [0x000000076ce00000, 0x00000007c0000000, 0x00000007c0000000)
  eden space 1117184K, 0% used [0x000000076ce00000,0x000000076ce00000,0x00000007b1100000)
  from space 99328K, 0% used [0x00000007b9f00000,0x00000007b9f00000,0x00000007c0000000)
  to   space 122368K, 0% used [0x00000007b1100000,0x00000007b1100000,0x00000007b8880000)
 ParOldGen       total 468992K, used 294342K [0x00000006c6a00000, 0x00000006e3400000, 0x000000076ce00000)
  object space 468992K, 62% used [0x00000006c6a00000,0x00000006d8971a00,0x00000006e3400000)
 Metaspace       used 55486K, capacity 56239K, committed 56448K, reserved 1099776K
  class space    used 6862K, capacity 7020K, committed 7040K, reserved 1048576K
}
Event: 29.904 GC heap before
{Heap before GC invocations=27 (full 6):
 PSYoungGen      total 1216512K, used 1117184K [0x000000076ce00000, 0x00000007c0000000, 0x00000007c0000000)
  eden space 1117184K, 100% used [0x000000076ce00000,0x00000007b1100000,0x00000007b1100000)
  from space 99328K, 0% used [0x00000007b9f00000,0x00000007b9f00000,0x00000007c0000000)
  to   space 122368K, 0% used [0x00000007b1100000,0x00000007b1100000,0x00000007b8880000)
 ParOldGen       total 468992K, used 294342K [0x00000006c6a00000, 0x00000006e3400000, 0x000000076ce00000)
  object space 468992K, 62% used [0x00000006c6a00000,0x00000006d8971a00,0x00000006e3400000)
 Metaspace       used 58569K, capacity 59439K, committed 59776K, reserved 1101824K
  class space    used 7048K, capacity 7264K, committed 7296K, reserved 1048576K
Event: 29.914 GC heap after
Heap after GC invocations=27 (full 6):
 PSYoungGen      total 1185792K, used 68394K [0x000000076ce00000, 0x00000007c0000000, 0x00000007c0000000)
  eden space 1117184K, 0% used [0x000000076ce00000,0x000000076ce00000,0x00000007b1100000)
  from space 68608K, 99% used [0x00000007b1100000,0x00000007b53ca8e0,0x00000007b5400000)
  to   space 123904K, 0% used [0x00000007b8700000,0x00000007b8700000,0x00000007c0000000)
 ParOldGen       total 468992K, used 294350K [0x00000006c6a00000, 0x00000006e3400000, 0x000000076ce00000)
  object space 468992K, 62% used [0x00000006c6a00000,0x00000006d8973a00,0x00000006e3400000)
 Metaspace       used 58569K, capacity 59439K, committed 59776K, reserved 1101824K
  class space    used 7048K, capacity 7264K, committed 7296K, reserved 1048576K
}
Event: 44.353 GC heap before
{Heap before GC invocations=28 (full 6):
 PSYoungGen      total 1185792K, used 1185578K [0x000000076ce00000, 0x00000007c0000000, 0x00000007c0000000)
  eden space 1117184K, 100% used [0x000000076ce00000,0x00000007b1100000,0x00000007b1100000)
  from space 68608K, 99% used [0x00000007b1100000,0x00000007b53ca8e0,0x00000007b5400000)
  to   space 123904K, 0% used [0x00000007b8700000,0x00000007b8700000,0x00000007c0000000)
 ParOldGen       total 468992K, used 294350K [0x00000006c6a00000, 0x00000006e3400000, 0x000000076ce00000)
  object space 468992K, 62% used [0x00000006c6a00000,0x00000006d8973a00,0x00000006e3400000)
 Metaspace       used 59245K, capacity 60149K, committed 60288K, reserved 1101824K
  class space    used 7053K, capacity 7265K, committed 7296K, reserved 1048576K
Event: 44.365 GC heap after
Heap after GC invocations=28 (full 6):
 PSYoungGen      total 1219584K, used 91047K [0x000000076ce00000, 0x00000007c0000000, 0x00000007c0000000)
  eden space 1095680K, 0% used [0x000000076ce00000,0x000000076ce00000,0x00000007afc00000)
  from space 123904K, 73% used [0x00000007b8700000,0x00000007bdfe9e30,0x00000007c0000000)
  to   space 133120K, 0% used [0x00000007afc00000,0x00000007afc00000,0x00000007b7e00000)
 ParOldGen       total 468992K, used 294358K [0x00000006c6a00000, 0x00000006e3400000, 0x000000076ce00000)
  object space 468992K, 62% used [0x00000006c6a00000,0x00000006d8975a00,0x00000006e3400000)
 Metaspace       used 59245K, capacity 60149K, committed 60288K, reserved 1101824K
  class space    used 7053K, capacity 7265K, committed 7296K, reserved 1048576K
}
Event: 46.888 GC heap before
{Heap before GC invocations=29 (full 6):
 PSYoungGen      total 1219584K, used 189769K [0x000000076ce00000, 0x00000007c0000000, 0x00000007c0000000)
  eden space 1095680K, 9% used [0x000000076ce00000,0x0000000772e68750,0x00000007afc00000)
  from space 123904K, 73% used [0x00000007b8700000,0x00000007bdfe9e30,0x00000007c0000000)
  to   space 133120K, 0% used [0x00000007afc00000,0x00000007afc00000,0x00000007b7e00000)
 ParOldGen       total 468992K, used 294358K [0x00000006c6a00000, 0x00000006e3400000, 0x000000076ce00000)
  object space 468992K, 62% used [0x00000006c6a00000,0x00000006d8975a00,0x00000006e3400000)
 Metaspace       used 59387K, capacity 60277K, committed 60544K, reserved 1101824K
  class space    used 7064K, capacity 7265K, committed 7296K, reserved 1048576K
Event: 46.902 GC heap after
Heap after GC invocations=29 (full 6):
 PSYoungGen      total 1187840K, used 91654K [0x000000076ce00000, 0x00000007c0000000, 0x00000007c0000000)
  eden space 1095680K, 0% used [0x000000076ce00000,0x000000076ce00000,0x00000007afc00000)
  from space 92160K, 99% used [0x00000007afc00000,0x00000007b5581850,0x00000007b5600000)
  to   space 140288K, 0% used [0x00000007b7700000,0x00000007b7700000,0x00000007c0000000)
 ParOldGen       total 468992K, used 294366K [0x00000006c6a00000, 0x00000006e3400000, 0x000000076ce00000)
  object space 468992K, 62% used [0x00000006c6a00000,0x00000006d8977a00,0x00000006e3400000)
 Metaspace       used 59387K, capacity 60277K, committed 60544K, reserved 1101824K
  class space    used 7064K, capacity 7265K, committed 7296K, reserved 1048576K
}
Event: 46.902 GC heap before
{Heap before GC invocations=30 (full 7):
 PSYoungGen      total 1187840K, used 91654K [0x000000076ce00000, 0x00000007c0000000, 0x00000007c0000000)
  eden space 1095680K, 0% used [0x000000076ce00000,0x000000076ce00000,0x00000007afc00000)
  from space 92160K, 99% used [0x00000007afc00000,0x00000007b5581850,0x00000007b5600000)
  to   space 140288K, 0% used [0x00000007b7700000,0x00000007b7700000,0x00000007c0000000)
 ParOldGen       total 468992K, used 294366K [0x00000006c6a00000, 0x00000006e3400000, 0x000000076ce00000)
  object space 468992K, 62% used [0x00000006c6a00000,0x00000006d8977a00,0x00000006e3400000)
 Metaspace       used 59387K, capacity 60277K, committed 60544K, reserved 1101824K
  class space    used 7064K, capacity 7265K, committed 7296K, reserved 1048576K
Event: 47.302 GC heap after
Heap after GC invocations=30 (full 7):
 PSYoungGen      total 1187840K, used 0K [0x000000076ce00000, 0x00000007c0000000, 0x00000007c0000000)
  eden space 1095680K, 0% used [0x000000076ce00000,0x000000076ce00000,0x00000007afc00000)
  from space 92160K, 0% used [0x00000007afc00000,0x00000007afc00000,0x00000007b5600000)
  to   space 140288K, 0% used [0x00000007b7700000,0x00000007b7700000,0x00000007c0000000)
 ParOldGen       total 468992K, used 374048K [0x00000006c6a00000, 0x00000006e3400000, 0x000000076ce00000)
  object space 468992K, 79% used [0x00000006c6a00000,0x00000006dd7481c8,0x00000006e3400000)
 Metaspace       used 59387K, capacity 60277K, committed 60544K, reserved 1101824K
  class space    used 7064K, capacity 7265K, committed 7296K, reserved 1048576K
}

