# JRE version: OpenJDK Runtime Environment (8.0_412-b08) (build 1.8.0_412-b08)
# Java VM: OpenJDK 64-Bit Server VM (25.412-b08 mixed mode linux-amd64 compressed oops)
Heap:
 PSYoungGen      total 1121280K, used 17092K [0x000000076ce00000, 0x00000007c0000000, 0x00000007c0000000)
  eden space 1012736K, 1% used [0x000000076ce00000,0x000000076deb10e8,0x00000007aab00000)
  from space 108544K, 0% used [0x00000007aab00000,0x00000007aab00000,0x00000007b1500000)
  to   space 177152K, 0% used [0x00000007b5300000,0x00000007b5300000,0x00000007c0000000)
 ParOldGen       total 479744K, used 391768K [0x00000006c6a00000, 0x00000006e3e80000, 0x000000076ce00000)
  object space 479744K, 81% used [0x00000006c6a00000,0x00000006de8963e0,0x00000006e3e80000)
 Metaspace       used 64117K, capacity 65161K, committed 65536K, reserved 1107968K
  class space    used 7531K, capacity 7811K, committed 7936K, reserved 1048576K
GC Heap History (10 events):
Event: 67.681 GC heap before
{Heap before GC invocations=31 (full 7):
 PSYoungGen      total 1182208K, used 1181994K [0x000000076ce00000, 0x00000007c0000000, 0x00000007c0000000)
  eden space 1073152K, 100% used [0x000000076ce00000,0x00000007ae600000,0x00000007ae600000)
  from space 109056K, 99% used [0x00000007ae600000,0x00000007b504aa90,0x00000007b5080000)
  to   space 155136K, 0% used [0x00000007b6880000,0x00000007b6880000,0x00000007c0000000)
 ParOldGen       total 479744K, used 312904K [0x00000006c6a00000, 0x00000006e3e80000, 0x000000076ce00000)
  object space 479744K, 65% used [0x00000006c6a00000,0x00000006d9b920c8,0x00000006e3e80000)
 Metaspace       used 63850K, capacity 64925K, committed 65152K, reserved 1105920K
  class space    used 7517K, capacity 7777K, committed 7808K, reserved 1048576K
Event: 67.696 GC heap after
Heap after GC invocations=31 (full 7):
 PSYoungGen      total 1187328K, used 113042K [0x000000076ce00000, 0x00000007c0000000, 0x00000007c0000000)
  eden space 1032192K, 0% used [0x000000076ce00000,0x000000076ce00000,0x00000007abe00000)
  from space 155136K, 72% used [0x00000007b6880000,0x00000007bd6e48c0,0x00000007c0000000)
  to   space 164864K, 0% used [0x00000007abe00000,0x00000007abe00000,0x00000007b5f00000)
 ParOldGen       total 479744K, used 312912K [0x00000006c6a00000, 0x00000006e3e80000, 0x000000076ce00000)
  object space 479744K, 65% used [0x00000006c6a00000,0x00000006d9b940c8,0x00000006e3e80000)
 Metaspace       used 63850K, capacity 64925K, committed 65152K, reserved 1105920K
  class space    used 7517K, capacity 7777K, committed 7808K, reserved 1048576K
}
Event: 80.666 GC heap before
{Heap before GC invocations=32 (full 7):
 PSYoungGen      total 1187328K, used 1145234K [0x000000076ce00000, 0x00000007c0000000, 0x00000007c0000000)
  eden space 1032192K, 100% used [0x000000076ce00000,0x00000007abe00000,0x00000007abe00000)
  from space 155136K, 72% used [0x00000007b6880000,0x00000007bd6e48c0,0x00000007c0000000)
  to   space 164864K, 0% used [0x00000007abe00000,0x00000007abe00000,0x00000007b5f00000)
 ParOldGen       total 479744K, used 312912K [0x00000006c6a00000, 0x00000006e3e80000, 0x000000076ce00000)
  object space 479744K, 65% used [0x00000006c6a00000,0x00000006d9b940c8,0x00000006e3e80000)
 Metaspace       used 63938K, capacity 64989K, committed 65408K, reserved 1107968K
  class space    used 7518K, capacity 7777K, committed 7808K, reserved 1048576K
Event: 80.682 GC heap after
Heap after GC invocations=32 (full 7):
 PSYoungGen      total 1139712K, used 107258K [0x000000076ce00000, 0x00000007c0000000, 0x00000007c0000000)
  eden space 1032192K, 0% used [0x000000076ce00000,0x000000076ce00000,0x00000007abe00000)
  from space 107520K, 99% used [0x00000007abe00000,0x00000007b26be818,0x00000007b2700000)
  to   space 170496K, 0% used [0x00000007b5980000,0x00000007b5980000,0x00000007c0000000)
 ParOldGen       total 479744K, used 312920K [0x00000006c6a00000, 0x00000006e3e80000, 0x000000076ce00000)
  object space 479744K, 65% used [0x00000006c6a00000,0x00000006d9b960c8,0x00000006e3e80000)
 Metaspace       used 63938K, capacity 64989K, committed 65408K, reserved 1107968K
  class space    used 7518K, capacity 7777K, committed 7808K, reserved 1048576K
}
Event: 90.642 GC heap before
{Heap before GC invocations=33 (full 7):
 PSYoungGen      total 1139712K, used 1139450K [0x000000076ce00000, 0x00000007c0000000, 0x00000007c0000000)
  eden space 1032192K, 100% used [0x000000076ce00000,0x00000007abe00000,0x00000007abe00000)
  from space 107520K, 99% used [0x00000007abe00000,0x00000007b26be818,0x00000007b2700000)
  to   space 170496K, 0% used [0x00000007b5980000,0x00000007b5980000,0x00000007c0000000)
 ParOldGen       total 479744K, used 312920K [0x00000006c6a00000, 0x00000006e3e80000, 0x000000076ce00000)
  object space 479744K, 65% used [0x00000006c6a00000,0x00000006d9b960c8,0x00000006e3e80000)
 Metaspace       used 63987K, capacity 64995K, committed 65408K, reserved 1107968K
  class space    used 7518K, capacity 7778K, committed 7808K, reserved 1048576K
Event: 90.659 GC heap after
Heap after GC invocations=33 (full 7):
 PSYoungGen      total 1183232K, used 108704K [0x000000076ce00000, 0x00000007c0000000, 0x00000007c0000000)
  eden space 1012736K, 0% used [0x000000076ce00000,0x000000076ce00000,0x00000007aab00000)
  from space 170496K, 63% used [0x00000007b5980000,0x00000007bc3a8108,0x00000007c0000000)
  to   space 174592K, 0% used [0x00000007aab00000,0x00000007aab00000,0x00000007b5580000)
 ParOldGen       total 479744K, used 312928K [0x00000006c6a00000, 0x00000006e3e80000, 0x000000076ce00000)
  object space 479744K, 65% used [0x00000006c6a00000,0x00000006d9b980c8,0x00000006e3e80000)
 Metaspace       used 63987K, capacity 64995K, committed 65408K, reserved 1107968K
  class space    used 7518K, capacity 7778K, committed 7808K, reserved 1048576K
}
Event: 96.286 GC heap before
{Heap before GC invocations=34 (full 7):
 PSYoungGen      total 1183232K, used 577872K [0x000000076ce00000, 0x00000007c0000000, 0x00000007c0000000)
  eden space 1012736K, 46% used [0x000000076ce00000,0x000000078982c268,0x00000007aab00000)
  from space 170496K, 63% used [0x00000007b5980000,0x00000007bc3a8108,0x00000007c0000000)
  to   space 174592K, 0% used [0x00000007aab00000,0x00000007aab00000,0x00000007b5580000)
 ParOldGen       total 479744K, used 312928K [0x00000006c6a00000, 0x00000006e3e80000, 0x000000076ce00000)
  object space 479744K, 65% used [0x00000006c6a00000,0x00000006d9b980c8,0x00000006e3e80000)
 Metaspace       used 64106K, capacity 65097K, committed 65536K, reserved 1107968K
  class space    used 7530K, capacity 7811K, committed 7936K, reserved 1048576K
Event: 96.303 GC heap after
Heap after GC invocations=34 (full 7):
 PSYoungGen      total 1121280K, used 108048K [0x000000076ce00000, 0x00000007c0000000, 0x00000007c0000000)
  eden space 1012736K, 0% used [0x000000076ce00000,0x000000076ce00000,0x00000007aab00000)
  from space 108544K, 99% used [0x00000007aab00000,0x00000007b14841a0,0x00000007b1500000)
  to   space 177152K, 0% used [0x00000007b5300000,0x00000007b5300000,0x00000007c0000000)
 ParOldGen       total 479744K, used 312936K [0x00000006c6a00000, 0x00000006e3e80000, 0x000000076ce00000)
  object space 479744K, 65% used [0x00000006c6a00000,0x00000006d9b9a0c8,0x00000006e3e80000)
 Metaspace       used 64106K, capacity 65097K, committed 65536K, reserved 1107968K
  class space    used 7530K, capacity 7811K, committed 7936K, reserved 1048576K
}
Event: 96.303 GC heap before
{Heap before GC invocations=35 (full 8):
 PSYoungGen      total 1121280K, used 108048K [0x000000076ce00000, 0x00000007c0000000, 0x00000007c0000000)
  eden space 1012736K, 0% used [0x000000076ce00000,0x000000076ce00000,0x00000007aab00000)
  from space 108544K, 99% used [0x00000007aab00000,0x00000007b14841a0,0x00000007b1500000)
  to   space 177152K, 0% used [0x00000007b5300000,0x00000007b5300000,0x00000007c0000000)
 ParOldGen       total 479744K, used 312936K [0x00000006c6a00000, 0x00000006e3e80000, 0x000000076ce00000)
  object space 479744K, 65% used [0x00000006c6a00000,0x00000006d9b9a0c8,0x00000006e3e80000)
 Metaspace       used 64106K, capacity 65097K, committed 65536K, reserved 1107968K
  class space    used 7530K, capacity 7811K, committed 7936K, reserved 1048576K
Event: 96.816 GC heap after
Heap after GC invocations=35 (full 8):
 PSYoungGen      total 1121280K, used 0K [0x000000076ce00000, 0x00000007c0000000, 0x00000007c0000000)
  eden space 1012736K, 0% used [0x000000076ce00000,0x000000076ce00000,0x00000007aab00000)
  from space 108544K, 0% used [0x00000007aab00000,0x00000007aab00000,0x00000007b1500000)
  to   space 177152K, 0% used [0x00000007b5300000,0x00000007b5300000,0x00000007c0000000)
 ParOldGen       total 479744K, used 391768K [0x00000006c6a00000, 0x00000006e3e80000, 0x000000076ce00000)
  object space 479744K, 81% used [0x00000006c6a00000,0x00000006de8963e0,0x00000006e3e80000)
 Metaspace       used 64106K, capacity 65097K, committed 65536K, reserved 1107968K
  class space    used 7530K, capacity 7811K, committed 7936K, reserved 1048576K
}

