# JRE version: OpenJDK Runtime Environment (8.0_432-b05) (build 1.8.0_432-b05)
# Java VM: OpenJDK 64-Bit Server VM (25.432-b05 mixed mode linux-amd64 compressed oops)
Heap:
 PSYoungGen      total 1166336K, used 140539K [0x000000076ce00000, 0x00000007c0000000, 0x00000007c0000000)
  eden space 1065984K, 3% used [0x000000076ce00000,0x000000076f56da90,0x00000007adf00000)
  from space 100352K, 99% used [0x00000007adf00000,0x00000007b40d1188,0x00000007b4100000)
  to   space 154112K, 0% used [0x00000007b6980000,0x00000007b6980000,0x00000007c0000000)
 ParOldGen       total 447488K, used 300342K [0x00000006c6a00000, 0x00000006e1f00000, 0x000000076ce00000)
  object space 447488K, 67% used [0x00000006c6a00000,0x00000006d8f4db20,0x00000006e1f00000)
 Metaspace       used 59495K, capacity 60421K, committed 60928K, reserved 1103872K
  class space    used 7067K, capacity 7305K, committed 7424K, reserved 1048576K
GC Heap History (10 events):
Event: 24.045 GC heap before
{Heap before GC invocations=23 (full 5):
 PSYoungGen      total 1206272K, used 196681K [0x000000076ce00000, 0x00000007c0000000, 0x00000007c0000000)
  eden space 1126400K, 10% used [0x000000076ce00000,0x0000000774050698,0x00000007b1a00000)
  from space 79872K, 99% used [0x00000007b1a00000,0x00000007b67c2138,0x00000007b6800000)
  to   space 123904K, 0% used [0x00000007b8700000,0x00000007b8700000,0x00000007c0000000)
 ParOldGen       total 447488K, used 205938K [0x00000006c6a00000, 0x00000006e1f00000, 0x000000076ce00000)
  object space 447488K, 46% used [0x00000006c6a00000,0x00000006d331c940,0x00000006e1f00000)
 Metaspace       used 55480K, capacity 56255K, committed 56704K, reserved 1099776K
  class space    used 6860K, capacity 7022K, committed 7040K, reserved 1048576K
Event: 24.074 GC heap after
Heap after GC invocations=23 (full 5):
 PSYoungGen      total 1208320K, used 107731K [0x000000076ce00000, 0x00000007c0000000, 0x00000007c0000000)
  eden space 1084416K, 0% used [0x000000076ce00000,0x000000076ce00000,0x00000007af100000)
  from space 123904K, 86% used [0x00000007b8700000,0x00000007bf034c78,0x00000007c0000000)
  to   space 138752K, 0% used [0x00000007af100000,0x00000007af100000,0x00000007b7880000)
 ParOldGen       total 447488K, used 205946K [0x00000006c6a00000, 0x00000006e1f00000, 0x000000076ce00000)
  object space 447488K, 46% used [0x00000006c6a00000,0x00000006d331e940,0x00000006e1f00000)
 Metaspace       used 55480K, capacity 56255K, committed 56704K, reserved 1099776K
  class space    used 6860K, capacity 7022K, committed 7040K, reserved 1048576K
}
Event: 24.074 GC heap before
{Heap before GC invocations=24 (full 6):
 PSYoungGen      total 1208320K, used 107731K [0x000000076ce00000, 0x00000007c0000000, 0x00000007c0000000)
  eden space 1084416K, 0% used [0x000000076ce00000,0x000000076ce00000,0x00000007af100000)
  from space 123904K, 86% used [0x00000007b8700000,0x00000007bf034c78,0x00000007c0000000)
  to   space 138752K, 0% used [0x00000007af100000,0x00000007af100000,0x00000007b7880000)
 ParOldGen       total 447488K, used 205946K [0x00000006c6a00000, 0x00000006e1f00000, 0x000000076ce00000)
  object space 447488K, 46% used [0x00000006c6a00000,0x00000006d331e940,0x00000006e1f00000)
 Metaspace       used 55480K, capacity 56255K, committed 56704K, reserved 1099776K
  class space    used 6860K, capacity 7022K, committed 7040K, reserved 1048576K
Event: 24.424 GC heap after
Heap after GC invocations=24 (full 6):
 PSYoungGen      total 1208320K, used 0K [0x000000076ce00000, 0x00000007c0000000, 0x00000007c0000000)
  eden space 1084416K, 0% used [0x000000076ce00000,0x000000076ce00000,0x00000007af100000)
  from space 123904K, 0% used [0x00000007b8700000,0x00000007b8700000,0x00000007c0000000)
  to   space 138752K, 0% used [0x00000007af100000,0x00000007af100000,0x00000007b7880000)
 ParOldGen       total 447488K, used 300318K [0x00000006c6a00000, 0x00000006e1f00000, 0x000000076ce00000)
  object space 447488K, 67% used [0x00000006c6a00000,0x00000006d8f47b20,0x00000006e1f00000)
 Metaspace       used 55480K, capacity 56255K, committed 56704K, reserved 1099776K
  class space    used 6860K, capacity 7022K, committed 7040K, reserved 1048576K
}
Event: 28.201 GC heap before
{Heap before GC invocations=25 (full 6):
 PSYoungGen      total 1208320K, used 1084416K [0x000000076ce00000, 0x00000007c0000000, 0x00000007c0000000)
  eden space 1084416K, 100% used [0x000000076ce00000,0x00000007af100000,0x00000007af100000)
  from space 123904K, 0% used [0x00000007b8700000,0x00000007b8700000,0x00000007c0000000)
  to   space 138752K, 0% used [0x00000007af100000,0x00000007af100000,0x00000007b7880000)
 ParOldGen       total 447488K, used 300318K [0x00000006c6a00000, 0x00000006e1f00000, 0x000000076ce00000)
  object space 447488K, 67% used [0x00000006c6a00000,0x00000006d8f47b20,0x00000006e1f00000)
 Metaspace       used 58277K, capacity 59309K, committed 59648K, reserved 1101824K
  class space    used 7046K, capacity 7303K, committed 7424K, reserved 1048576K
Event: 28.215 GC heap after
Heap after GC invocations=25 (full 6):
 PSYoungGen      total 1175040K, used 90536K [0x000000076ce00000, 0x00000007c0000000, 0x00000007c0000000)
  eden space 1084416K, 0% used [0x000000076ce00000,0x000000076ce00000,0x00000007af100000)
  from space 90624K, 99% used [0x00000007af100000,0x00000007b496a398,0x00000007b4980000)
  to   space 144384K, 0% used [0x00000007b7300000,0x00000007b7300000,0x00000007c0000000)
 ParOldGen       total 447488K, used 300326K [0x00000006c6a00000, 0x00000006e1f00000, 0x000000076ce00000)
  object space 447488K, 67% used [0x00000006c6a00000,0x00000006d8f49b20,0x00000006e1f00000)
 Metaspace       used 58277K, capacity 59309K, committed 59648K, reserved 1101824K
  class space    used 7046K, capacity 7303K, committed 7424K, reserved 1048576K
}
Event: 34.544 GC heap before
{Heap before GC invocations=26 (full 6):
 PSYoungGen      total 1175040K, used 1174952K [0x000000076ce00000, 0x00000007c0000000, 0x00000007c0000000)
  eden space 1084416K, 100% used [0x000000076ce00000,0x00000007af100000,0x00000007af100000)
  from space 90624K, 99% used [0x00000007af100000,0x00000007b496a398,0x00000007b4980000)
  to   space 144384K, 0% used [0x00000007b7300000,0x00000007b7300000,0x00000007c0000000)
 ParOldGen       total 447488K, used 300326K [0x00000006c6a00000, 0x00000006e1f00000, 0x000000076ce00000)
  object space 447488K, 67% used [0x00000006c6a00000,0x00000006d8f49b20,0x00000006e1f00000)
 Metaspace       used 59159K, capacity 60095K, committed 60416K, reserved 1101824K
  class space    used 7060K, capacity 7304K, committed 7424K, reserved 1048576K
Event: 34.563 GC heap after
Heap after GC invocations=26 (full 6):
 PSYoungGen      total 1210368K, used 89313K [0x000000076ce00000, 0x00000007c0000000, 0x00000007c0000000)
  eden space 1065984K, 0% used [0x000000076ce00000,0x000000076ce00000,0x00000007adf00000)
  from space 144384K, 61% used [0x00000007b7300000,0x00000007bca384f8,0x00000007c0000000)
  to   space 147968K, 0% used [0x00000007adf00000,0x00000007adf00000,0x00000007b6f80000)
 ParOldGen       total 447488K, used 300334K [0x00000006c6a00000, 0x00000006e1f00000, 0x000000076ce00000)
  object space 447488K, 67% used [0x00000006c6a00000,0x00000006d8f4bb20,0x00000006e1f00000)
 Metaspace       used 59159K, capacity 60095K, committed 60416K, reserved 1101824K
  class space    used 7060K, capacity 7304K, committed 7424K, reserved 1048576K
}
Event: 47.605 GC heap before
{Heap before GC invocations=27 (full 6):
 PSYoungGen      total 1210368K, used 1155297K [0x000000076ce00000, 0x00000007c0000000, 0x00000007c0000000)
  eden space 1065984K, 100% used [0x000000076ce00000,0x00000007adf00000,0x00000007adf00000)
  from space 144384K, 61% used [0x00000007b7300000,0x00000007bca384f8,0x00000007c0000000)
  to   space 147968K, 0% used [0x00000007adf00000,0x00000007adf00000,0x00000007b6f80000)
 ParOldGen       total 447488K, used 300334K [0x00000006c6a00000, 0x00000006e1f00000, 0x000000076ce00000)
  object space 447488K, 67% used [0x00000006c6a00000,0x00000006d8f4bb20,0x00000006e1f00000)
 Metaspace       used 59432K, capacity 60415K, committed 60928K, reserved 1103872K
  class space    used 7061K, capacity 7304K, committed 7424K, reserved 1048576K
Event: 47.618 GC heap after
Heap after GC invocations=27 (full 6):
 PSYoungGen      total 1166336K, used 100164K [0x000000076ce00000, 0x00000007c0000000, 0x00000007c0000000)
  eden space 1065984K, 0% used [0x000000076ce00000,0x000000076ce00000,0x00000007adf00000)
  from space 100352K, 99% used [0x00000007adf00000,0x00000007b40d1188,0x00000007b4100000)
  to   space 154112K, 0% used [0x00000007b6980000,0x00000007b6980000,0x00000007c0000000)
 ParOldGen       total 447488K, used 300342K [0x00000006c6a00000, 0x00000006e1f00000, 0x000000076ce00000)
  object space 447488K, 67% used [0x00000006c6a00000,0x00000006d8f4db20,0x00000006e1f00000)
 Metaspace       used 59432K, capacity 60415K, committed 60928K, reserved 1103872K
  class space    used 7061K, capacity 7304K, committed 7424K, reserved 1048576K
}

