# JRE version: OpenJDK Runtime Environment (8.0_422-b05) (build 1.8.0_422-b05)
# Java VM: OpenJDK 64-Bit Server VM (25.422-b05 mixed mode linux-amd64 compressed oops)
Heap:
 PSYoungGen      total 1212928K, used 20793K [0x000000076ce00000, 0x00000007bfc00000, 0x00000007c0000000)
  eden space 1070080K, 1% used [0x000000076ce00000,0x000000076e24e7f8,0x00000007ae300000)
  from space 142848K, 0% used [0x00000007b7080000,0x00000007b7080000,0x00000007bfc00000)
  to   space 143872K, 0% used [0x00000007ae300000,0x00000007ae300000,0x00000007b6f80000)
 ParOldGen       total 504320K, used 355770K [0x00000006c6a00000, 0x00000006e5680000, 0x000000076ce00000)
  object space 504320K, 70% used [0x00000006c6a00000,0x00000006dc56ea98,0x00000006e5680000)
 Metaspace       used 63306K, capacity 64267K, committed 64640K, reserved 1105920K
  class space    used 7437K, capacity 7693K, committed 7808K, reserved 1048576K
GC Heap History (10 events):
Event: 69.680 GC heap before
{Heap before GC invocations=35 (full 6):
 PSYoungGen      total 1195520K, used 101729K [0x000000076ce00000, 0x00000007c0000000, 0x00000007c0000000)
  eden space 1093632K, 0% used [0x000000076ce00000,0x000000076ce00000,0x00000007afa00000)
  from space 101888K, 99% used [0x00000007afa00000,0x00000007b5d58558,0x00000007b5d80000)
  to   space 145920K, 0% used [0x00000007b7180000,0x00000007b7180000,0x00000007c0000000)
 ParOldGen       total 504320K, used 212649K [0x00000006c6a00000, 0x00000006e5680000, 0x000000076ce00000)
  object space 504320K, 42% used [0x00000006c6a00000,0x00000006d39aa440,0x00000006e5680000)
 Metaspace       used 59223K, capacity 59969K, committed 60416K, reserved 1101824K
  class space    used 7214K, capacity 7382K, committed 7424K, reserved 1048576K
Event: 70.512 GC heap after
Heap after GC invocations=35 (full 6):
 PSYoungGen      total 1195520K, used 0K [0x000000076ce00000, 0x00000007c0000000, 0x00000007c0000000)
  eden space 1093632K, 0% used [0x000000076ce00000,0x000000076ce00000,0x00000007afa00000)
  from space 101888K, 0% used [0x00000007afa00000,0x00000007afa00000,0x00000007b5d80000)
  to   space 145920K, 0% used [0x00000007b7180000,0x00000007b7180000,0x00000007c0000000)
 ParOldGen       total 504320K, used 296239K [0x00000006c6a00000, 0x00000006e5680000, 0x000000076ce00000)
  object space 504320K, 58% used [0x00000006c6a00000,0x00000006d8b4bd38,0x00000006e5680000)
 Metaspace       used 59223K, capacity 59969K, committed 60416K, reserved 1101824K
  class space    used 7214K, capacity 7382K, committed 7424K, reserved 1048576K
}
Event: 76.998 GC heap before
{Heap before GC invocations=36 (full 6):
 PSYoungGen      total 1195520K, used 1093632K [0x000000076ce00000, 0x00000007c0000000, 0x00000007c0000000)
  eden space 1093632K, 100% used [0x000000076ce00000,0x00000007afa00000,0x00000007afa00000)
  from space 101888K, 0% used [0x00000007afa00000,0x00000007afa00000,0x00000007b5d80000)
  to   space 145920K, 0% used [0x00000007b7180000,0x00000007b7180000,0x00000007c0000000)
 ParOldGen       total 504320K, used 296239K [0x00000006c6a00000, 0x00000006e5680000, 0x000000076ce00000)
  object space 504320K, 58% used [0x00000006c6a00000,0x00000006d8b4bd38,0x00000006e5680000)
 Metaspace       used 62100K, capacity 63005K, committed 63488K, reserved 1105920K
  class space    used 7395K, capacity 7648K, committed 7680K, reserved 1048576K
Event: 77.021 GC heap after
Heap after GC invocations=36 (full 6):
 PSYoungGen      total 1216000K, used 75596K [0x000000076ce00000, 0x00000007c0000000, 0x00000007c0000000)
  eden space 1070080K, 0% used [0x000000076ce00000,0x000000076ce00000,0x00000007ae300000)
  from space 145920K, 51% used [0x00000007b7180000,0x00000007bbb53310,0x00000007c0000000)
  to   space 145920K, 0% used [0x00000007ae300000,0x00000007ae300000,0x00000007b7180000)
 ParOldGen       total 504320K, used 296247K [0x00000006c6a00000, 0x00000006e5680000, 0x000000076ce00000)
  object space 504320K, 58% used [0x00000006c6a00000,0x00000006d8b4dd38,0x00000006e5680000)
 Metaspace       used 62100K, capacity 63005K, committed 63488K, reserved 1105920K
  class space    used 7395K, capacity 7648K, committed 7680K, reserved 1048576K
}
Event: 93.428 GC heap before
{Heap before GC invocations=37 (full 6):
 PSYoungGen      total 1216000K, used 1145676K [0x000000076ce00000, 0x00000007c0000000, 0x00000007c0000000)
  eden space 1070080K, 100% used [0x000000076ce00000,0x00000007ae300000,0x00000007ae300000)
  from space 145920K, 51% used [0x00000007b7180000,0x00000007bbb53310,0x00000007c0000000)
  to   space 145920K, 0% used [0x00000007ae300000,0x00000007ae300000,0x00000007b7180000)
 ParOldGen       total 504320K, used 296247K [0x00000006c6a00000, 0x00000006e5680000, 0x000000076ce00000)
  object space 504320K, 58% used [0x00000006c6a00000,0x00000006d8b4dd38,0x00000006e5680000)
 Metaspace       used 62978K, capacity 63859K, committed 64256K, reserved 1105920K
  class space    used 7415K, capacity 7651K, committed 7680K, reserved 1048576K
Event: 93.444 GC heap after
Heap after GC invocations=37 (full 6):
 PSYoungGen      total 1145344K, used 75138K [0x000000076ce00000, 0x00000007bfe00000, 0x00000007c0000000)
  eden space 1070080K, 0% used [0x000000076ce00000,0x000000076ce00000,0x00000007ae300000)
  from space 75264K, 99% used [0x00000007ae300000,0x00000007b2c608a0,0x00000007b2c80000)
  to   space 144896K, 0% used [0x00000007b7080000,0x00000007b7080000,0x00000007bfe00000)
 ParOldGen       total 504320K, used 296255K [0x00000006c6a00000, 0x00000006e5680000, 0x000000076ce00000)
  object space 504320K, 58% used [0x00000006c6a00000,0x00000006d8b4fd38,0x00000006e5680000)
 Metaspace       used 62978K, capacity 63859K, committed 64256K, reserved 1105920K
  class space    used 7415K, capacity 7651K, committed 7680K, reserved 1048576K
}
Event: 113.221 GC heap before
{Heap before GC invocations=38 (full 6):
 PSYoungGen      total 1145344K, used 779353K [0x000000076ce00000, 0x00000007bfe00000, 0x00000007c0000000)
  eden space 1070080K, 65% used [0x000000076ce00000,0x0000000797db5e30,0x00000007ae300000)
  from space 75264K, 99% used [0x00000007ae300000,0x00000007b2c608a0,0x00000007b2c80000)
  to   space 144896K, 0% used [0x00000007b7080000,0x00000007b7080000,0x00000007bfe00000)
 ParOldGen       total 504320K, used 296255K [0x00000006c6a00000, 0x00000006e5680000, 0x000000076ce00000)
  object space 504320K, 58% used [0x00000006c6a00000,0x00000006d8b4fd38,0x00000006e5680000)
 Metaspace       used 63294K, capacity 64267K, committed 64640K, reserved 1105920K
  class space    used 7436K, capacity 7693K, committed 7808K, reserved 1048576K
Event: 113.239 GC heap after
Heap after GC invocations=38 (full 6):
 PSYoungGen      total 1212928K, used 75557K [0x000000076ce00000, 0x00000007bfc00000, 0x00000007c0000000)
  eden space 1070080K, 0% used [0x000000076ce00000,0x000000076ce00000,0x00000007ae300000)
  from space 142848K, 52% used [0x00000007b7080000,0x00000007bba49760,0x00000007bfc00000)
  to   space 143872K, 0% used [0x00000007ae300000,0x00000007ae300000,0x00000007b6f80000)
 ParOldGen       total 504320K, used 296263K [0x00000006c6a00000, 0x00000006e5680000, 0x000000076ce00000)
  object space 504320K, 58% used [0x00000006c6a00000,0x00000006d8b51d38,0x00000006e5680000)
 Metaspace       used 63294K, capacity 64267K, committed 64640K, reserved 1105920K
  class space    used 7436K, capacity 7693K, committed 7808K, reserved 1048576K
}
Event: 113.239 GC heap before
{Heap before GC invocations=39 (full 7):
 PSYoungGen      total 1212928K, used 75557K [0x000000076ce00000, 0x00000007bfc00000, 0x00000007c0000000)
  eden space 1070080K, 0% used [0x000000076ce00000,0x000000076ce00000,0x00000007ae300000)
  from space 142848K, 52% used [0x00000007b7080000,0x00000007bba49760,0x00000007bfc00000)
  to   space 143872K, 0% used [0x00000007ae300000,0x00000007ae300000,0x00000007b6f80000)
 ParOldGen       total 504320K, used 296263K [0x00000006c6a00000, 0x00000006e5680000, 0x000000076ce00000)
  object space 504320K, 58% used [0x00000006c6a00000,0x00000006d8b51d38,0x00000006e5680000)
 Metaspace       used 63294K, capacity 64267K, committed 64640K, reserved 1105920K
  class space    used 7436K, capacity 7693K, committed 7808K, reserved 1048576K
Event: 114.152 GC heap after
Heap after GC invocations=39 (full 7):
 PSYoungGen      total 1212928K, used 0K [0x000000076ce00000, 0x00000007bfc00000, 0x00000007c0000000)
  eden space 1070080K, 0% used [0x000000076ce00000,0x000000076ce00000,0x00000007ae300000)
  from space 142848K, 0% used [0x00000007b7080000,0x00000007b7080000,0x00000007bfc00000)
  to   space 143872K, 0% used [0x00000007ae300000,0x00000007ae300000,0x00000007b6f80000)
 ParOldGen       total 504320K, used 355770K [0x00000006c6a00000, 0x00000006e5680000, 0x000000076ce00000)
  object space 504320K, 70% used [0x00000006c6a00000,0x00000006dc56ea98,0x00000006e5680000)
 Metaspace       used 63294K, capacity 64267K, committed 64640K, reserved 1105920K
  class space    used 7436K, capacity 7693K, committed 7808K, reserved 1048576K
}

