# JRE version: OpenJDK Runtime Environment (8.0_412-b08) (build 1.8.0_412-b08)
# Java VM: OpenJDK 64-Bit Server VM (25.412-b08 mixed mode linux-amd64 compressed oops)
Heap:
 PSYoungGen      total 1209344K, used 790711K [0x000000076ce00000, 0x00000007c0000000, 0x00000007c0000000)
  eden space 1124352K, 62% used [0x000000076ce00000,0x0000000797fadbe8,0x00000007b1800000)
  from space 84992K, 99% used [0x00000007b1800000,0x00000007b6a803c0,0x00000007b6b00000)
  to   space 127488K, 0% used [0x00000007b8380000,0x00000007b8380000,0x00000007c0000000)
 ParOldGen       total 477696K, used 309120K [0x00000006c6a00000, 0x00000006e3c80000, 0x000000076ce00000)
  object space 477696K, 64% used [0x00000006c6a00000,0x00000006d97e0290,0x00000006e3c80000)
 Metaspace       used 59710K, capacity 60765K, committed 61224K, reserved 1103872K
  class space    used 7101K, capacity 7340K, committed 7464K, reserved 1048576K
GC Heap History (10 events):
Event: 38.499 GC heap before
{Heap before GC invocations=25 (full 5):
 PSYoungGen      total 1245184K, used 1137664K [0x000000076ce00000, 0x00000007bf700000, 0x00000007c0000000)
  eden space 1137664K, 100% used [0x000000076ce00000,0x00000007b2500000,0x00000007b2500000)
  from space 107520K, 0% used [0x00000007b2500000,0x00000007b2500000,0x00000007b8e00000)
  to   space 107520K, 0% used [0x00000007b8e00000,0x00000007b8e00000,0x00000007bf700000)
 ParOldGen       total 477696K, used 259712K [0x00000006c6a00000, 0x00000006e3c80000, 0x000000076ce00000)
  object space 477696K, 54% used [0x00000006c6a00000,0x00000006d67a0338,0x00000006e3c80000)
 Metaspace       used 55977K, capacity 56873K, committed 57128K, reserved 1099776K
  class space    used 6878K, capacity 7110K, committed 7208K, reserved 1048576K
Event: 38.535 GC heap after
Heap after GC invocations=25 (full 5):
 PSYoungGen      total 1230848K, used 87073K [0x000000076ce00000, 0x00000007c0000000, 0x00000007c0000000)
  eden space 1123328K, 0% used [0x000000076ce00000,0x000000076ce00000,0x00000007b1700000)
  from space 107520K, 80% used [0x00000007b8e00000,0x00000007be308528,0x00000007bf700000)
  to   space 119296K, 0% used [0x00000007b1700000,0x00000007b1700000,0x00000007b8b80000)
 ParOldGen       total 477696K, used 259720K [0x00000006c6a00000, 0x00000006e3c80000, 0x000000076ce00000)
  object space 477696K, 54% used [0x00000006c6a00000,0x00000006d67a2338,0x00000006e3c80000)
 Metaspace       used 55977K, capacity 56873K, committed 57128K, reserved 1099776K
  class space    used 6878K, capacity 7110K, committed 7208K, reserved 1048576K
}
Event: 38.748 GC heap before
{Heap before GC invocations=26 (full 5):
 PSYoungGen      total 1230848K, used 232148K [0x000000076ce00000, 0x00000007c0000000, 0x00000007c0000000)
  eden space 1123328K, 12% used [0x000000076ce00000,0x0000000775bacda8,0x00000007b1700000)
  from space 107520K, 80% used [0x00000007b8e00000,0x00000007be308528,0x00000007bf700000)
  to   space 119296K, 0% used [0x00000007b1700000,0x00000007b1700000,0x00000007b8b80000)
 ParOldGen       total 477696K, used 259720K [0x00000006c6a00000, 0x00000006e3c80000, 0x000000076ce00000)
  object space 477696K, 54% used [0x00000006c6a00000,0x00000006d67a2338,0x00000006e3c80000)
 Metaspace       used 56344K, capacity 57289K, committed 57640K, reserved 1099776K
  class space    used 6910K, capacity 7142K, committed 7208K, reserved 1048576K
Event: 38.765 GC heap after
Heap after GC invocations=26 (full 5):
 PSYoungGen      total 1242624K, used 13712K [0x000000076ce00000, 0x00000007c0000000, 0x00000007c0000000)
  eden space 1123328K, 0% used [0x000000076ce00000,0x000000076ce00000,0x00000007b1700000)
  from space 119296K, 11% used [0x00000007b1700000,0x00000007b2464150,0x00000007b8b80000)
  to   space 116224K, 0% used [0x00000007b8e80000,0x00000007b8e80000,0x00000007c0000000)
 ParOldGen       total 477696K, used 337911K [0x00000006c6a00000, 0x00000006e3c80000, 0x000000076ce00000)
  object space 477696K, 70% used [0x00000006c6a00000,0x00000006db3fdfa8,0x00000006e3c80000)
 Metaspace       used 56344K, capacity 57289K, committed 57640K, reserved 1099776K
  class space    used 6910K, capacity 7142K, committed 7208K, reserved 1048576K
}
Event: 38.765 GC heap before
{Heap before GC invocations=27 (full 6):
 PSYoungGen      total 1242624K, used 13712K [0x000000076ce00000, 0x00000007c0000000, 0x00000007c0000000)
  eden space 1123328K, 0% used [0x000000076ce00000,0x000000076ce00000,0x00000007b1700000)
  from space 119296K, 11% used [0x00000007b1700000,0x00000007b2464150,0x00000007b8b80000)
  to   space 116224K, 0% used [0x00000007b8e80000,0x00000007b8e80000,0x00000007c0000000)
 ParOldGen       total 477696K, used 337911K [0x00000006c6a00000, 0x00000006e3c80000, 0x000000076ce00000)
  object space 477696K, 70% used [0x00000006c6a00000,0x00000006db3fdfa8,0x00000006e3c80000)
 Metaspace       used 56344K, capacity 57289K, committed 57640K, reserved 1099776K
  class space    used 6910K, capacity 7142K, committed 7208K, reserved 1048576K
Event: 39.201 GC heap after
Heap after GC invocations=27 (full 6):
 PSYoungGen      total 1242624K, used 0K [0x000000076ce00000, 0x00000007c0000000, 0x00000007c0000000)
  eden space 1123328K, 0% used [0x000000076ce00000,0x000000076ce00000,0x00000007b1700000)
  from space 119296K, 0% used [0x00000007b1700000,0x00000007b1700000,0x00000007b8b80000)
  to   space 116224K, 0% used [0x00000007b8e80000,0x00000007b8e80000,0x00000007c0000000)
 ParOldGen       total 477696K, used 309104K [0x00000006c6a00000, 0x00000006e3c80000, 0x000000076ce00000)
  object space 477696K, 64% used [0x00000006c6a00000,0x00000006d97dc290,0x00000006e3c80000)
 Metaspace       used 56344K, capacity 57289K, committed 57640K, reserved 1099776K
  class space    used 6910K, capacity 7142K, committed 7208K, reserved 1048576K
}
Event: 58.206 GC heap before
{Heap before GC invocations=28 (full 6):
 PSYoungGen      total 1242624K, used 1123328K [0x000000076ce00000, 0x00000007c0000000, 0x00000007c0000000)
  eden space 1123328K, 100% used [0x000000076ce00000,0x00000007b1700000,0x00000007b1700000)
  from space 119296K, 0% used [0x00000007b1700000,0x00000007b1700000,0x00000007b8b80000)
  to   space 116224K, 0% used [0x00000007b8e80000,0x00000007b8e80000,0x00000007c0000000)
 ParOldGen       total 477696K, used 309104K [0x00000006c6a00000, 0x00000006e3c80000, 0x000000076ce00000)
  object space 477696K, 64% used [0x00000006c6a00000,0x00000006d97dc290,0x00000006e3c80000)
 Metaspace       used 58625K, capacity 59569K, committed 60072K, reserved 1101824K
  class space    used 7023K, capacity 7224K, committed 7336K, reserved 1048576K
Event: 58.216 GC heap after
Heap after GC invocations=28 (full 6):
 PSYoungGen      total 1240576K, used 66991K [0x000000076ce00000, 0x00000007c0000000, 0x00000007c0000000)
  eden space 1124352K, 0% used [0x000000076ce00000,0x000000076ce00000,0x00000007b1800000)
  from space 116224K, 57% used [0x00000007b8e80000,0x00000007bcfebf20,0x00000007c0000000)
  to   space 118784K, 0% used [0x00000007b1800000,0x00000007b1800000,0x00000007b8c00000)
 ParOldGen       total 477696K, used 309112K [0x00000006c6a00000, 0x00000006e3c80000, 0x000000076ce00000)
  object space 477696K, 64% used [0x00000006c6a00000,0x00000006d97de290,0x00000006e3c80000)
 Metaspace       used 58625K, capacity 59569K, committed 60072K, reserved 1101824K
  class space    used 7023K, capacity 7224K, committed 7336K, reserved 1048576K
}
Event: 71.012 GC heap before
{Heap before GC invocations=29 (full 6):
 PSYoungGen      total 1240576K, used 1191343K [0x000000076ce00000, 0x00000007c0000000, 0x00000007c0000000)
  eden space 1124352K, 100% used [0x000000076ce00000,0x00000007b1800000,0x00000007b1800000)
  from space 116224K, 57% used [0x00000007b8e80000,0x00000007bcfebf20,0x00000007c0000000)
  to   space 118784K, 0% used [0x00000007b1800000,0x00000007b1800000,0x00000007b8c00000)
 ParOldGen       total 477696K, used 309112K [0x00000006c6a00000, 0x00000006e3c80000, 0x000000076ce00000)
  object space 477696K, 64% used [0x00000006c6a00000,0x00000006d97de290,0x00000006e3c80000)
 Metaspace       used 59347K, capacity 60343K, committed 60584K, reserved 1101824K
  class space    used 7082K, capacity 7307K, committed 7336K, reserved 1048576K
Event: 71.030 GC heap after
Heap after GC invocations=29 (full 6):
 PSYoungGen      total 1209344K, used 84480K [0x000000076ce00000, 0x00000007c0000000, 0x00000007c0000000)
  eden space 1124352K, 0% used [0x000000076ce00000,0x000000076ce00000,0x00000007b1800000)
  from space 84992K, 99% used [0x00000007b1800000,0x00000007b6a803c0,0x00000007b6b00000)
  to   space 127488K, 0% used [0x00000007b8380000,0x00000007b8380000,0x00000007c0000000)
 ParOldGen       total 477696K, used 309120K [0x00000006c6a00000, 0x00000006e3c80000, 0x000000076ce00000)
  object space 477696K, 64% used [0x00000006c6a00000,0x00000006d97e0290,0x00000006e3c80000)
 Metaspace       used 59347K, capacity 60343K, committed 60584K, reserved 1101824K
  class space    used 7082K, capacity 7307K, committed 7336K, reserved 1048576K
}

