# JRE version: OpenJDK Runtime Environment (8.0_412-b08) (build 1.8.0_412-b08)
# Java VM: OpenJDK 64-Bit Server VM (25.412-b08 mixed mode linux-amd64 compressed oops)
Heap:
 PSYoungGen      total 1217024K, used 29768K [0x000000076ce00000, 0x00000007c0000000, 0x00000007c0000000)
  eden space 1074176K, 2% used [0x000000076ce00000,0x000000076eb12098,0x00000007ae700000)
  from space 142848K, 0% used [0x00000007b7480000,0x00000007b7480000,0x00000007c0000000)
  to   space 143872K, 0% used [0x00000007ae700000,0x00000007ae700000,0x00000007b7380000)
 ParOldGen       total 477184K, used 377062K [0x00000006c6a00000, 0x00000006e3c00000, 0x000000076ce00000)
  object space 477184K, 79% used [0x00000006c6a00000,0x00000006dda39b80,0x00000006e3c00000)
 Metaspace       used 59161K, capacity 60153K, committed 60328K, reserved 1101824K
  class space    used 7041K, capacity 7292K, committed 7336K, reserved 1048576K
GC Heap History (10 events):
Event: 36.569 GC heap before
{Heap before GC invocations=27 (full 5):
 PSYoungGen      total 1213440K, used 256550K [0x000000076ce00000, 0x00000007c0000000, 0x00000007c0000000)
  eden space 1121792K, 14% used [0x000000076ce00000,0x0000000776f314c8,0x00000007b1580000)
  from space 91648K, 99% used [0x00000007b1580000,0x00000007b6ed8658,0x00000007b6f00000)
  to   space 128000K, 0% used [0x00000007b8300000,0x00000007b8300000,0x00000007c0000000)
 ParOldGen       total 477184K, used 256164K [0x00000006c6a00000, 0x00000006e3c00000, 0x000000076ce00000)
  object space 477184K, 53% used [0x00000006c6a00000,0x00000006d6429360,0x00000006e3c00000)
 Metaspace       used 56384K, capacity 57351K, committed 57640K, reserved 1099776K
  class space    used 6911K, capacity 7141K, committed 7208K, reserved 1048576K
Event: 36.587 GC heap after
Heap after GC invocations=27 (full 5):
 PSYoungGen      total 1212416K, used 97200K [0x000000076ce00000, 0x00000007c0000000, 0x00000007c0000000)
  eden space 1084416K, 0% used [0x000000076ce00000,0x000000076ce00000,0x00000007af100000)
  from space 128000K, 75% used [0x00000007b8300000,0x00000007be1ec160,0x00000007c0000000)
  to   space 138752K, 0% used [0x00000007af100000,0x00000007af100000,0x00000007b7880000)
 ParOldGen       total 477184K, used 256172K [0x00000006c6a00000, 0x00000006e3c00000, 0x000000076ce00000)
  object space 477184K, 53% used [0x00000006c6a00000,0x00000006d642b360,0x00000006e3c00000)
 Metaspace       used 56384K, capacity 57351K, committed 57640K, reserved 1099776K
  class space    used 6911K, capacity 7141K, committed 7208K, reserved 1048576K
}
Event: 36.587 GC heap before
{Heap before GC invocations=28 (full 6):
 PSYoungGen      total 1212416K, used 97200K [0x000000076ce00000, 0x00000007c0000000, 0x00000007c0000000)
  eden space 1084416K, 0% used [0x000000076ce00000,0x000000076ce00000,0x00000007af100000)
  from space 128000K, 75% used [0x00000007b8300000,0x00000007be1ec160,0x00000007c0000000)
  to   space 138752K, 0% used [0x00000007af100000,0x00000007af100000,0x00000007b7880000)
 ParOldGen       total 477184K, used 256172K [0x00000006c6a00000, 0x00000006e3c00000, 0x000000076ce00000)
  object space 477184K, 53% used [0x00000006c6a00000,0x00000006d642b360,0x00000006e3c00000)
 Metaspace       used 56384K, capacity 57351K, committed 57640K, reserved 1099776K
  class space    used 6911K, capacity 7141K, committed 7208K, reserved 1048576K
Event: 36.976 GC heap after
Heap after GC invocations=28 (full 6):
 PSYoungGen      total 1212416K, used 0K [0x000000076ce00000, 0x00000007c0000000, 0x00000007c0000000)
  eden space 1084416K, 0% used [0x000000076ce00000,0x000000076ce00000,0x00000007af100000)
  from space 128000K, 0% used [0x00000007b8300000,0x00000007b8300000,0x00000007c0000000)
  to   space 138752K, 0% used [0x00000007af100000,0x00000007af100000,0x00000007b7880000)
 ParOldGen       total 477184K, used 311030K [0x00000006c6a00000, 0x00000006e3c00000, 0x000000076ce00000)
  object space 477184K, 65% used [0x00000006c6a00000,0x00000006d99bdbc0,0x00000006e3c00000)
 Metaspace       used 56384K, capacity 57351K, committed 57640K, reserved 1099776K
  class space    used 6911K, capacity 7141K, committed 7208K, reserved 1048576K
}
Event: 41.571 GC heap before
{Heap before GC invocations=29 (full 6):
 PSYoungGen      total 1212416K, used 1084416K [0x000000076ce00000, 0x00000007c0000000, 0x00000007c0000000)
  eden space 1084416K, 100% used [0x000000076ce00000,0x00000007af100000,0x00000007af100000)
  from space 128000K, 0% used [0x00000007b8300000,0x00000007b8300000,0x00000007c0000000)
  to   space 138752K, 0% used [0x00000007af100000,0x00000007af100000,0x00000007b7880000)
 ParOldGen       total 477184K, used 311030K [0x00000006c6a00000, 0x00000006e3c00000, 0x000000076ce00000)
  object space 477184K, 65% used [0x00000006c6a00000,0x00000006d99bdbc0,0x00000006e3c00000)
 Metaspace       used 58209K, capacity 59135K, committed 59560K, reserved 1101824K
  class space    used 7000K, capacity 7215K, committed 7336K, reserved 1048576K
Event: 41.584 GC heap after
Heap after GC invocations=29 (full 6):
 PSYoungGen      total 1170944K, used 86254K [0x000000076ce00000, 0x00000007c0000000, 0x00000007c0000000)
  eden space 1084416K, 0% used [0x000000076ce00000,0x000000076ce00000,0x00000007af100000)
  from space 86528K, 99% used [0x00000007af100000,0x00000007b453baa8,0x00000007b4580000)
  to   space 142848K, 0% used [0x00000007b7480000,0x00000007b7480000,0x00000007c0000000)
 ParOldGen       total 477184K, used 311038K [0x00000006c6a00000, 0x00000006e3c00000, 0x000000076ce00000)
  object space 477184K, 65% used [0x00000006c6a00000,0x00000006d99bfbc0,0x00000006e3c00000)
 Metaspace       used 58209K, capacity 59135K, committed 59560K, reserved 1101824K
  class space    used 7000K, capacity 7215K, committed 7336K, reserved 1048576K
}
Event: 59.586 GC heap before
{Heap before GC invocations=30 (full 6):
 PSYoungGen      total 1170944K, used 1111680K [0x000000076ce00000, 0x00000007c0000000, 0x00000007c0000000)
  eden space 1084416K, 94% used [0x000000076ce00000,0x00000007ab7647c0,0x00000007af100000)
  from space 86528K, 99% used [0x00000007af100000,0x00000007b453baa8,0x00000007b4580000)
  to   space 142848K, 0% used [0x00000007b7480000,0x00000007b7480000,0x00000007c0000000)
 ParOldGen       total 477184K, used 311038K [0x00000006c6a00000, 0x00000006e3c00000, 0x000000076ce00000)
  object space 477184K, 65% used [0x00000006c6a00000,0x00000006d99bfbc0,0x00000006e3c00000)
 Metaspace       used 59131K, capacity 60153K, committed 60328K, reserved 1101824K
  class space    used 7040K, capacity 7292K, committed 7336K, reserved 1048576K
Event: 59.600 GC heap after
Heap after GC invocations=30 (full 6):
 PSYoungGen      total 1217024K, used 81275K [0x000000076ce00000, 0x00000007c0000000, 0x00000007c0000000)
  eden space 1074176K, 0% used [0x000000076ce00000,0x000000076ce00000,0x00000007ae700000)
  from space 142848K, 56% used [0x00000007b7480000,0x00000007bc3def68,0x00000007c0000000)
  to   space 143872K, 0% used [0x00000007ae700000,0x00000007ae700000,0x00000007b7380000)
 ParOldGen       total 477184K, used 311046K [0x00000006c6a00000, 0x00000006e3c00000, 0x000000076ce00000)
  object space 477184K, 65% used [0x00000006c6a00000,0x00000006d99c1bc0,0x00000006e3c00000)
 Metaspace       used 59131K, capacity 60153K, committed 60328K, reserved 1101824K
  class space    used 7040K, capacity 7292K, committed 7336K, reserved 1048576K
}
Event: 59.600 GC heap before
{Heap before GC invocations=31 (full 7):
 PSYoungGen      total 1217024K, used 81275K [0x000000076ce00000, 0x00000007c0000000, 0x00000007c0000000)
  eden space 1074176K, 0% used [0x000000076ce00000,0x000000076ce00000,0x00000007ae700000)
  from space 142848K, 56% used [0x00000007b7480000,0x00000007bc3def68,0x00000007c0000000)
  to   space 143872K, 0% used [0x00000007ae700000,0x00000007ae700000,0x00000007b7380000)
 ParOldGen       total 477184K, used 311046K [0x00000006c6a00000, 0x00000006e3c00000, 0x000000076ce00000)
  object space 477184K, 65% used [0x00000006c6a00000,0x00000006d99c1bc0,0x00000006e3c00000)
 Metaspace       used 59131K, capacity 60153K, committed 60328K, reserved 1101824K
  class space    used 7040K, capacity 7292K, committed 7336K, reserved 1048576K
Event: 60.019 GC heap after
Heap after GC invocations=31 (full 7):
 PSYoungGen      total 1217024K, used 0K [0x000000076ce00000, 0x00000007c0000000, 0x00000007c0000000)
  eden space 1074176K, 0% used [0x000000076ce00000,0x000000076ce00000,0x00000007ae700000)
  from space 142848K, 0% used [0x00000007b7480000,0x00000007b7480000,0x00000007c0000000)
  to   space 143872K, 0% used [0x00000007ae700000,0x00000007ae700000,0x00000007b7380000)
 ParOldGen       total 477184K, used 377062K [0x00000006c6a00000, 0x00000006e3c00000, 0x000000076ce00000)
  object space 477184K, 79% used [0x00000006c6a00000,0x00000006dda39b80,0x00000006e3c00000)
 Metaspace       used 59131K, capacity 60153K, committed 60328K, reserved 1101824K
  class space    used 7040K, capacity 7292K, committed 7336K, reserved 1048576K
}

