# JRE version: OpenJDK Runtime Environment (8.0_412-b08) (build 1.8.0_412-b08)
# Java VM: OpenJDK 64-Bit Server VM (25.412-b08 mixed mode linux-amd64 compressed oops)
Heap:
 PSYoungGen      total 1225216K, used 29447K [0x000000076ce00000, 0x00000007bff80000, 0x00000007c0000000)
  eden space 1088512K, 2% used [0x000000076ce00000,0x000000076eac1f30,0x00000007af500000)
  from space 136704K, 0% used [0x00000007af500000,0x00000007af500000,0x00000007b7a80000)
  to   space 133120K, 0% used [0x00000007b7d80000,0x00000007b7d80000,0x00000007bff80000)
 ParOldGen       total 479232K, used 356961K [0x00000006c6a00000, 0x00000006e3e00000, 0x000000076ce00000)
  object space 479232K, 74% used [0x00000006c6a00000,0x00000006dc698760,0x00000006e3e00000)
 Metaspace       used 59522K, capacity 60483K, committed 60840K, reserved 1103872K
  class space    used 7061K, capacity 7293K, committed 7336K, reserved 1048576K
GC Heap History (10 events):
Event: 27.508 GC heap before
{Heap before GC invocations=28 (full 6):
 PSYoungGen      total 1216000K, used 95580K [0x000000076ce00000, 0x00000007c0000000, 0x00000007c0000000)
  eden space 1094656K, 0% used [0x000000076ce00000,0x000000076ce00000,0x00000007afb00000)
  from space 121344K, 78% used [0x00000007b8980000,0x00000007be6d72c0,0x00000007c0000000)
  to   space 133632K, 0% used [0x00000007afb00000,0x00000007afb00000,0x00000007b7d80000)
 ParOldGen       total 479232K, used 262888K [0x00000006c6a00000, 0x00000006e3e00000, 0x000000076ce00000)
  object space 479232K, 54% used [0x00000006c6a00000,0x00000006d6aba318,0x00000006e3e00000)
 Metaspace       used 56205K, capacity 57093K, committed 57384K, reserved 1099776K
  class space    used 6915K, capacity 7142K, committed 7208K, reserved 1048576K
Event: 28.007 GC heap after
Heap after GC invocations=28 (full 6):
 PSYoungGen      total 1216000K, used 0K [0x000000076ce00000, 0x00000007c0000000, 0x00000007c0000000)
  eden space 1094656K, 0% used [0x000000076ce00000,0x000000076ce00000,0x00000007afb00000)
  from space 121344K, 0% used [0x00000007b8980000,0x00000007b8980000,0x00000007c0000000)
  to   space 133632K, 0% used [0x00000007afb00000,0x00000007afb00000,0x00000007b7d80000)
 ParOldGen       total 479232K, used 309874K [0x00000006c6a00000, 0x00000006e3e00000, 0x000000076ce00000)
  object space 479232K, 64% used [0x00000006c6a00000,0x00000006d989c8b0,0x00000006e3e00000)
 Metaspace       used 56205K, capacity 57093K, committed 57384K, reserved 1099776K
  class space    used 6915K, capacity 7142K, committed 7208K, reserved 1048576K
}
Event: 41.604 GC heap before
{Heap before GC invocations=29 (full 6):
 PSYoungGen      total 1216000K, used 1094656K [0x000000076ce00000, 0x00000007c0000000, 0x00000007c0000000)
  eden space 1094656K, 100% used [0x000000076ce00000,0x00000007afb00000,0x00000007afb00000)
  from space 121344K, 0% used [0x00000007b8980000,0x00000007b8980000,0x00000007c0000000)
  to   space 133632K, 0% used [0x00000007afb00000,0x00000007afb00000,0x00000007b7d80000)
 ParOldGen       total 479232K, used 309874K [0x00000006c6a00000, 0x00000006e3e00000, 0x000000076ce00000)
  object space 479232K, 64% used [0x00000006c6a00000,0x00000006d989c8b0,0x00000006e3e00000)
 Metaspace       used 58615K, capacity 59551K, committed 60072K, reserved 1101824K
  class space    used 7023K, capacity 7223K, committed 7336K, reserved 1048576K
Event: 41.615 GC heap after
Heap after GC invocations=29 (full 6):
 PSYoungGen      total 1228288K, used 68245K [0x000000076ce00000, 0x00000007c0000000, 0x00000007c0000000)
  eden space 1094656K, 0% used [0x000000076ce00000,0x000000076ce00000,0x00000007afb00000)
  from space 133632K, 51% used [0x00000007afb00000,0x00000007b3da5548,0x00000007b7d80000)
  to   space 133120K, 0% used [0x00000007b7e00000,0x00000007b7e00000,0x00000007c0000000)
 ParOldGen       total 479232K, used 310138K [0x00000006c6a00000, 0x00000006e3e00000, 0x000000076ce00000)
  object space 479232K, 64% used [0x00000006c6a00000,0x00000006d98de8c0,0x00000006e3e00000)
 Metaspace       used 58615K, capacity 59551K, committed 60072K, reserved 1101824K
  class space    used 7023K, capacity 7223K, committed 7336K, reserved 1048576K
}
Event: 50.800 GC heap before
{Heap before GC invocations=30 (full 6):
 PSYoungGen      total 1228288K, used 1162901K [0x000000076ce00000, 0x00000007c0000000, 0x00000007c0000000)
  eden space 1094656K, 100% used [0x000000076ce00000,0x00000007afb00000,0x00000007afb00000)
  from space 133632K, 51% used [0x00000007afb00000,0x00000007b3da5548,0x00000007b7d80000)
  to   space 133120K, 0% used [0x00000007b7e00000,0x00000007b7e00000,0x00000007c0000000)
 ParOldGen       total 479232K, used 310138K [0x00000006c6a00000, 0x00000006e3e00000, 0x000000076ce00000)
  object space 479232K, 64% used [0x00000006c6a00000,0x00000006d98de8c0,0x00000006e3e00000)
 Metaspace       used 58990K, capacity 59985K, committed 60328K, reserved 1101824K
  class space    used 7033K, capacity 7258K, committed 7336K, reserved 1048576K
Event: 50.814 GC heap after
Heap after GC invocations=30 (full 6):
 PSYoungGen      total 1221632K, used 80127K [0x000000076ce00000, 0x00000007c0000000, 0x00000007c0000000)
  eden space 1088512K, 0% used [0x000000076ce00000,0x000000076ce00000,0x00000007af500000)
  from space 133120K, 60% used [0x00000007b7e00000,0x00000007bcc3fc18,0x00000007c0000000)
  to   space 136704K, 0% used [0x00000007af500000,0x00000007af500000,0x00000007b7a80000)
 ParOldGen       total 479232K, used 310146K [0x00000006c6a00000, 0x00000006e3e00000, 0x000000076ce00000)
  object space 479232K, 64% used [0x00000006c6a00000,0x00000006d98e08c0,0x00000006e3e00000)
 Metaspace       used 58990K, capacity 59985K, committed 60328K, reserved 1101824K
  class space    used 7033K, capacity 7258K, committed 7336K, reserved 1048576K
}
Event: 67.178 GC heap before
{Heap before GC invocations=31 (full 6):
 PSYoungGen      total 1221632K, used 953614K [0x000000076ce00000, 0x00000007c0000000, 0x00000007c0000000)
  eden space 1088512K, 80% used [0x000000076ce00000,0x00000007a2303db0,0x00000007af500000)
  from space 133120K, 60% used [0x00000007b7e00000,0x00000007bcc3fc18,0x00000007c0000000)
  to   space 136704K, 0% used [0x00000007af500000,0x00000007af500000,0x00000007b7a80000)
 ParOldGen       total 479232K, used 310146K [0x00000006c6a00000, 0x00000006e3e00000, 0x000000076ce00000)
  object space 479232K, 64% used [0x00000006c6a00000,0x00000006d98e08c0,0x00000006e3e00000)
 Metaspace       used 59511K, capacity 60483K, committed 60840K, reserved 1103872K
  class space    used 7060K, capacity 7293K, committed 7336K, reserved 1048576K
Event: 67.192 GC heap after
Heap after GC invocations=31 (full 6):
 PSYoungGen      total 1225216K, used 65464K [0x000000076ce00000, 0x00000007bff80000, 0x00000007c0000000)
  eden space 1088512K, 0% used [0x000000076ce00000,0x000000076ce00000,0x00000007af500000)
  from space 136704K, 47% used [0x00000007af500000,0x00000007b34ee370,0x00000007b7a80000)
  to   space 133120K, 0% used [0x00000007b7d80000,0x00000007b7d80000,0x00000007bff80000)
 ParOldGen       total 479232K, used 310154K [0x00000006c6a00000, 0x00000006e3e00000, 0x000000076ce00000)
  object space 479232K, 64% used [0x00000006c6a00000,0x00000006d98e28c0,0x00000006e3e00000)
 Metaspace       used 59511K, capacity 60483K, committed 60840K, reserved 1103872K
  class space    used 7060K, capacity 7293K, committed 7336K, reserved 1048576K
}
Event: 67.192 GC heap before
{Heap before GC invocations=32 (full 7):
 PSYoungGen      total 1225216K, used 65464K [0x000000076ce00000, 0x00000007bff80000, 0x00000007c0000000)
  eden space 1088512K, 0% used [0x000000076ce00000,0x000000076ce00000,0x00000007af500000)
  from space 136704K, 47% used [0x00000007af500000,0x00000007b34ee370,0x00000007b7a80000)
  to   space 133120K, 0% used [0x00000007b7d80000,0x00000007b7d80000,0x00000007bff80000)
 ParOldGen       total 479232K, used 310154K [0x00000006c6a00000, 0x00000006e3e00000, 0x000000076ce00000)
  object space 479232K, 64% used [0x00000006c6a00000,0x00000006d98e28c0,0x00000006e3e00000)
 Metaspace       used 59511K, capacity 60483K, committed 60840K, reserved 1103872K
  class space    used 7060K, capacity 7293K, committed 7336K, reserved 1048576K
Event: 67.675 GC heap after
Heap after GC invocations=32 (full 7):
 PSYoungGen      total 1225216K, used 0K [0x000000076ce00000, 0x00000007bff80000, 0x00000007c0000000)
  eden space 1088512K, 0% used [0x000000076ce00000,0x000000076ce00000,0x00000007af500000)
  from space 136704K, 0% used [0x00000007af500000,0x00000007af500000,0x00000007b7a80000)
  to   space 133120K, 0% used [0x00000007b7d80000,0x00000007b7d80000,0x00000007bff80000)
 ParOldGen       total 479232K, used 356961K [0x00000006c6a00000, 0x00000006e3e00000, 0x000000076ce00000)
  object space 479232K, 74% used [0x00000006c6a00000,0x00000006dc698760,0x00000006e3e00000)
 Metaspace       used 59511K, capacity 60483K, committed 60840K, reserved 1103872K
  class space    used 7060K, capacity 7293K, committed 7336K, reserved 1048576K
}

