# JRE version: OpenJDK Runtime Environment (8.0_432-b05) (build 1.8.0_432-b05)
# Java VM: OpenJDK 64-Bit Server VM (25.432-b05 mixed mode linux-amd64 compressed oops)
Heap:
 PSYoungGen      total 1275392K, used 878779K [0x000000076ce00000, 0x00000007bfa80000, 0x00000007c0000000)
  eden space 1195520K, 72% used [0x000000076ce00000,0x00000007a198ed80,0x00000007b5d80000)
  from space 79872K, 18% used [0x00000007bac80000,0x00000007bbb20000,0x00000007bfa80000)
  to   space 80384K, 0% used [0x00000007b5d80000,0x00000007b5d80000,0x00000007bac00000)
 ParOldGen       total 1039360K, used 707467K [0x00000006c6a00000, 0x0000000706100000, 0x000000076ce00000)
  object space 1039360K, 68% used [0x00000006c6a00000,0x00000006f1ce2c60,0x0000000706100000)
 Metaspace       used 60125K, capacity 61059K, committed 61440K, reserved 1103872K
  class space    used 7081K, capacity 7304K, committed 7424K, reserved 1048576K
GC Heap History (10 events):
Event: 1961.818 GC heap before
{Heap before GC invocations=133 (full 11):
 PSYoungGen      total 1182720K, used 1091789K [0x000000076ce00000, 0x00000007baf00000, 0x00000007c0000000)
  eden space 1081344K, 100% used [0x000000076ce00000,0x00000007aee00000,0x00000007aee00000)
  from space 101376K, 10% used [0x00000007aee00000,0x00000007af833510,0x00000007b5100000)
  to   space 94720K, 0% used [0x00000007b5280000,0x00000007b5280000,0x00000007baf00000)
 ParOldGen       total 1039360K, used 706481K [0x00000006c6a00000, 0x0000000706100000, 0x000000076ce00000)
  object space 1039360K, 67% used [0x00000006c6a00000,0x00000006f1bec478,0x0000000706100000)
 Metaspace       used 60073K, capacity 61059K, committed 61440K, reserved 1103872K
  class space    used 7073K, capacity 7304K, committed 7424K, reserved 1048576K
Event: 1961.825 GC heap after
Heap after GC invocations=133 (full 11):
 PSYoungGen      total 1168896K, used 10733K [0x000000076ce00000, 0x00000007ba180000, 0x00000007c0000000)
  eden space 1088000K, 0% used [0x000000076ce00000,0x000000076ce00000,0x00000007af480000)
  from space 80896K, 13% used [0x00000007b5280000,0x00000007b5cfb510,0x00000007ba180000)
  to   space 88576K, 0% used [0x00000007af480000,0x00000007af480000,0x00000007b4b00000)
 ParOldGen       total 1039360K, used 706637K [0x00000006c6a00000, 0x0000000706100000, 0x000000076ce00000)
  object space 1039360K, 67% used [0x00000006c6a00000,0x00000006f1c13528,0x0000000706100000)
 Metaspace       used 60073K, capacity 61059K, committed 61440K, reserved 1103872K
  class space    used 7073K, capacity 7304K, committed 7424K, reserved 1048576K
}
Event: 2003.047 GC heap before
{Heap before GC invocations=134 (full 11):
 PSYoungGen      total 1168896K, used 1098733K [0x000000076ce00000, 0x00000007ba180000, 0x00000007c0000000)
  eden space 1088000K, 100% used [0x000000076ce00000,0x00000007af480000,0x00000007af480000)
  from space 80896K, 13% used [0x00000007b5280000,0x00000007b5cfb510,0x00000007ba180000)
  to   space 88576K, 0% used [0x00000007af480000,0x00000007af480000,0x00000007b4b00000)
 ParOldGen       total 1039360K, used 706637K [0x00000006c6a00000, 0x0000000706100000, 0x000000076ce00000)
  object space 1039360K, 67% used [0x00000006c6a00000,0x00000006f1c13528,0x0000000706100000)
 Metaspace       used 60076K, capacity 61059K, committed 61440K, reserved 1103872K
  class space    used 7073K, capacity 7304K, committed 7424K, reserved 1048576K
Event: 2003.059 GC heap after
Heap after GC invocations=134 (full 11):
 PSYoungGen      total 1102848K, used 14382K [0x000000076ce00000, 0x00000007b9a80000, 0x00000007c0000000)
  eden space 1088000K, 0% used [0x000000076ce00000,0x000000076ce00000,0x00000007af480000)
  from space 14848K, 96% used [0x00000007af480000,0x00000007b028baf0,0x00000007b0300000)
  to   space 81920K, 0% used [0x00000007b4a80000,0x00000007b4a80000,0x00000007b9a80000)
 ParOldGen       total 1039360K, used 706815K [0x00000006c6a00000, 0x0000000706100000, 0x000000076ce00000)
  object space 1039360K, 68% used [0x00000006c6a00000,0x00000006f1c3ff78,0x0000000706100000)
 Metaspace       used 60076K, capacity 61059K, committed 61440K, reserved 1103872K
  class space    used 7073K, capacity 7304K, committed 7424K, reserved 1048576K
}
Event: 2005.132 GC heap before
{Heap before GC invocations=135 (full 11):
 PSYoungGen      total 1102848K, used 1102382K [0x000000076ce00000, 0x00000007b9a80000, 0x00000007c0000000)
  eden space 1088000K, 100% used [0x000000076ce00000,0x00000007af480000,0x00000007af480000)
  from space 14848K, 96% used [0x00000007af480000,0x00000007b028baf0,0x00000007b0300000)
  to   space 81920K, 0% used [0x00000007b4a80000,0x00000007b4a80000,0x00000007b9a80000)
 ParOldGen       total 1039360K, used 706815K [0x00000006c6a00000, 0x0000000706100000, 0x000000076ce00000)
  object space 1039360K, 68% used [0x00000006c6a00000,0x00000006f1c3ff78,0x0000000706100000)
 Metaspace       used 60081K, capacity 61059K, committed 61440K, reserved 1103872K
  class space    used 7073K, capacity 7304K, committed 7424K, reserved 1048576K
Event: 2005.175 GC heap after
Heap after GC invocations=135 (full 11):
 PSYoungGen      total 1177088K, used 32096K [0x000000076ce00000, 0x00000007bc900000, 0x00000007c0000000)
  eden space 1095168K, 0% used [0x000000076ce00000,0x000000076ce00000,0x00000007afb80000)
  from space 81920K, 39% used [0x00000007b4a80000,0x00000007b69d8000,0x00000007b9a80000)
  to   space 80896K, 0% used [0x00000007afb80000,0x00000007afb80000,0x00000007b4a80000)
 ParOldGen       total 1039360K, used 707158K [0x00000006c6a00000, 0x0000000706100000, 0x000000076ce00000)
  object space 1039360K, 68% used [0x00000006c6a00000,0x00000006f1c95af8,0x0000000706100000)
 Metaspace       used 60081K, capacity 61059K, committed 61440K, reserved 1103872K
  class space    used 7073K, capacity 7304K, committed 7424K, reserved 1048576K
}
Event: 2007.474 GC heap before
{Heap before GC invocations=136 (full 11):
 PSYoungGen      total 1177088K, used 1127264K [0x000000076ce00000, 0x00000007bc900000, 0x00000007c0000000)
  eden space 1095168K, 100% used [0x000000076ce00000,0x00000007afb80000,0x00000007afb80000)
  from space 81920K, 39% used [0x00000007b4a80000,0x00000007b69d8000,0x00000007b9a80000)
  to   space 80896K, 0% used [0x00000007afb80000,0x00000007afb80000,0x00000007b4a80000)
 ParOldGen       total 1039360K, used 707158K [0x00000006c6a00000, 0x0000000706100000, 0x000000076ce00000)
  object space 1039360K, 68% used [0x00000006c6a00000,0x00000006f1c95af8,0x0000000706100000)
 Metaspace       used 60081K, capacity 61059K, committed 61440K, reserved 1103872K
  class space    used 7073K, capacity 7304K, committed 7424K, reserved 1048576K
Event: 2007.568 GC heap after
Heap after GC invocations=136 (full 11):
 PSYoungGen      total 1176064K, used 47552K [0x000000076ce00000, 0x00000007c0000000, 0x00000007c0000000)
  eden space 1095168K, 0% used [0x000000076ce00000,0x000000076ce00000,0x00000007afb80000)
  from space 80896K, 58% used [0x00000007afb80000,0x00000007b29f0000,0x00000007b4a80000)
  to   space 85504K, 0% used [0x00000007bac80000,0x00000007bac80000,0x00000007c0000000)
 ParOldGen       total 1039360K, used 707338K [0x00000006c6a00000, 0x0000000706100000, 0x000000076ce00000)
  object space 1039360K, 68% used [0x00000006c6a00000,0x00000006f1cc2bc8,0x0000000706100000)
 Metaspace       used 60081K, capacity 61059K, committed 61440K, reserved 1103872K
  class space    used 7073K, capacity 7304K, committed 7424K, reserved 1048576K
}
Event: 2009.578 GC heap before
{Heap before GC invocations=137 (full 11):
 PSYoungGen      total 1176064K, used 1142720K [0x000000076ce00000, 0x00000007c0000000, 0x00000007c0000000)
  eden space 1095168K, 100% used [0x000000076ce00000,0x00000007afb80000,0x00000007afb80000)
  from space 80896K, 58% used [0x00000007afb80000,0x00000007b29f0000,0x00000007b4a80000)
  to   space 85504K, 0% used [0x00000007bac80000,0x00000007bac80000,0x00000007c0000000)
 ParOldGen       total 1039360K, used 707338K [0x00000006c6a00000, 0x0000000706100000, 0x000000076ce00000)
  object space 1039360K, 68% used [0x00000006c6a00000,0x00000006f1cc2bc8,0x0000000706100000)
 Metaspace       used 60081K, capacity 61059K, committed 61440K, reserved 1103872K
  class space    used 7073K, capacity 7304K, committed 7424K, reserved 1048576K
Event: 2009.605 GC heap after
Heap after GC invocations=137 (full 11):
 PSYoungGen      total 1275392K, used 14976K [0x000000076ce00000, 0x00000007bfa80000, 0x00000007c0000000)
  eden space 1195520K, 0% used [0x000000076ce00000,0x000000076ce00000,0x00000007b5d80000)
  from space 79872K, 18% used [0x00000007bac80000,0x00000007bbb20000,0x00000007bfa80000)
  to   space 80384K, 0% used [0x00000007b5d80000,0x00000007b5d80000,0x00000007bac00000)
 ParOldGen       total 1039360K, used 707467K [0x00000006c6a00000, 0x0000000706100000, 0x000000076ce00000)
  object space 1039360K, 68% used [0x00000006c6a00000,0x00000006f1ce2c60,0x0000000706100000)
 Metaspace       used 60081K, capacity 61059K, committed 61440K, reserved 1103872K
  class space    used 7073K, capacity 7304K, committed 7424K, reserved 1048576K
}

