# JRE version: OpenJDK Runtime Environment (8.0_432-b05) (build 1.8.0_432-b05)
# Java VM: OpenJDK 64-Bit Server VM (25.432-b05 mixed mode linux-amd64 compressed oops)
Heap:
 PSYoungGen      total 1226240K, used 22617K [0x000000076ce00000, 0x00000007c0000000, 0x00000007c0000000)
  eden space 1090048K, 2% used [0x000000076ce00000,0x000000076e4165a0,0x00000007af680000)
  from space 136192K, 0% used [0x00000007b7b00000,0x00000007b7b00000,0x00000007c0000000)
  to   space 135680K, 0% used [0x00000007af680000,0x00000007af680000,0x00000007b7b00000)
 ParOldGen       total 415744K, used 354823K [0x00000006c6a00000, 0x00000006e0000000, 0x000000076ce00000)
  object space 415744K, 85% used [0x00000006c6a00000,0x00000006dc481fc0,0x00000006e0000000)
 Metaspace       used 59446K, capacity 60381K, committed 60672K, reserved 1101824K
  class space    used 7065K, capacity 7297K, committed 7424K, reserved 1048576K
GC Heap History (10 events):
Event: 30.057 GC heap before
{Heap before GC invocations=25 (full 6):
 PSYoungGen      total 1220096K, used 1099776K [0x000000076ce00000, 0x00000007c0000000, 0x00000007c0000000)
  eden space 1099776K, 100% used [0x000000076ce00000,0x00000007b0000000,0x00000007b0000000)
  from space 120320K, 0% used [0x00000007b8a80000,0x00000007b8a80000,0x00000007c0000000)
  to   space 131072K, 0% used [0x00000007b0000000,0x00000007b0000000,0x00000007b8000000)
 ParOldGen       total 415744K, used 289271K [0x00000006c6a00000, 0x00000006e0000000, 0x000000076ce00000)
  object space 415744K, 69% used [0x00000006c6a00000,0x00000006d847dca0,0x00000006e0000000)
 Metaspace       used 58476K, capacity 59479K, committed 59776K, reserved 1101824K
  class space    used 7043K, capacity 7296K, committed 7296K, reserved 1048576K
Event: 30.073 GC heap after
Heap after GC invocations=25 (full 6):
 PSYoungGen      total 1175040K, used 75238K [0x000000076ce00000, 0x00000007c0000000, 0x00000007c0000000)
  eden space 1099776K, 0% used [0x000000076ce00000,0x000000076ce00000,0x00000007b0000000)
  from space 75264K, 99% used [0x00000007b0000000,0x00000007b49799f8,0x00000007b4980000)
  to   space 132096K, 0% used [0x00000007b7f00000,0x00000007b7f00000,0x00000007c0000000)
 ParOldGen       total 415744K, used 289279K [0x00000006c6a00000, 0x00000006e0000000, 0x000000076ce00000)
  object space 415744K, 69% used [0x00000006c6a00000,0x00000006d847fca0,0x00000006e0000000)
 Metaspace       used 58476K, capacity 59479K, committed 59776K, reserved 1101824K
  class space    used 7043K, capacity 7296K, committed 7296K, reserved 1048576K
}
Event: 37.799 GC heap before
{Heap before GC invocations=26 (full 6):
 PSYoungGen      total 1175040K, used 1175014K [0x000000076ce00000, 0x00000007c0000000, 0x00000007c0000000)
  eden space 1099776K, 100% used [0x000000076ce00000,0x00000007b0000000,0x00000007b0000000)
  from space 75264K, 99% used [0x00000007b0000000,0x00000007b49799f8,0x00000007b4980000)
  to   space 132096K, 0% used [0x00000007b7f00000,0x00000007b7f00000,0x00000007c0000000)
 ParOldGen       total 415744K, used 289279K [0x00000006c6a00000, 0x00000006e0000000, 0x000000076ce00000)
  object space 415744K, 69% used [0x00000006c6a00000,0x00000006d847fca0,0x00000006e0000000)
 Metaspace       used 59024K, capacity 59997K, committed 60416K, reserved 1101824K
  class space    used 7048K, capacity 7297K, committed 7424K, reserved 1048576K
Event: 37.814 GC heap after
Heap after GC invocations=26 (full 6):
 PSYoungGen      total 1215488K, used 93223K [0x000000076ce00000, 0x00000007c0000000, 0x00000007c0000000)
  eden space 1083392K, 0% used [0x000000076ce00000,0x000000076ce00000,0x00000007af000000)
  from space 132096K, 70% used [0x00000007b7f00000,0x00000007bda09f30,0x00000007c0000000)
  to   space 139264K, 0% used [0x00000007af000000,0x00000007af000000,0x00000007b7800000)
 ParOldGen       total 415744K, used 289287K [0x00000006c6a00000, 0x00000006e0000000, 0x000000076ce00000)
  object space 415744K, 69% used [0x00000006c6a00000,0x00000006d8481ca0,0x00000006e0000000)
 Metaspace       used 59024K, capacity 59997K, committed 60416K, reserved 1101824K
  class space    used 7048K, capacity 7297K, committed 7424K, reserved 1048576K
}
Event: 50.409 GC heap before
{Heap before GC invocations=27 (full 6):
 PSYoungGen      total 1215488K, used 1176615K [0x000000076ce00000, 0x00000007c0000000, 0x00000007c0000000)
  eden space 1083392K, 100% used [0x000000076ce00000,0x00000007af000000,0x00000007af000000)
  from space 132096K, 70% used [0x00000007b7f00000,0x00000007bda09f30,0x00000007c0000000)
  to   space 139264K, 0% used [0x00000007af000000,0x00000007af000000,0x00000007b7800000)
 ParOldGen       total 415744K, used 289287K [0x00000006c6a00000, 0x00000006e0000000, 0x000000076ce00000)
  object space 415744K, 69% used [0x00000006c6a00000,0x00000006d8481ca0,0x00000006e0000000)
 Metaspace       used 59238K, capacity 60189K, committed 60416K, reserved 1101824K
  class space    used 7050K, capacity 7297K, committed 7424K, reserved 1048576K
Event: 50.420 GC heap after
Heap after GC invocations=27 (full 6):
 PSYoungGen      total 1222656K, used 71112K [0x000000076ce00000, 0x00000007c0000000, 0x00000007c0000000)
  eden space 1083392K, 0% used [0x000000076ce00000,0x000000076ce00000,0x00000007af000000)
  from space 139264K, 51% used [0x00000007af000000,0x00000007b3572310,0x00000007b7800000)
  to   space 136192K, 0% used [0x00000007b7b00000,0x00000007b7b00000,0x00000007c0000000)
 ParOldGen       total 415744K, used 289295K [0x00000006c6a00000, 0x00000006e0000000, 0x000000076ce00000)
  object space 415744K, 69% used [0x00000006c6a00000,0x00000006d8483ca0,0x00000006e0000000)
 Metaspace       used 59238K, capacity 60189K, committed 60416K, reserved 1101824K
  class space    used 7050K, capacity 7297K, committed 7424K, reserved 1048576K
}
Event: 55.899 GC heap before
{Heap before GC invocations=28 (full 6):
 PSYoungGen      total 1222656K, used 648887K [0x000000076ce00000, 0x00000007c0000000, 0x00000007c0000000)
  eden space 1083392K, 53% used [0x000000076ce00000,0x000000079023bca0,0x00000007af000000)
  from space 139264K, 51% used [0x00000007af000000,0x00000007b3572310,0x00000007b7800000)
  to   space 136192K, 0% used [0x00000007b7b00000,0x00000007b7b00000,0x00000007c0000000)
 ParOldGen       total 415744K, used 289295K [0x00000006c6a00000, 0x00000006e0000000, 0x000000076ce00000)
  object space 415744K, 69% used [0x00000006c6a00000,0x00000006d8483ca0,0x00000006e0000000)
 Metaspace       used 59431K, capacity 60381K, committed 60672K, reserved 1101824K
  class space    used 7064K, capacity 7297K, committed 7424K, reserved 1048576K
Event: 55.911 GC heap after
Heap after GC invocations=28 (full 6):
 PSYoungGen      total 1226240K, used 78302K [0x000000076ce00000, 0x00000007c0000000, 0x00000007c0000000)
  eden space 1090048K, 0% used [0x000000076ce00000,0x000000076ce00000,0x00000007af680000)
  from space 136192K, 57% used [0x00000007b7b00000,0x00000007bc777ac0,0x00000007c0000000)
  to   space 135680K, 0% used [0x00000007af680000,0x00000007af680000,0x00000007b7b00000)
 ParOldGen       total 415744K, used 289303K [0x00000006c6a00000, 0x00000006e0000000, 0x000000076ce00000)
  object space 415744K, 69% used [0x00000006c6a00000,0x00000006d8485ca0,0x00000006e0000000)
 Metaspace       used 59431K, capacity 60381K, committed 60672K, reserved 1101824K
  class space    used 7064K, capacity 7297K, committed 7424K, reserved 1048576K
}
Event: 55.911 GC heap before
{Heap before GC invocations=29 (full 7):
 PSYoungGen      total 1226240K, used 78302K [0x000000076ce00000, 0x00000007c0000000, 0x00000007c0000000)
  eden space 1090048K, 0% used [0x000000076ce00000,0x000000076ce00000,0x00000007af680000)
  from space 136192K, 57% used [0x00000007b7b00000,0x00000007bc777ac0,0x00000007c0000000)
  to   space 135680K, 0% used [0x00000007af680000,0x00000007af680000,0x00000007b7b00000)
 ParOldGen       total 415744K, used 289303K [0x00000006c6a00000, 0x00000006e0000000, 0x000000076ce00000)
  object space 415744K, 69% used [0x00000006c6a00000,0x00000006d8485ca0,0x00000006e0000000)
 Metaspace       used 59431K, capacity 60381K, committed 60672K, reserved 1101824K
  class space    used 7064K, capacity 7297K, committed 7424K, reserved 1048576K
Event: 56.331 GC heap after
Heap after GC invocations=29 (full 7):
 PSYoungGen      total 1226240K, used 0K [0x000000076ce00000, 0x00000007c0000000, 0x00000007c0000000)
  eden space 1090048K, 0% used [0x000000076ce00000,0x000000076ce00000,0x00000007af680000)
  from space 136192K, 0% used [0x00000007b7b00000,0x00000007b7b00000,0x00000007c0000000)
  to   space 135680K, 0% used [0x00000007af680000,0x00000007af680000,0x00000007b7b00000)
 ParOldGen       total 415744K, used 354823K [0x00000006c6a00000, 0x00000006e0000000, 0x000000076ce00000)
  object space 415744K, 85% used [0x00000006c6a00000,0x00000006dc481fc0,0x00000006e0000000)
 Metaspace       used 59431K, capacity 60381K, committed 60672K, reserved 1101824K
  class space    used 7064K, capacity 7297K, committed 7424K, reserved 1048576K
}

