# JRE version: OpenJDK Runtime Environment (8.0_412-b08) (build 1.8.0_412-b08)
# Java VM: OpenJDK 64-Bit Server VM (25.412-b08 mixed mode linux-amd64 compressed oops)
Heap:
 PSYoungGen      total 1149440K, used 24694K [0x000000076ce00000, 0x00000007c0000000, 0x00000007c0000000)
  eden space 1045504K, 2% used [0x000000076ce00000,0x000000076e61da58,0x00000007acb00000)
  from space 103936K, 0% used [0x00000007acb00000,0x00000007acb00000,0x00000007b3080000)
  to   space 162816K, 0% used [0x00000007b6100000,0x00000007b6100000,0x00000007c0000000)
 ParOldGen       total 510464K, used 389180K [0x00000006c6a00000, 0x00000006e5c80000, 0x000000076ce00000)
  object space 510464K, 76% used [0x00000006c6a00000,0x00000006de60f1b8,0x00000006e5c80000)
 Metaspace       used 60469K, capacity 61427K, committed 61864K, reserved 1103872K
  class space    used 7074K, capacity 7303K, committed 7336K, reserved 1048576K
GC Heap History (10 events):
Event: 76.419 GC heap before
{Heap before GC invocations=30 (full 6):
 PSYoungGen      total 1221632K, used 1157108K [0x000000076ce00000, 0x00000007c0000000, 0x00000007c0000000)
  eden space 1081344K, 100% used [0x000000076ce00000,0x00000007aee00000,0x00000007aee00000)
  from space 140288K, 54% used [0x00000007aee00000,0x00000007b37fd1d0,0x00000007b7700000)
  to   space 140288K, 0% used [0x00000007b7700000,0x00000007b7700000,0x00000007c0000000)
 ParOldGen       total 510464K, used 317598K [0x00000006c6a00000, 0x00000006e5c80000, 0x000000076ce00000)
  object space 510464K, 62% used [0x00000006c6a00000,0x00000006da027920,0x00000006e5c80000)
 Metaspace       used 59143K, capacity 60057K, committed 60328K, reserved 1101824K
  class space    used 7034K, capacity 7260K, committed 7336K, reserved 1048576K
Event: 76.437 GC heap after
Heap after GC invocations=30 (full 6):
 PSYoungGen      total 1214464K, used 87912K [0x000000076ce00000, 0x00000007c0000000, 0x00000007c0000000)
  eden space 1074176K, 0% used [0x000000076ce00000,0x000000076ce00000,0x00000007ae700000)
  from space 140288K, 62% used [0x00000007b7700000,0x00000007bccda3d8,0x00000007c0000000)
  to   space 143872K, 0% used [0x00000007ae700000,0x00000007ae700000,0x00000007b7380000)
 ParOldGen       total 510464K, used 317606K [0x00000006c6a00000, 0x00000006e5c80000, 0x000000076ce00000)
  object space 510464K, 62% used [0x00000006c6a00000,0x00000006da029920,0x00000006e5c80000)
 Metaspace       used 59143K, capacity 60057K, committed 60328K, reserved 1101824K
  class space    used 7034K, capacity 7260K, committed 7336K, reserved 1048576K
}
Event: 98.909 GC heap before
{Heap before GC invocations=31 (full 6):
 PSYoungGen      total 1214464K, used 1162088K [0x000000076ce00000, 0x00000007c0000000, 0x00000007c0000000)
  eden space 1074176K, 100% used [0x000000076ce00000,0x00000007ae700000,0x00000007ae700000)
  from space 140288K, 62% used [0x00000007b7700000,0x00000007bccda3d8,0x00000007c0000000)
  to   space 143872K, 0% used [0x00000007ae700000,0x00000007ae700000,0x00000007b7380000)
 ParOldGen       total 510464K, used 317606K [0x00000006c6a00000, 0x00000006e5c80000, 0x000000076ce00000)
  object space 510464K, 62% used [0x00000006c6a00000,0x00000006da029920,0x00000006e5c80000)
 Metaspace       used 60103K, capacity 61049K, committed 61352K, reserved 1103872K
  class space    used 7056K, capacity 7268K, committed 7336K, reserved 1048576K
Event: 98.922 GC heap after
Heap after GC invocations=31 (full 6):
 PSYoungGen      total 1169408K, used 95142K [0x000000076ce00000, 0x00000007c0000000, 0x00000007c0000000)
  eden space 1074176K, 0% used [0x000000076ce00000,0x000000076ce00000,0x00000007ae700000)
  from space 95232K, 99% used [0x00000007ae700000,0x00000007b43e9b18,0x00000007b4400000)
  to   space 149504K, 0% used [0x00000007b6e00000,0x00000007b6e00000,0x00000007c0000000)
 ParOldGen       total 510464K, used 317870K [0x00000006c6a00000, 0x00000006e5c80000, 0x000000076ce00000)
  object space 510464K, 62% used [0x00000006c6a00000,0x00000006da06b930,0x00000006e5c80000)
 Metaspace       used 60103K, capacity 61049K, committed 61352K, reserved 1103872K
  class space    used 7056K, capacity 7268K, committed 7336K, reserved 1048576K
}
Event: 108.830 GC heap before
{Heap before GC invocations=32 (full 6):
 PSYoungGen      total 1169408K, used 1169318K [0x000000076ce00000, 0x00000007c0000000, 0x00000007c0000000)
  eden space 1074176K, 100% used [0x000000076ce00000,0x00000007ae700000,0x00000007ae700000)
  from space 95232K, 99% used [0x00000007ae700000,0x00000007b43e9b18,0x00000007b4400000)
  to   space 149504K, 0% used [0x00000007b6e00000,0x00000007b6e00000,0x00000007c0000000)
 ParOldGen       total 510464K, used 317870K [0x00000006c6a00000, 0x00000006e5c80000, 0x000000076ce00000)
  object space 510464K, 62% used [0x00000006c6a00000,0x00000006da06b930,0x00000006e5c80000)
 Metaspace       used 60322K, capacity 61323K, committed 61608K, reserved 1103872K
  class space    used 7065K, capacity 7271K, committed 7336K, reserved 1048576K
Event: 108.846 GC heap after
Heap after GC invocations=32 (full 6):
 PSYoungGen      total 1195008K, used 109276K [0x000000076ce00000, 0x00000007c0000000, 0x00000007c0000000)
  eden space 1045504K, 0% used [0x000000076ce00000,0x000000076ce00000,0x00000007acb00000)
  from space 149504K, 73% used [0x00000007b6e00000,0x00000007bd8b7120,0x00000007c0000000)
  to   space 158208K, 0% used [0x00000007acb00000,0x00000007acb00000,0x00000007b6580000)
 ParOldGen       total 510464K, used 317878K [0x00000006c6a00000, 0x00000006e5c80000, 0x000000076ce00000)
  object space 510464K, 62% used [0x00000006c6a00000,0x00000006da06d930,0x00000006e5c80000)
 Metaspace       used 60322K, capacity 61323K, committed 61608K, reserved 1103872K
  class space    used 7065K, capacity 7271K, committed 7336K, reserved 1048576K
}
Event: 133.101 GC heap before
{Heap before GC invocations=33 (full 6):
 PSYoungGen      total 1195008K, used 1076273K [0x000000076ce00000, 0x00000007c0000000, 0x00000007c0000000)
  eden space 1045504K, 92% used [0x000000076ce00000,0x00000007a7e55478,0x00000007acb00000)
  from space 149504K, 73% used [0x00000007b6e00000,0x00000007bd8b7120,0x00000007c0000000)
  to   space 158208K, 0% used [0x00000007acb00000,0x00000007acb00000,0x00000007b6580000)
 ParOldGen       total 510464K, used 317878K [0x00000006c6a00000, 0x00000006e5c80000, 0x000000076ce00000)
  object space 510464K, 62% used [0x00000006c6a00000,0x00000006da06d930,0x00000006e5c80000)
 Metaspace       used 60456K, capacity 61427K, committed 61864K, reserved 1103872K
  class space    used 7073K, capacity 7303K, committed 7336K, reserved 1048576K
Event: 133.116 GC heap after
Heap after GC invocations=33 (full 6):
 PSYoungGen      total 1149440K, used 103547K [0x000000076ce00000, 0x00000007c0000000, 0x00000007c0000000)
  eden space 1045504K, 0% used [0x000000076ce00000,0x000000076ce00000,0x00000007acb00000)
  from space 103936K, 99% used [0x00000007acb00000,0x00000007b301ee50,0x00000007b3080000)
  to   space 162816K, 0% used [0x00000007b6100000,0x00000007b6100000,0x00000007c0000000)
 ParOldGen       total 510464K, used 317886K [0x00000006c6a00000, 0x00000006e5c80000, 0x000000076ce00000)
  object space 510464K, 62% used [0x00000006c6a00000,0x00000006da06f930,0x00000006e5c80000)
 Metaspace       used 60456K, capacity 61427K, committed 61864K, reserved 1103872K
  class space    used 7073K, capacity 7303K, committed 7336K, reserved 1048576K
}
Event: 133.116 GC heap before
{Heap before GC invocations=34 (full 7):
 PSYoungGen      total 1149440K, used 103547K [0x000000076ce00000, 0x00000007c0000000, 0x00000007c0000000)
  eden space 1045504K, 0% used [0x000000076ce00000,0x000000076ce00000,0x00000007acb00000)
  from space 103936K, 99% used [0x00000007acb00000,0x00000007b301ee50,0x00000007b3080000)
  to   space 162816K, 0% used [0x00000007b6100000,0x00000007b6100000,0x00000007c0000000)
 ParOldGen       total 510464K, used 317886K [0x00000006c6a00000, 0x00000006e5c80000, 0x000000076ce00000)
  object space 510464K, 62% used [0x00000006c6a00000,0x00000006da06f930,0x00000006e5c80000)
 Metaspace       used 60456K, capacity 61427K, committed 61864K, reserved 1103872K
  class space    used 7073K, capacity 7303K, committed 7336K, reserved 1048576K
Event: 133.533 GC heap after
Heap after GC invocations=34 (full 7):
 PSYoungGen      total 1149440K, used 0K [0x000000076ce00000, 0x00000007c0000000, 0x00000007c0000000)
  eden space 1045504K, 0% used [0x000000076ce00000,0x000000076ce00000,0x00000007acb00000)
  from space 103936K, 0% used [0x00000007acb00000,0x00000007acb00000,0x00000007b3080000)
  to   space 162816K, 0% used [0x00000007b6100000,0x00000007b6100000,0x00000007c0000000)
 ParOldGen       total 510464K, used 389180K [0x00000006c6a00000, 0x00000006e5c80000, 0x000000076ce00000)
  object space 510464K, 76% used [0x00000006c6a00000,0x00000006de60f1b8,0x00000006e5c80000)
 Metaspace       used 60456K, capacity 61427K, committed 61864K, reserved 1103872K
  class space    used 7073K, capacity 7303K, committed 7336K, reserved 1048576K
}

