# JRE version: OpenJDK Runtime Environment (8.0_412-b08) (build 1.8.0_412-b08)
# Java VM: OpenJDK 64-Bit Server VM (25.412-b08 mixed mode linux-amd64 compressed oops)
Heap:
 PSYoungGen      total 1200640K, used 19575K [0x000000076ce00000, 0x00000007c0000000, 0x00000007c0000000)
  eden space 1045504K, 1% used [0x000000076ce00000,0x000000076e11de20,0x00000007acb00000)
  from space 155136K, 0% used [0x00000007b6880000,0x00000007b6880000,0x00000007c0000000)
  to   space 158208K, 0% used [0x00000007acb00000,0x00000007acb00000,0x00000007b6580000)
 ParOldGen       total 469504K, used 381230K [0x00000006c6a00000, 0x00000006e3480000, 0x000000076ce00000)
  object space 469504K, 81% used [0x00000006c6a00000,0x00000006dde4bb58,0x00000006e3480000)
 Metaspace       used 60091K, capacity 61117K, committed 61480K, reserved 1103872K
  class space    used 7108K, capacity 7344K, committed 7464K, reserved 1048576K
GC Heap History (10 events):
Event: 97.413 GC heap before
{Heap before GC invocations=31 (full 6):
 PSYoungGen      total 1198080K, used 1163647K [0x000000076ce00000, 0x00000007c0000000, 0x00000007c0000000)
  eden space 1062912K, 99% used [0x000000076ce00000,0x00000007ad39d408,0x00000007adc00000)
  from space 135168K, 80% used [0x00000007b7c00000,0x00000007be6c2b98,0x00000007c0000000)
  to   space 149504K, 0% used [0x00000007adc00000,0x00000007adc00000,0x00000007b6e00000)
 ParOldGen       total 469504K, used 311335K [0x00000006c6a00000, 0x00000006e3480000, 0x000000076ce00000)
  object space 469504K, 66% used [0x00000006c6a00000,0x00000006d9a09c48,0x00000006e3480000)
 Metaspace       used 59748K, capacity 60749K, committed 61096K, reserved 1103872K
  class space    used 7091K, capacity 7310K, committed 7336K, reserved 1048576K
Event: 97.427 GC heap after
Heap after GC invocations=31 (full 6):
 PSYoungGen      total 1146880K, used 83481K [0x000000076ce00000, 0x00000007c0000000, 0x00000007c0000000)
  eden space 1062912K, 0% used [0x000000076ce00000,0x000000076ce00000,0x00000007adc00000)
  from space 83968K, 99% used [0x00000007adc00000,0x00000007b2d864d8,0x00000007b2e00000)
  to   space 150528K, 0% used [0x00000007b6d00000,0x00000007b6d00000,0x00000007c0000000)
 ParOldGen       total 469504K, used 311343K [0x00000006c6a00000, 0x00000006e3480000, 0x000000076ce00000)
  object space 469504K, 66% used [0x00000006c6a00000,0x00000006d9a0bc48,0x00000006e3480000)
 Metaspace       used 59748K, capacity 60749K, committed 61096K, reserved 1103872K
  class space    used 7091K, capacity 7310K, committed 7336K, reserved 1048576K
}
Event: 111.828 GC heap before
{Heap before GC invocations=32 (full 6):
 PSYoungGen      total 1146880K, used 1146393K [0x000000076ce00000, 0x00000007c0000000, 0x00000007c0000000)
  eden space 1062912K, 100% used [0x000000076ce00000,0x00000007adc00000,0x00000007adc00000)
  from space 83968K, 99% used [0x00000007adc00000,0x00000007b2d864d8,0x00000007b2e00000)
  to   space 150528K, 0% used [0x00000007b6d00000,0x00000007b6d00000,0x00000007c0000000)
 ParOldGen       total 469504K, used 311343K [0x00000006c6a00000, 0x00000006e3480000, 0x000000076ce00000)
  object space 469504K, 66% used [0x00000006c6a00000,0x00000006d9a0bc48,0x00000006e3480000)
 Metaspace       used 59884K, capacity 60889K, committed 61096K, reserved 1103872K
  class space    used 7097K, capacity 7312K, committed 7336K, reserved 1048576K
Event: 111.842 GC heap after
Heap after GC invocations=32 (full 6):
 PSYoungGen      total 1206272K, used 88116K [0x000000076ce00000, 0x00000007c0000000, 0x00000007c0000000)
  eden space 1055744K, 0% used [0x000000076ce00000,0x000000076ce00000,0x00000007ad500000)
  from space 150528K, 58% used [0x00000007b6d00000,0x00000007bc30d008,0x00000007c0000000)
  to   space 153088K, 0% used [0x00000007ad500000,0x00000007ad500000,0x00000007b6a80000)
 ParOldGen       total 469504K, used 311351K [0x00000006c6a00000, 0x00000006e3480000, 0x000000076ce00000)
  object space 469504K, 66% used [0x00000006c6a00000,0x00000006d9a0dc48,0x00000006e3480000)
 Metaspace       used 59884K, capacity 60889K, committed 61096K, reserved 1103872K
  class space    used 7097K, capacity 7312K, committed 7336K, reserved 1048576K
}
Event: 123.679 GC heap before
{Heap before GC invocations=33 (full 6):
 PSYoungGen      total 1206272K, used 1143860K [0x000000076ce00000, 0x00000007c0000000, 0x00000007c0000000)
  eden space 1055744K, 100% used [0x000000076ce00000,0x00000007ad500000,0x00000007ad500000)
  from space 150528K, 58% used [0x00000007b6d00000,0x00000007bc30d008,0x00000007c0000000)
  to   space 153088K, 0% used [0x00000007ad500000,0x00000007ad500000,0x00000007b6a80000)
 ParOldGen       total 469504K, used 311351K [0x00000006c6a00000, 0x00000006e3480000, 0x000000076ce00000)
  object space 469504K, 66% used [0x00000006c6a00000,0x00000006d9a0dc48,0x00000006e3480000)
 Metaspace       used 59992K, capacity 60957K, committed 61096K, reserved 1103872K
  class space    used 7097K, capacity 7312K, committed 7336K, reserved 1048576K
Event: 123.694 GC heap after
Heap after GC invocations=33 (full 6):
 PSYoungGen      total 1146880K, used 90905K [0x000000076ce00000, 0x00000007c0000000, 0x00000007c0000000)
  eden space 1055744K, 0% used [0x000000076ce00000,0x000000076ce00000,0x00000007ad500000)
  from space 91136K, 99% used [0x00000007ad500000,0x00000007b2dc6438,0x00000007b2e00000)
  to   space 155136K, 0% used [0x00000007b6880000,0x00000007b6880000,0x00000007c0000000)
 ParOldGen       total 469504K, used 311359K [0x00000006c6a00000, 0x00000006e3480000, 0x000000076ce00000)
  object space 469504K, 66% used [0x00000006c6a00000,0x00000006d9a0fc48,0x00000006e3480000)
 Metaspace       used 59992K, capacity 60957K, committed 61096K, reserved 1103872K
  class space    used 7097K, capacity 7312K, committed 7336K, reserved 1048576K
}
Event: 128.361 GC heap before
{Heap before GC invocations=34 (full 6):
 PSYoungGen      total 1146880K, used 267263K [0x000000076ce00000, 0x00000007c0000000, 0x00000007c0000000)
  eden space 1055744K, 16% used [0x000000076ce00000,0x0000000777a39a20,0x00000007ad500000)
  from space 91136K, 99% used [0x00000007ad500000,0x00000007b2dc6438,0x00000007b2e00000)
  to   space 155136K, 0% used [0x00000007b6880000,0x00000007b6880000,0x00000007c0000000)
 ParOldGen       total 469504K, used 311359K [0x00000006c6a00000, 0x00000006e3480000, 0x000000076ce00000)
  object space 469504K, 66% used [0x00000006c6a00000,0x00000006d9a0fc48,0x00000006e3480000)
 Metaspace       used 60079K, capacity 61117K, committed 61480K, reserved 1103872K
  class space    used 7107K, capacity 7344K, committed 7464K, reserved 1048576K
Event: 128.375 GC heap after
Heap after GC invocations=34 (full 6):
 PSYoungGen      total 1200640K, used 96398K [0x000000076ce00000, 0x00000007c0000000, 0x00000007c0000000)
  eden space 1045504K, 0% used [0x000000076ce00000,0x000000076ce00000,0x00000007acb00000)
  from space 155136K, 62% used [0x00000007b6880000,0x00000007bc6a3860,0x00000007c0000000)
  to   space 158208K, 0% used [0x00000007acb00000,0x00000007acb00000,0x00000007b6580000)
 ParOldGen       total 469504K, used 311367K [0x00000006c6a00000, 0x00000006e3480000, 0x000000076ce00000)
  object space 469504K, 66% used [0x00000006c6a00000,0x00000006d9a11c48,0x00000006e3480000)
 Metaspace       used 60079K, capacity 61117K, committed 61480K, reserved 1103872K
  class space    used 7107K, capacity 7344K, committed 7464K, reserved 1048576K
}
Event: 128.375 GC heap before
{Heap before GC invocations=35 (full 7):
 PSYoungGen      total 1200640K, used 96398K [0x000000076ce00000, 0x00000007c0000000, 0x00000007c0000000)
  eden space 1045504K, 0% used [0x000000076ce00000,0x000000076ce00000,0x00000007acb00000)
  from space 155136K, 62% used [0x00000007b6880000,0x00000007bc6a3860,0x00000007c0000000)
  to   space 158208K, 0% used [0x00000007acb00000,0x00000007acb00000,0x00000007b6580000)
 ParOldGen       total 469504K, used 311367K [0x00000006c6a00000, 0x00000006e3480000, 0x000000076ce00000)
  object space 469504K, 66% used [0x00000006c6a00000,0x00000006d9a11c48,0x00000006e3480000)
 Metaspace       used 60079K, capacity 61117K, committed 61480K, reserved 1103872K
  class space    used 7107K, capacity 7344K, committed 7464K, reserved 1048576K
Event: 128.753 GC heap after
Heap after GC invocations=35 (full 7):
 PSYoungGen      total 1200640K, used 0K [0x000000076ce00000, 0x00000007c0000000, 0x00000007c0000000)
  eden space 1045504K, 0% used [0x000000076ce00000,0x000000076ce00000,0x00000007acb00000)
  from space 155136K, 0% used [0x00000007b6880000,0x00000007b6880000,0x00000007c0000000)
  to   space 158208K, 0% used [0x00000007acb00000,0x00000007acb00000,0x00000007b6580000)
 ParOldGen       total 469504K, used 381230K [0x00000006c6a00000, 0x00000006e3480000, 0x000000076ce00000)
  object space 469504K, 81% used [0x00000006c6a00000,0x00000006dde4bb58,0x00000006e3480000)
 Metaspace       used 60079K, capacity 61117K, committed 61480K, reserved 1103872K
  class space    used 7107K, capacity 7344K, committed 7464K, reserved 1048576K
}

