# JRE version: OpenJDK Runtime Environment (8.0_412-b08) (build 1.8.0_412-b08)
# Java VM: OpenJDK 64-Bit Server VM (25.412-b08 mixed mode linux-amd64 compressed oops)
Heap:
 PSYoungGen      total 1207296K, used 936051K [0x000000076ce00000, 0x00000007c0000000, 0x00000007c0000000)
  eden space 1075712K, 85% used [0x000000076ce00000,0x00000007a5002988,0x00000007ae880000)
  from space 131584K, 12% used [0x00000007ae880000,0x00000007af89a5e0,0x00000007b6900000)
  to   space 128512K, 0% used [0x00000007b8280000,0x00000007b8280000,0x00000007c0000000)
 ParOldGen       total 567808K, used 398981K [0x00000006c6a00000, 0x00000006e9480000, 0x000000076ce00000)
  object space 567808K, 70% used [0x00000006c6a00000,0x00000006defa14a8,0x00000006e9480000)
 Metaspace       used 50131K, capacity 50995K, committed 51368K, reserved 1093632K
  class space    used 6243K, capacity 6451K, committed 6568K, reserved 1048576K
GC Heap History (10 events):
Event: 12.454 GC heap before
{Heap before GC invocations=14 (full 2):
 PSYoungGen      total 903680K, used 903672K [0x000000076ce00000, 0x00000007beb00000, 0x00000007c0000000)
  eden space 858624K, 100% used [0x000000076ce00000,0x00000007a1480000,0x00000007a1480000)
  from space 45056K, 99% used [0x00000007a1480000,0x00000007a407e0c8,0x00000007a4080000)
  to   space 73728K, 0% used [0x00000007ba300000,0x00000007ba300000,0x00000007beb00000)
 ParOldGen       total 241664K, used 147406K [0x00000006c6a00000, 0x00000006d5600000, 0x000000076ce00000)
  object space 241664K, 60% used [0x00000006c6a00000,0x00000006cf9f3970,0x00000006d5600000)
 Metaspace       used 39586K, capacity 40033K, committed 40488K, reserved 1085440K
  class space    used 4947K, capacity 5096K, committed 5160K, reserved 1048576K
Event: 12.575 GC heap after
Heap after GC invocations=14 (full 2):
 PSYoungGen      total 1143808K, used 73708K [0x000000076ce00000, 0x00000007c0000000, 0x00000007c0000000)
  eden space 1070080K, 0% used [0x000000076ce00000,0x000000076ce00000,0x00000007ae300000)
  from space 73728K, 99% used [0x00000007ba300000,0x00000007beafb210,0x00000007beb00000)
  to   space 145920K, 0% used [0x00000007ae300000,0x00000007ae300000,0x00000007b7180000)
 ParOldGen       total 310784K, used 310651K [0x00000006c6a00000, 0x00000006d9980000, 0x000000076ce00000)
  object space 310784K, 99% used [0x00000006c6a00000,0x00000006d995ecd8,0x00000006d9980000)
 Metaspace       used 39586K, capacity 40033K, committed 40488K, reserved 1085440K
  class space    used 4947K, capacity 5096K, committed 5160K, reserved 1048576K
}
Event: 12.575 GC heap before
{Heap before GC invocations=15 (full 3):
 PSYoungGen      total 1143808K, used 73708K [0x000000076ce00000, 0x00000007c0000000, 0x00000007c0000000)
  eden space 1070080K, 0% used [0x000000076ce00000,0x000000076ce00000,0x00000007ae300000)
  from space 73728K, 99% used [0x00000007ba300000,0x00000007beafb210,0x00000007beb00000)
  to   space 145920K, 0% used [0x00000007ae300000,0x00000007ae300000,0x00000007b7180000)
 ParOldGen       total 310784K, used 310651K [0x00000006c6a00000, 0x00000006d9980000, 0x000000076ce00000)
  object space 310784K, 99% used [0x00000006c6a00000,0x00000006d995ecd8,0x00000006d9980000)
 Metaspace       used 39586K, capacity 40033K, committed 40488K, reserved 1085440K
  class space    used 4947K, capacity 5096K, committed 5160K, reserved 1048576K
Event: 12.825 GC heap after
Heap after GC invocations=15 (full 3):
 PSYoungGen      total 1143808K, used 35514K [0x000000076ce00000, 0x00000007c0000000, 0x00000007c0000000)
  eden space 1070080K, 0% used [0x000000076ce00000,0x000000076ce00000,0x00000007ae300000)
  from space 73728K, 48% used [0x00000007ba300000,0x00000007bc5ae840,0x00000007beb00000)
  to   space 145920K, 0% used [0x00000007ae300000,0x00000007ae300000,0x00000007b7180000)
 ParOldGen       total 567808K, used 310329K [0x00000006c6a00000, 0x00000006e9480000, 0x000000076ce00000)
  object space 567808K, 54% used [0x00000006c6a00000,0x00000006d990e768,0x00000006e9480000)
 Metaspace       used 39586K, capacity 40033K, committed 40488K, reserved 1085440K
  class space    used 4947K, capacity 5096K, committed 5160K, reserved 1048576K
}
Event: 15.180 GC heap before
{Heap before GC invocations=16 (full 3):
 PSYoungGen      total 1143808K, used 1105594K [0x000000076ce00000, 0x00000007c0000000, 0x00000007c0000000)
  eden space 1070080K, 100% used [0x000000076ce00000,0x00000007ae300000,0x00000007ae300000)
  from space 73728K, 48% used [0x00000007ba300000,0x00000007bc5ae840,0x00000007beb00000)
  to   space 145920K, 0% used [0x00000007ae300000,0x00000007ae300000,0x00000007b7180000)
 ParOldGen       total 567808K, used 310329K [0x00000006c6a00000, 0x00000006e9480000, 0x000000076ce00000)
  object space 567808K, 54% used [0x00000006c6a00000,0x00000006d990e768,0x00000006e9480000)
 Metaspace       used 43462K, capacity 43853K, committed 44200K, reserved 1087488K
  class space    used 5402K, capacity 5532K, committed 5544K, reserved 1048576K
Event: 15.217 GC heap after
Heap after GC invocations=16 (full 3):
 PSYoungGen      total 1216000K, used 28028K [0x000000076ce00000, 0x00000007c0000000, 0x00000007c0000000)
  eden space 1070080K, 0% used [0x000000076ce00000,0x000000076ce00000,0x00000007ae300000)
  from space 145920K, 19% used [0x00000007ae300000,0x00000007afe5f128,0x00000007b7180000)
  to   space 140288K, 0% used [0x00000007b7700000,0x00000007b7700000,0x00000007c0000000)
 ParOldGen       total 567808K, used 345051K [0x00000006c6a00000, 0x00000006e9480000, 0x000000076ce00000)
  object space 567808K, 60% used [0x00000006c6a00000,0x00000006dbaf6eb0,0x00000006e9480000)
 Metaspace       used 43462K, capacity 43853K, committed 44200K, reserved 1087488K
  class space    used 5402K, capacity 5532K, committed 5544K, reserved 1048576K
}
Event: 17.600 GC heap before
{Heap before GC invocations=17 (full 3):
 PSYoungGen      total 1216000K, used 1098108K [0x000000076ce00000, 0x00000007c0000000, 0x00000007c0000000)
  eden space 1070080K, 100% used [0x000000076ce00000,0x00000007ae300000,0x00000007ae300000)
  from space 145920K, 19% used [0x00000007ae300000,0x00000007afe5f128,0x00000007b7180000)
  to   space 140288K, 0% used [0x00000007b7700000,0x00000007b7700000,0x00000007c0000000)
 ParOldGen       total 567808K, used 345051K [0x00000006c6a00000, 0x00000006e9480000, 0x000000076ce00000)
  object space 567808K, 60% used [0x00000006c6a00000,0x00000006dbaf6eb0,0x00000006e9480000)
 Metaspace       used 45623K, capacity 46125K, committed 46632K, reserved 1089536K
  class space    used 5696K, capacity 5820K, committed 5928K, reserved 1048576K
Event: 17.646 GC heap after
Heap after GC invocations=17 (full 3):
 PSYoungGen      total 1192960K, used 45899K [0x000000076ce00000, 0x00000007be980000, 0x00000007c0000000)
  eden space 1075712K, 0% used [0x000000076ce00000,0x000000076ce00000,0x00000007ae880000)
  from space 117248K, 39% used [0x00000007b7700000,0x00000007ba3d2f68,0x00000007be980000)
  to   space 131584K, 0% used [0x00000007ae880000,0x00000007ae880000,0x00000007b6900000)
 ParOldGen       total 567808K, used 360681K [0x00000006c6a00000, 0x00000006e9480000, 0x000000076ce00000)
  object space 567808K, 63% used [0x00000006c6a00000,0x00000006dca3a4c8,0x00000006e9480000)
 Metaspace       used 45623K, capacity 46125K, committed 46632K, reserved 1089536K
  class space    used 5696K, capacity 5820K, committed 5928K, reserved 1048576K
}
Event: 20.108 GC heap before
{Heap before GC invocations=18 (full 3):
 PSYoungGen      total 1192960K, used 1121611K [0x000000076ce00000, 0x00000007be980000, 0x00000007c0000000)
  eden space 1075712K, 100% used [0x000000076ce00000,0x00000007ae880000,0x00000007ae880000)
  from space 117248K, 39% used [0x00000007b7700000,0x00000007ba3d2f68,0x00000007be980000)
  to   space 131584K, 0% used [0x00000007ae880000,0x00000007ae880000,0x00000007b6900000)
 ParOldGen       total 567808K, used 360681K [0x00000006c6a00000, 0x00000006e9480000, 0x000000076ce00000)
  object space 567808K, 63% used [0x00000006c6a00000,0x00000006dca3a4c8,0x00000006e9480000)
 Metaspace       used 47628K, capacity 48307K, committed 48680K, reserved 1091584K
  class space    used 5991K, capacity 6151K, committed 6184K, reserved 1048576K
Event: 20.140 GC heap after
Heap after GC invocations=18 (full 3):
 PSYoungGen      total 1207296K, used 16489K [0x000000076ce00000, 0x00000007c0000000, 0x00000007c0000000)
  eden space 1075712K, 0% used [0x000000076ce00000,0x000000076ce00000,0x00000007ae880000)
  from space 131584K, 12% used [0x00000007ae880000,0x00000007af89a5e0,0x00000007b6900000)
  to   space 128512K, 0% used [0x00000007b8280000,0x00000007b8280000,0x00000007c0000000)
 ParOldGen       total 567808K, used 398981K [0x00000006c6a00000, 0x00000006e9480000, 0x000000076ce00000)
  object space 567808K, 70% used [0x00000006c6a00000,0x00000006defa14a8,0x00000006e9480000)
 Metaspace       used 47628K, capacity 48307K, committed 48680K, reserved 1091584K
  class space    used 5991K, capacity 6151K, committed 6184K, reserved 1048576K
}

