# JRE version: OpenJDK Runtime Environment (8.0_432-b05) (build 1.8.0_432-b05)
# Java VM: OpenJDK 64-Bit Server VM (25.432-b05 mixed mode linux-amd64 compressed oops)
Heap:
 PSYoungGen      total 1216512K, used 24648K [0x000000076ce00000, 0x00000007c0000000, 0x00000007c0000000)
  eden space 1073152K, 2% used [0x000000076ce00000,0x000000076e612108,0x00000007ae600000)
  from space 143360K, 0% used [0x00000007b7400000,0x00000007b7400000,0x00000007c0000000)
  to   space 144384K, 0% used [0x00000007ae600000,0x00000007ae600000,0x00000007b7300000)
 ParOldGen       total 415744K, used 358353K [0x00000006c6a00000, 0x00000006e0000000, 0x000000076ce00000)
  object space 415744K, 86% used [0x00000006c6a00000,0x00000006dc7f4678,0x00000006e0000000)
 Metaspace       used 59623K, capacity 60593K, committed 60928K, reserved 1103872K
  class space    used 7072K, capacity 7301K, committed 7424K, reserved 1048576K
GC Heap History (10 events):
Event: 74.272 GC heap before
{Heap before GC invocations=27 (full 6):
 PSYoungGen      total 1225216K, used 1155442K [0x000000076ce00000, 0x00000007c0000000, 0x00000007c0000000)
  eden space 1085952K, 100% used [0x000000076ce00000,0x00000007af280000,0x00000007af280000)
  from space 139264K, 49% used [0x00000007b7800000,0x00000007bbbdcbf8,0x00000007c0000000)
  to   space 136704K, 0% used [0x00000007af280000,0x00000007af280000,0x00000007b7800000)
 ParOldGen       total 415744K, used 312218K [0x00000006c6a00000, 0x00000006e0000000, 0x000000076ce00000)
  object space 415744K, 75% used [0x00000006c6a00000,0x00000006d9ae6ae8,0x00000006e0000000)
 Metaspace       used 59308K, capacity 60255K, committed 60672K, reserved 1101824K
  class space    used 7056K, capacity 7298K, committed 7424K, reserved 1048576K
Event: 74.287 GC heap after
Heap after GC invocations=27 (full 6):
 PSYoungGen      total 1178112K, used 92056K [0x000000076ce00000, 0x00000007c0000000, 0x00000007c0000000)
  eden space 1085952K, 0% used [0x000000076ce00000,0x000000076ce00000,0x00000007af280000)
  from space 92160K, 99% used [0x00000007af280000,0x00000007b4c661c8,0x00000007b4c80000)
  to   space 142336K, 0% used [0x00000007b7500000,0x00000007b7500000,0x00000007c0000000)
 ParOldGen       total 415744K, used 312226K [0x00000006c6a00000, 0x00000006e0000000, 0x000000076ce00000)
  object space 415744K, 75% used [0x00000006c6a00000,0x00000006d9ae8ae8,0x00000006e0000000)
 Metaspace       used 59308K, capacity 60255K, committed 60672K, reserved 1101824K
  class space    used 7056K, capacity 7298K, committed 7424K, reserved 1048576K
}
Event: 95.660 GC heap before
{Heap before GC invocations=28 (full 6):
 PSYoungGen      total 1178112K, used 1178008K [0x000000076ce00000, 0x00000007c0000000, 0x00000007c0000000)
  eden space 1085952K, 100% used [0x000000076ce00000,0x00000007af280000,0x00000007af280000)
  from space 92160K, 99% used [0x00000007af280000,0x00000007b4c661c8,0x00000007b4c80000)
  to   space 142336K, 0% used [0x00000007b7500000,0x00000007b7500000,0x00000007c0000000)
 ParOldGen       total 415744K, used 312226K [0x00000006c6a00000, 0x00000006e0000000, 0x000000076ce00000)
  object space 415744K, 75% used [0x00000006c6a00000,0x00000006d9ae8ae8,0x00000006e0000000)
 Metaspace       used 59431K, capacity 60331K, committed 60672K, reserved 1101824K
  class space    used 7058K, capacity 7300K, committed 7424K, reserved 1048576K
Event: 95.674 GC heap after
Heap after GC invocations=28 (full 6):
 PSYoungGen      total 1217536K, used 82857K [0x000000076ce00000, 0x00000007c0000000, 0x00000007c0000000)
  eden space 1075200K, 0% used [0x000000076ce00000,0x000000076ce00000,0x00000007ae800000)
  from space 142336K, 58% used [0x00000007b7500000,0x00000007bc5ea688,0x00000007c0000000)
  to   space 143360K, 0% used [0x00000007ae800000,0x00000007ae800000,0x00000007b7400000)
 ParOldGen       total 415744K, used 312234K [0x00000006c6a00000, 0x00000006e0000000, 0x000000076ce00000)
  object space 415744K, 75% used [0x00000006c6a00000,0x00000006d9aeaae8,0x00000006e0000000)
 Metaspace       used 59431K, capacity 60331K, committed 60672K, reserved 1101824K
  class space    used 7058K, capacity 7300K, committed 7424K, reserved 1048576K
}
Event: 107.617 GC heap before
{Heap before GC invocations=29 (full 6):
 PSYoungGen      total 1217536K, used 1158057K [0x000000076ce00000, 0x00000007c0000000, 0x00000007c0000000)
  eden space 1075200K, 100% used [0x000000076ce00000,0x00000007ae800000,0x00000007ae800000)
  from space 142336K, 58% used [0x00000007b7500000,0x00000007bc5ea688,0x00000007c0000000)
  to   space 143360K, 0% used [0x00000007ae800000,0x00000007ae800000,0x00000007b7400000)
 ParOldGen       total 415744K, used 312234K [0x00000006c6a00000, 0x00000006e0000000, 0x000000076ce00000)
  object space 415744K, 75% used [0x00000006c6a00000,0x00000006d9aeaae8,0x00000006e0000000)
 Metaspace       used 59455K, capacity 60395K, committed 60672K, reserved 1101824K
  class space    used 7059K, capacity 7300K, committed 7424K, reserved 1048576K
Event: 107.627 GC heap after
Heap after GC invocations=29 (full 6):
 PSYoungGen      total 1218560K, used 82508K [0x000000076ce00000, 0x00000007c0000000, 0x00000007c0000000)
  eden space 1075200K, 0% used [0x000000076ce00000,0x000000076ce00000,0x00000007ae800000)
  from space 143360K, 57% used [0x00000007ae800000,0x00000007b38931e8,0x00000007b7400000)
  to   space 143360K, 0% used [0x00000007b7400000,0x00000007b7400000,0x00000007c0000000)
 ParOldGen       total 415744K, used 312242K [0x00000006c6a00000, 0x00000006e0000000, 0x000000076ce00000)
  object space 415744K, 75% used [0x00000006c6a00000,0x00000006d9aecae8,0x00000006e0000000)
 Metaspace       used 59455K, capacity 60395K, committed 60672K, reserved 1101824K
  class space    used 7059K, capacity 7300K, committed 7424K, reserved 1048576K
}
Event: 181.790 GC heap before
{Heap before GC invocations=30 (full 6):
 PSYoungGen      total 1218560K, used 782163K [0x000000076ce00000, 0x00000007c0000000, 0x00000007c0000000)
  eden space 1075200K, 65% used [0x000000076ce00000,0x0000000797941af8,0x00000007ae800000)
  from space 143360K, 57% used [0x00000007ae800000,0x00000007b38931e8,0x00000007b7400000)
  to   space 143360K, 0% used [0x00000007b7400000,0x00000007b7400000,0x00000007c0000000)
 ParOldGen       total 415744K, used 312242K [0x00000006c6a00000, 0x00000006e0000000, 0x000000076ce00000)
  object space 415744K, 75% used [0x00000006c6a00000,0x00000006d9aecae8,0x00000006e0000000)
 Metaspace       used 59615K, capacity 60593K, committed 60928K, reserved 1103872K
  class space    used 7071K, capacity 7301K, committed 7424K, reserved 1048576K
Event: 181.803 GC heap after
Heap after GC invocations=30 (full 6):
 PSYoungGen      total 1216512K, used 87616K [0x000000076ce00000, 0x00000007c0000000, 0x00000007c0000000)
  eden space 1073152K, 0% used [0x000000076ce00000,0x000000076ce00000,0x00000007ae600000)
  from space 143360K, 61% used [0x00000007b7400000,0x00000007bc990078,0x00000007c0000000)
  to   space 144384K, 0% used [0x00000007ae600000,0x00000007ae600000,0x00000007b7300000)
 ParOldGen       total 415744K, used 312250K [0x00000006c6a00000, 0x00000006e0000000, 0x000000076ce00000)
  object space 415744K, 75% used [0x00000006c6a00000,0x00000006d9aeeae8,0x00000006e0000000)
 Metaspace       used 59615K, capacity 60593K, committed 60928K, reserved 1103872K
  class space    used 7071K, capacity 7301K, committed 7424K, reserved 1048576K
}
Event: 181.803 GC heap before
{Heap before GC invocations=31 (full 7):
 PSYoungGen      total 1216512K, used 87616K [0x000000076ce00000, 0x00000007c0000000, 0x00000007c0000000)
  eden space 1073152K, 0% used [0x000000076ce00000,0x000000076ce00000,0x00000007ae600000)
  from space 143360K, 61% used [0x00000007b7400000,0x00000007bc990078,0x00000007c0000000)
  to   space 144384K, 0% used [0x00000007ae600000,0x00000007ae600000,0x00000007b7300000)
 ParOldGen       total 415744K, used 312250K [0x00000006c6a00000, 0x00000006e0000000, 0x000000076ce00000)
  object space 415744K, 75% used [0x00000006c6a00000,0x00000006d9aeeae8,0x00000006e0000000)
 Metaspace       used 59615K, capacity 60593K, committed 60928K, reserved 1103872K
  class space    used 7071K, capacity 7301K, committed 7424K, reserved 1048576K
Event: 182.222 GC heap after
Heap after GC invocations=31 (full 7):
 PSYoungGen      total 1216512K, used 0K [0x000000076ce00000, 0x00000007c0000000, 0x00000007c0000000)
  eden space 1073152K, 0% used [0x000000076ce00000,0x000000076ce00000,0x00000007ae600000)
  from space 143360K, 0% used [0x00000007b7400000,0x00000007b7400000,0x00000007c0000000)
  to   space 144384K, 0% used [0x00000007ae600000,0x00000007ae600000,0x00000007b7300000)
 ParOldGen       total 415744K, used 358353K [0x00000006c6a00000, 0x00000006e0000000, 0x000000076ce00000)
  object space 415744K, 86% used [0x00000006c6a00000,0x00000006dc7f4678,0x00000006e0000000)
 Metaspace       used 59615K, capacity 60593K, committed 60928K, reserved 1103872K
  class space    used 7071K, capacity 7301K, committed 7424K, reserved 1048576K
}

