# JRE version: OpenJDK Runtime Environment (8.0_412-b08) (build 1.8.0_412-b08)
# Java VM: OpenJDK 64-Bit Server VM (25.412-b08 mixed mode linux-amd64 compressed oops)
Heap:
 PSYoungGen      total 1172480K, used 28488K [0x000000076ce00000, 0x00000007c0000000, 0x00000007c0000000)
  eden space 1086464K, 2% used [0x000000076ce00000,0x000000076e9d2138,0x00000007af300000)
  from space 86016K, 0% used [0x00000007af300000,0x00000007af300000,0x00000007b4700000)
  to   space 140800K, 0% used [0x00000007b7680000,0x00000007b7680000,0x00000007c0000000)
 ParOldGen       total 512512K, used 373498K [0x00000006c6a00000, 0x00000006e5e80000, 0x000000076ce00000)
  object space 512512K, 72% used [0x00000006c6a00000,0x00000006dd6beb90,0x00000006e5e80000)
 Metaspace       used 59500K, capacity 60501K, committed 60840K, reserved 1103872K
  class space    used 7057K, capacity 7296K, committed 7336K, reserved 1048576K
GC Heap History (10 events):
Event: 34.263 GC heap before
{Heap before GC invocations=28 (full 6):
 PSYoungGen      total 1207296K, used 1115136K [0x000000076ce00000, 0x00000007c0000000, 0x00000007c0000000)
  eden space 1115136K, 100% used [0x000000076ce00000,0x00000007b0f00000,0x00000007b0f00000)
  from space 92160K, 0% used [0x00000007b0f00000,0x00000007b0f00000,0x00000007b6900000)
  to   space 133632K, 0% used [0x00000007b7d80000,0x00000007b7d80000,0x00000007c0000000)
 ParOldGen       total 512512K, used 306871K [0x00000006c6a00000, 0x00000006e5e80000, 0x000000076ce00000)
  object space 512512K, 59% used [0x00000006c6a00000,0x00000006d95addb0,0x00000006e5e80000)
 Metaspace       used 58087K, capacity 59025K, committed 59560K, reserved 1101824K
  class space    used 7009K, capacity 7222K, committed 7336K, reserved 1048576K
Event: 34.279 GC heap after
Heap after GC invocations=28 (full 6):
 PSYoungGen      total 1227264K, used 73756K [0x000000076ce00000, 0x00000007c0000000, 0x00000007c0000000)
  eden space 1093632K, 0% used [0x000000076ce00000,0x000000076ce00000,0x00000007afa00000)
  from space 133632K, 55% used [0x00000007b7d80000,0x00000007bc587260,0x00000007c0000000)
  to   space 134144K, 0% used [0x00000007afa00000,0x00000007afa00000,0x00000007b7d00000)
 ParOldGen       total 512512K, used 306879K [0x00000006c6a00000, 0x00000006e5e80000, 0x000000076ce00000)
  object space 512512K, 59% used [0x00000006c6a00000,0x00000006d95afdb0,0x00000006e5e80000)
 Metaspace       used 58087K, capacity 59025K, committed 59560K, reserved 1101824K
  class space    used 7009K, capacity 7222K, committed 7336K, reserved 1048576K
}
Event: 54.222 GC heap before
{Heap before GC invocations=29 (full 6):
 PSYoungGen      total 1227264K, used 1167388K [0x000000076ce00000, 0x00000007c0000000, 0x00000007c0000000)
  eden space 1093632K, 100% used [0x000000076ce00000,0x00000007afa00000,0x00000007afa00000)
  from space 133632K, 55% used [0x00000007b7d80000,0x00000007bc587260,0x00000007c0000000)
  to   space 134144K, 0% used [0x00000007afa00000,0x00000007afa00000,0x00000007b7d00000)
 ParOldGen       total 512512K, used 306879K [0x00000006c6a00000, 0x00000006e5e80000, 0x000000076ce00000)
  object space 512512K, 59% used [0x00000006c6a00000,0x00000006d95afdb0,0x00000006e5e80000)
 Metaspace       used 59057K, capacity 59973K, committed 60328K, reserved 1101824K
  class space    used 7031K, capacity 7230K, committed 7336K, reserved 1048576K
Event: 54.234 GC heap after
Heap after GC invocations=29 (full 6):
 PSYoungGen      total 1227776K, used 71967K [0x000000076ce00000, 0x00000007bff80000, 0x00000007c0000000)
  eden space 1093632K, 0% used [0x000000076ce00000,0x000000076ce00000,0x00000007afa00000)
  from space 134144K, 53% used [0x00000007afa00000,0x00000007b4047e00,0x00000007b7d00000)
  to   space 133632K, 0% used [0x00000007b7d00000,0x00000007b7d00000,0x00000007bff80000)
 ParOldGen       total 512512K, used 306887K [0x00000006c6a00000, 0x00000006e5e80000, 0x000000076ce00000)
  object space 512512K, 59% used [0x00000006c6a00000,0x00000006d95b1db0,0x00000006e5e80000)
 Metaspace       used 59057K, capacity 59973K, committed 60328K, reserved 1101824K
  class space    used 7031K, capacity 7230K, committed 7336K, reserved 1048576K
}
Event: 61.445 GC heap before
{Heap before GC invocations=30 (full 6):
 PSYoungGen      total 1227776K, used 1165599K [0x000000076ce00000, 0x00000007bff80000, 0x00000007c0000000)
  eden space 1093632K, 100% used [0x000000076ce00000,0x00000007afa00000,0x00000007afa00000)
  from space 134144K, 53% used [0x00000007afa00000,0x00000007b4047e00,0x00000007b7d00000)
  to   space 133632K, 0% used [0x00000007b7d00000,0x00000007b7d00000,0x00000007bff80000)
 ParOldGen       total 512512K, used 306887K [0x00000006c6a00000, 0x00000006e5e80000, 0x000000076ce00000)
  object space 512512K, 59% used [0x00000006c6a00000,0x00000006d95b1db0,0x00000006e5e80000)
 Metaspace       used 59215K, capacity 60197K, committed 60584K, reserved 1101824K
  class space    used 7038K, capacity 7262K, committed 7336K, reserved 1048576K
Event: 61.458 GC heap after
Heap after GC invocations=30 (full 6):
 PSYoungGen      total 1220096K, used 85933K [0x000000076ce00000, 0x00000007c0000000, 0x00000007c0000000)
  eden space 1086464K, 0% used [0x000000076ce00000,0x000000076ce00000,0x00000007af300000)
  from space 133632K, 64% used [0x00000007b7d00000,0x00000007bd0eb4c0,0x00000007bff80000)
  to   space 137728K, 0% used [0x00000007af300000,0x00000007af300000,0x00000007b7980000)
 ParOldGen       total 512512K, used 306895K [0x00000006c6a00000, 0x00000006e5e80000, 0x000000076ce00000)
  object space 512512K, 59% used [0x00000006c6a00000,0x00000006d95b3db0,0x00000006e5e80000)
 Metaspace       used 59215K, capacity 60197K, committed 60584K, reserved 1101824K
  class space    used 7038K, capacity 7262K, committed 7336K, reserved 1048576K
}
Event: 79.877 GC heap before
{Heap before GC invocations=31 (full 6):
 PSYoungGen      total 1220096K, used 814046K [0x000000076ce00000, 0x00000007c0000000, 0x00000007c0000000)
  eden space 1086464K, 67% used [0x000000076ce00000,0x000000079950c5e0,0x00000007af300000)
  from space 133632K, 64% used [0x00000007b7d00000,0x00000007bd0eb4c0,0x00000007bff80000)
  to   space 137728K, 0% used [0x00000007af300000,0x00000007af300000,0x00000007b7980000)
 ParOldGen       total 512512K, used 306895K [0x00000006c6a00000, 0x00000006e5e80000, 0x000000076ce00000)
  object space 512512K, 59% used [0x00000006c6a00000,0x00000006d95b3db0,0x00000006e5e80000)
 Metaspace       used 59484K, capacity 60501K, committed 60840K, reserved 1103872K
  class space    used 7056K, capacity 7296K, committed 7336K, reserved 1048576K
Event: 79.894 GC heap after
Heap after GC invocations=31 (full 6):
 PSYoungGen      total 1172480K, used 85867K [0x000000076ce00000, 0x00000007c0000000, 0x00000007c0000000)
  eden space 1086464K, 0% used [0x000000076ce00000,0x000000076ce00000,0x00000007af300000)
  from space 86016K, 99% used [0x00000007af300000,0x00000007b46dae78,0x00000007b4700000)
  to   space 140800K, 0% used [0x00000007b7680000,0x00000007b7680000,0x00000007c0000000)
 ParOldGen       total 512512K, used 306895K [0x00000006c6a00000, 0x00000006e5e80000, 0x000000076ce00000)
  object space 512512K, 59% used [0x00000006c6a00000,0x00000006d95b3db0,0x00000006e5e80000)
 Metaspace       used 59484K, capacity 60501K, committed 60840K, reserved 1103872K
  class space    used 7056K, capacity 7296K, committed 7336K, reserved 1048576K
}
Event: 79.894 GC heap before
{Heap before GC invocations=32 (full 7):
 PSYoungGen      total 1172480K, used 85867K [0x000000076ce00000, 0x00000007c0000000, 0x00000007c0000000)
  eden space 1086464K, 0% used [0x000000076ce00000,0x000000076ce00000,0x00000007af300000)
  from space 86016K, 99% used [0x00000007af300000,0x00000007b46dae78,0x00000007b4700000)
  to   space 140800K, 0% used [0x00000007b7680000,0x00000007b7680000,0x00000007c0000000)
 ParOldGen       total 512512K, used 306895K [0x00000006c6a00000, 0x00000006e5e80000, 0x000000076ce00000)
  object space 512512K, 59% used [0x00000006c6a00000,0x00000006d95b3db0,0x00000006e5e80000)
 Metaspace       used 59484K, capacity 60501K, committed 60840K, reserved 1103872K
  class space    used 7056K, capacity 7296K, committed 7336K, reserved 1048576K
Event: 80.318 GC heap after
Heap after GC invocations=32 (full 7):
 PSYoungGen      total 1172480K, used 0K [0x000000076ce00000, 0x00000007c0000000, 0x00000007c0000000)
  eden space 1086464K, 0% used [0x000000076ce00000,0x000000076ce00000,0x00000007af300000)
  from space 86016K, 0% used [0x00000007af300000,0x00000007af300000,0x00000007b4700000)
  to   space 140800K, 0% used [0x00000007b7680000,0x00000007b7680000,0x00000007c0000000)
 ParOldGen       total 512512K, used 373498K [0x00000006c6a00000, 0x00000006e5e80000, 0x000000076ce00000)
  object space 512512K, 72% used [0x00000006c6a00000,0x00000006dd6beb90,0x00000006e5e80000)
 Metaspace       used 59484K, capacity 60501K, committed 60840K, reserved 1103872K
  class space    used 7056K, capacity 7296K, committed 7336K, reserved 1048576K
}

