# JRE version: OpenJDK Runtime Environment (8.0_412-b08) (build 1.8.0_412-b08)
# Java VM: OpenJDK 64-Bit Server VM (25.412-b08 mixed mode linux-amd64 compressed oops)
Heap:
 PSYoungGen      total 1204736K, used 25428K [0x000000076ce00000, 0x00000007c0000000, 0x00000007c0000000)
  eden space 1051648K, 2% used [0x000000076ce00000,0x000000076e6d53d0,0x00000007ad100000)
  from space 153088K, 0% used [0x00000007b6a80000,0x00000007b6a80000,0x00000007c0000000)
  to   space 155136K, 0% used [0x00000007ad100000,0x00000007ad100000,0x00000007b6880000)
 ParOldGen       total 538112K, used 378302K [0x00000006c6a00000, 0x00000006e7780000, 0x000000076ce00000)
  object space 538112K, 70% used [0x00000006c6a00000,0x00000006ddb6fba0,0x00000006e7780000)
 Metaspace       used 60296K, capacity 61299K, committed 61608K, reserved 1103872K
  class space    used 7071K, capacity 7303K, committed 7336K, reserved 1048576K
GC Heap History (10 events):
Event: 85.381 GC heap before
{Heap before GC invocations=27 (full 6):
 PSYoungGen      total 1232384K, used 1182232K [0x000000076ce00000, 0x00000007c0000000, 0x00000007c0000000)
  eden space 1108992K, 100% used [0x000000076ce00000,0x00000007b0900000,0x00000007b0900000)
  from space 123392K, 59% used [0x00000007b8780000,0x00000007bcf062a8,0x00000007c0000000)
  to   space 126464K, 0% used [0x00000007b0900000,0x00000007b0900000,0x00000007b8480000)
 ParOldGen       total 538112K, used 316430K [0x00000006c6a00000, 0x00000006e7780000, 0x000000076ce00000)
  object space 538112K, 58% used [0x00000006c6a00000,0x00000006d9f03a78,0x00000006e7780000)
 Metaspace       used 59101K, capacity 60077K, committed 60328K, reserved 1101824K
  class space    used 7035K, capacity 7262K, committed 7336K, reserved 1048576K
Event: 85.422 GC heap after
Heap after GC invocations=27 (full 6):
 PSYoungGen      total 1198592K, used 89596K [0x000000076ce00000, 0x00000007c0000000, 0x00000007c0000000)
  eden space 1108992K, 0% used [0x000000076ce00000,0x000000076ce00000,0x00000007b0900000)
  from space 89600K, 99% used [0x00000007b0900000,0x00000007b607f150,0x00000007b6080000)
  to   space 134144K, 0% used [0x00000007b7d00000,0x00000007b7d00000,0x00000007c0000000)
 ParOldGen       total 538112K, used 316694K [0x00000006c6a00000, 0x00000006e7780000, 0x000000076ce00000)
  object space 538112K, 58% used [0x00000006c6a00000,0x00000006d9f45a88,0x00000006e7780000)
 Metaspace       used 59101K, capacity 60077K, committed 60328K, reserved 1101824K
  class space    used 7035K, capacity 7262K, committed 7336K, reserved 1048576K
}
Event: 98.392 GC heap before
{Heap before GC invocations=28 (full 6):
 PSYoungGen      total 1198592K, used 1198588K [0x000000076ce00000, 0x00000007c0000000, 0x00000007c0000000)
  eden space 1108992K, 100% used [0x000000076ce00000,0x00000007b0900000,0x00000007b0900000)
  from space 89600K, 99% used [0x00000007b0900000,0x00000007b607f150,0x00000007b6080000)
  to   space 134144K, 0% used [0x00000007b7d00000,0x00000007b7d00000,0x00000007c0000000)
 ParOldGen       total 538112K, used 316696K [0x00000006c6a00000, 0x00000006e7780000, 0x000000076ce00000)
  object space 538112K, 58% used [0x00000006c6a00000,0x00000006d9f46070,0x00000006e7780000)
 Metaspace       used 59336K, capacity 60275K, committed 60584K, reserved 1101824K
  class space    used 7042K, capacity 7263K, committed 7336K, reserved 1048576K
Event: 98.411 GC heap after
Heap after GC invocations=28 (full 6):
 PSYoungGen      total 1208320K, used 99494K [0x000000076ce00000, 0x00000007c0000000, 0x00000007c0000000)
  eden space 1074176K, 0% used [0x000000076ce00000,0x000000076ce00000,0x00000007ae700000)
  from space 134144K, 74% used [0x00000007b7d00000,0x00000007bde29810,0x00000007c0000000)
  to   space 143872K, 0% used [0x00000007ae700000,0x00000007ae700000,0x00000007b7380000)
 ParOldGen       total 538112K, used 316704K [0x00000006c6a00000, 0x00000006e7780000, 0x000000076ce00000)
  object space 538112K, 58% used [0x00000006c6a00000,0x00000006d9f48070,0x00000006e7780000)
 Metaspace       used 59336K, capacity 60275K, committed 60584K, reserved 1101824K
  class space    used 7042K, capacity 7263K, committed 7336K, reserved 1048576K
}
Event: 106.785 GC heap before
{Heap before GC invocations=29 (full 6):
 PSYoungGen      total 1208320K, used 1173670K [0x000000076ce00000, 0x00000007c0000000, 0x00000007c0000000)
  eden space 1074176K, 100% used [0x000000076ce00000,0x00000007ae700000,0x00000007ae700000)
  from space 134144K, 74% used [0x00000007b7d00000,0x00000007bde29810,0x00000007c0000000)
  to   space 143872K, 0% used [0x00000007ae700000,0x00000007ae700000,0x00000007b7380000)
 ParOldGen       total 538112K, used 316704K [0x00000006c6a00000, 0x00000006e7780000, 0x000000076ce00000)
  object space 538112K, 58% used [0x00000006c6a00000,0x00000006d9f48070,0x00000006e7780000)
 Metaspace       used 60144K, capacity 61069K, committed 61352K, reserved 1103872K
  class space    used 7059K, capacity 7270K, committed 7336K, reserved 1048576K
Event: 106.803 GC heap after
Heap after GC invocations=29 (full 6):
 PSYoungGen      total 1178112K, used 103843K [0x000000076ce00000, 0x00000007c0000000, 0x00000007c0000000)
  eden space 1074176K, 0% used [0x000000076ce00000,0x000000076ce00000,0x00000007ae700000)
  from space 103936K, 99% used [0x00000007ae700000,0x00000007b4c68f50,0x00000007b4c80000)
  to   space 153088K, 0% used [0x00000007b6a80000,0x00000007b6a80000,0x00000007c0000000)
 ParOldGen       total 538112K, used 316712K [0x00000006c6a00000, 0x00000006e7780000, 0x000000076ce00000)
  object space 538112K, 58% used [0x00000006c6a00000,0x00000006d9f4a070,0x00000006e7780000)
 Metaspace       used 60144K, capacity 61069K, committed 61352K, reserved 1103872K
  class space    used 7059K, capacity 7270K, committed 7336K, reserved 1048576K
}
Event: 129.151 GC heap before
{Heap before GC invocations=30 (full 6):
 PSYoungGen      total 1178112K, used 894881K [0x000000076ce00000, 0x00000007c0000000, 0x00000007c0000000)
  eden space 1074176K, 73% used [0x000000076ce00000,0x000000079d27f7d0,0x00000007ae700000)
  from space 103936K, 99% used [0x00000007ae700000,0x00000007b4c68f50,0x00000007b4c80000)
  to   space 153088K, 0% used [0x00000007b6a80000,0x00000007b6a80000,0x00000007c0000000)
 ParOldGen       total 538112K, used 316712K [0x00000006c6a00000, 0x00000006e7780000, 0x000000076ce00000)
  object space 538112K, 58% used [0x00000006c6a00000,0x00000006d9f4a070,0x00000006e7780000)
 Metaspace       used 60282K, capacity 61299K, committed 61608K, reserved 1103872K
  class space    used 7070K, capacity 7303K, committed 7336K, reserved 1048576K
Event: 129.168 GC heap after
Heap after GC invocations=30 (full 6):
 PSYoungGen      total 1204736K, used 91304K [0x000000076ce00000, 0x00000007c0000000, 0x00000007c0000000)
  eden space 1051648K, 0% used [0x000000076ce00000,0x000000076ce00000,0x00000007ad100000)
  from space 153088K, 59% used [0x00000007b6a80000,0x00000007bc3aa250,0x00000007c0000000)
  to   space 155136K, 0% used [0x00000007ad100000,0x00000007ad100000,0x00000007b6880000)
 ParOldGen       total 538112K, used 316720K [0x00000006c6a00000, 0x00000006e7780000, 0x000000076ce00000)
  object space 538112K, 58% used [0x00000006c6a00000,0x00000006d9f4c070,0x00000006e7780000)
 Metaspace       used 60282K, capacity 61299K, committed 61608K, reserved 1103872K
  class space    used 7070K, capacity 7303K, committed 7336K, reserved 1048576K
}
Event: 129.168 GC heap before
{Heap before GC invocations=31 (full 7):
 PSYoungGen      total 1204736K, used 91304K [0x000000076ce00000, 0x00000007c0000000, 0x00000007c0000000)
  eden space 1051648K, 0% used [0x000000076ce00000,0x000000076ce00000,0x00000007ad100000)
  from space 153088K, 59% used [0x00000007b6a80000,0x00000007bc3aa250,0x00000007c0000000)
  to   space 155136K, 0% used [0x00000007ad100000,0x00000007ad100000,0x00000007b6880000)
 ParOldGen       total 538112K, used 316720K [0x00000006c6a00000, 0x00000006e7780000, 0x000000076ce00000)
  object space 538112K, 58% used [0x00000006c6a00000,0x00000006d9f4c070,0x00000006e7780000)
 Metaspace       used 60282K, capacity 61299K, committed 61608K, reserved 1103872K
  class space    used 7070K, capacity 7303K, committed 7336K, reserved 1048576K
Event: 129.563 GC heap after
Heap after GC invocations=31 (full 7):
 PSYoungGen      total 1204736K, used 0K [0x000000076ce00000, 0x00000007c0000000, 0x00000007c0000000)
  eden space 1051648K, 0% used [0x000000076ce00000,0x000000076ce00000,0x00000007ad100000)
  from space 153088K, 0% used [0x00000007b6a80000,0x00000007b6a80000,0x00000007c0000000)
  to   space 155136K, 0% used [0x00000007ad100000,0x00000007ad100000,0x00000007b6880000)
 ParOldGen       total 538112K, used 378302K [0x00000006c6a00000, 0x00000006e7780000, 0x000000076ce00000)
  object space 538112K, 70% used [0x00000006c6a00000,0x00000006ddb6fba0,0x00000006e7780000)
 Metaspace       used 60282K, capacity 61299K, committed 61608K, reserved 1103872K
  class space    used 7070K, capacity 7303K, committed 7336K, reserved 1048576K
}

