# JRE version: OpenJDK Runtime Environment (8.0_412-b08) (build 1.8.0_412-b08)
# Java VM: OpenJDK 64-Bit Server VM (25.412-b08 mixed mode linux-amd64 compressed oops)
Heap:
 PSYoungGen      total 1209856K, used 19146K [0x000000076ce00000, 0x00000007c0000000, 0x00000007c0000000)
  eden space 1057280K, 1% used [0x000000076ce00000,0x000000076e0b2a38,0x00000007ad680000)
  from space 152576K, 0% used [0x00000007b6b00000,0x00000007b6b00000,0x00000007c0000000)
  to   space 152064K, 0% used [0x00000007ad680000,0x00000007ad680000,0x00000007b6b00000)
 ParOldGen       total 479744K, used 377231K [0x00000006c6a00000, 0x00000006e3e80000, 0x000000076ce00000)
  object space 479744K, 78% used [0x00000006c6a00000,0x00000006dda63ff0,0x00000006e3e80000)
 Metaspace       used 61353K, capacity 62397K, committed 62760K, reserved 1103872K
  class space    used 7171K, capacity 7436K, committed 7464K, reserved 1048576K
GC Heap History (10 events):
Event: 82.280 GC heap before
{Heap before GC invocations=31 (full 6):
 PSYoungGen      total 1214976K, used 1156119K [0x000000076ce00000, 0x00000007c0000000, 0x00000007c0000000)
  eden space 1072128K, 100% used [0x000000076ce00000,0x00000007ae500000,0x00000007ae500000)
  from space 142848K, 58% used [0x00000007b7480000,0x00000007bc685eb8,0x00000007c0000000)
  to   space 144896K, 0% used [0x00000007ae500000,0x00000007ae500000,0x00000007b7280000)
 ParOldGen       total 479744K, used 316171K [0x00000006c6a00000, 0x00000006e3e80000, 0x000000076ce00000)
  object space 479744K, 65% used [0x00000006c6a00000,0x00000006d9ec2e30,0x00000006e3e80000)
 Metaspace       used 60442K, capacity 61347K, committed 61736K, reserved 1103872K
  class space    used 7145K, capacity 7365K, committed 7464K, reserved 1048576K
Event: 82.292 GC heap after
Heap after GC invocations=31 (full 6):
 PSYoungGen      total 1217024K, used 79145K [0x000000076ce00000, 0x00000007c0000000, 0x00000007c0000000)
  eden space 1072128K, 0% used [0x000000076ce00000,0x000000076ce00000,0x00000007ae500000)
  from space 144896K, 54% used [0x00000007ae500000,0x00000007b324a518,0x00000007b7280000)
  to   space 143872K, 0% used [0x00000007b7380000,0x00000007b7380000,0x00000007c0000000)
 ParOldGen       total 479744K, used 316179K [0x00000006c6a00000, 0x00000006e3e80000, 0x000000076ce00000)
  object space 479744K, 65% used [0x00000006c6a00000,0x00000006d9ec4e30,0x00000006e3e80000)
 Metaspace       used 60442K, capacity 61347K, committed 61736K, reserved 1103872K
  class space    used 7145K, capacity 7365K, committed 7464K, reserved 1048576K
}
Event: 91.829 GC heap before
{Heap before GC invocations=32 (full 6):
 PSYoungGen      total 1217024K, used 1151273K [0x000000076ce00000, 0x00000007c0000000, 0x00000007c0000000)
  eden space 1072128K, 100% used [0x000000076ce00000,0x00000007ae500000,0x00000007ae500000)
  from space 144896K, 54% used [0x00000007ae500000,0x00000007b324a518,0x00000007b7280000)
  to   space 143872K, 0% used [0x00000007b7380000,0x00000007b7380000,0x00000007c0000000)
 ParOldGen       total 479744K, used 316179K [0x00000006c6a00000, 0x00000006e3e80000, 0x000000076ce00000)
  object space 479744K, 65% used [0x00000006c6a00000,0x00000006d9ec4e30,0x00000006e3e80000)
 Metaspace       used 61249K, capacity 62301K, committed 62760K, reserved 1103872K
  class space    used 7162K, capacity 7404K, committed 7464K, reserved 1048576K
Event: 91.846 GC heap after
Heap after GC invocations=32 (full 6):
 PSYoungGen      total 1200640K, used 105366K [0x000000076ce00000, 0x00000007c0000000, 0x00000007c0000000)
  eden space 1056768K, 0% used [0x000000076ce00000,0x000000076ce00000,0x00000007ad600000)
  from space 143872K, 73% used [0x00000007b7380000,0x00000007bda658e8,0x00000007c0000000)
  to   space 152576K, 0% used [0x00000007ad600000,0x00000007ad600000,0x00000007b6b00000)
 ParOldGen       total 479744K, used 316187K [0x00000006c6a00000, 0x00000006e3e80000, 0x000000076ce00000)
  object space 479744K, 65% used [0x00000006c6a00000,0x00000006d9ec6e30,0x00000006e3e80000)
 Metaspace       used 61249K, capacity 62301K, committed 62760K, reserved 1103872K
  class space    used 7162K, capacity 7404K, committed 7464K, reserved 1048576K
}
Event: 113.096 GC heap before
{Heap before GC invocations=33 (full 6):
 PSYoungGen      total 1200640K, used 1162134K [0x000000076ce00000, 0x00000007c0000000, 0x00000007c0000000)
  eden space 1056768K, 100% used [0x000000076ce00000,0x00000007ad600000,0x00000007ad600000)
  from space 143872K, 73% used [0x00000007b7380000,0x00000007bda658e8,0x00000007c0000000)
  to   space 152576K, 0% used [0x00000007ad600000,0x00000007ad600000,0x00000007b6b00000)
 ParOldGen       total 479744K, used 316187K [0x00000006c6a00000, 0x00000006e3e80000, 0x000000076ce00000)
  object space 479744K, 65% used [0x00000006c6a00000,0x00000006d9ec6e30,0x00000006e3e80000)
 Metaspace       used 61307K, capacity 62397K, committed 62760K, reserved 1103872K
  class space    used 7166K, capacity 7436K, committed 7464K, reserved 1048576K
Event: 113.109 GC heap after
Heap after GC invocations=33 (full 6):
 PSYoungGen      total 1209344K, used 88215K [0x000000076ce00000, 0x00000007c0000000, 0x00000007c0000000)
  eden space 1056768K, 0% used [0x000000076ce00000,0x000000076ce00000,0x00000007ad600000)
  from space 152576K, 57% used [0x00000007ad600000,0x00000007b2c25ef0,0x00000007b6b00000)
  to   space 152576K, 0% used [0x00000007b6b00000,0x00000007b6b00000,0x00000007c0000000)
 ParOldGen       total 479744K, used 316187K [0x00000006c6a00000, 0x00000006e3e80000, 0x000000076ce00000)
  object space 479744K, 65% used [0x00000006c6a00000,0x00000006d9ec6e30,0x00000006e3e80000)
 Metaspace       used 61307K, capacity 62397K, committed 62760K, reserved 1103872K
  class space    used 7166K, capacity 7436K, committed 7464K, reserved 1048576K
}
Event: 114.756 GC heap before
{Heap before GC invocations=34 (full 6):
 PSYoungGen      total 1209344K, used 161922K [0x000000076ce00000, 0x00000007c0000000, 0x00000007c0000000)
  eden space 1056768K, 6% used [0x000000076ce00000,0x00000007715faa38,0x00000007ad600000)
  from space 152576K, 57% used [0x00000007ad600000,0x00000007b2c25ef0,0x00000007b6b00000)
  to   space 152576K, 0% used [0x00000007b6b00000,0x00000007b6b00000,0x00000007c0000000)
 ParOldGen       total 479744K, used 316187K [0x00000006c6a00000, 0x00000006e3e80000, 0x000000076ce00000)
  object space 479744K, 65% used [0x00000006c6a00000,0x00000006d9ec6e30,0x00000006e3e80000)
 Metaspace       used 61345K, capacity 62397K, committed 62760K, reserved 1103872K
  class space    used 7170K, capacity 7436K, committed 7464K, reserved 1048576K
Event: 114.774 GC heap after
Heap after GC invocations=34 (full 6):
 PSYoungGen      total 1209856K, used 88078K [0x000000076ce00000, 0x00000007c0000000, 0x00000007c0000000)
  eden space 1057280K, 0% used [0x000000076ce00000,0x000000076ce00000,0x00000007ad680000)
  from space 152576K, 57% used [0x00000007b6b00000,0x00000007bc103a30,0x00000007c0000000)
  to   space 152064K, 0% used [0x00000007ad680000,0x00000007ad680000,0x00000007b6b00000)
 ParOldGen       total 479744K, used 316195K [0x00000006c6a00000, 0x00000006e3e80000, 0x000000076ce00000)
  object space 479744K, 65% used [0x00000006c6a00000,0x00000006d9ec8e30,0x00000006e3e80000)
 Metaspace       used 61345K, capacity 62397K, committed 62760K, reserved 1103872K
  class space    used 7170K, capacity 7436K, committed 7464K, reserved 1048576K
}
Event: 114.774 GC heap before
{Heap before GC invocations=35 (full 7):
 PSYoungGen      total 1209856K, used 88078K [0x000000076ce00000, 0x00000007c0000000, 0x00000007c0000000)
  eden space 1057280K, 0% used [0x000000076ce00000,0x000000076ce00000,0x00000007ad680000)
  from space 152576K, 57% used [0x00000007b6b00000,0x00000007bc103a30,0x00000007c0000000)
  to   space 152064K, 0% used [0x00000007ad680000,0x00000007ad680000,0x00000007b6b00000)
 ParOldGen       total 479744K, used 316195K [0x00000006c6a00000, 0x00000006e3e80000, 0x000000076ce00000)
  object space 479744K, 65% used [0x00000006c6a00000,0x00000006d9ec8e30,0x00000006e3e80000)
 Metaspace       used 61345K, capacity 62397K, committed 62760K, reserved 1103872K
  class space    used 7170K, capacity 7436K, committed 7464K, reserved 1048576K
Event: 115.232 GC heap after
Heap after GC invocations=35 (full 7):
 PSYoungGen      total 1209856K, used 0K [0x000000076ce00000, 0x00000007c0000000, 0x00000007c0000000)
  eden space 1057280K, 0% used [0x000000076ce00000,0x000000076ce00000,0x00000007ad680000)
  from space 152576K, 0% used [0x00000007b6b00000,0x00000007b6b00000,0x00000007c0000000)
  to   space 152064K, 0% used [0x00000007ad680000,0x00000007ad680000,0x00000007b6b00000)
 ParOldGen       total 479744K, used 377231K [0x00000006c6a00000, 0x00000006e3e80000, 0x000000076ce00000)
  object space 479744K, 78% used [0x00000006c6a00000,0x00000006dda63ff0,0x00000006e3e80000)
 Metaspace       used 61345K, capacity 62397K, committed 62760K, reserved 1103872K
  class space    used 7170K, capacity 7436K, committed 7464K, reserved 1048576K
}

