# JRE version: OpenJDK Runtime Environment (8.0_432-b05) (build 1.8.0_432-b05)
# Java VM: OpenJDK 64-Bit Server VM (25.432-b05 mixed mode linux-amd64 compressed oops)
Heap:
 PSYoungGen      total 1181696K, used 32043K [0x000000076ce00000, 0x00000007c0000000, 0x00000007c0000000)
  eden space 1110016K, 2% used [0x000000076ce00000,0x000000076ed4ac60,0x00000007b0a00000)
  from space 71680K, 0% used [0x00000007b0a00000,0x00000007b0a00000,0x00000007b5000000)
  to   space 128000K, 0% used [0x00000007b8300000,0x00000007b8300000,0x00000007c0000000)
 ParOldGen       total 466432K, used 342652K [0x00000006c6a00000, 0x00000006e3180000, 0x000000076ce00000)
  object space 466432K, 73% used [0x00000006c6a00000,0x00000006db89f1c8,0x00000006e3180000)
 Metaspace       used 60800K, capacity 61799K, committed 62080K, reserved 1103872K
  class space    used 7205K, capacity 7430K, committed 7552K, reserved 1048576K
GC Heap History (10 events):
Event: 33.042 GC heap before
{Heap before GC invocations=27 (full 7):
 PSYoungGen      total 1233920K, used 89064K [0x000000076ce00000, 0x00000007c0000000, 0x00000007c0000000)
  eden space 1144832K, 0% used [0x000000076ce00000,0x000000076ce00000,0x00000007b2c00000)
  from space 89088K, 99% used [0x00000007ba000000,0x00000007bf6fa0e0,0x00000007bf700000)
  to   space 108544K, 0% used [0x00000007b2c00000,0x00000007b2c00000,0x00000007b9600000)
 ParOldGen       total 466432K, used 216177K [0x00000006c6a00000, 0x00000006e3180000, 0x000000076ce00000)
  object space 466432K, 46% used [0x00000006c6a00000,0x00000006d3d1c5b0,0x00000006e3180000)
 Metaspace       used 56436K, capacity 57239K, committed 57600K, reserved 1099776K
  class space    used 6961K, capacity 7154K, committed 7168K, reserved 1048576K
Event: 33.692 GC heap after
Heap after GC invocations=27 (full 7):
 PSYoungGen      total 1233920K, used 0K [0x000000076ce00000, 0x00000007c0000000, 0x00000007c0000000)
  eden space 1144832K, 0% used [0x000000076ce00000,0x000000076ce00000,0x00000007b2c00000)
  from space 89088K, 0% used [0x00000007ba000000,0x00000007ba000000,0x00000007bf700000)
  to   space 108544K, 0% used [0x00000007b2c00000,0x00000007b2c00000,0x00000007b9600000)
 ParOldGen       total 466432K, used 294179K [0x00000006c6a00000, 0x00000006e3180000, 0x000000076ce00000)
  object space 466432K, 63% used [0x00000006c6a00000,0x00000006d8948c38,0x00000006e3180000)
 Metaspace       used 56436K, capacity 57239K, committed 57600K, reserved 1099776K
  class space    used 6961K, capacity 7154K, committed 7168K, reserved 1048576K
}
Event: 39.617 GC heap before
{Heap before GC invocations=28 (full 7):
 PSYoungGen      total 1233920K, used 1144832K [0x000000076ce00000, 0x00000007c0000000, 0x00000007c0000000)
  eden space 1144832K, 100% used [0x000000076ce00000,0x00000007b2c00000,0x00000007b2c00000)
  from space 89088K, 0% used [0x00000007ba000000,0x00000007ba000000,0x00000007bf700000)
  to   space 108544K, 0% used [0x00000007b2c00000,0x00000007b2c00000,0x00000007b9600000)
 ParOldGen       total 466432K, used 294179K [0x00000006c6a00000, 0x00000006e3180000, 0x000000076ce00000)
  object space 466432K, 63% used [0x00000006c6a00000,0x00000006d8948c38,0x00000006e3180000)
 Metaspace       used 59365K, capacity 60305K, committed 60672K, reserved 1101824K
  class space    used 7138K, capacity 7361K, committed 7424K, reserved 1048576K
Event: 39.641 GC heap after
Heap after GC invocations=28 (full 7):
 PSYoungGen      total 1229824K, used 84972K [0x000000076ce00000, 0x00000007c0000000, 0x00000007c0000000)
  eden space 1144832K, 0% used [0x000000076ce00000,0x000000076ce00000,0x00000007b2c00000)
  from space 84992K, 99% used [0x00000007b2c00000,0x00000007b7efb1f8,0x00000007b7f00000)
  to   space 119296K, 0% used [0x00000007b8b80000,0x00000007b8b80000,0x00000007c0000000)
 ParOldGen       total 466432K, used 294187K [0x00000006c6a00000, 0x00000006e3180000, 0x000000076ce00000)
  object space 466432K, 63% used [0x00000006c6a00000,0x00000006d894ac38,0x00000006e3180000)
 Metaspace       used 59365K, capacity 60305K, committed 60672K, reserved 1101824K
  class space    used 7138K, capacity 7361K, committed 7424K, reserved 1048576K
}
Event: 68.367 GC heap before
{Heap before GC invocations=29 (full 7):
 PSYoungGen      total 1229824K, used 1229804K [0x000000076ce00000, 0x00000007c0000000, 0x00000007c0000000)
  eden space 1144832K, 100% used [0x000000076ce00000,0x00000007b2c00000,0x00000007b2c00000)
  from space 84992K, 99% used [0x00000007b2c00000,0x00000007b7efb1f8,0x00000007b7f00000)
  to   space 119296K, 0% used [0x00000007b8b80000,0x00000007b8b80000,0x00000007c0000000)
 ParOldGen       total 466432K, used 294187K [0x00000006c6a00000, 0x00000006e3180000, 0x000000076ce00000)
  object space 466432K, 63% used [0x00000006c6a00000,0x00000006d894ac38,0x00000006e3180000)
 Metaspace       used 60530K, capacity 61535K, committed 61824K, reserved 1103872K
  class space    used 7190K, capacity 7428K, committed 7552K, reserved 1048576K
Event: 68.394 GC heap after
Heap after GC invocations=29 (full 7):
 PSYoungGen      total 1229312K, used 78749K [0x000000076ce00000, 0x00000007c0000000, 0x00000007c0000000)
  eden space 1110016K, 0% used [0x000000076ce00000,0x000000076ce00000,0x00000007b0a00000)
  from space 119296K, 66% used [0x00000007b8b80000,0x00000007bd867460,0x00000007c0000000)
  to   space 125952K, 0% used [0x00000007b0a00000,0x00000007b0a00000,0x00000007b8500000)
 ParOldGen       total 466432K, used 294195K [0x00000006c6a00000, 0x00000006e3180000, 0x000000076ce00000)
  object space 466432K, 63% used [0x00000006c6a00000,0x00000006d894cc38,0x00000006e3180000)
 Metaspace       used 60530K, capacity 61535K, committed 61824K, reserved 1103872K
  class space    used 7190K, capacity 7428K, committed 7552K, reserved 1048576K
}
Event: 81.912 GC heap before
{Heap before GC invocations=30 (full 7):
 PSYoungGen      total 1229312K, used 685814K [0x000000076ce00000, 0x00000007c0000000, 0x00000007c0000000)
  eden space 1110016K, 54% used [0x000000076ce00000,0x0000000791ed6690,0x00000007b0a00000)
  from space 119296K, 66% used [0x00000007b8b80000,0x00000007bd867460,0x00000007c0000000)
  to   space 125952K, 0% used [0x00000007b0a00000,0x00000007b0a00000,0x00000007b8500000)
 ParOldGen       total 466432K, used 294195K [0x00000006c6a00000, 0x00000006e3180000, 0x000000076ce00000)
  object space 466432K, 63% used [0x00000006c6a00000,0x00000006d894cc38,0x00000006e3180000)
 Metaspace       used 60796K, capacity 61811K, committed 62080K, reserved 1103872K
  class space    used 7206K, capacity 7432K, committed 7552K, reserved 1048576K
Event: 81.923 GC heap after
Heap after GC invocations=30 (full 7):
 PSYoungGen      total 1181696K, used 71575K [0x000000076ce00000, 0x00000007c0000000, 0x00000007c0000000)
  eden space 1110016K, 0% used [0x000000076ce00000,0x000000076ce00000,0x00000007b0a00000)
  from space 71680K, 99% used [0x00000007b0a00000,0x00000007b4fe5f50,0x00000007b5000000)
  to   space 128000K, 0% used [0x00000007b8300000,0x00000007b8300000,0x00000007c0000000)
 ParOldGen       total 466432K, used 294203K [0x00000006c6a00000, 0x00000006e3180000, 0x000000076ce00000)
  object space 466432K, 63% used [0x00000006c6a00000,0x00000006d894ec38,0x00000006e3180000)
 Metaspace       used 60796K, capacity 61811K, committed 62080K, reserved 1103872K
  class space    used 7206K, capacity 7432K, committed 7552K, reserved 1048576K
}
Event: 81.923 GC heap before
{Heap before GC invocations=31 (full 8):
 PSYoungGen      total 1181696K, used 71575K [0x000000076ce00000, 0x00000007c0000000, 0x00000007c0000000)
  eden space 1110016K, 0% used [0x000000076ce00000,0x000000076ce00000,0x00000007b0a00000)
  from space 71680K, 99% used [0x00000007b0a00000,0x00000007b4fe5f50,0x00000007b5000000)
  to   space 128000K, 0% used [0x00000007b8300000,0x00000007b8300000,0x00000007c0000000)
 ParOldGen       total 466432K, used 294203K [0x00000006c6a00000, 0x00000006e3180000, 0x000000076ce00000)
  object space 466432K, 63% used [0x00000006c6a00000,0x00000006d894ec38,0x00000006e3180000)
 Metaspace       used 60796K, capacity 61811K, committed 62080K, reserved 1103872K
  class space    used 7206K, capacity 7432K, committed 7552K, reserved 1048576K
Event: 82.325 GC heap after
Heap after GC invocations=31 (full 8):
 PSYoungGen      total 1181696K, used 0K [0x000000076ce00000, 0x00000007c0000000, 0x00000007c0000000)
  eden space 1110016K, 0% used [0x000000076ce00000,0x000000076ce00000,0x00000007b0a00000)
  from space 71680K, 0% used [0x00000007b0a00000,0x00000007b0a00000,0x00000007b5000000)
  to   space 128000K, 0% used [0x00000007b8300000,0x00000007b8300000,0x00000007c0000000)
 ParOldGen       total 466432K, used 342652K [0x00000006c6a00000, 0x00000006e3180000, 0x000000076ce00000)
  object space 466432K, 73% used [0x00000006c6a00000,0x00000006db89f1c8,0x00000006e3180000)
 Metaspace       used 60793K, capacity 61799K, committed 62080K, reserved 1103872K
  class space    used 7204K, capacity 7430K, committed 7552K, reserved 1048576K
}

