# JRE version: OpenJDK Runtime Environment (8.0_412-b08) (build 1.8.0_412-b08)
# Java VM: OpenJDK 64-Bit Server VM (25.412-b08 mixed mode linux-amd64 compressed oops)
Heap:
 PSYoungGen      total 1172480K, used 18436K [0x000000076ce00000, 0x00000007c0000000, 0x00000007c0000000)
  eden space 992256K, 1% used [0x000000076ce00000,0x000000076e001198,0x00000007a9700000)
  from space 180224K, 0% used [0x00000007b5000000,0x00000007b5000000,0x00000007c0000000)
  to   space 184832K, 0% used [0x00000007a9700000,0x00000007a9700000,0x00000007b4b80000)
 ParOldGen       total 495616K, used 393176K [0x00000006c6a00000, 0x00000006e4e00000, 0x000000076ce00000)
  object space 495616K, 79% used [0x00000006c6a00000,0x00000006de9f6200,0x00000006e4e00000)
 Metaspace       used 60507K, capacity 61557K, committed 61992K, reserved 1103872K
  class space    used 7122K, capacity 7382K, committed 7464K, reserved 1048576K
GC Heap History (10 events):
Event: 134.869 GC heap before
{Heap before GC invocations=35 (full 6):
 PSYoungGen      total 1186816K, used 1146283K [0x000000076ce00000, 0x00000007c0000000, 0x00000007c0000000)
  eden space 1030144K, 100% used [0x000000076ce00000,0x00000007abc00000,0x00000007abc00000)
  from space 156672K, 74% used [0x00000007b6700000,0x00000007bd86ac70,0x00000007c0000000)
  to   space 165888K, 0% used [0x00000007abc00000,0x00000007abc00000,0x00000007b5e00000)
 ParOldGen       total 495616K, used 311162K [0x00000006c6a00000, 0x00000006e4e00000, 0x000000076ce00000)
  object space 495616K, 62% used [0x00000006c6a00000,0x00000006d99de920,0x00000006e4e00000)
 Metaspace       used 60097K, capacity 61091K, committed 61352K, reserved 1103872K
  class space    used 7103K, capacity 7315K, committed 7336K, reserved 1048576K
Event: 134.888 GC heap after
Heap after GC invocations=35 (full 6):
 PSYoungGen      total 1152512K, used 122197K [0x000000076ce00000, 0x00000007c0000000, 0x00000007c0000000)
  eden space 1030144K, 0% used [0x000000076ce00000,0x000000076ce00000,0x00000007abc00000)
  from space 122368K, 99% used [0x00000007abc00000,0x00000007b33557b8,0x00000007b3380000)
  to   space 175104K, 0% used [0x00000007b5500000,0x00000007b5500000,0x00000007c0000000)
 ParOldGen       total 495616K, used 311170K [0x00000006c6a00000, 0x00000006e4e00000, 0x000000076ce00000)
  object space 495616K, 62% used [0x00000006c6a00000,0x00000006d99e0920,0x00000006e4e00000)
 Metaspace       used 60097K, capacity 61091K, committed 61352K, reserved 1103872K
  class space    used 7103K, capacity 7315K, committed 7336K, reserved 1048576K
}
Event: 166.107 GC heap before
{Heap before GC invocations=36 (full 6):
 PSYoungGen      total 1152512K, used 1152341K [0x000000076ce00000, 0x00000007c0000000, 0x00000007c0000000)
  eden space 1030144K, 100% used [0x000000076ce00000,0x00000007abc00000,0x00000007abc00000)
  from space 122368K, 99% used [0x00000007abc00000,0x00000007b33557b8,0x00000007b3380000)
  to   space 175104K, 0% used [0x00000007b5500000,0x00000007b5500000,0x00000007c0000000)
 ParOldGen       total 495616K, used 311170K [0x00000006c6a00000, 0x00000006e4e00000, 0x000000076ce00000)
  object space 495616K, 62% used [0x00000006c6a00000,0x00000006d99e0920,0x00000006e4e00000)
 Metaspace       used 60155K, capacity 61161K, committed 61352K, reserved 1103872K
  class space    used 7103K, capacity 7316K, committed 7336K, reserved 1048576K
Event: 166.124 GC heap after
Heap after GC invocations=36 (full 6):
 PSYoungGen      total 1183744K, used 108095K [0x000000076ce00000, 0x00000007c0000000, 0x00000007c0000000)
  eden space 1008640K, 0% used [0x000000076ce00000,0x000000076ce00000,0x00000007aa700000)
  from space 175104K, 61% used [0x00000007b5500000,0x00000007bbe8ffe0,0x00000007c0000000)
  to   space 176640K, 0% used [0x00000007aa700000,0x00000007aa700000,0x00000007b5380000)
 ParOldGen       total 495616K, used 311178K [0x00000006c6a00000, 0x00000006e4e00000, 0x000000076ce00000)
  object space 495616K, 62% used [0x00000006c6a00000,0x00000006d99e2920,0x00000006e4e00000)
 Metaspace       used 60155K, capacity 61161K, committed 61352K, reserved 1103872K
  class space    used 7103K, capacity 7316K, committed 7336K, reserved 1048576K
}
Event: 175.989 GC heap before
{Heap before GC invocations=37 (full 6):
 PSYoungGen      total 1183744K, used 1116735K [0x000000076ce00000, 0x00000007c0000000, 0x00000007c0000000)
  eden space 1008640K, 100% used [0x000000076ce00000,0x00000007aa700000,0x00000007aa700000)
  from space 175104K, 61% used [0x00000007b5500000,0x00000007bbe8ffe0,0x00000007c0000000)
  to   space 176640K, 0% used [0x00000007aa700000,0x00000007aa700000,0x00000007b5380000)
 ParOldGen       total 495616K, used 311178K [0x00000006c6a00000, 0x00000006e4e00000, 0x000000076ce00000)
  object space 495616K, 62% used [0x00000006c6a00000,0x00000006d99e2920,0x00000006e4e00000)
 Metaspace       used 60407K, capacity 61429K, committed 61608K, reserved 1103872K
  class space    used 7111K, capacity 7318K, committed 7336K, reserved 1048576K
Event: 176.008 GC heap after
Heap after GC invocations=37 (full 6):
 PSYoungGen      total 1124864K, used 116163K [0x000000076ce00000, 0x00000007c0000000, 0x00000007c0000000)
  eden space 1008640K, 0% used [0x000000076ce00000,0x000000076ce00000,0x00000007aa700000)
  from space 116224K, 99% used [0x00000007aa700000,0x00000007b1870ea0,0x00000007b1880000)
  to   space 180224K, 0% used [0x00000007b5000000,0x00000007b5000000,0x00000007c0000000)
 ParOldGen       total 495616K, used 311186K [0x00000006c6a00000, 0x00000006e4e00000, 0x000000076ce00000)
  object space 495616K, 62% used [0x00000006c6a00000,0x00000006d99e4920,0x00000006e4e00000)
 Metaspace       used 60407K, capacity 61429K, committed 61608K, reserved 1103872K
  class space    used 7111K, capacity 7318K, committed 7336K, reserved 1048576K
}
Event: 179.787 GC heap before
{Heap before GC invocations=38 (full 6):
 PSYoungGen      total 1124864K, used 738986K [0x000000076ce00000, 0x00000007c0000000, 0x00000007c0000000)
  eden space 1008640K, 61% used [0x000000076ce00000,0x0000000792e39a70,0x00000007aa700000)
  from space 116224K, 99% used [0x00000007aa700000,0x00000007b1870ea0,0x00000007b1880000)
  to   space 180224K, 0% used [0x00000007b5000000,0x00000007b5000000,0x00000007c0000000)
 ParOldGen       total 495616K, used 311186K [0x00000006c6a00000, 0x00000006e4e00000, 0x000000076ce00000)
  object space 495616K, 62% used [0x00000006c6a00000,0x00000006d99e4920,0x00000006e4e00000)
 Metaspace       used 60495K, capacity 61557K, committed 61992K, reserved 1103872K
  class space    used 7121K, capacity 7382K, committed 7464K, reserved 1048576K
Event: 179.807 GC heap after
Heap after GC invocations=38 (full 6):
 PSYoungGen      total 1172480K, used 121601K [0x000000076ce00000, 0x00000007c0000000, 0x00000007c0000000)
  eden space 992256K, 0% used [0x000000076ce00000,0x000000076ce00000,0x00000007a9700000)
  from space 180224K, 67% used [0x00000007b5000000,0x00000007bc6c0488,0x00000007c0000000)
  to   space 184832K, 0% used [0x00000007a9700000,0x00000007a9700000,0x00000007b4b80000)
 ParOldGen       total 495616K, used 311194K [0x00000006c6a00000, 0x00000006e4e00000, 0x000000076ce00000)
  object space 495616K, 62% used [0x00000006c6a00000,0x00000006d99e6920,0x00000006e4e00000)
 Metaspace       used 60495K, capacity 61557K, committed 61992K, reserved 1103872K
  class space    used 7121K, capacity 7382K, committed 7464K, reserved 1048576K
}
Event: 179.807 GC heap before
{Heap before GC invocations=39 (full 7):
 PSYoungGen      total 1172480K, used 121601K [0x000000076ce00000, 0x00000007c0000000, 0x00000007c0000000)
  eden space 992256K, 0% used [0x000000076ce00000,0x000000076ce00000,0x00000007a9700000)
  from space 180224K, 67% used [0x00000007b5000000,0x00000007bc6c0488,0x00000007c0000000)
  to   space 184832K, 0% used [0x00000007a9700000,0x00000007a9700000,0x00000007b4b80000)
 ParOldGen       total 495616K, used 311194K [0x00000006c6a00000, 0x00000006e4e00000, 0x000000076ce00000)
  object space 495616K, 62% used [0x00000006c6a00000,0x00000006d99e6920,0x00000006e4e00000)
 Metaspace       used 60495K, capacity 61557K, committed 61992K, reserved 1103872K
  class space    used 7121K, capacity 7382K, committed 7464K, reserved 1048576K
Event: 180.345 GC heap after
Heap after GC invocations=39 (full 7):
 PSYoungGen      total 1172480K, used 0K [0x000000076ce00000, 0x00000007c0000000, 0x00000007c0000000)
  eden space 992256K, 0% used [0x000000076ce00000,0x000000076ce00000,0x00000007a9700000)
  from space 180224K, 0% used [0x00000007b5000000,0x00000007b5000000,0x00000007c0000000)
  to   space 184832K, 0% used [0x00000007a9700000,0x00000007a9700000,0x00000007b4b80000)
 ParOldGen       total 495616K, used 393176K [0x00000006c6a00000, 0x00000006e4e00000, 0x000000076ce00000)
  object space 495616K, 79% used [0x00000006c6a00000,0x00000006de9f6200,0x00000006e4e00000)
 Metaspace       used 60495K, capacity 61557K, committed 61992K, reserved 1103872K
  class space    used 7121K, capacity 7382K, committed 7464K, reserved 1048576K
}

