# JRE version: OpenJDK Runtime Environment (8.0_412-b08) (build 1.8.0_412-b08)
# Java VM: OpenJDK 64-Bit Server VM (25.412-b08 mixed mode linux-amd64 compressed oops)
Heap:
 PSYoungGen      total 1031168K, used 20809K [0x000000076ce00000, 0x00000007b5500000, 0x00000007c0000000)
  eden space 878592K, 2% used [0x000000076ce00000,0x000000076e2525c0,0x00000007a2800000)
  from space 152576K, 0% used [0x00000007ac000000,0x00000007ac000000,0x00000007b5500000)
  to   space 154112K, 0% used [0x00000007a2800000,0x00000007a2800000,0x00000007abe80000)
 ParOldGen       total 488960K, used 373964K [0x00000006c6a00000, 0x00000006e4780000, 0x000000076ce00000)
  object space 488960K, 76% used [0x00000006c6a00000,0x00000006dd733228,0x00000006e4780000)
 Metaspace       used 60558K, capacity 61523K, committed 61952K, reserved 1103872K
  class space    used 7078K, capacity 7333K, committed 7424K, reserved 1048576K
GC Heap History (10 events):
Event: 267.535 GC heap before
{Heap before GC invocations=33 (full 6):
 PSYoungGen      total 1115648K, used 1092662K [0x000000076ce00000, 0x00000007bd580000, 0x00000007c0000000)
  eden space 999936K, 100% used [0x000000076ce00000,0x00000007a9e80000,0x00000007a9e80000)
  from space 115712K, 80% used [0x00000007b6480000,0x00000007bbf0d920,0x00000007bd580000)
  to   space 159232K, 0% used [0x00000007a9e80000,0x00000007a9e80000,0x00000007b3a00000)
 ParOldGen       total 488960K, used 314523K [0x00000006c6a00000, 0x00000006e4780000, 0x000000076ce00000)
  object space 488960K, 64% used [0x00000006c6a00000,0x00000006d9d26ef8,0x00000006e4780000)
 Metaspace       used 60509K, capacity 61491K, committed 61952K, reserved 1103872K
  class space    used 7071K, capacity 7301K, committed 7424K, reserved 1048576K
Event: 267.562 GC heap after
Heap after GC invocations=33 (full 6):
 PSYoungGen      total 1050624K, used 92998K [0x000000076ce00000, 0x00000007bab00000, 0x00000007c0000000)
  eden space 957440K, 0% used [0x000000076ce00000,0x000000076ce00000,0x00000007a7500000)
  from space 93184K, 99% used [0x00000007a9e80000,0x00000007af9518e0,0x00000007af980000)
  to   space 158720K, 0% used [0x00000007b1000000,0x00000007b1000000,0x00000007bab00000)
 ParOldGen       total 488960K, used 314531K [0x00000006c6a00000, 0x00000006e4780000, 0x000000076ce00000)
  object space 488960K, 64% used [0x00000006c6a00000,0x00000006d9d28ef8,0x00000006e4780000)
 Metaspace       used 60509K, capacity 61491K, committed 61952K, reserved 1103872K
  class space    used 7071K, capacity 7301K, committed 7424K, reserved 1048576K
}
Event: 367.944 GC heap before
{Heap before GC invocations=34 (full 6):
 PSYoungGen      total 1050624K, used 1050438K [0x000000076ce00000, 0x00000007bab00000, 0x00000007c0000000)
  eden space 957440K, 100% used [0x000000076ce00000,0x00000007a7500000,0x00000007a7500000)
  from space 93184K, 99% used [0x00000007a9e80000,0x00000007af9518e0,0x00000007af980000)
  to   space 158720K, 0% used [0x00000007b1000000,0x00000007b1000000,0x00000007bab00000)
 ParOldGen       total 488960K, used 314531K [0x00000006c6a00000, 0x00000006e4780000, 0x000000076ce00000)
  object space 488960K, 64% used [0x00000006c6a00000,0x00000006d9d28ef8,0x00000006e4780000)
 Metaspace       used 60511K, capacity 61491K, committed 61952K, reserved 1103872K
  class space    used 7071K, capacity 7301K, committed 7424K, reserved 1048576K
Event: 367.959 GC heap after
Heap after GC invocations=34 (full 6):
 PSYoungGen      total 1032192K, used 92630K [0x000000076ce00000, 0x00000007b8080000, 0x00000007c0000000)
  eden space 916992K, 0% used [0x000000076ce00000,0x000000076ce00000,0x00000007a4d80000)
  from space 115200K, 80% used [0x00000007b1000000,0x00000007b6a75bd8,0x00000007b8080000)
  to   space 157184K, 0% used [0x00000007a4d80000,0x00000007a4d80000,0x00000007ae700000)
 ParOldGen       total 488960K, used 314539K [0x00000006c6a00000, 0x00000006e4780000, 0x000000076ce00000)
  object space 488960K, 64% used [0x00000006c6a00000,0x00000006d9d2aef8,0x00000006e4780000)
 Metaspace       used 60511K, capacity 61491K, committed 61952K, reserved 1103872K
  class space    used 7071K, capacity 7301K, committed 7424K, reserved 1048576K
}
Event: 464.847 GC heap before
{Heap before GC invocations=35 (full 6):
 PSYoungGen      total 1032192K, used 1009622K [0x000000076ce00000, 0x00000007b8080000, 0x00000007c0000000)
  eden space 916992K, 100% used [0x000000076ce00000,0x00000007a4d80000,0x00000007a4d80000)
  from space 115200K, 80% used [0x00000007b1000000,0x00000007b6a75bd8,0x00000007b8080000)
  to   space 157184K, 0% used [0x00000007a4d80000,0x00000007a4d80000,0x00000007ae700000)
 ParOldGen       total 488960K, used 314539K [0x00000006c6a00000, 0x00000006e4780000, 0x000000076ce00000)
  object space 488960K, 64% used [0x00000006c6a00000,0x00000006d9d2aef8,0x00000006e4780000)
 Metaspace       used 60515K, capacity 61491K, committed 61952K, reserved 1103872K
  class space    used 7072K, capacity 7301K, committed 7424K, reserved 1048576K
Event: 464.867 GC heap after
Heap after GC invocations=35 (full 6):
 PSYoungGen      total 971776K, used 93182K [0x000000076ce00000, 0x00000007b5800000, 0x00000007c0000000)
  eden space 878592K, 0% used [0x000000076ce00000,0x000000076ce00000,0x00000007a2800000)
  from space 93184K, 99% used [0x00000007a4d80000,0x00000007aa87f8b8,0x00000007aa880000)
  to   space 155648K, 0% used [0x00000007ac000000,0x00000007ac000000,0x00000007b5800000)
 ParOldGen       total 488960K, used 314539K [0x00000006c6a00000, 0x00000006e4780000, 0x000000076ce00000)
  object space 488960K, 64% used [0x00000006c6a00000,0x00000006d9d2aef8,0x00000006e4780000)
 Metaspace       used 60515K, capacity 61491K, committed 61952K, reserved 1103872K
  class space    used 7072K, capacity 7301K, committed 7424K, reserved 1048576K
}
Event: 517.326 GC heap before
{Heap before GC invocations=36 (full 6):
 PSYoungGen      total 971776K, used 599749K [0x000000076ce00000, 0x00000007b5800000, 0x00000007c0000000)
  eden space 878592K, 57% used [0x000000076ce00000,0x000000078bcb1c58,0x00000007a2800000)
  from space 93184K, 99% used [0x00000007a4d80000,0x00000007aa87f8b8,0x00000007aa880000)
  to   space 155648K, 0% used [0x00000007ac000000,0x00000007ac000000,0x00000007b5800000)
 ParOldGen       total 488960K, used 314539K [0x00000006c6a00000, 0x00000006e4780000, 0x000000076ce00000)
  object space 488960K, 64% used [0x00000006c6a00000,0x00000006d9d2aef8,0x00000006e4780000)
 Metaspace       used 60551K, capacity 61491K, committed 61952K, reserved 1103872K
  class space    used 7076K, capacity 7301K, committed 7424K, reserved 1048576K
Event: 517.338 GC heap after
Heap after GC invocations=36 (full 6):
 PSYoungGen      total 1031168K, used 93607K [0x000000076ce00000, 0x00000007b5500000, 0x00000007c0000000)
  eden space 878592K, 0% used [0x000000076ce00000,0x000000076ce00000,0x00000007a2800000)
  from space 152576K, 61% used [0x00000007ac000000,0x00000007b1b69e00,0x00000007b5500000)
  to   space 154112K, 0% used [0x00000007a2800000,0x00000007a2800000,0x00000007abe80000)
 ParOldGen       total 488960K, used 314547K [0x00000006c6a00000, 0x00000006e4780000, 0x000000076ce00000)
  object space 488960K, 64% used [0x00000006c6a00000,0x00000006d9d2cef8,0x00000006e4780000)
 Metaspace       used 60551K, capacity 61491K, committed 61952K, reserved 1103872K
  class space    used 7076K, capacity 7301K, committed 7424K, reserved 1048576K
}
Event: 517.338 GC heap before
{Heap before GC invocations=37 (full 7):
 PSYoungGen      total 1031168K, used 93607K [0x000000076ce00000, 0x00000007b5500000, 0x00000007c0000000)
  eden space 878592K, 0% used [0x000000076ce00000,0x000000076ce00000,0x00000007a2800000)
  from space 152576K, 61% used [0x00000007ac000000,0x00000007b1b69e00,0x00000007b5500000)
  to   space 154112K, 0% used [0x00000007a2800000,0x00000007a2800000,0x00000007abe80000)
 ParOldGen       total 488960K, used 314547K [0x00000006c6a00000, 0x00000006e4780000, 0x000000076ce00000)
  object space 488960K, 64% used [0x00000006c6a00000,0x00000006d9d2cef8,0x00000006e4780000)
 Metaspace       used 60551K, capacity 61491K, committed 61952K, reserved 1103872K
  class space    used 7076K, capacity 7301K, committed 7424K, reserved 1048576K
Event: 517.748 GC heap after
Heap after GC invocations=37 (full 7):
 PSYoungGen      total 1031168K, used 0K [0x000000076ce00000, 0x00000007b5500000, 0x00000007c0000000)
  eden space 878592K, 0% used [0x000000076ce00000,0x000000076ce00000,0x00000007a2800000)
  from space 152576K, 0% used [0x00000007ac000000,0x00000007ac000000,0x00000007b5500000)
  to   space 154112K, 0% used [0x00000007a2800000,0x00000007a2800000,0x00000007abe80000)
 ParOldGen       total 488960K, used 373964K [0x00000006c6a00000, 0x00000006e4780000, 0x000000076ce00000)
  object space 488960K, 76% used [0x00000006c6a00000,0x00000006dd733228,0x00000006e4780000)
 Metaspace       used 60551K, capacity 61491K, committed 61952K, reserved 1103872K
  class space    used 7076K, capacity 7301K, committed 7424K, reserved 1048576K
}

