# JRE version: OpenJDK Runtime Environment (8.0_432-b05) (build 1.8.0_432-b05)
# Java VM: OpenJDK 64-Bit Server VM (25.432-b05 mixed mode linux-amd64 compressed oops)
Heap:
 PSYoungGen      total 1208832K, used 22519K [0x000000076ce00000, 0x00000007c0000000, 0x00000007c0000000)
  eden space 1068032K, 2% used [0x000000076ce00000,0x000000076e3fde48,0x00000007ae100000)
  from space 140800K, 0% used [0x00000007b7680000,0x00000007b7680000,0x00000007c0000000)
  to   space 146944K, 0% used [0x00000007ae100000,0x00000007ae100000,0x00000007b7080000)
 ParOldGen       total 455680K, used 360681K [0x00000006c6a00000, 0x00000006e2700000, 0x000000076ce00000)
  object space 455680K, 79% used [0x00000006c6a00000,0x00000006dca3a7b8,0x00000006e2700000)
 Metaspace       used 60170K, capacity 61109K, committed 61440K, reserved 1103872K
  class space    used 7098K, capacity 7329K, committed 7424K, reserved 1048576K
GC Heap History (10 events):
Event: 54.317 GC heap before
{Heap before GC invocations=29 (full 6):
 PSYoungGen      total 1216000K, used 1204838K [0x000000076ce00000, 0x00000007c0000000, 0x00000007c0000000)
  eden space 1113088K, 100% used [0x000000076ce00000,0x00000007b0d00000,0x00000007b0d00000)
  from space 102912K, 89% used [0x00000007b9b80000,0x00000007bf519aa0,0x00000007c0000000)
  to   space 124416K, 0% used [0x00000007b0d00000,0x00000007b0d00000,0x00000007b8680000)
 ParOldGen       total 455680K, used 292369K [0x00000006c6a00000, 0x00000006e2700000, 0x000000076ce00000)
  object space 455680K, 64% used [0x00000006c6a00000,0x00000006d87845e8,0x00000006e2700000)
 Metaspace       used 59286K, capacity 60227K, committed 60544K, reserved 1101824K
  class space    used 7049K, capacity 7294K, committed 7296K, reserved 1048576K
Event: 54.329 GC heap after
Heap after GC invocations=29 (full 6):
 PSYoungGen      total 1188864K, used 75533K [0x000000076ce00000, 0x00000007c0000000, 0x00000007c0000000)
  eden space 1113088K, 0% used [0x000000076ce00000,0x000000076ce00000,0x00000007b0d00000)
  from space 75776K, 99% used [0x00000007b0d00000,0x00000007b56c35b8,0x00000007b5700000)
  to   space 128000K, 0% used [0x00000007b8300000,0x00000007b8300000,0x00000007c0000000)
 ParOldGen       total 455680K, used 292377K [0x00000006c6a00000, 0x00000006e2700000, 0x000000076ce00000)
  object space 455680K, 64% used [0x00000006c6a00000,0x00000006d87865e8,0x00000006e2700000)
 Metaspace       used 59286K, capacity 60227K, committed 60544K, reserved 1101824K
  class space    used 7049K, capacity 7294K, committed 7296K, reserved 1048576K
}
Event: 62.606 GC heap before
{Heap before GC invocations=30 (full 6):
 PSYoungGen      total 1188864K, used 1188621K [0x000000076ce00000, 0x00000007c0000000, 0x00000007c0000000)
  eden space 1113088K, 100% used [0x000000076ce00000,0x00000007b0d00000,0x00000007b0d00000)
  from space 75776K, 99% used [0x00000007b0d00000,0x00000007b56c35b8,0x00000007b5700000)
  to   space 128000K, 0% used [0x00000007b8300000,0x00000007b8300000,0x00000007c0000000)
 ParOldGen       total 455680K, used 292377K [0x00000006c6a00000, 0x00000006e2700000, 0x000000076ce00000)
  object space 455680K, 64% used [0x00000006c6a00000,0x00000006d87865e8,0x00000006e2700000)
 Metaspace       used 59694K, capacity 60617K, committed 60800K, reserved 1103872K
  class space    used 7063K, capacity 7295K, committed 7296K, reserved 1048576K
Event: 62.616 GC heap after
Heap after GC invocations=30 (full 6):
 PSYoungGen      total 1224704K, used 81731K [0x000000076ce00000, 0x00000007c0000000, 0x00000007c0000000)
  eden space 1096704K, 0% used [0x000000076ce00000,0x000000076ce00000,0x00000007afd00000)
  from space 128000K, 63% used [0x00000007b8300000,0x00000007bd2d0e88,0x00000007c0000000)
  to   space 132608K, 0% used [0x00000007afd00000,0x00000007afd00000,0x00000007b7e80000)
 ParOldGen       total 455680K, used 292385K [0x00000006c6a00000, 0x00000006e2700000, 0x000000076ce00000)
  object space 455680K, 64% used [0x00000006c6a00000,0x00000006d87885e8,0x00000006e2700000)
 Metaspace       used 59694K, capacity 60617K, committed 60800K, reserved 1103872K
  class space    used 7063K, capacity 7295K, committed 7296K, reserved 1048576K
}
Event: 72.173 GC heap before
{Heap before GC invocations=31 (full 6):
 PSYoungGen      total 1224704K, used 1178435K [0x000000076ce00000, 0x00000007c0000000, 0x00000007c0000000)
  eden space 1096704K, 100% used [0x000000076ce00000,0x00000007afd00000,0x00000007afd00000)
  from space 128000K, 63% used [0x00000007b8300000,0x00000007bd2d0e88,0x00000007c0000000)
  to   space 132608K, 0% used [0x00000007afd00000,0x00000007afd00000,0x00000007b7e80000)
 ParOldGen       total 455680K, used 292385K [0x00000006c6a00000, 0x00000006e2700000, 0x000000076ce00000)
  object space 455680K, 64% used [0x00000006c6a00000,0x00000006d87885e8,0x00000006e2700000)
 Metaspace       used 59899K, capacity 60815K, committed 61056K, reserved 1103872K
  class space    used 7072K, capacity 7296K, committed 7296K, reserved 1048576K
Event: 72.186 GC heap after
Heap after GC invocations=31 (full 6):
 PSYoungGen      total 1193472K, used 96622K [0x000000076ce00000, 0x00000007c0000000, 0x00000007c0000000)
  eden space 1096704K, 0% used [0x000000076ce00000,0x000000076ce00000,0x00000007afd00000)
  from space 96768K, 99% used [0x00000007afd00000,0x00000007b5b5b990,0x00000007b5b80000)
  to   space 140800K, 0% used [0x00000007b7680000,0x00000007b7680000,0x00000007c0000000)
 ParOldGen       total 455680K, used 292393K [0x00000006c6a00000, 0x00000006e2700000, 0x000000076ce00000)
  object space 455680K, 64% used [0x00000006c6a00000,0x00000006d878a5e8,0x00000006e2700000)
 Metaspace       used 59899K, capacity 60815K, committed 61056K, reserved 1103872K
  class space    used 7072K, capacity 7296K, committed 7296K, reserved 1048576K
}
Event: 96.416 GC heap before
{Heap before GC invocations=32 (full 6):
 PSYoungGen      total 1193472K, used 858924K [0x000000076ce00000, 0x00000007c0000000, 0x00000007c0000000)
  eden space 1096704K, 69% used [0x000000076ce00000,0x000000079b66f6d8,0x00000007afd00000)
  from space 96768K, 99% used [0x00000007afd00000,0x00000007b5b5b990,0x00000007b5b80000)
  to   space 140800K, 0% used [0x00000007b7680000,0x00000007b7680000,0x00000007c0000000)
 ParOldGen       total 455680K, used 292393K [0x00000006c6a00000, 0x00000006e2700000, 0x000000076ce00000)
  object space 455680K, 64% used [0x00000006c6a00000,0x00000006d878a5e8,0x00000006e2700000)
 Metaspace       used 60162K, capacity 61109K, committed 61440K, reserved 1103872K
  class space    used 7097K, capacity 7329K, committed 7424K, reserved 1048576K
Event: 96.430 GC heap after
Heap after GC invocations=32 (full 6):
 PSYoungGen      total 1208832K, used 94778K [0x000000076ce00000, 0x00000007c0000000, 0x00000007c0000000)
  eden space 1068032K, 0% used [0x000000076ce00000,0x000000076ce00000,0x00000007ae100000)
  from space 140800K, 67% used [0x00000007b7680000,0x00000007bd30eb58,0x00000007c0000000)
  to   space 146944K, 0% used [0x00000007ae100000,0x00000007ae100000,0x00000007b7080000)
 ParOldGen       total 455680K, used 292401K [0x00000006c6a00000, 0x00000006e2700000, 0x000000076ce00000)
  object space 455680K, 64% used [0x00000006c6a00000,0x00000006d878c5e8,0x00000006e2700000)
 Metaspace       used 60162K, capacity 61109K, committed 61440K, reserved 1103872K
  class space    used 7097K, capacity 7329K, committed 7424K, reserved 1048576K
}
Event: 96.430 GC heap before
{Heap before GC invocations=33 (full 7):
 PSYoungGen      total 1208832K, used 94778K [0x000000076ce00000, 0x00000007c0000000, 0x00000007c0000000)
  eden space 1068032K, 0% used [0x000000076ce00000,0x000000076ce00000,0x00000007ae100000)
  from space 140800K, 67% used [0x00000007b7680000,0x00000007bd30eb58,0x00000007c0000000)
  to   space 146944K, 0% used [0x00000007ae100000,0x00000007ae100000,0x00000007b7080000)
 ParOldGen       total 455680K, used 292401K [0x00000006c6a00000, 0x00000006e2700000, 0x000000076ce00000)
  object space 455680K, 64% used [0x00000006c6a00000,0x00000006d878c5e8,0x00000006e2700000)
 Metaspace       used 60162K, capacity 61109K, committed 61440K, reserved 1103872K
  class space    used 7097K, capacity 7329K, committed 7424K, reserved 1048576K
Event: 96.860 GC heap after
Heap after GC invocations=33 (full 7):
 PSYoungGen      total 1208832K, used 0K [0x000000076ce00000, 0x00000007c0000000, 0x00000007c0000000)
  eden space 1068032K, 0% used [0x000000076ce00000,0x000000076ce00000,0x00000007ae100000)
  from space 140800K, 0% used [0x00000007b7680000,0x00000007b7680000,0x00000007c0000000)
  to   space 146944K, 0% used [0x00000007ae100000,0x00000007ae100000,0x00000007b7080000)
 ParOldGen       total 455680K, used 360681K [0x00000006c6a00000, 0x00000006e2700000, 0x000000076ce00000)
  object space 455680K, 79% used [0x00000006c6a00000,0x00000006dca3a7b8,0x00000006e2700000)
 Metaspace       used 60162K, capacity 61109K, committed 61440K, reserved 1103872K
  class space    used 7097K, capacity 7329K, committed 7424K, reserved 1048576K
}

