# JRE version: OpenJDK Runtime Environment (8.0_412-b08) (build 1.8.0_412-b08)
# Java VM: OpenJDK 64-Bit Server VM (25.412-b08 mixed mode linux-amd64 compressed oops)
Heap:
 PSYoungGen      total 1213440K, used 26505K [0x000000076ce00000, 0x00000007c0000000, 0x00000007c0000000)
  eden space 1063936K, 2% used [0x000000076ce00000,0x000000076e7e24f0,0x00000007add00000)
  from space 149504K, 0% used [0x00000007b6e00000,0x00000007b6e00000,0x00000007c0000000)
  to   space 148480K, 0% used [0x00000007add00000,0x00000007add00000,0x00000007b6e00000)
 ParOldGen       total 476672K, used 366387K [0x00000006c6a00000, 0x00000006e3b80000, 0x000000076ce00000)
  object space 476672K, 76% used [0x00000006c6a00000,0x00000006dcfcccc0,0x00000006e3b80000)
 Metaspace       used 60937K, capacity 61953K, committed 62248K, reserved 1103872K
  class space    used 7144K, capacity 7398K, committed 7464K, reserved 1048576K
GC Heap History (10 events):
Event: 72.003 GC heap before
{Heap before GC invocations=31 (full 6):
 PSYoungGen      total 1233408K, used 1184792K [0x000000076ce00000, 0x00000007c0000000, 0x00000007c0000000)
  eden space 1113088K, 100% used [0x000000076ce00000,0x00000007b0d00000,0x00000007b0d00000)
  from space 120320K, 59% used [0x00000007b8a80000,0x00000007bd0860b8,0x00000007c0000000)
  to   space 124416K, 0% used [0x00000007b0d00000,0x00000007b0d00000,0x00000007b8680000)
 ParOldGen       total 476672K, used 317197K [0x00000006c6a00000, 0x00000006e3b80000, 0x000000076ce00000)
  object space 476672K, 66% used [0x00000006c6a00000,0x00000006d9fc3768,0x00000006e3b80000)
 Metaspace       used 59952K, capacity 60913K, committed 61480K, reserved 1103872K
  class space    used 7113K, capacity 7354K, committed 7464K, reserved 1048576K
Event: 72.020 GC heap after
Heap after GC invocations=31 (full 6):
 PSYoungGen      total 1195008K, used 81662K [0x000000076ce00000, 0x00000007c0000000, 0x00000007c0000000)
  eden space 1113088K, 0% used [0x000000076ce00000,0x000000076ce00000,0x00000007b0d00000)
  from space 81920K, 99% used [0x00000007b0d00000,0x00000007b5cbf930,0x00000007b5d00000)
  to   space 131072K, 0% used [0x00000007b8000000,0x00000007b8000000,0x00000007c0000000)
 ParOldGen       total 476672K, used 317205K [0x00000006c6a00000, 0x00000006e3b80000, 0x000000076ce00000)
  object space 476672K, 66% used [0x00000006c6a00000,0x00000006d9fc5768,0x00000006e3b80000)
 Metaspace       used 59952K, capacity 60913K, committed 61480K, reserved 1103872K
  class space    used 7113K, capacity 7354K, committed 7464K, reserved 1048576K
}
Event: 83.591 GC heap before
{Heap before GC invocations=32 (full 6):
 PSYoungGen      total 1195008K, used 1194750K [0x000000076ce00000, 0x00000007c0000000, 0x00000007c0000000)
  eden space 1113088K, 100% used [0x000000076ce00000,0x00000007b0d00000,0x00000007b0d00000)
  from space 81920K, 99% used [0x00000007b0d00000,0x00000007b5cbf930,0x00000007b5d00000)
  to   space 131072K, 0% used [0x00000007b8000000,0x00000007b8000000,0x00000007c0000000)
 ParOldGen       total 476672K, used 317205K [0x00000006c6a00000, 0x00000006e3b80000, 0x000000076ce00000)
  object space 476672K, 66% used [0x00000006c6a00000,0x00000006d9fc5768,0x00000006e3b80000)
 Metaspace       used 60823K, capacity 61781K, committed 62248K, reserved 1103872K
  class space    used 7135K, capacity 7364K, committed 7464K, reserved 1048576K
Event: 83.611 GC heap after
Heap after GC invocations=32 (full 6):
 PSYoungGen      total 1198080K, used 112482K [0x000000076ce00000, 0x00000007c0000000, 0x00000007c0000000)
  eden space 1067008K, 0% used [0x000000076ce00000,0x000000076ce00000,0x00000007ae000000)
  from space 131072K, 85% used [0x00000007b8000000,0x00000007bedd8bf0,0x00000007c0000000)
  to   space 147456K, 0% used [0x00000007ae000000,0x00000007ae000000,0x00000007b7000000)
 ParOldGen       total 476672K, used 317213K [0x00000006c6a00000, 0x00000006e3b80000, 0x000000076ce00000)
  object space 476672K, 66% used [0x00000006c6a00000,0x00000006d9fc7768,0x00000006e3b80000)
 Metaspace       used 60823K, capacity 61781K, committed 62248K, reserved 1103872K
  class space    used 7135K, capacity 7364K, committed 7464K, reserved 1048576K
}
Event: 142.823 GC heap before
{Heap before GC invocations=33 (full 6):
 PSYoungGen      total 1198080K, used 1177315K [0x000000076ce00000, 0x00000007c0000000, 0x00000007c0000000)
  eden space 1067008K, 99% used [0x000000076ce00000,0x00000007adde0020,0x00000007ae000000)
  from space 131072K, 85% used [0x00000007b8000000,0x00000007bedd8bf0,0x00000007c0000000)
  to   space 147456K, 0% used [0x00000007ae000000,0x00000007ae000000,0x00000007b7000000)
 ParOldGen       total 476672K, used 317213K [0x00000006c6a00000, 0x00000006e3b80000, 0x000000076ce00000)
  object space 476672K, 66% used [0x00000006c6a00000,0x00000006d9fc7768,0x00000006e3b80000)
 Metaspace       used 60876K, capacity 61941K, committed 62248K, reserved 1103872K
  class space    used 7139K, capacity 7396K, committed 7464K, reserved 1048576K
Event: 142.839 GC heap after
Heap after GC invocations=33 (full 6):
 PSYoungGen      total 1150976K, used 83831K [0x000000076ce00000, 0x00000007c0000000, 0x00000007c0000000)
  eden space 1067008K, 0% used [0x000000076ce00000,0x000000076ce00000,0x00000007ae000000)
  from space 83968K, 99% used [0x00000007ae000000,0x00000007b31ddf88,0x00000007b3200000)
  to   space 149504K, 0% used [0x00000007b6e00000,0x00000007b6e00000,0x00000007c0000000)
 ParOldGen       total 476672K, used 317221K [0x00000006c6a00000, 0x00000006e3b80000, 0x000000076ce00000)
  object space 476672K, 66% used [0x00000006c6a00000,0x00000006d9fc9768,0x00000006e3b80000)
 Metaspace       used 60876K, capacity 61941K, committed 62248K, reserved 1103872K
  class space    used 7139K, capacity 7396K, committed 7464K, reserved 1048576K
}
Event: 149.472 GC heap before
{Heap before GC invocations=34 (full 6):
 PSYoungGen      total 1150976K, used 450616K [0x000000076ce00000, 0x00000007c0000000, 0x00000007c0000000)
  eden space 1067008K, 34% used [0x000000076ce00000,0x0000000783430210,0x00000007ae000000)
  from space 83968K, 99% used [0x00000007ae000000,0x00000007b31ddf88,0x00000007b3200000)
  to   space 149504K, 0% used [0x00000007b6e00000,0x00000007b6e00000,0x00000007c0000000)
 ParOldGen       total 476672K, used 317221K [0x00000006c6a00000, 0x00000006e3b80000, 0x000000076ce00000)
  object space 476672K, 66% used [0x00000006c6a00000,0x00000006d9fc9768,0x00000006e3b80000)
 Metaspace       used 60919K, capacity 61953K, committed 62248K, reserved 1103872K
  class space    used 7143K, capacity 7398K, committed 7464K, reserved 1048576K
Event: 149.495 GC heap after
Heap after GC invocations=34 (full 6):
 PSYoungGen      total 1213440K, used 77801K [0x000000076ce00000, 0x00000007c0000000, 0x00000007c0000000)
  eden space 1063936K, 0% used [0x000000076ce00000,0x000000076ce00000,0x00000007add00000)
  from space 149504K, 52% used [0x00000007b6e00000,0x00000007bb9fa618,0x00000007c0000000)
  to   space 148480K, 0% used [0x00000007add00000,0x00000007add00000,0x00000007b6e00000)
 ParOldGen       total 476672K, used 317221K [0x00000006c6a00000, 0x00000006e3b80000, 0x000000076ce00000)
  object space 476672K, 66% used [0x00000006c6a00000,0x00000006d9fc9768,0x00000006e3b80000)
 Metaspace       used 60919K, capacity 61953K, committed 62248K, reserved 1103872K
  class space    used 7143K, capacity 7398K, committed 7464K, reserved 1048576K
}
Event: 149.495 GC heap before
{Heap before GC invocations=35 (full 7):
 PSYoungGen      total 1213440K, used 77801K [0x000000076ce00000, 0x00000007c0000000, 0x00000007c0000000)
  eden space 1063936K, 0% used [0x000000076ce00000,0x000000076ce00000,0x00000007add00000)
  from space 149504K, 52% used [0x00000007b6e00000,0x00000007bb9fa618,0x00000007c0000000)
  to   space 148480K, 0% used [0x00000007add00000,0x00000007add00000,0x00000007b6e00000)
 ParOldGen       total 476672K, used 317221K [0x00000006c6a00000, 0x00000006e3b80000, 0x000000076ce00000)
  object space 476672K, 66% used [0x00000006c6a00000,0x00000006d9fc9768,0x00000006e3b80000)
 Metaspace       used 60919K, capacity 61953K, committed 62248K, reserved 1103872K
  class space    used 7143K, capacity 7398K, committed 7464K, reserved 1048576K
Event: 149.997 GC heap after
Heap after GC invocations=35 (full 7):
 PSYoungGen      total 1213440K, used 0K [0x000000076ce00000, 0x00000007c0000000, 0x00000007c0000000)
  eden space 1063936K, 0% used [0x000000076ce00000,0x000000076ce00000,0x00000007add00000)
  from space 149504K, 0% used [0x00000007b6e00000,0x00000007b6e00000,0x00000007c0000000)
  to   space 148480K, 0% used [0x00000007add00000,0x00000007add00000,0x00000007b6e00000)
 ParOldGen       total 476672K, used 366387K [0x00000006c6a00000, 0x00000006e3b80000, 0x000000076ce00000)
  object space 476672K, 76% used [0x00000006c6a00000,0x00000006dcfcccc0,0x00000006e3b80000)
 Metaspace       used 60919K, capacity 61953K, committed 62248K, reserved 1103872K
  class space    used 7143K, capacity 7398K, committed 7464K, reserved 1048576K
}

