# JRE version: OpenJDK Runtime Environment (8.0_412-b08) (build 1.8.0_412-b08)
# Java VM: OpenJDK 64-Bit Server VM (25.412-b08 mixed mode linux-amd64 compressed oops)
Heap:
 PSYoungGen      total 1321984K, used 35825K [0x000000076ce00000, 0x00000007be980000, 0x00000007c0000000)
  eden space 1306624K, 2% used [0x000000076ce00000,0x000000076f0fc4e0,0x00000007bca00000)
  from space 15360K, 0% used [0x00000007bca00000,0x00000007bca00000,0x00000007bd900000)
  to   space 15872K, 0% used [0x00000007bda00000,0x00000007bda00000,0x00000007be980000)
 ParOldGen       total 777216K, used 439435K [0x00000006c6a00000, 0x00000006f6100000, 0x000000076ce00000)
  object space 777216K, 56% used [0x00000006c6a00000,0x00000006e1722fa0,0x00000006f6100000)
 Metaspace       used 61430K, capacity 62331K, committed 63016K, reserved 1105920K
  class space    used 7071K, capacity 7287K, committed 7464K, reserved 1048576K
GC Heap History (10 events):
Event: 8451.198 GC heap before
{Heap before GC invocations=1242 (full 8):
 PSYoungGen      total 1310208K, used 1307840K [0x000000076ce00000, 0x00000007be280000, 0x00000007c0000000)
  eden space 1295360K, 100% used [0x000000076ce00000,0x00000007bbf00000,0x00000007bbf00000)
  from space 14848K, 84% used [0x00000007bbf00000,0x00000007bcb30020,0x00000007bcd80000)
  to   space 14848K, 0% used [0x00000007bd400000,0x00000007bd400000,0x00000007be280000)
 ParOldGen       total 777216K, used 497934K [0x00000006c6a00000, 0x00000006f6100000, 0x000000076ce00000)
  object space 777216K, 64% used [0x00000006c6a00000,0x00000006e5043a28,0x00000006f6100000)
 Metaspace       used 61380K, capacity 62267K, committed 63016K, reserved 1105920K
  class space    used 7066K, capacity 7287K, committed 7464K, reserved 1048576K
Event: 8451.205 GC heap after
Heap after GC invocations=1242 (full 8):
 PSYoungGen      total 1315840K, used 10048K [0x000000076ce00000, 0x00000007be200000, 0x00000007c0000000)
  eden space 1301504K, 0% used [0x000000076ce00000,0x000000076ce00000,0x00000007bc500000)
  from space 14336K, 70% used [0x00000007bd400000,0x00000007bddd0020,0x00000007be200000)
  to   space 14848K, 0% used [0x00000007bc500000,0x00000007bc500000,0x00000007bd380000)
 ParOldGen       total 777216K, used 498134K [0x00000006c6a00000, 0x00000006f6100000, 0x000000076ce00000)
  object space 777216K, 64% used [0x00000006c6a00000,0x00000006e5075a88,0x00000006f6100000)
 Metaspace       used 61380K, capacity 62267K, committed 63016K, reserved 1105920K
  class space    used 7066K, capacity 7287K, committed 7464K, reserved 1048576K
}
Event: 8466.605 GC heap before
{Heap before GC invocations=1243 (full 8):
 PSYoungGen      total 1315840K, used 1311552K [0x000000076ce00000, 0x00000007be200000, 0x00000007c0000000)
  eden space 1301504K, 100% used [0x000000076ce00000,0x00000007bc500000,0x00000007bc500000)
  from space 14336K, 70% used [0x00000007bd400000,0x00000007bddd0020,0x00000007be200000)
  to   space 14848K, 0% used [0x00000007bc500000,0x00000007bc500000,0x00000007bd380000)
 ParOldGen       total 777216K, used 498134K [0x00000006c6a00000, 0x00000006f6100000, 0x000000076ce00000)
  object space 777216K, 64% used [0x00000006c6a00000,0x00000006e5075a88,0x00000006f6100000)
 Metaspace       used 61380K, capacity 62267K, committed 63016K, reserved 1105920K
  class space    used 7066K, capacity 7287K, committed 7464K, reserved 1048576K
Event: 8466.611 GC heap after
Heap after GC invocations=1243 (full 8):
 PSYoungGen      total 1316352K, used 11072K [0x000000076ce00000, 0x00000007be700000, 0x00000007c0000000)
  eden space 1301504K, 0% used [0x000000076ce00000,0x000000076ce00000,0x00000007bc500000)
  from space 14848K, 74% used [0x00000007bc500000,0x00000007bcfd0010,0x00000007bd380000)
  to   space 14336K, 0% used [0x00000007bd900000,0x00000007bd900000,0x00000007be700000)
 ParOldGen       total 777216K, used 498270K [0x00000006c6a00000, 0x00000006f6100000, 0x000000076ce00000)
  object space 777216K, 64% used [0x00000006c6a00000,0x00000006e5097aa8,0x00000006f6100000)
 Metaspace       used 61380K, capacity 62267K, committed 63016K, reserved 1105920K
  class space    used 7066K, capacity 7287K, committed 7464K, reserved 1048576K
}
Event: 8481.979 GC heap before
{Heap before GC invocations=1244 (full 8):
 PSYoungGen      total 1316352K, used 1312576K [0x000000076ce00000, 0x00000007be700000, 0x00000007c0000000)
  eden space 1301504K, 100% used [0x000000076ce00000,0x00000007bc500000,0x00000007bc500000)
  from space 14848K, 74% used [0x00000007bc500000,0x00000007bcfd0010,0x00000007bd380000)
  to   space 14336K, 0% used [0x00000007bd900000,0x00000007bd900000,0x00000007be700000)
 ParOldGen       total 777216K, used 498270K [0x00000006c6a00000, 0x00000006f6100000, 0x000000076ce00000)
  object space 777216K, 64% used [0x00000006c6a00000,0x00000006e5097aa8,0x00000006f6100000)
 Metaspace       used 61382K, capacity 62267K, committed 63016K, reserved 1105920K
  class space    used 7066K, capacity 7287K, committed 7464K, reserved 1048576K
Event: 8481.985 GC heap after
Heap after GC invocations=1244 (full 8):
 PSYoungGen      total 1320960K, used 13920K [0x000000076ce00000, 0x00000007be880000, 0x00000007c0000000)
  eden space 1306624K, 0% used [0x000000076ce00000,0x000000076ce00000,0x00000007bca00000)
  from space 14336K, 97% used [0x00000007bd900000,0x00000007be698030,0x00000007be700000)
  to   space 15360K, 0% used [0x00000007bca00000,0x00000007bca00000,0x00000007bd900000)
 ParOldGen       total 777216K, used 498422K [0x00000006c6a00000, 0x00000006f6100000, 0x000000076ce00000)
  object space 777216K, 64% used [0x00000006c6a00000,0x00000006e50bdb08,0x00000006f6100000)
 Metaspace       used 61382K, capacity 62267K, committed 63016K, reserved 1105920K
  class space    used 7066K, capacity 7287K, committed 7464K, reserved 1048576K
}
Event: 8485.537 GC heap before
{Heap before GC invocations=1245 (full 8):
 PSYoungGen      total 1320960K, used 238823K [0x000000076ce00000, 0x00000007be880000, 0x00000007c0000000)
  eden space 1306624K, 17% used [0x000000076ce00000,0x000000077a9a1f88,0x00000007bca00000)
  from space 14336K, 97% used [0x00000007bd900000,0x00000007be698030,0x00000007be700000)
  to   space 15360K, 0% used [0x00000007bca00000,0x00000007bca00000,0x00000007bd900000)
 ParOldGen       total 777216K, used 498422K [0x00000006c6a00000, 0x00000006f6100000, 0x000000076ce00000)
  object space 777216K, 64% used [0x00000006c6a00000,0x00000006e50bdb08,0x00000006f6100000)
 Metaspace       used 61414K, capacity 62331K, committed 63016K, reserved 1105920K
  class space    used 7070K, capacity 7287K, committed 7464K, reserved 1048576K
Event: 8485.544 GC heap after
Heap after GC invocations=1245 (full 8):
 PSYoungGen      total 1321984K, used 14336K [0x000000076ce00000, 0x00000007be980000, 0x00000007c0000000)
  eden space 1306624K, 0% used [0x000000076ce00000,0x000000076ce00000,0x00000007bca00000)
  from space 15360K, 93% used [0x00000007bca00000,0x00000007bd800030,0x00000007bd900000)
  to   space 15872K, 0% used [0x00000007bda00000,0x00000007bda00000,0x00000007be980000)
 ParOldGen       total 777216K, used 498554K [0x00000006c6a00000, 0x00000006f6100000, 0x000000076ce00000)
  object space 777216K, 64% used [0x00000006c6a00000,0x00000006e50deb58,0x00000006f6100000)
 Metaspace       used 61414K, capacity 62331K, committed 63016K, reserved 1105920K
  class space    used 7070K, capacity 7287K, committed 7464K, reserved 1048576K
}
Event: 8485.544 GC heap before
{Heap before GC invocations=1246 (full 9):
 PSYoungGen      total 1321984K, used 14336K [0x000000076ce00000, 0x00000007be980000, 0x00000007c0000000)
  eden space 1306624K, 0% used [0x000000076ce00000,0x000000076ce00000,0x00000007bca00000)
  from space 15360K, 93% used [0x00000007bca00000,0x00000007bd800030,0x00000007bd900000)
  to   space 15872K, 0% used [0x00000007bda00000,0x00000007bda00000,0x00000007be980000)
 ParOldGen       total 777216K, used 498554K [0x00000006c6a00000, 0x00000006f6100000, 0x000000076ce00000)
  object space 777216K, 64% used [0x00000006c6a00000,0x00000006e50deb58,0x00000006f6100000)
 Metaspace       used 61414K, capacity 62331K, committed 63016K, reserved 1105920K
  class space    used 7070K, capacity 7287K, committed 7464K, reserved 1048576K
Event: 8486.118 GC heap after
Heap after GC invocations=1246 (full 9):
 PSYoungGen      total 1321984K, used 0K [0x000000076ce00000, 0x00000007be980000, 0x00000007c0000000)
  eden space 1306624K, 0% used [0x000000076ce00000,0x000000076ce00000,0x00000007bca00000)
  from space 15360K, 0% used [0x00000007bca00000,0x00000007bca00000,0x00000007bd900000)
  to   space 15872K, 0% used [0x00000007bda00000,0x00000007bda00000,0x00000007be980000)
 ParOldGen       total 777216K, used 439435K [0x00000006c6a00000, 0x00000006f6100000, 0x000000076ce00000)
  object space 777216K, 56% used [0x00000006c6a00000,0x00000006e1722fa0,0x00000006f6100000)
 Metaspace       used 61414K, capacity 62331K, committed 63016K, reserved 1105920K
  class space    used 7070K, capacity 7287K, committed 7464K, reserved 1048576K
}

