# JRE version: OpenJDK Runtime Environment (8.0_412-b08) (build 1.8.0_412-b08)
# Java VM: OpenJDK 64-Bit Server VM (25.412-b08 mixed mode linux-amd64 compressed oops)
Heap:
 PSYoungGen      total 1055232K, used 21636K [0x000000076ce00000, 0x00000007bf200000, 0x00000007c0000000)
  eden space 926720K, 2% used [0x000000076ce00000,0x000000076e321360,0x00000007a5700000)
  from space 128512K, 0% used [0x00000007a5700000,0x00000007a5700000,0x00000007ad480000)
  to   space 210432K, 0% used [0x00000007b2480000,0x00000007b2480000,0x00000007bf200000)
 ParOldGen       total 485376K, used 384578K [0x00000006c6a00000, 0x00000006e4400000, 0x000000076ce00000)
  object space 485376K, 79% used [0x00000006c6a00000,0x00000006de190978,0x00000006e4400000)
 Metaspace       used 60963K, capacity 62019K, committed 62504K, reserved 1103872K
  class space    used 7096K, capacity 7343K, committed 7464K, reserved 1048576K
GC Heap History (10 events):
Event: 173.428 GC heap before
{Heap before GC invocations=40 (full 6):
 PSYoungGen      total 1101312K, used 1100699K [0x000000076ce00000, 0x00000007c0000000, 0x00000007c0000000)
  eden space 958464K, 99% used [0x000000076ce00000,0x00000007a75c8258,0x00000007a7600000)
  from space 142848K, 99% used [0x00000007a7600000,0x00000007b011eca8,0x00000007b0180000)
  to   space 208384K, 0% used [0x00000007b3480000,0x00000007b3480000,0x00000007c0000000)
 ParOldGen       total 485376K, used 317248K [0x00000006c6a00000, 0x00000006e4400000, 0x000000076ce00000)
  object space 485376K, 65% used [0x00000006c6a00000,0x00000006d9fd0290,0x00000006e4400000)
 Metaspace       used 60001K, capacity 60973K, committed 61352K, reserved 1103872K
  class space    used 7069K, capacity 7274K, committed 7336K, reserved 1048576K
Event: 173.449 GC heap after
Heap after GC invocations=40 (full 6):
 PSYoungGen      total 1133056K, used 155362K [0x000000076ce00000, 0x00000007c0000000, 0x00000007c0000000)
  eden space 924672K, 0% used [0x000000076ce00000,0x000000076ce00000,0x00000007a5500000)
  from space 208384K, 74% used [0x00000007b3480000,0x00000007bcc388b8,0x00000007c0000000)
  to   space 218624K, 0% used [0x00000007a5500000,0x00000007a5500000,0x00000007b2a80000)
 ParOldGen       total 485376K, used 317256K [0x00000006c6a00000, 0x00000006e4400000, 0x000000076ce00000)
  object space 485376K, 65% used [0x00000006c6a00000,0x00000006d9fd2290,0x00000006e4400000)
 Metaspace       used 60001K, capacity 60973K, committed 61352K, reserved 1103872K
  class space    used 7069K, capacity 7274K, committed 7336K, reserved 1048576K
}
Event: 191.027 GC heap before
{Heap before GC invocations=41 (full 6):
 PSYoungGen      total 1133056K, used 1080034K [0x000000076ce00000, 0x00000007c0000000, 0x00000007c0000000)
  eden space 924672K, 100% used [0x000000076ce00000,0x00000007a5500000,0x00000007a5500000)
  from space 208384K, 74% used [0x00000007b3480000,0x00000007bcc388b8,0x00000007c0000000)
  to   space 218624K, 0% used [0x00000007a5500000,0x00000007a5500000,0x00000007b2a80000)
 ParOldGen       total 485376K, used 317256K [0x00000006c6a00000, 0x00000006e4400000, 0x000000076ce00000)
  object space 485376K, 65% used [0x00000006c6a00000,0x00000006d9fd2290,0x00000006e4400000)
 Metaspace       used 60796K, capacity 61851K, committed 62120K, reserved 1103872K
  class space    used 7082K, capacity 7311K, committed 7336K, reserved 1048576K
Event: 191.046 GC heap after
Heap after GC invocations=41 (full 6):
 PSYoungGen      total 1143296K, used 129610K [0x000000076ce00000, 0x00000007c0000000, 0x00000007c0000000)
  eden space 924672K, 0% used [0x000000076ce00000,0x000000076ce00000,0x00000007a5500000)
  from space 218624K, 59% used [0x00000007a5500000,0x00000007ad392b00,0x00000007b2a80000)
  to   space 216576K, 0% used [0x00000007b2c80000,0x00000007b2c80000,0x00000007c0000000)
 ParOldGen       total 485376K, used 317256K [0x00000006c6a00000, 0x00000006e4400000, 0x000000076ce00000)
  object space 485376K, 65% used [0x00000006c6a00000,0x00000006d9fd2290,0x00000006e4400000)
 Metaspace       used 60796K, capacity 61851K, committed 62120K, reserved 1103872K
  class space    used 7082K, capacity 7311K, committed 7336K, reserved 1048576K
}
Event: 216.492 GC heap before
{Heap before GC invocations=42 (full 6):
 PSYoungGen      total 1143296K, used 1054282K [0x000000076ce00000, 0x00000007c0000000, 0x00000007c0000000)
  eden space 924672K, 100% used [0x000000076ce00000,0x00000007a5500000,0x00000007a5500000)
  from space 218624K, 59% used [0x00000007a5500000,0x00000007ad392b00,0x00000007b2a80000)
  to   space 216576K, 0% used [0x00000007b2c80000,0x00000007b2c80000,0x00000007c0000000)
 ParOldGen       total 485376K, used 317256K [0x00000006c6a00000, 0x00000006e4400000, 0x000000076ce00000)
  object space 485376K, 65% used [0x00000006c6a00000,0x00000006d9fd2290,0x00000006e4400000)
 Metaspace       used 60910K, capacity 61947K, committed 62248K, reserved 1103872K
  class space    used 7091K, capacity 7343K, committed 7464K, reserved 1048576K
Event: 216.508 GC heap after
Heap after GC invocations=42 (full 6):
 PSYoungGen      total 1136128K, used 129771K [0x000000076ce00000, 0x00000007bf900000, 0x00000007c0000000)
  eden space 926720K, 0% used [0x000000076ce00000,0x000000076ce00000,0x00000007a5700000)
  from space 209408K, 61% used [0x00000007b2c80000,0x00000007bab3afd0,0x00000007bf900000)
  to   space 214016K, 0% used [0x00000007a5700000,0x00000007a5700000,0x00000007b2800000)
 ParOldGen       total 485376K, used 317264K [0x00000006c6a00000, 0x00000006e4400000, 0x000000076ce00000)
  object space 485376K, 65% used [0x00000006c6a00000,0x00000006d9fd4290,0x00000006e4400000)
 Metaspace       used 60910K, capacity 61947K, committed 62248K, reserved 1103872K
  class space    used 7091K, capacity 7343K, committed 7464K, reserved 1048576K
}
Event: 230.064 GC heap before
{Heap before GC invocations=43 (full 6):
 PSYoungGen      total 1136128K, used 702886K [0x000000076ce00000, 0x00000007bf900000, 0x00000007c0000000)
  eden space 926720K, 61% used [0x000000076ce00000,0x000000078fdae948,0x00000007a5700000)
  from space 209408K, 61% used [0x00000007b2c80000,0x00000007bab3afd0,0x00000007bf900000)
  to   space 214016K, 0% used [0x00000007a5700000,0x00000007a5700000,0x00000007b2800000)
 ParOldGen       total 485376K, used 317264K [0x00000006c6a00000, 0x00000006e4400000, 0x000000076ce00000)
  object space 485376K, 65% used [0x00000006c6a00000,0x00000006d9fd4290,0x00000006e4400000)
 Metaspace       used 60955K, capacity 62019K, committed 62504K, reserved 1103872K
  class space    used 7095K, capacity 7343K, committed 7464K, reserved 1048576K
Event: 230.084 GC heap after
Heap after GC invocations=43 (full 6):
 PSYoungGen      total 1055232K, used 128476K [0x000000076ce00000, 0x00000007bf200000, 0x00000007c0000000)
  eden space 926720K, 0% used [0x000000076ce00000,0x000000076ce00000,0x00000007a5700000)
  from space 128512K, 99% used [0x00000007a5700000,0x00000007ad477140,0x00000007ad480000)
  to   space 210432K, 0% used [0x00000007b2480000,0x00000007b2480000,0x00000007bf200000)
 ParOldGen       total 485376K, used 317272K [0x00000006c6a00000, 0x00000006e4400000, 0x000000076ce00000)
  object space 485376K, 65% used [0x00000006c6a00000,0x00000006d9fd6290,0x00000006e4400000)
 Metaspace       used 60955K, capacity 62019K, committed 62504K, reserved 1103872K
  class space    used 7095K, capacity 7343K, committed 7464K, reserved 1048576K
}
Event: 230.084 GC heap before
{Heap before GC invocations=44 (full 7):
 PSYoungGen      total 1055232K, used 128476K [0x000000076ce00000, 0x00000007bf200000, 0x00000007c0000000)
  eden space 926720K, 0% used [0x000000076ce00000,0x000000076ce00000,0x00000007a5700000)
  from space 128512K, 99% used [0x00000007a5700000,0x00000007ad477140,0x00000007ad480000)
  to   space 210432K, 0% used [0x00000007b2480000,0x00000007b2480000,0x00000007bf200000)
 ParOldGen       total 485376K, used 317272K [0x00000006c6a00000, 0x00000006e4400000, 0x000000076ce00000)
  object space 485376K, 65% used [0x00000006c6a00000,0x00000006d9fd6290,0x00000006e4400000)
 Metaspace       used 60955K, capacity 62019K, committed 62504K, reserved 1103872K
  class space    used 7095K, capacity 7343K, committed 7464K, reserved 1048576K
Event: 230.535 GC heap after
Heap after GC invocations=44 (full 7):
 PSYoungGen      total 1055232K, used 0K [0x000000076ce00000, 0x00000007bf200000, 0x00000007c0000000)
  eden space 926720K, 0% used [0x000000076ce00000,0x000000076ce00000,0x00000007a5700000)
  from space 128512K, 0% used [0x00000007a5700000,0x00000007a5700000,0x00000007ad480000)
  to   space 210432K, 0% used [0x00000007b2480000,0x00000007b2480000,0x00000007bf200000)
 ParOldGen       total 485376K, used 384578K [0x00000006c6a00000, 0x00000006e4400000, 0x000000076ce00000)
  object space 485376K, 79% used [0x00000006c6a00000,0x00000006de190978,0x00000006e4400000)
 Metaspace       used 60955K, capacity 62019K, committed 62504K, reserved 1103872K
  class space    used 7095K, capacity 7343K, committed 7464K, reserved 1048576K
}

